{"devicePlatform":"","logFolder":"C:\\Users\\Group10\\git\\KatalonStudio\\ArcWithKatalonStudio\\Reports\\Communities Suites\\LEEDForCommunities TestSuite\\20180619_161403","runData":{"hostName":"Group10 - G10CHLT003","os":"Windows 7 64bit","katalonVersion":"5.4.2.1","browser":"Chrome 67.0.3396.87","hostAddress":"172.18.0.24","sessionId":"40b4a6176a8431a4598e542110c2c0d3","seleniumVersion":"3.7.1","proxyInformation":"ProxyInformation{proxyOption\u003dNO_PROXY, proxyServerType\u003dHTTP, password\u003d, proxyServerAddress\u003d, proxyServerPort\u003d0}","platform":"Windows 7"},"type":"TEST_SUITE","name":"LEEDForCommunities TestSuite","id":"Test Suites/Communities Suites/LEEDForCommunities TestSuite","source":"","message":"Test Cases/MyCommunities/LEEDForCommunities/AddNewProjectTest FAILED because (of) Unable to get text of object \u0027Object Repository/Page_Arc dashboard/no_Project (1 project)\u0027 (Root cause: com.kms.katalon.core.webui.exception.WebElementNotFoundException: Web element with id: \u0027Object Repository/Page_Arc dashboard/no_Project (1 project)\u0027 located by \u0027By.xpath: //div[@class \u003d \u0027searchLabels ng-binding\u0027 and (text() \u003d \u0027 Project (1 project)\u0027 or . \u003d \u0027 Project (1 project)\u0027)]\u0027 not found)","description":"","startTime":1529405046108,"endTime":1529405258391,"childRecords":[{"isOptional":false,"type":"TEST_CASE","name":"Test Cases/MyCommunities/LEEDForCommunities/LoginWithCommunitiesTest","id":"Test Cases/MyCommunities/LEEDForCommunities/LoginWithCommunitiesTest","source":"C:\\\\Users\\\\Group10\\\\git\\\\KatalonStudio\\\\ArcWithKatalonStudio\\\\Test Cases\\\\MyCommunities\\\\LEEDForCommunities\\\\LoginWithCommunitiesTest.tc","message":"Test Cases/MyCommunities/LEEDForCommunities/LoginWithCommunitiesTest","description":"Verifies login \u0026 navigate to communites \u0026 verify communites the text.","startTime":1529405047948,"endTime":1529405084171,"childRecords":[{"testStatus":{"stackTrace":"","statusValue":"INFO"},"type":"MESSAGE","name":"","message":"Evaluating variables for test case","startTime":1529405047965,"endTime":0,"childRecords":[],"interuppted":false},{"index":-1,"isIgnoredIfFailed":false,"type":"TEST_STEP","name":"Start listener action : beforeTestListener","message":"com.arc.ReusableMethods.ReusableMethodsLogin.loginIntoArcWithGlobalVariable is PASSED","description":"","startTime":1529405047969,"endTime":1529405082301,"childRecords":[{"index":1,"isIgnoredIfFailed":false,"type":"TEST_STEP","name":"com.arc.ReusableMethods.ReusableMethodsLogin.loginIntoArcWithGlobalVariable","message":"com.arc.ReusableMethods.ReusableMethodsLogin.loginIntoArcWithGlobalVariable is PASSED","description":"","startTime":1529405047974,"endTime":1529405082301,"childRecords":[{"testStatus":{"stackTrace":"","statusValue":"PASSED"},"type":"MESSAGE","name":"","message":"Browser is opened with url: \u0027http://www.stg.arconline.io/\u0027","startTime":1529405056089,"endTime":0,"childRecords":[],"interuppted":false},{"testStatus":{"stackTrace":"","statusValue":"PASSED"},"type":"MESSAGE","name":"","message":"Current window maximized","startTime":1529405057271,"endTime":0,"childRecords":[],"interuppted":false},{"testStatus":{"stackTrace":"","statusValue":"PASSED"},"type":"MESSAGE","name":"","message":"Wait for page load successfully","startTime":1529405057316,"endTime":0,"childRecords":[],"interuppted":false},{"testStatus":{"stackTrace":"","statusValue":"PASSED"},"type":"MESSAGE","name":"","message":"Object: \u0027Object Repository/Page_Home  Arc/button_ACCEPT AND CLOSE\u0027 is clicked on","startTime":1529405057463,"endTime":0,"childRecords":[],"interuppted":false},{"testStatus":{"stackTrace":"","statusValue":"PASSED"},"type":"MESSAGE","name":"","message":"Object: \u0027Object Repository/Page_Home  Arc/Click_Log in\u0027 is clicked on","startTime":1529405057579,"endTime":0,"childRecords":[],"interuppted":false},{"testStatus":{"stackTrace":"","statusValue":"PASSED"},"type":"MESSAGE","name":"","message":"Text \u0027Saurav@groupten.com\u0027 is set on object \u0027Object Repository/Page_Home  Arc/input_name\u0027","startTime":1529405058343,"endTime":0,"childRecords":[],"interuppted":false},{"testStatus":{"stackTrace":"","statusValue":"PASSED"},"type":"MESSAGE","name":"","message":"Text \u0027LEEDg10\u0027 is set on object \u0027Object Repository/Page_Home  Arc/input_pass\u0027","startTime":1529405058507,"endTime":0,"childRecords":[],"interuppted":false},{"testStatus":{"stackTrace":"","statusValue":"PASSED"},"type":"MESSAGE","name":"","message":"Object: \u0027Object Repository/Page_Home  Arc/input_field_policy_accept\u0027 is clicked on","startTime":1529405058631,"endTime":0,"childRecords":[],"interuppted":false},{"testStatus":{"stackTrace":"","statusValue":"PASSED"},"type":"MESSAGE","name":"","message":"Object: \u0027Object Repository/Page_Home  Arc/button_Log in\u0027 is clicked on","startTime":1529405074143,"endTime":0,"childRecords":[],"interuppted":false},{"testStatus":{"stackTrace":"","statusValue":"PASSED"},"type":"MESSAGE","name":"","message":"Delayed 5 second(s)","startTime":1529405079164,"endTime":0,"childRecords":[],"interuppted":false},{"testStatus":{"stackTrace":"","statusValue":"PASSED"},"type":"MESSAGE","name":"","message":"Text of object \u0027Object Repository/Page_Arc dashboard/span_My Projects\u0027 is: \u0027My Projects\u0027","startTime":1529405079287,"endTime":0,"childRecords":[],"interuppted":false},{"testStatus":{"stackTrace":"","statusValue":"PASSED"},"type":"MESSAGE","name":"","message":"Actual text \u0027My Projects\u0027 and expected text \u0027My Projects\u0027 are matched  using regular expression","startTime":1529405079293,"endTime":0,"childRecords":[],"interuppted":false},{"testStatus":{"stackTrace":"","statusValue":"PASSED"},"type":"MESSAGE","name":"","message":"Delayed 3 second(s)","startTime":1529405082295,"endTime":0,"childRecords":[],"interuppted":false},{"testStatus":{"stackTrace":"","statusValue":"PASSED"},"type":"MESSAGE","name":"","message":"com.arc.ReusableMethods.ReusableMethodsLogin.loginIntoArcWithGlobalVariable is PASSED","startTime":1529405082299,"endTime":0,"childRecords":[],"interuppted":false}],"interuppted":false}],"interuppted":false},{"index":1,"isIgnoredIfFailed":false,"type":"TEST_STEP","name":"Statement - Try","message":"com.arc.ReusableMethods.ReusableMethodsNavigation.navigateToCommunities is PASSED","description":"","startTime":1529405082507,"endTime":1529405084109,"childRecords":[{"index":1,"isIgnoredIfFailed":false,"type":"TEST_STEP","name":"com.arc.ReusableMethods.ReusableMethodsNavigation.navigateToCommunities","message":"com.arc.ReusableMethods.ReusableMethodsNavigation.navigateToCommunities is PASSED","description":"","startTime":1529405082510,"endTime":1529405084109,"childRecords":[{"testStatus":{"stackTrace":"","statusValue":"PASSED"},"type":"MESSAGE","name":"","message":"Object: \u0027Object Repository/Page_Arc dashboard/Page_Arc dashboard/a_ My Communities\u0027 is clicked on","startTime":1529405082704,"endTime":0,"childRecords":[],"interuppted":false},{"testStatus":{"stackTrace":"","statusValue":"PASSED"},"type":"MESSAGE","name":"","message":"Delayed 1 second(s)","startTime":1529405083705,"endTime":0,"childRecords":[],"interuppted":false},{"testStatus":{"stackTrace":"","statusValue":"PASSED"},"type":"MESSAGE","name":"","message":"Text of object \u0027Object Repository/Page_Arc dashboard/Page_Arc dashboard/span_My Communities\u0027 is: \u0027My Communities\u0027","startTime":1529405084107,"endTime":0,"childRecords":[],"interuppted":false},{"testStatus":{"stackTrace":"","statusValue":"PASSED"},"type":"MESSAGE","name":"","message":"Actual text \u0027My Communities\u0027 and expected text \u0027My Communities\u0027 are matched ","startTime":1529405084108,"endTime":0,"childRecords":[],"interuppted":false},{"testStatus":{"stackTrace":"","statusValue":"PASSED"},"type":"MESSAGE","name":"","message":"com.arc.ReusableMethods.ReusableMethodsNavigation.navigateToCommunities is PASSED","startTime":1529405084109,"endTime":0,"childRecords":[],"interuppted":false}],"interuppted":false}],"interuppted":false},{"testStatus":{"stackTrace":"","statusValue":"PASSED"},"type":"MESSAGE","name":"","message":"Test Cases/MyCommunities/LEEDForCommunities/LoginWithCommunitiesTest","startTime":1529405084110,"endTime":0,"childRecords":[],"interuppted":false},{"index":-1,"isIgnoredIfFailed":false,"type":"TEST_STEP","name":"Start listener action : afterTestCase","message":"Invoke \u0027com.kms.katalon.core.annotation.AfterTestCase\u0027 method: \u0027MasterTestListener.afterTestCase(...)\u0027 completed.","description":"","startTime":1529405084111,"endTime":1529405084171,"childRecords":[{"index":1,"isIgnoredIfFailed":false,"type":"TEST_STEP","name":"switchToDefaultContent","message":"Switching to default content","description":"","startTime":1529405084112,"endTime":1529405084157,"childRecords":[],"interuppted":false},{"index":2,"isIgnoredIfFailed":false,"type":"TEST_STEP","name":"Statement - com.kms.katalon.core.util.KeywordUtil.markWarning(\"Test Case Name : \" + testCase.getTestCaseId())","message":"Test Case Name : Test Cases/MyCommunities/LEEDForCommunities/LoginWithCommunitiesTest","description":"","startTime":1529405084157,"endTime":1529405084164,"childRecords":[{"testStatus":{"stackTrace":"","statusValue":"WARNING"},"type":"MESSAGE","name":"","message":"Test Case Name : Test Cases/MyCommunities/LEEDForCommunities/LoginWithCommunitiesTest","startTime":1529405084163,"endTime":0,"childRecords":[],"interuppted":false}],"interuppted":false},{"index":3,"isIgnoredIfFailed":false,"type":"TEST_STEP","name":"Statement - com.kms.katalon.core.util.KeywordUtil.markWarning(\"Test Case Status : \" + testCase.getTestCaseStatus())","message":"Test Case Status : PASSED","description":"","startTime":1529405084165,"endTime":1529405084167,"childRecords":[{"testStatus":{"stackTrace":"","statusValue":"WARNING"},"type":"MESSAGE","name":"","message":"Test Case Status : PASSED","startTime":1529405084166,"endTime":0,"childRecords":[],"interuppted":false}],"interuppted":false},{"index":4,"isIgnoredIfFailed":false,"type":"TEST_STEP","name":"Statement - If (\"FAILED\".equalsIgnoreCase(testCase.getTestCaseStatus()))","message":"Invoke \u0027com.kms.katalon.core.annotation.AfterTestCase\u0027 method: \u0027MasterTestListener.afterTestCase(...)\u0027 completed.","description":"","startTime":1529405084168,"endTime":1529405084171,"childRecords":[],"interuppted":false}],"interuppted":false}],"interuppted":false},{"isOptional":false,"type":"TEST_CASE","name":"Test Cases/MyCommunities/LEEDForCommunities/AddNewProjectTest","id":"Test Cases/MyCommunities/LEEDForCommunities/AddNewProjectTest","source":"C:\\\\Users\\\\Group10\\\\git\\\\KatalonStudio\\\\ArcWithKatalonStudio\\\\Test Cases\\\\MyCommunities\\\\LEEDForCommunities\\\\AddNewProjectTest.tc","message":"Test Cases/MyCommunities/LEEDForCommunities/AddNewProjectTest FAILED because (of) Unable to get text of object \u0027Object Repository/Page_Arc dashboard/no_Project (1 project)\u0027 (Root cause: com.kms.katalon.core.webui.exception.WebElementNotFoundException: Web element with id: \u0027Object Repository/Page_Arc dashboard/no_Project (1 project)\u0027 located by \u0027By.xpath: //div[@class \u003d \u0027searchLabels ng-binding\u0027 and (text() \u003d \u0027 Project (1 project)\u0027 or . \u003d \u0027 Project (1 project)\u0027)]\u0027 not found)","description":"Verify ablility to register the new communities project.","startTime":1529405084174,"endTime":1529405153223,"childRecords":[{"testStatus":{"stackTrace":"","statusValue":"INFO"},"type":"MESSAGE","name":"","message":"Evaluating variables for test case","startTime":1529405084184,"endTime":0,"childRecords":[],"interuppted":false},{"index":-1,"isIgnoredIfFailed":false,"type":"TEST_STEP","name":"Start listener action : beforeTestListener","message":"com.arc.ReusableMethods.ReusableMethodsLogin.loginIntoArcWithGlobalVariable is PASSED","description":"","startTime":1529405084185,"endTime":1529405117129,"childRecords":[{"index":1,"isIgnoredIfFailed":false,"type":"TEST_STEP","name":"com.arc.ReusableMethods.ReusableMethodsLogin.loginIntoArcWithGlobalVariable","message":"com.arc.ReusableMethods.ReusableMethodsLogin.loginIntoArcWithGlobalVariable is PASSED","description":"","startTime":1529405084186,"endTime":1529405117128,"childRecords":[{"testStatus":{"stackTrace":"","statusValue":"WARNING"},"type":"MESSAGE","name":"","message":"A browser is already opened. Closing browser and opening a new one","startTime":1529405084187,"endTime":0,"childRecords":[],"interuppted":false},{"testStatus":{"stackTrace":"","statusValue":"PASSED"},"type":"MESSAGE","name":"","message":"Browser is opened with url: \u0027http://www.stg.arconline.io/\u0027","startTime":1529405092031,"endTime":0,"childRecords":[],"interuppted":false},{"testStatus":{"stackTrace":"","statusValue":"PASSED"},"type":"MESSAGE","name":"","message":"Current window maximized","startTime":1529405093174,"endTime":0,"childRecords":[],"interuppted":false},{"testStatus":{"stackTrace":"","statusValue":"PASSED"},"type":"MESSAGE","name":"","message":"Wait for page load successfully","startTime":1529405094036,"endTime":0,"childRecords":[],"interuppted":false},{"testStatus":{"stackTrace":"","statusValue":"PASSED"},"type":"MESSAGE","name":"","message":"Object: \u0027Object Repository/Page_Home  Arc/button_ACCEPT AND CLOSE\u0027 is clicked on","startTime":1529405094126,"endTime":0,"childRecords":[],"interuppted":false},{"testStatus":{"stackTrace":"","statusValue":"PASSED"},"type":"MESSAGE","name":"","message":"Object: \u0027Object Repository/Page_Home  Arc/Click_Log in\u0027 is clicked on","startTime":1529405094235,"endTime":0,"childRecords":[],"interuppted":false},{"testStatus":{"stackTrace":"","statusValue":"PASSED"},"type":"MESSAGE","name":"","message":"Text \u0027Saurav@groupten.com\u0027 is set on object \u0027Object Repository/Page_Home  Arc/input_name\u0027","startTime":1529405094970,"endTime":0,"childRecords":[],"interuppted":false},{"testStatus":{"stackTrace":"","statusValue":"PASSED"},"type":"MESSAGE","name":"","message":"Text \u0027LEEDg10\u0027 is set on object \u0027Object Repository/Page_Home  Arc/input_pass\u0027","startTime":1529405095125,"endTime":0,"childRecords":[],"interuppted":false},{"testStatus":{"stackTrace":"","statusValue":"PASSED"},"type":"MESSAGE","name":"","message":"Object: \u0027Object Repository/Page_Home  Arc/input_field_policy_accept\u0027 is clicked on","startTime":1529405095233,"endTime":0,"childRecords":[],"interuppted":false},{"testStatus":{"stackTrace":"","statusValue":"PASSED"},"type":"MESSAGE","name":"","message":"Object: \u0027Object Repository/Page_Home  Arc/button_Log in\u0027 is clicked on","startTime":1529405109071,"endTime":0,"childRecords":[],"interuppted":false},{"testStatus":{"stackTrace":"","statusValue":"PASSED"},"type":"MESSAGE","name":"","message":"Delayed 5 second(s)","startTime":1529405114073,"endTime":0,"childRecords":[],"interuppted":false},{"testStatus":{"stackTrace":"","statusValue":"PASSED"},"type":"MESSAGE","name":"","message":"Text of object \u0027Object Repository/Page_Arc dashboard/span_My Projects\u0027 is: \u0027My Projects\u0027","startTime":1529405114125,"endTime":0,"childRecords":[],"interuppted":false},{"testStatus":{"stackTrace":"","statusValue":"PASSED"},"type":"MESSAGE","name":"","message":"Actual text \u0027My Projects\u0027 and expected text \u0027My Projects\u0027 are matched  using regular expression","startTime":1529405114125,"endTime":0,"childRecords":[],"interuppted":false},{"testStatus":{"stackTrace":"","statusValue":"PASSED"},"type":"MESSAGE","name":"","message":"Delayed 3 second(s)","startTime":1529405117126,"endTime":0,"childRecords":[],"interuppted":false},{"testStatus":{"stackTrace":"","statusValue":"PASSED"},"type":"MESSAGE","name":"","message":"com.arc.ReusableMethods.ReusableMethodsLogin.loginIntoArcWithGlobalVariable is PASSED","startTime":1529405117127,"endTime":0,"childRecords":[],"interuppted":false}],"interuppted":false}],"interuppted":false},{"attachment":"1529405152280.png","index":1,"isIgnoredIfFailed":false,"type":"TEST_STEP","name":"Statement - Try","message":"Unable to get text of object \u0027Object Repository/Page_Arc dashboard/no_Project (1 project)\u0027 (Root cause: com.kms.katalon.core.webui.exception.WebElementNotFoundException: Web element with id: \u0027Object Repository/Page_Arc dashboard/no_Project (1 project)\u0027 located by \u0027By.xpath: //div[@class \u003d \u0027searchLabels ng-binding\u0027 and (text() \u003d \u0027 Project (1 project)\u0027 or . \u003d \u0027 Project (1 project)\u0027)]\u0027 not found)","description":"","startTime":1529405117258,"endTime":1529405152788,"childRecords":[{"attachment":"1529405152280.png","index":1,"isIgnoredIfFailed":false,"type":"TEST_STEP","name":"com.arc.ReusableMethods.ReusableMethodsSearch.searchProgram","message":"Unable to get text of object \u0027Object Repository/Page_Arc dashboard/no_Project (1 project)\u0027 (Root cause: com.kms.katalon.core.webui.exception.WebElementNotFoundException: Web element with id: \u0027Object Repository/Page_Arc dashboard/no_Project (1 project)\u0027 located by \u0027By.xpath: //div[@class \u003d \u0027searchLabels ng-binding\u0027 and (text() \u003d \u0027 Project (1 project)\u0027 or . \u003d \u0027 Project (1 project)\u0027)]\u0027 not found)","description":"","startTime":1529405117259,"endTime":1529405152787,"childRecords":[{"testStatus":{"stackTrace":"","statusValue":"PASSED"},"type":"MESSAGE","name":"","message":"Object: \u0027Object Repository/Page_Arc dashboard/input_searchBar1\u0027 is clicked on","startTime":1529405117708,"endTime":0,"childRecords":[],"interuppted":false},{"testStatus":{"stackTrace":"","statusValue":"PASSED"},"type":"MESSAGE","name":"","message":"Text \u0027\u0027 is set on object \u0027Object Repository/Page_Arc dashboard/input_searchBar1\u0027","startTime":1529405117803,"endTime":0,"childRecords":[],"interuppted":false},{"testStatus":{"stackTrace":"","statusValue":"PASSED"},"type":"MESSAGE","name":"","message":"Object: \u0027Object Repository/Page_Arc dashboard/input_searchBar1\u0027 is clicked on","startTime":1529405117864,"endTime":0,"childRecords":[],"interuppted":false},{"testStatus":{"stackTrace":"","statusValue":"PASSED"},"type":"MESSAGE","name":"","message":"Delayed 3 second(s)","startTime":1529405120865,"endTime":0,"childRecords":[],"interuppted":false},{"testStatus":{"stackTrace":"","statusValue":"FAILED"},"attachment":"1529405152280.png","type":"MESSAGE","name":"","message":"Unable to get text of object \u0027Object Repository/Page_Arc dashboard/no_Project (1 project)\u0027 (Root cause: com.kms.katalon.core.webui.exception.WebElementNotFoundException: Web element with id: \u0027Object Repository/Page_Arc dashboard/no_Project (1 project)\u0027 located by \u0027By.xpath: //div[@class \u003d \u0027searchLabels ng-binding\u0027 and (text() \u003d \u0027 Project (1 project)\u0027 or . \u003d \u0027 Project (1 project)\u0027)]\u0027 not found)","startTime":1529405152784,"endTime":0,"childRecords":[],"interuppted":false},{"testStatus":{"stackTrace":"","statusValue":"FAILED"},"type":"MESSAGE","name":"","message":"Unable to get text of object \u0027Object Repository/Page_Arc dashboard/no_Project (1 project)\u0027 (Root cause: com.kms.katalon.core.webui.exception.WebElementNotFoundException: Web element with id: \u0027Object Repository/Page_Arc dashboard/no_Project (1 project)\u0027 located by \u0027By.xpath: //div[@class \u003d \u0027searchLabels ng-binding\u0027 and (text() \u003d \u0027 Project (1 project)\u0027 or . \u003d \u0027 Project (1 project)\u0027)]\u0027 not found)","startTime":1529405152786,"endTime":0,"childRecords":[],"interuppted":false}],"interuppted":false}],"interuppted":false},{"index":2,"isIgnoredIfFailed":false,"type":"TEST_STEP","name":"Statement - Catch (Throwable t)","description":"","startTime":1529405152788,"endTime":1529405152838,"childRecords":[{"index":1,"isIgnoredIfFailed":false,"type":"TEST_STEP","name":"Statement - out.println(t.getLocalizedMessage())","description":"","startTime":1529405152790,"endTime":1529405152822,"childRecords":[],"interuppted":false},{"index":2,"isIgnoredIfFailed":false,"type":"TEST_STEP","name":"Statement - e1 \u003d new java.lang.Error(t.getMessage())","description":"","startTime":1529405152822,"endTime":1529405152829,"childRecords":[],"interuppted":false},{"index":3,"isIgnoredIfFailed":false,"type":"TEST_STEP","name":"Statement - e1.setStackTrace(t.getStackTrace())","description":"","startTime":1529405152830,"endTime":1529405152832,"childRecords":[],"interuppted":false},{"index":4,"isIgnoredIfFailed":false,"type":"TEST_STEP","name":"Statement - e1.printStackTrace()","description":"","startTime":1529405152833,"endTime":1529405152838,"childRecords":[],"interuppted":false}],"interuppted":false},{"testStatus":{"stackTrace":"","statusValue":"FAILED"},"type":"MESSAGE","name":"","message":"Test Cases/MyCommunities/LEEDForCommunities/AddNewProjectTest FAILED because (of) Unable to get text of object \u0027Object Repository/Page_Arc dashboard/no_Project (1 project)\u0027 (Root cause: com.kms.katalon.core.webui.exception.WebElementNotFoundException: Web element with id: \u0027Object Repository/Page_Arc dashboard/no_Project (1 project)\u0027 located by \u0027By.xpath: //div[@class \u003d \u0027searchLabels ng-binding\u0027 and (text() \u003d \u0027 Project (1 project)\u0027 or . \u003d \u0027 Project (1 project)\u0027)]\u0027 not found)","startTime":1529405152839,"endTime":0,"childRecords":[],"interuppted":false},{"attachment":"C:\\\\Users\\\\Group10\\\\git\\\\KatalonStudio\\\\ArcWithKatalonStudio\\\\ScreenShot\\\\screenshot_20180619161552.png","index":-1,"isIgnoredIfFailed":false,"type":"TEST_STEP","name":"Start listener action : afterTestCase","message":"Taking screenshot successfully","description":"","startTime":1529405152840,"endTime":1529405153223,"childRecords":[{"index":1,"isIgnoredIfFailed":false,"type":"TEST_STEP","name":"switchToDefaultContent","message":"Switching to default content","description":"","startTime":1529405152841,"endTime":1529405152860,"childRecords":[],"interuppted":false},{"index":2,"isIgnoredIfFailed":false,"type":"TEST_STEP","name":"Statement - com.kms.katalon.core.util.KeywordUtil.markWarning(\"Test Case Name : \" + testCase.getTestCaseId())","message":"Test Case Name : Test Cases/MyCommunities/LEEDForCommunities/AddNewProjectTest","description":"","startTime":1529405152860,"endTime":1529405152861,"childRecords":[{"testStatus":{"stackTrace":"","statusValue":"WARNING"},"type":"MESSAGE","name":"","message":"Test Case Name : Test Cases/MyCommunities/LEEDForCommunities/AddNewProjectTest","startTime":1529405152861,"endTime":0,"childRecords":[],"interuppted":false}],"interuppted":false},{"index":3,"isIgnoredIfFailed":false,"type":"TEST_STEP","name":"Statement - com.kms.katalon.core.util.KeywordUtil.markWarning(\"Test Case Status : \" + testCase.getTestCaseStatus())","message":"Test Case Status : FAILED","description":"","startTime":1529405152861,"endTime":1529405152862,"childRecords":[{"testStatus":{"stackTrace":"","statusValue":"WARNING"},"type":"MESSAGE","name":"","message":"Test Case Status : FAILED","startTime":1529405152862,"endTime":0,"childRecords":[],"interuppted":false}],"interuppted":false},{"attachment":"C:\\\\Users\\\\Group10\\\\git\\\\KatalonStudio\\\\ArcWithKatalonStudio\\\\ScreenShot\\\\screenshot_20180619161552.png","index":4,"isIgnoredIfFailed":false,"type":"TEST_STEP","name":"Statement - If (\"FAILED\".equalsIgnoreCase(testCase.getTestCaseStatus()))","message":"Taking screenshot successfully","description":"","startTime":1529405152863,"endTime":1529405153222,"childRecords":[{"index":1,"isIgnoredIfFailed":false,"type":"TEST_STEP","name":"Statement - println(\"Test case Fail taking Screenshot\")","description":"","startTime":1529405152864,"endTime":1529405152867,"childRecords":[],"interuppted":false},{"attachment":"C:\\\\Users\\\\Group10\\\\git\\\\KatalonStudio\\\\ArcWithKatalonStudio\\\\ScreenShot\\\\screenshot_20180619161552.png","index":2,"isIgnoredIfFailed":false,"type":"TEST_STEP","name":"Statement - Try","message":"Taking screenshot successfully","description":"","startTime":1529405152867,"endTime":1529405153222,"childRecords":[{"index":1,"isIgnoredIfFailed":false,"type":"TEST_STEP","name":"Statement - data \u003d new java.util.Date(java.lang.System.currentTimeMillis())","description":"","startTime":1529405152868,"endTime":1529405152874,"childRecords":[],"interuppted":false},{"index":2,"isIgnoredIfFailed":false,"type":"TEST_STEP","name":"Statement - formatarDate \u003d new java.text.SimpleDateFormat(yyyyMMddHHmmss)","description":"","startTime":1529405152874,"endTime":1529405152885,"childRecords":[],"interuppted":false},{"attachment":"C:\\\\Users\\\\Group10\\\\git\\\\KatalonStudio\\\\ArcWithKatalonStudio\\\\ScreenShot\\\\screenshot_20180619161552.png","index":3,"isIgnoredIfFailed":false,"type":"TEST_STEP","name":"takeScreenshot","message":"Taking screenshot successfully","description":"","startTime":1529405152886,"endTime":1529405153222,"childRecords":[{"testStatus":{"stackTrace":"","statusValue":"PASSED"},"attachment":"C:\\\\Users\\\\Group10\\\\git\\\\KatalonStudio\\\\ArcWithKatalonStudio\\\\ScreenShot\\\\screenshot_20180619161552.png","type":"MESSAGE","name":"","message":"Taking screenshot successfully","startTime":1529405153221,"endTime":0,"childRecords":[],"interuppted":false}],"interuppted":false}],"interuppted":false}],"interuppted":false}],"interuppted":false}],"interuppted":false},{"isOptional":false,"type":"TEST_CASE","name":"Test Cases/MyCommunities/LEEDForCommunities/PaymentByCreditCardTest","id":"Test Cases/MyCommunities/LEEDForCommunities/PaymentByCreditCardTest","source":"C:\\\\Users\\\\Group10\\\\git\\\\KatalonStudio\\\\ArcWithKatalonStudio\\\\Test Cases\\\\MyCommunities\\\\LEEDForCommunities\\\\PaymentByCreditCardTest.tc","message":"Test Cases/MyCommunities/LEEDForCommunities/PaymentByCreditCardTest FAILED because (of) Unable to click on object \u0027Object Repository/Page_Arc dashboard/input_searchBar1\u0027 (Root cause: org.openqa.selenium.NoSuchWindowException: no such window: target window already closed\nfrom unknown error: web view not found\n  (Session info: chrome\u003d67.0.3396.87)\n  (Driver info: chromedriver\u003d2.35.528161 (5b82f2d2aae0ca24b877009200ced9065a772e73),platform\u003dWindows NT 6.1.7601 SP1 x86_64) (WARNING: The server did not provide any stacktrace information)\nCommand duration or timeout: 0 milliseconds\nBuild info: version: \u00273.7.1\u0027, revision: \u00278a0099a\u0027, time: \u00272017-11-06T21:07:36.161Z\u0027\nSystem info: host: \u0027G10CHLT003\u0027, ip: \u0027172.18.0.24\u0027, os.name: \u0027Windows 7\u0027, os.arch: \u0027amd64\u0027, os.version: \u00276.1\u0027, java.version: \u00271.8.0_102\u0027\nDriver info: com.kms.katalon.selenium.driver.CChromeDriver\nCapabilities {acceptInsecureCerts: false, acceptSslCerts: false, applicationCacheEnabled: false, browserConnectionEnabled: false, browserName: chrome, chrome: {chromedriverVersion: 2.35.528161 (5b82f2d2aae0ca..., userDataDir: C:\\Users\\Group10\\AppData\\Lo...}, cssSelectorsEnabled: true, databaseEnabled: false, handlesAlerts: true, hasTouchScreen: false, javascriptEnabled: true, locationContextEnabled: true, mobileEmulationEnabled: false, nativeEvents: true, networkConnectionEnabled: false, pageLoadStrategy: normal, platform: XP, platformName: XP, rotatable: false, setWindowRect: true, takesHeapSnapshot: true, takesScreenshot: true, unexpectedAlertBehaviour: , unhandledPromptBehavior: , version: 67.0.3396.87, webStorageEnabled: true}\nSession ID: 16228ae0c4754477766bace66d21f609\n*** Element info: {Using\u003dxpath, value\u003d//input[@id \u003d \u0027searchBar1\u0027 and @type \u003d \u0027text\u0027 and @placeholder \u003d \u0027Search\u0027]})","description":"","startTime":1529405153225,"endTime":1529405206065,"childRecords":[{"testStatus":{"stackTrace":"","statusValue":"INFO"},"type":"MESSAGE","name":"","message":"Evaluating variables for test case","startTime":1529405153231,"endTime":0,"childRecords":[],"interuppted":false},{"index":-1,"isIgnoredIfFailed":false,"type":"TEST_STEP","name":"Start listener action : beforeTestListener","message":"Unable to wait for page load (Root cause: org.openqa.selenium.TimeoutException: Expected condition failed: waiting for com.kms.katalon.core.webui.keyword.builtin.WaitForPageLoadKeyword$1@6401d0a0 (tried for 40 second(s) with 500 MILLISECONDS interval))","description":"","startTime":1529405153231,"endTime":1529405203555,"childRecords":[{"index":1,"isIgnoredIfFailed":false,"type":"TEST_STEP","name":"com.arc.ReusableMethods.ReusableMethodsLogin.loginIntoArcWithGlobalVariable","message":"Unable to wait for page load (Root cause: org.openqa.selenium.TimeoutException: Expected condition failed: waiting for com.kms.katalon.core.webui.keyword.builtin.WaitForPageLoadKeyword$1@6401d0a0 (tried for 40 second(s) with 500 MILLISECONDS interval))","description":"","startTime":1529405153232,"endTime":1529405203549,"childRecords":[{"testStatus":{"stackTrace":"","statusValue":"WARNING"},"type":"MESSAGE","name":"","message":"A browser is already opened. Closing browser and opening a new one","startTime":1529405153233,"endTime":0,"childRecords":[],"interuppted":false},{"testStatus":{"stackTrace":"","statusValue":"PASSED"},"type":"MESSAGE","name":"","message":"Browser is opened with url: \u0027http://www.stg.arconline.io/\u0027","startTime":1529405157049,"endTime":0,"childRecords":[],"interuppted":false},{"testStatus":{"stackTrace":"","statusValue":"PASSED"},"type":"MESSAGE","name":"","message":"Current window maximized","startTime":1529405163070,"endTime":0,"childRecords":[],"interuppted":false},{"testStatus":{"stackTrace":"","statusValue":"WARNING"},"type":"MESSAGE","name":"","message":"Cannot take screenshot","startTime":1529405203546,"endTime":0,"childRecords":[],"interuppted":false},{"testStatus":{"stackTrace":"","statusValue":"FAILED"},"type":"MESSAGE","name":"","message":"Unable to wait for page load (Root cause: org.openqa.selenium.TimeoutException: Expected condition failed: waiting for com.kms.katalon.core.webui.keyword.builtin.WaitForPageLoadKeyword$1@6401d0a0 (tried for 40 second(s) with 500 MILLISECONDS interval))","startTime":1529405203547,"endTime":0,"childRecords":[],"interuppted":false},{"testStatus":{"stackTrace":"","statusValue":"FAILED"},"type":"MESSAGE","name":"","message":"Unable to wait for page load (Root cause: org.openqa.selenium.TimeoutException: Expected condition failed: waiting for com.kms.katalon.core.webui.keyword.builtin.WaitForPageLoadKeyword$1@6401d0a0 (tried for 40 second(s) with 500 MILLISECONDS interval))","startTime":1529405203548,"endTime":0,"childRecords":[],"interuppted":false},{"testStatus":{"stackTrace":"","statusValue":"ERROR"},"type":"MESSAGE","name":"","message":"Unable to wait for page load (Root cause: org.openqa.selenium.TimeoutException: Expected condition failed: waiting for com.kms.katalon.core.webui.keyword.builtin.WaitForPageLoadKeyword$1@6401d0a0 (tried for 40 second(s) with 500 MILLISECONDS interval))","startTime":1529405203548,"endTime":0,"childRecords":[],"interuppted":false}],"interuppted":false}],"interuppted":false},{"index":1,"isIgnoredIfFailed":false,"type":"TEST_STEP","name":"Statement - Try","message":"Unable to click on object \u0027Object Repository/Page_Arc dashboard/input_searchBar1\u0027 (Root cause: org.openqa.selenium.NoSuchWindowException: no such window: target window already closed\nfrom unknown error: web view not found\n  (Session info: chrome\u003d67.0.3396.87)\n  (Driver info: chromedriver\u003d2.35.528161 (5b82f2d2aae0ca24b877009200ced9065a772e73),platform\u003dWindows NT 6.1.7601 SP1 x86_64) (WARNING: The server did not provide any stacktrace information)\nCommand duration or timeout: 0 milliseconds\nBuild info: version: \u00273.7.1\u0027, revision: \u00278a0099a\u0027, time: \u00272017-11-06T21:07:36.161Z\u0027\nSystem info: host: \u0027G10CHLT003\u0027, ip: \u0027172.18.0.24\u0027, os.name: \u0027Windows 7\u0027, os.arch: \u0027amd64\u0027, os.version: \u00276.1\u0027, java.version: \u00271.8.0_102\u0027\nDriver info: com.kms.katalon.selenium.driver.CChromeDriver\nCapabilities {acceptInsecureCerts: false, acceptSslCerts: false, applicationCacheEnabled: false, browserConnectionEnabled: false, browserName: chrome, chrome: {chromedriverVersion: 2.35.528161 (5b82f2d2aae0ca..., userDataDir: C:\\Users\\Group10\\AppData\\Lo...}, cssSelectorsEnabled: true, databaseEnabled: false, handlesAlerts: true, hasTouchScreen: false, javascriptEnabled: true, locationContextEnabled: true, mobileEmulationEnabled: false, nativeEvents: true, networkConnectionEnabled: false, pageLoadStrategy: normal, platform: XP, platformName: XP, rotatable: false, setWindowRect: true, takesHeapSnapshot: true, takesScreenshot: true, unexpectedAlertBehaviour: , unhandledPromptBehavior: , version: 67.0.3396.87, webStorageEnabled: true}\nSession ID: 16228ae0c4754477766bace66d21f609\n*** Element info: {Using\u003dxpath, value\u003d//input[@id \u003d \u0027searchBar1\u0027 and @type \u003d \u0027text\u0027 and @placeholder \u003d \u0027Search\u0027]})","description":"","startTime":1529405203889,"endTime":1529405203913,"childRecords":[{"index":1,"isIgnoredIfFailed":false,"type":"TEST_STEP","name":"com.arc.ReusableMethods.ReusableMethodsSearch.searchProgram","message":"Unable to click on object \u0027Object Repository/Page_Arc dashboard/input_searchBar1\u0027 (Root cause: org.openqa.selenium.NoSuchWindowException: no such window: target window already closed\nfrom unknown error: web view not found\n  (Session info: chrome\u003d67.0.3396.87)\n  (Driver info: chromedriver\u003d2.35.528161 (5b82f2d2aae0ca24b877009200ced9065a772e73),platform\u003dWindows NT 6.1.7601 SP1 x86_64) (WARNING: The server did not provide any stacktrace information)\nCommand duration or timeout: 0 milliseconds\nBuild info: version: \u00273.7.1\u0027, revision: \u00278a0099a\u0027, time: \u00272017-11-06T21:07:36.161Z\u0027\nSystem info: host: \u0027G10CHLT003\u0027, ip: \u0027172.18.0.24\u0027, os.name: \u0027Windows 7\u0027, os.arch: \u0027amd64\u0027, os.version: \u00276.1\u0027, java.version: \u00271.8.0_102\u0027\nDriver info: com.kms.katalon.selenium.driver.CChromeDriver\nCapabilities {acceptInsecureCerts: false, acceptSslCerts: false, applicationCacheEnabled: false, browserConnectionEnabled: false, browserName: chrome, chrome: {chromedriverVersion: 2.35.528161 (5b82f2d2aae0ca..., userDataDir: C:\\Users\\Group10\\AppData\\Lo...}, cssSelectorsEnabled: true, databaseEnabled: false, handlesAlerts: true, hasTouchScreen: false, javascriptEnabled: true, locationContextEnabled: true, mobileEmulationEnabled: false, nativeEvents: true, networkConnectionEnabled: false, pageLoadStrategy: normal, platform: XP, platformName: XP, rotatable: false, setWindowRect: true, takesHeapSnapshot: true, takesScreenshot: true, unexpectedAlertBehaviour: , unhandledPromptBehavior: , version: 67.0.3396.87, webStorageEnabled: true}\nSession ID: 16228ae0c4754477766bace66d21f609\n*** Element info: {Using\u003dxpath, value\u003d//input[@id \u003d \u0027searchBar1\u0027 and @type \u003d \u0027text\u0027 and @placeholder \u003d \u0027Search\u0027]})","description":"","startTime":1529405203890,"endTime":1529405203913,"childRecords":[{"testStatus":{"stackTrace":"","statusValue":"WARNING"},"type":"MESSAGE","name":"","message":"Cannot take screenshot","startTime":1529405203911,"endTime":0,"childRecords":[],"interuppted":false},{"testStatus":{"stackTrace":"","statusValue":"FAILED"},"type":"MESSAGE","name":"","message":"Unable to click on object \u0027Object Repository/Page_Arc dashboard/input_searchBar1\u0027 (Root cause: org.openqa.selenium.NoSuchWindowException: no such window: target window already closed\nfrom unknown error: web view not found\n  (Session info: chrome\u003d67.0.3396.87)\n  (Driver info: chromedriver\u003d2.35.528161 (5b82f2d2aae0ca24b877009200ced9065a772e73),platform\u003dWindows NT 6.1.7601 SP1 x86_64) (WARNING: The server did not provide any stacktrace information)\nCommand duration or timeout: 0 milliseconds\nBuild info: version: \u00273.7.1\u0027, revision: \u00278a0099a\u0027, time: \u00272017-11-06T21:07:36.161Z\u0027\nSystem info: host: \u0027G10CHLT003\u0027, ip: \u0027172.18.0.24\u0027, os.name: \u0027Windows 7\u0027, os.arch: \u0027amd64\u0027, os.version: \u00276.1\u0027, java.version: \u00271.8.0_102\u0027\nDriver info: com.kms.katalon.selenium.driver.CChromeDriver\nCapabilities {acceptInsecureCerts: false, acceptSslCerts: false, applicationCacheEnabled: false, browserConnectionEnabled: false, browserName: chrome, chrome: {chromedriverVersion: 2.35.528161 (5b82f2d2aae0ca..., userDataDir: C:\\Users\\Group10\\AppData\\Lo...}, cssSelectorsEnabled: true, databaseEnabled: false, handlesAlerts: true, hasTouchScreen: false, javascriptEnabled: true, locationContextEnabled: true, mobileEmulationEnabled: false, nativeEvents: true, networkConnectionEnabled: false, pageLoadStrategy: normal, platform: XP, platformName: XP, rotatable: false, setWindowRect: true, takesHeapSnapshot: true, takesScreenshot: true, unexpectedAlertBehaviour: , unhandledPromptBehavior: , version: 67.0.3396.87, webStorageEnabled: true}\nSession ID: 16228ae0c4754477766bace66d21f609\n*** Element info: {Using\u003dxpath, value\u003d//input[@id \u003d \u0027searchBar1\u0027 and @type \u003d \u0027text\u0027 and @placeholder \u003d \u0027Search\u0027]})","startTime":1529405203911,"endTime":0,"childRecords":[],"interuppted":false},{"testStatus":{"stackTrace":"","statusValue":"FAILED"},"type":"MESSAGE","name":"","message":"Unable to click on object \u0027Object Repository/Page_Arc dashboard/input_searchBar1\u0027 (Root cause: org.openqa.selenium.NoSuchWindowException: no such window: target window already closed\nfrom unknown error: web view not found\n  (Session info: chrome\u003d67.0.3396.87)\n  (Driver info: chromedriver\u003d2.35.528161 (5b82f2d2aae0ca24b877009200ced9065a772e73),platform\u003dWindows NT 6.1.7601 SP1 x86_64) (WARNING: The server did not provide any stacktrace information)\nCommand duration or timeout: 0 milliseconds\nBuild info: version: \u00273.7.1\u0027, revision: \u00278a0099a\u0027, time: \u00272017-11-06T21:07:36.161Z\u0027\nSystem info: host: \u0027G10CHLT003\u0027, ip: \u0027172.18.0.24\u0027, os.name: \u0027Windows 7\u0027, os.arch: \u0027amd64\u0027, os.version: \u00276.1\u0027, java.version: \u00271.8.0_102\u0027\nDriver info: com.kms.katalon.selenium.driver.CChromeDriver\nCapabilities {acceptInsecureCerts: false, acceptSslCerts: false, applicationCacheEnabled: false, browserConnectionEnabled: false, browserName: chrome, chrome: {chromedriverVersion: 2.35.528161 (5b82f2d2aae0ca..., userDataDir: C:\\Users\\Group10\\AppData\\Lo...}, cssSelectorsEnabled: true, databaseEnabled: false, handlesAlerts: true, hasTouchScreen: false, javascriptEnabled: true, locationContextEnabled: true, mobileEmulationEnabled: false, nativeEvents: true, networkConnectionEnabled: false, pageLoadStrategy: normal, platform: XP, platformName: XP, rotatable: false, setWindowRect: true, takesHeapSnapshot: true, takesScreenshot: true, unexpectedAlertBehaviour: , unhandledPromptBehavior: , version: 67.0.3396.87, webStorageEnabled: true}\nSession ID: 16228ae0c4754477766bace66d21f609\n*** Element info: {Using\u003dxpath, value\u003d//input[@id \u003d \u0027searchBar1\u0027 and @type \u003d \u0027text\u0027 and @placeholder \u003d \u0027Search\u0027]})","startTime":1529405203912,"endTime":0,"childRecords":[],"interuppted":false}],"interuppted":false}],"interuppted":false},{"index":2,"isIgnoredIfFailed":false,"type":"TEST_STEP","name":"Statement - Catch (Throwable t)","description":"","startTime":1529405203914,"endTime":1529405203920,"childRecords":[{"index":1,"isIgnoredIfFailed":false,"type":"TEST_STEP","name":"Statement - out.println(t.getLocalizedMessage())","description":"","startTime":1529405203914,"endTime":1529405203915,"childRecords":[],"interuppted":false},{"index":2,"isIgnoredIfFailed":false,"type":"TEST_STEP","name":"Statement - e1 \u003d new java.lang.Error(t.getMessage())","description":"","startTime":1529405203916,"endTime":1529405203916,"childRecords":[],"interuppted":false},{"index":3,"isIgnoredIfFailed":false,"type":"TEST_STEP","name":"Statement - e1.setStackTrace(t.getStackTrace())","description":"","startTime":1529405203917,"endTime":1529405203918,"childRecords":[],"interuppted":false},{"index":4,"isIgnoredIfFailed":false,"type":"TEST_STEP","name":"Statement - e1.printStackTrace()","description":"","startTime":1529405203918,"endTime":1529405203920,"childRecords":[],"interuppted":false}],"interuppted":false},{"testStatus":{"stackTrace":"","statusValue":"FAILED"},"type":"MESSAGE","name":"","message":"Test Cases/MyCommunities/LEEDForCommunities/PaymentByCreditCardTest FAILED because (of) Unable to click on object \u0027Object Repository/Page_Arc dashboard/input_searchBar1\u0027 (Root cause: org.openqa.selenium.NoSuchWindowException: no such window: target window already closed\nfrom unknown error: web view not found\n  (Session info: chrome\u003d67.0.3396.87)\n  (Driver info: chromedriver\u003d2.35.528161 (5b82f2d2aae0ca24b877009200ced9065a772e73),platform\u003dWindows NT 6.1.7601 SP1 x86_64) (WARNING: The server did not provide any stacktrace information)\nCommand duration or timeout: 0 milliseconds\nBuild info: version: \u00273.7.1\u0027, revision: \u00278a0099a\u0027, time: \u00272017-11-06T21:07:36.161Z\u0027\nSystem info: host: \u0027G10CHLT003\u0027, ip: \u0027172.18.0.24\u0027, os.name: \u0027Windows 7\u0027, os.arch: \u0027amd64\u0027, os.version: \u00276.1\u0027, java.version: \u00271.8.0_102\u0027\nDriver info: com.kms.katalon.selenium.driver.CChromeDriver\nCapabilities {acceptInsecureCerts: false, acceptSslCerts: false, applicationCacheEnabled: false, browserConnectionEnabled: false, browserName: chrome, chrome: {chromedriverVersion: 2.35.528161 (5b82f2d2aae0ca..., userDataDir: C:\\Users\\Group10\\AppData\\Lo...}, cssSelectorsEnabled: true, databaseEnabled: false, handlesAlerts: true, hasTouchScreen: false, javascriptEnabled: true, locationContextEnabled: true, mobileEmulationEnabled: false, nativeEvents: true, networkConnectionEnabled: false, pageLoadStrategy: normal, platform: XP, platformName: XP, rotatable: false, setWindowRect: true, takesHeapSnapshot: true, takesScreenshot: true, unexpectedAlertBehaviour: , unhandledPromptBehavior: , version: 67.0.3396.87, webStorageEnabled: true}\nSession ID: 16228ae0c4754477766bace66d21f609\n*** Element info: {Using\u003dxpath, value\u003d//input[@id \u003d \u0027searchBar1\u0027 and @type \u003d \u0027text\u0027 and @placeholder \u003d \u0027Search\u0027]})","startTime":1529405203921,"endTime":0,"childRecords":[],"interuppted":false},{"index":-1,"isIgnoredIfFailed":false,"type":"TEST_STEP","name":"Start listener action : afterTestCase","message":"Invoke \u0027com.kms.katalon.core.annotation.AfterTestCase\u0027 method: \u0027MasterTestListener.afterTestCase(...)\u0027 completed.","description":"","startTime":1529405203972,"endTime":1529405206065,"childRecords":[{"index":1,"isIgnoredIfFailed":false,"type":"TEST_STEP","name":"switchToDefaultContent","message":"Switching to default content failed because of: org.openqa.selenium.WebDriverException: chrome not reachable\n  (Session info: chrome\u003d67.0.3396.87)\n  (Driver info: chromedriver\u003d2.35.528161 (5b82f2d2aae0ca24b877009200ced9065a772e73),platform\u003dWindows NT 6.1.7601 SP1 x86_64) (WARNING: The server did not provide any stacktrace information)\nCommand duration or timeout: 0 milliseconds\nBuild info: version: \u00273.7.1\u0027, revision: \u00278a0099a\u0027, time: \u00272017-11-06T21:07:36.161Z\u0027\nSystem info: host: \u0027G10CHLT003\u0027, ip: \u0027172.18.0.24\u0027, os.name: \u0027Windows 7\u0027, os.arch: \u0027amd64\u0027, os.version: \u00276.1\u0027, java.version: \u00271.8.0_102\u0027\nDriver info: com.kms.katalon.selenium.driver.CChromeDriver\nCapabilities {acceptInsecureCerts: false, acceptSslCerts: false, applicationCacheEnabled: false, browserConnectionEnabled: false, browserName: chrome, chrome: {chromedriverVersion: 2.35.528161 (5b82f2d2aae0ca..., userDataDir: C:\\Users\\Group10\\AppData\\Lo...}, cssSelectorsEnabled: true, databaseEnabled: false, handlesAlerts: true, hasTouchScreen: false, javascriptEnabled: true, locationContextEnabled: true, mobileEmulationEnabled: false, nativeEvents: true, networkConnectionEnabled: false, pageLoadStrategy: normal, platform: XP, platformName: XP, rotatable: false, setWindowRect: true, takesHeapSnapshot: true, takesScreenshot: true, unexpectedAlertBehaviour: , unhandledPromptBehavior: , version: 67.0.3396.87, webStorageEnabled: true}\nSession ID: 16228ae0c4754477766bace66d21f609","description":"","startTime":1529405203973,"endTime":1529405205983,"childRecords":[{"testStatus":{"stackTrace":"","statusValue":"WARNING"},"type":"MESSAGE","name":"","message":"Switching to default content failed because of: org.openqa.selenium.WebDriverException: chrome not reachable\n  (Session info: chrome\u003d67.0.3396.87)\n  (Driver info: chromedriver\u003d2.35.528161 (5b82f2d2aae0ca24b877009200ced9065a772e73),platform\u003dWindows NT 6.1.7601 SP1 x86_64) (WARNING: The server did not provide any stacktrace information)\nCommand duration or timeout: 0 milliseconds\nBuild info: version: \u00273.7.1\u0027, revision: \u00278a0099a\u0027, time: \u00272017-11-06T21:07:36.161Z\u0027\nSystem info: host: \u0027G10CHLT003\u0027, ip: \u0027172.18.0.24\u0027, os.name: \u0027Windows 7\u0027, os.arch: \u0027amd64\u0027, os.version: \u00276.1\u0027, java.version: \u00271.8.0_102\u0027\nDriver info: com.kms.katalon.selenium.driver.CChromeDriver\nCapabilities {acceptInsecureCerts: false, acceptSslCerts: false, applicationCacheEnabled: false, browserConnectionEnabled: false, browserName: chrome, chrome: {chromedriverVersion: 2.35.528161 (5b82f2d2aae0ca..., userDataDir: C:\\Users\\Group10\\AppData\\Lo...}, cssSelectorsEnabled: true, databaseEnabled: false, handlesAlerts: true, hasTouchScreen: false, javascriptEnabled: true, locationContextEnabled: true, mobileEmulationEnabled: false, nativeEvents: true, networkConnectionEnabled: false, pageLoadStrategy: normal, platform: XP, platformName: XP, rotatable: false, setWindowRect: true, takesHeapSnapshot: true, takesScreenshot: true, unexpectedAlertBehaviour: , unhandledPromptBehavior: , version: 67.0.3396.87, webStorageEnabled: true}\nSession ID: 16228ae0c4754477766bace66d21f609","startTime":1529405205982,"endTime":0,"childRecords":[],"interuppted":false}],"interuppted":false},{"index":2,"isIgnoredIfFailed":false,"type":"TEST_STEP","name":"Statement - com.kms.katalon.core.util.KeywordUtil.markWarning(\"Test Case Name : \" + testCase.getTestCaseId())","message":"Test Case Name : Test Cases/MyCommunities/LEEDForCommunities/PaymentByCreditCardTest","description":"","startTime":1529405205984,"endTime":1529405205985,"childRecords":[{"testStatus":{"stackTrace":"","statusValue":"WARNING"},"type":"MESSAGE","name":"","message":"Test Case Name : Test Cases/MyCommunities/LEEDForCommunities/PaymentByCreditCardTest","startTime":1529405205984,"endTime":0,"childRecords":[],"interuppted":false}],"interuppted":false},{"index":3,"isIgnoredIfFailed":false,"type":"TEST_STEP","name":"Statement - com.kms.katalon.core.util.KeywordUtil.markWarning(\"Test Case Status : \" + testCase.getTestCaseStatus())","message":"Test Case Status : FAILED","description":"","startTime":1529405205985,"endTime":1529405205986,"childRecords":[{"testStatus":{"stackTrace":"","statusValue":"WARNING"},"type":"MESSAGE","name":"","message":"Test Case Status : FAILED","startTime":1529405205986,"endTime":0,"childRecords":[],"interuppted":false}],"interuppted":false},{"index":4,"isIgnoredIfFailed":false,"type":"TEST_STEP","name":"Statement - If (\"FAILED\".equalsIgnoreCase(testCase.getTestCaseStatus()))","message":"Invoke \u0027com.kms.katalon.core.annotation.AfterTestCase\u0027 method: \u0027MasterTestListener.afterTestCase(...)\u0027 completed.","description":"","startTime":1529405205986,"endTime":1529405206065,"childRecords":[{"index":1,"isIgnoredIfFailed":false,"type":"TEST_STEP","name":"Statement - println(\"Test case Fail taking Screenshot\")","description":"","startTime":1529405205987,"endTime":1529405205988,"childRecords":[],"interuppted":false},{"index":2,"isIgnoredIfFailed":false,"type":"TEST_STEP","name":"Statement - Try","message":"Cannot take screenshot (Root cause: org.openqa.selenium.NoSuchWindowException: no such window: target window already closed\nfrom unknown error: web view not found\n  (Session info: chrome\u003d67.0.3396.87)\n  (Driver info: chromedriver\u003d2.35.528161 (5b82f2d2aae0ca24b877009200ced9065a772e73),platform\u003dWindows NT 6.1.7601 SP1 x86_64) (WARNING: The server did not provide any stacktrace information)\nCommand duration or timeout: 0 milliseconds\nBuild info: version: \u00273.7.1\u0027, revision: \u00278a0099a\u0027, time: \u00272017-11-06T21:07:36.161Z\u0027\nSystem info: host: \u0027G10CHLT003\u0027, ip: \u0027172.18.0.24\u0027, os.name: \u0027Windows 7\u0027, os.arch: \u0027amd64\u0027, os.version: \u00276.1\u0027, java.version: \u00271.8.0_102\u0027\nDriver info: com.kms.katalon.selenium.driver.CChromeDriver\nCapabilities {acceptInsecureCerts: false, acceptSslCerts: false, applicationCacheEnabled: false, browserConnectionEnabled: false, browserName: chrome, chrome: {chromedriverVersion: 2.35.528161 (5b82f2d2aae0ca..., userDataDir: C:\\Users\\Group10\\AppData\\Lo...}, cssSelectorsEnabled: true, databaseEnabled: false, handlesAlerts: true, hasTouchScreen: false, javascriptEnabled: true, locationContextEnabled: true, mobileEmulationEnabled: false, nativeEvents: true, networkConnectionEnabled: false, pageLoadStrategy: normal, platform: XP, platformName: XP, rotatable: false, setWindowRect: true, takesHeapSnapshot: true, takesScreenshot: true, unexpectedAlertBehaviour: , unhandledPromptBehavior: , version: 67.0.3396.87, webStorageEnabled: true}\nSession ID: 16228ae0c4754477766bace66d21f609)","description":"","startTime":1529405205988,"endTime":1529405206060,"childRecords":[{"index":1,"isIgnoredIfFailed":false,"type":"TEST_STEP","name":"Statement - data \u003d new java.util.Date(java.lang.System.currentTimeMillis())","description":"","startTime":1529405205989,"endTime":1529405205989,"childRecords":[],"interuppted":false},{"index":2,"isIgnoredIfFailed":false,"type":"TEST_STEP","name":"Statement - formatarDate \u003d new java.text.SimpleDateFormat(yyyyMMddHHmmss)","description":"","startTime":1529405206046,"endTime":1529405206047,"childRecords":[],"interuppted":false},{"index":3,"isIgnoredIfFailed":false,"type":"TEST_STEP","name":"takeScreenshot","message":"Cannot take screenshot (Root cause: org.openqa.selenium.NoSuchWindowException: no such window: target window already closed\nfrom unknown error: web view not found\n  (Session info: chrome\u003d67.0.3396.87)\n  (Driver info: chromedriver\u003d2.35.528161 (5b82f2d2aae0ca24b877009200ced9065a772e73),platform\u003dWindows NT 6.1.7601 SP1 x86_64) (WARNING: The server did not provide any stacktrace information)\nCommand duration or timeout: 0 milliseconds\nBuild info: version: \u00273.7.1\u0027, revision: \u00278a0099a\u0027, time: \u00272017-11-06T21:07:36.161Z\u0027\nSystem info: host: \u0027G10CHLT003\u0027, ip: \u0027172.18.0.24\u0027, os.name: \u0027Windows 7\u0027, os.arch: \u0027amd64\u0027, os.version: \u00276.1\u0027, java.version: \u00271.8.0_102\u0027\nDriver info: com.kms.katalon.selenium.driver.CChromeDriver\nCapabilities {acceptInsecureCerts: false, acceptSslCerts: false, applicationCacheEnabled: false, browserConnectionEnabled: false, browserName: chrome, chrome: {chromedriverVersion: 2.35.528161 (5b82f2d2aae0ca..., userDataDir: C:\\Users\\Group10\\AppData\\Lo...}, cssSelectorsEnabled: true, databaseEnabled: false, handlesAlerts: true, hasTouchScreen: false, javascriptEnabled: true, locationContextEnabled: true, mobileEmulationEnabled: false, nativeEvents: true, networkConnectionEnabled: false, pageLoadStrategy: normal, platform: XP, platformName: XP, rotatable: false, setWindowRect: true, takesHeapSnapshot: true, takesScreenshot: true, unexpectedAlertBehaviour: , unhandledPromptBehavior: , version: 67.0.3396.87, webStorageEnabled: true}\nSession ID: 16228ae0c4754477766bace66d21f609)","description":"","startTime":1529405206048,"endTime":1529405206060,"childRecords":[{"testStatus":{"stackTrace":"","statusValue":"WARNING"},"type":"MESSAGE","name":"","message":"Cannot take screenshot","startTime":1529405206059,"endTime":0,"childRecords":[],"interuppted":false},{"testStatus":{"stackTrace":"","statusValue":"FAILED"},"type":"MESSAGE","name":"","message":"Cannot take screenshot (Root cause: org.openqa.selenium.NoSuchWindowException: no such window: target window already closed\nfrom unknown error: web view not found\n  (Session info: chrome\u003d67.0.3396.87)\n  (Driver info: chromedriver\u003d2.35.528161 (5b82f2d2aae0ca24b877009200ced9065a772e73),platform\u003dWindows NT 6.1.7601 SP1 x86_64) (WARNING: The server did not provide any stacktrace information)\nCommand duration or timeout: 0 milliseconds\nBuild info: version: \u00273.7.1\u0027, revision: \u00278a0099a\u0027, time: \u00272017-11-06T21:07:36.161Z\u0027\nSystem info: host: \u0027G10CHLT003\u0027, ip: \u0027172.18.0.24\u0027, os.name: \u0027Windows 7\u0027, os.arch: \u0027amd64\u0027, os.version: \u00276.1\u0027, java.version: \u00271.8.0_102\u0027\nDriver info: com.kms.katalon.selenium.driver.CChromeDriver\nCapabilities {acceptInsecureCerts: false, acceptSslCerts: false, applicationCacheEnabled: false, browserConnectionEnabled: false, browserName: chrome, chrome: {chromedriverVersion: 2.35.528161 (5b82f2d2aae0ca..., userDataDir: C:\\Users\\Group10\\AppData\\Lo...}, cssSelectorsEnabled: true, databaseEnabled: false, handlesAlerts: true, hasTouchScreen: false, javascriptEnabled: true, locationContextEnabled: true, mobileEmulationEnabled: false, nativeEvents: true, networkConnectionEnabled: false, pageLoadStrategy: normal, platform: XP, platformName: XP, rotatable: false, setWindowRect: true, takesHeapSnapshot: true, takesScreenshot: true, unexpectedAlertBehaviour: , unhandledPromptBehavior: , version: 67.0.3396.87, webStorageEnabled: true}\nSession ID: 16228ae0c4754477766bace66d21f609)","startTime":1529405206059,"endTime":0,"childRecords":[],"interuppted":false}],"interuppted":false}],"interuppted":false},{"index":3,"isIgnoredIfFailed":false,"type":"TEST_STEP","name":"Statement - Catch (Exception e)","message":"Invoke \u0027com.kms.katalon.core.annotation.AfterTestCase\u0027 method: \u0027MasterTestListener.afterTestCase(...)\u0027 completed.","description":"","startTime":1529405206061,"endTime":1529405206065,"childRecords":[{"index":1,"isIgnoredIfFailed":false,"type":"TEST_STEP","name":"Statement - e.printStackTrace()","message":"Invoke \u0027com.kms.katalon.core.annotation.AfterTestCase\u0027 method: \u0027MasterTestListener.afterTestCase(...)\u0027 completed.","description":"","startTime":1529405206061,"endTime":1529405206064,"childRecords":[],"interuppted":false}],"interuppted":false}],"interuppted":false}],"interuppted":false}],"interuppted":false},{"isOptional":false,"type":"TEST_CASE","name":"Test Cases/MyCommunities/LEEDForCommunities/LogoutToArcTest","id":"Test Cases/MyCommunities/LEEDForCommunities/LogoutToArcTest","source":"C:\\\\Users\\\\Group10\\\\git\\\\KatalonStudio\\\\ArcWithKatalonStudio\\\\Test Cases\\\\MyCommunities\\\\LEEDForCommunities\\\\LogoutToArcTest.tc","message":"Test Cases/MyCommunities/LEEDForCommunities/LogoutToArcTest FAILED because (of) Unable to click on object \u0027Object Repository/Page_Arc dashboard/b_caret\u0027 (Root cause: org.openqa.selenium.NoSuchWindowException: no such window: target window already closed\nfrom unknown error: web view not found\n  (Session info: chrome\u003d67.0.3396.87)\n  (Driver info: chromedriver\u003d2.35.528161 (5b82f2d2aae0ca24b877009200ced9065a772e73),platform\u003dWindows NT 6.1.7601 SP1 x86_64) (WARNING: The server did not provide any stacktrace information)\nCommand duration or timeout: 0 milliseconds\nBuild info: version: \u00273.7.1\u0027, revision: \u00278a0099a\u0027, time: \u00272017-11-06T21:07:36.161Z\u0027\nSystem info: host: \u0027G10CHLT003\u0027, ip: \u0027172.18.0.24\u0027, os.name: \u0027Windows 7\u0027, os.arch: \u0027amd64\u0027, os.version: \u00276.1\u0027, java.version: \u00271.8.0_102\u0027\nDriver info: com.kms.katalon.selenium.driver.CChromeDriver\nCapabilities {acceptInsecureCerts: false, acceptSslCerts: false, applicationCacheEnabled: false, browserConnectionEnabled: false, browserName: chrome, chrome: {chromedriverVersion: 2.35.528161 (5b82f2d2aae0ca..., userDataDir: C:\\Users\\Group10\\AppData\\Lo...}, cssSelectorsEnabled: true, databaseEnabled: false, handlesAlerts: true, hasTouchScreen: false, javascriptEnabled: true, locationContextEnabled: true, mobileEmulationEnabled: false, nativeEvents: true, networkConnectionEnabled: false, pageLoadStrategy: normal, platform: XP, platformName: XP, rotatable: false, setWindowRect: true, takesHeapSnapshot: true, takesScreenshot: true, unexpectedAlertBehaviour: , unhandledPromptBehavior: , version: 67.0.3396.87, webStorageEnabled: true}\nSession ID: 40b4a6176a8431a4598e542110c2c0d3\n*** Element info: {Using\u003dxpath, value\u003did(\"app\")/div[@class\u003d\"ng-scope\"]/nav[@class\u003d\"page-controls navbar navbar-default ng-scope\"]/div[@class\u003d\"container-fluid ng-scope\"]/div[@class\u003d\"collapse navbar-collapse\"]/ul[@class\u003d\"nav navbar-nav navbar-right\"]/li[@class\u003d\"dropdown\"]/a[@class\u003d\"dropdown-toggle ng-binding\"]/b[@class\u003d\"caret\"][count(. | //b[@class \u003d \u0027caret\u0027]) \u003d count(//b[@class \u003d \u0027caret\u0027])]})","description":"Verify the logout functionlity of Arc.","startTime":1529405206068,"endTime":1529405258389,"childRecords":[{"testStatus":{"stackTrace":"","statusValue":"INFO"},"type":"MESSAGE","name":"","message":"Evaluating variables for test case","startTime":1529405206077,"endTime":0,"childRecords":[],"interuppted":false},{"index":-1,"isIgnoredIfFailed":false,"type":"TEST_STEP","name":"Start listener action : beforeTestListener","message":"Unable to wait for page load (Root cause: org.openqa.selenium.TimeoutException: Expected condition failed: waiting for com.kms.katalon.core.webui.keyword.builtin.WaitForPageLoadKeyword$1@13f9ad9 (tried for 40 second(s) with 500 MILLISECONDS interval))","description":"","startTime":1529405206078,"endTime":1529405256135,"childRecords":[{"index":1,"isIgnoredIfFailed":false,"type":"TEST_STEP","name":"com.arc.ReusableMethods.ReusableMethodsLogin.loginIntoArcWithGlobalVariable","message":"Unable to wait for page load (Root cause: org.openqa.selenium.TimeoutException: Expected condition failed: waiting for com.kms.katalon.core.webui.keyword.builtin.WaitForPageLoadKeyword$1@13f9ad9 (tried for 40 second(s) with 500 MILLISECONDS interval))","description":"","startTime":1529405206079,"endTime":1529405256134,"childRecords":[{"testStatus":{"stackTrace":"","statusValue":"WARNING"},"type":"MESSAGE","name":"","message":"A browser is already opened. Closing browser and opening a new one","startTime":1529405206080,"endTime":0,"childRecords":[],"interuppted":false},{"testStatus":{"stackTrace":"","statusValue":"PASSED"},"type":"MESSAGE","name":"","message":"Browser is opened with url: \u0027http://www.stg.arconline.io/\u0027","startTime":1529405209675,"endTime":0,"childRecords":[],"interuppted":false},{"testStatus":{"stackTrace":"","statusValue":"PASSED"},"type":"MESSAGE","name":"","message":"Current window maximized","startTime":1529405215717,"endTime":0,"childRecords":[],"interuppted":false},{"testStatus":{"stackTrace":"","statusValue":"WARNING"},"type":"MESSAGE","name":"","message":"Cannot take screenshot","startTime":1529405256132,"endTime":0,"childRecords":[],"interuppted":false},{"testStatus":{"stackTrace":"","statusValue":"FAILED"},"type":"MESSAGE","name":"","message":"Unable to wait for page load (Root cause: org.openqa.selenium.TimeoutException: Expected condition failed: waiting for com.kms.katalon.core.webui.keyword.builtin.WaitForPageLoadKeyword$1@13f9ad9 (tried for 40 second(s) with 500 MILLISECONDS interval))","startTime":1529405256133,"endTime":0,"childRecords":[],"interuppted":false},{"testStatus":{"stackTrace":"","statusValue":"FAILED"},"type":"MESSAGE","name":"","message":"Unable to wait for page load (Root cause: org.openqa.selenium.TimeoutException: Expected condition failed: waiting for com.kms.katalon.core.webui.keyword.builtin.WaitForPageLoadKeyword$1@13f9ad9 (tried for 40 second(s) with 500 MILLISECONDS interval))","startTime":1529405256134,"endTime":0,"childRecords":[],"interuppted":false},{"testStatus":{"stackTrace":"","statusValue":"ERROR"},"type":"MESSAGE","name":"","message":"Unable to wait for page load (Root cause: org.openqa.selenium.TimeoutException: Expected condition failed: waiting for com.kms.katalon.core.webui.keyword.builtin.WaitForPageLoadKeyword$1@13f9ad9 (tried for 40 second(s) with 500 MILLISECONDS interval))","startTime":1529405256134,"endTime":0,"childRecords":[],"interuppted":false}],"interuppted":false}],"interuppted":false},{"index":1,"isIgnoredIfFailed":false,"type":"TEST_STEP","name":"Statement - Try","message":"Unable to click on object \u0027Object Repository/Page_Arc dashboard/b_caret\u0027 (Root cause: org.openqa.selenium.NoSuchWindowException: no such window: target window already closed\nfrom unknown error: web view not found\n  (Session info: chrome\u003d67.0.3396.87)\n  (Driver info: chromedriver\u003d2.35.528161 (5b82f2d2aae0ca24b877009200ced9065a772e73),platform\u003dWindows NT 6.1.7601 SP1 x86_64) (WARNING: The server did not provide any stacktrace information)\nCommand duration or timeout: 0 milliseconds\nBuild info: version: \u00273.7.1\u0027, revision: \u00278a0099a\u0027, time: \u00272017-11-06T21:07:36.161Z\u0027\nSystem info: host: \u0027G10CHLT003\u0027, ip: \u0027172.18.0.24\u0027, os.name: \u0027Windows 7\u0027, os.arch: \u0027amd64\u0027, os.version: \u00276.1\u0027, java.version: \u00271.8.0_102\u0027\nDriver info: com.kms.katalon.selenium.driver.CChromeDriver\nCapabilities {acceptInsecureCerts: false, acceptSslCerts: false, applicationCacheEnabled: false, browserConnectionEnabled: false, browserName: chrome, chrome: {chromedriverVersion: 2.35.528161 (5b82f2d2aae0ca..., userDataDir: C:\\Users\\Group10\\AppData\\Lo...}, cssSelectorsEnabled: true, databaseEnabled: false, handlesAlerts: true, hasTouchScreen: false, javascriptEnabled: true, locationContextEnabled: true, mobileEmulationEnabled: false, nativeEvents: true, networkConnectionEnabled: false, pageLoadStrategy: normal, platform: XP, platformName: XP, rotatable: false, setWindowRect: true, takesHeapSnapshot: true, takesScreenshot: true, unexpectedAlertBehaviour: , unhandledPromptBehavior: , version: 67.0.3396.87, webStorageEnabled: true}\nSession ID: 40b4a6176a8431a4598e542110c2c0d3\n*** Element info: {Using\u003dxpath, value\u003did(\"app\")/div[@class\u003d\"ng-scope\"]/nav[@class\u003d\"page-controls navbar navbar-default ng-scope\"]/div[@class\u003d\"container-fluid ng-scope\"]/div[@class\u003d\"collapse navbar-collapse\"]/ul[@class\u003d\"nav navbar-nav navbar-right\"]/li[@class\u003d\"dropdown\"]/a[@class\u003d\"dropdown-toggle ng-binding\"]/b[@class\u003d\"caret\"][count(. | //b[@class \u003d \u0027caret\u0027]) \u003d count(//b[@class \u003d \u0027caret\u0027])]})","description":"","startTime":1529405256269,"endTime":1529405256316,"childRecords":[{"index":1,"isIgnoredIfFailed":false,"type":"TEST_STEP","name":"com.arc.ReusableMethods.ReusableMethodsLogin.logoutFromArcApplication","message":"Unable to click on object \u0027Object Repository/Page_Arc dashboard/b_caret\u0027 (Root cause: org.openqa.selenium.NoSuchWindowException: no such window: target window already closed\nfrom unknown error: web view not found\n  (Session info: chrome\u003d67.0.3396.87)\n  (Driver info: chromedriver\u003d2.35.528161 (5b82f2d2aae0ca24b877009200ced9065a772e73),platform\u003dWindows NT 6.1.7601 SP1 x86_64) (WARNING: The server did not provide any stacktrace information)\nCommand duration or timeout: 0 milliseconds\nBuild info: version: \u00273.7.1\u0027, revision: \u00278a0099a\u0027, time: \u00272017-11-06T21:07:36.161Z\u0027\nSystem info: host: \u0027G10CHLT003\u0027, ip: \u0027172.18.0.24\u0027, os.name: \u0027Windows 7\u0027, os.arch: \u0027amd64\u0027, os.version: \u00276.1\u0027, java.version: \u00271.8.0_102\u0027\nDriver info: com.kms.katalon.selenium.driver.CChromeDriver\nCapabilities {acceptInsecureCerts: false, acceptSslCerts: false, applicationCacheEnabled: false, browserConnectionEnabled: false, browserName: chrome, chrome: {chromedriverVersion: 2.35.528161 (5b82f2d2aae0ca..., userDataDir: C:\\Users\\Group10\\AppData\\Lo...}, cssSelectorsEnabled: true, databaseEnabled: false, handlesAlerts: true, hasTouchScreen: false, javascriptEnabled: true, locationContextEnabled: true, mobileEmulationEnabled: false, nativeEvents: true, networkConnectionEnabled: false, pageLoadStrategy: normal, platform: XP, platformName: XP, rotatable: false, setWindowRect: true, takesHeapSnapshot: true, takesScreenshot: true, unexpectedAlertBehaviour: , unhandledPromptBehavior: , version: 67.0.3396.87, webStorageEnabled: true}\nSession ID: 40b4a6176a8431a4598e542110c2c0d3\n*** Element info: {Using\u003dxpath, value\u003did(\"app\")/div[@class\u003d\"ng-scope\"]/nav[@class\u003d\"page-controls navbar navbar-default ng-scope\"]/div[@class\u003d\"container-fluid ng-scope\"]/div[@class\u003d\"collapse navbar-collapse\"]/ul[@class\u003d\"nav navbar-nav navbar-right\"]/li[@class\u003d\"dropdown\"]/a[@class\u003d\"dropdown-toggle ng-binding\"]/b[@class\u003d\"caret\"][count(. | //b[@class \u003d \u0027caret\u0027]) \u003d count(//b[@class \u003d \u0027caret\u0027])]})","description":"","startTime":1529405256270,"endTime":1529405256316,"childRecords":[{"testStatus":{"stackTrace":"","statusValue":"WARNING"},"type":"MESSAGE","name":"","message":"Cannot take screenshot","startTime":1529405256314,"endTime":0,"childRecords":[],"interuppted":false},{"testStatus":{"stackTrace":"","statusValue":"FAILED"},"type":"MESSAGE","name":"","message":"Unable to click on object \u0027Object Repository/Page_Arc dashboard/b_caret\u0027 (Root cause: org.openqa.selenium.NoSuchWindowException: no such window: target window already closed\nfrom unknown error: web view not found\n  (Session info: chrome\u003d67.0.3396.87)\n  (Driver info: chromedriver\u003d2.35.528161 (5b82f2d2aae0ca24b877009200ced9065a772e73),platform\u003dWindows NT 6.1.7601 SP1 x86_64) (WARNING: The server did not provide any stacktrace information)\nCommand duration or timeout: 0 milliseconds\nBuild info: version: \u00273.7.1\u0027, revision: \u00278a0099a\u0027, time: \u00272017-11-06T21:07:36.161Z\u0027\nSystem info: host: \u0027G10CHLT003\u0027, ip: \u0027172.18.0.24\u0027, os.name: \u0027Windows 7\u0027, os.arch: \u0027amd64\u0027, os.version: \u00276.1\u0027, java.version: \u00271.8.0_102\u0027\nDriver info: com.kms.katalon.selenium.driver.CChromeDriver\nCapabilities {acceptInsecureCerts: false, acceptSslCerts: false, applicationCacheEnabled: false, browserConnectionEnabled: false, browserName: chrome, chrome: {chromedriverVersion: 2.35.528161 (5b82f2d2aae0ca..., userDataDir: C:\\Users\\Group10\\AppData\\Lo...}, cssSelectorsEnabled: true, databaseEnabled: false, handlesAlerts: true, hasTouchScreen: false, javascriptEnabled: true, locationContextEnabled: true, mobileEmulationEnabled: false, nativeEvents: true, networkConnectionEnabled: false, pageLoadStrategy: normal, platform: XP, platformName: XP, rotatable: false, setWindowRect: true, takesHeapSnapshot: true, takesScreenshot: true, unexpectedAlertBehaviour: , unhandledPromptBehavior: , version: 67.0.3396.87, webStorageEnabled: true}\nSession ID: 40b4a6176a8431a4598e542110c2c0d3\n*** Element info: {Using\u003dxpath, value\u003did(\"app\")/div[@class\u003d\"ng-scope\"]/nav[@class\u003d\"page-controls navbar navbar-default ng-scope\"]/div[@class\u003d\"container-fluid ng-scope\"]/div[@class\u003d\"collapse navbar-collapse\"]/ul[@class\u003d\"nav navbar-nav navbar-right\"]/li[@class\u003d\"dropdown\"]/a[@class\u003d\"dropdown-toggle ng-binding\"]/b[@class\u003d\"caret\"][count(. | //b[@class \u003d \u0027caret\u0027]) \u003d count(//b[@class \u003d \u0027caret\u0027])]})","startTime":1529405256314,"endTime":0,"childRecords":[],"interuppted":false},{"testStatus":{"stackTrace":"","statusValue":"FAILED"},"type":"MESSAGE","name":"","message":"Unable to click on object \u0027Object Repository/Page_Arc dashboard/b_caret\u0027 (Root cause: org.openqa.selenium.NoSuchWindowException: no such window: target window already closed\nfrom unknown error: web view not found\n  (Session info: chrome\u003d67.0.3396.87)\n  (Driver info: chromedriver\u003d2.35.528161 (5b82f2d2aae0ca24b877009200ced9065a772e73),platform\u003dWindows NT 6.1.7601 SP1 x86_64) (WARNING: The server did not provide any stacktrace information)\nCommand duration or timeout: 0 milliseconds\nBuild info: version: \u00273.7.1\u0027, revision: \u00278a0099a\u0027, time: \u00272017-11-06T21:07:36.161Z\u0027\nSystem info: host: \u0027G10CHLT003\u0027, ip: \u0027172.18.0.24\u0027, os.name: \u0027Windows 7\u0027, os.arch: \u0027amd64\u0027, os.version: \u00276.1\u0027, java.version: \u00271.8.0_102\u0027\nDriver info: com.kms.katalon.selenium.driver.CChromeDriver\nCapabilities {acceptInsecureCerts: false, acceptSslCerts: false, applicationCacheEnabled: false, browserConnectionEnabled: false, browserName: chrome, chrome: {chromedriverVersion: 2.35.528161 (5b82f2d2aae0ca..., userDataDir: C:\\Users\\Group10\\AppData\\Lo...}, cssSelectorsEnabled: true, databaseEnabled: false, handlesAlerts: true, hasTouchScreen: false, javascriptEnabled: true, locationContextEnabled: true, mobileEmulationEnabled: false, nativeEvents: true, networkConnectionEnabled: false, pageLoadStrategy: normal, platform: XP, platformName: XP, rotatable: false, setWindowRect: true, takesHeapSnapshot: true, takesScreenshot: true, unexpectedAlertBehaviour: , unhandledPromptBehavior: , version: 67.0.3396.87, webStorageEnabled: true}\nSession ID: 40b4a6176a8431a4598e542110c2c0d3\n*** Element info: {Using\u003dxpath, value\u003did(\"app\")/div[@class\u003d\"ng-scope\"]/nav[@class\u003d\"page-controls navbar navbar-default ng-scope\"]/div[@class\u003d\"container-fluid ng-scope\"]/div[@class\u003d\"collapse navbar-collapse\"]/ul[@class\u003d\"nav navbar-nav navbar-right\"]/li[@class\u003d\"dropdown\"]/a[@class\u003d\"dropdown-toggle ng-binding\"]/b[@class\u003d\"caret\"][count(. | //b[@class \u003d \u0027caret\u0027]) \u003d count(//b[@class \u003d \u0027caret\u0027])]})","startTime":1529405256314,"endTime":0,"childRecords":[],"interuppted":false}],"interuppted":false}],"interuppted":false},{"index":2,"isIgnoredIfFailed":false,"type":"TEST_STEP","name":"Statement - Catch (Throwable t)","description":"","startTime":1529405256316,"endTime":1529405256328,"childRecords":[{"index":1,"isIgnoredIfFailed":false,"type":"TEST_STEP","name":"Statement - out.println(t.getLocalizedMessage())","description":"","startTime":1529405256317,"endTime":1529405256317,"childRecords":[],"interuppted":false},{"index":2,"isIgnoredIfFailed":false,"type":"TEST_STEP","name":"Statement - e1 \u003d new java.lang.Error(t.getMessage())","description":"","startTime":1529405256317,"endTime":1529405256318,"childRecords":[],"interuppted":false},{"index":3,"isIgnoredIfFailed":false,"type":"TEST_STEP","name":"Statement - e1.setStackTrace(t.getStackTrace())","description":"","startTime":1529405256318,"endTime":1529405256319,"childRecords":[],"interuppted":false},{"index":4,"isIgnoredIfFailed":false,"type":"TEST_STEP","name":"Statement - e1.printStackTrace()","description":"","startTime":1529405256319,"endTime":1529405256328,"childRecords":[],"interuppted":false}],"interuppted":false},{"testStatus":{"stackTrace":"","statusValue":"FAILED"},"type":"MESSAGE","name":"","message":"Test Cases/MyCommunities/LEEDForCommunities/LogoutToArcTest FAILED because (of) Unable to click on object \u0027Object Repository/Page_Arc dashboard/b_caret\u0027 (Root cause: org.openqa.selenium.NoSuchWindowException: no such window: target window already closed\nfrom unknown error: web view not found\n  (Session info: chrome\u003d67.0.3396.87)\n  (Driver info: chromedriver\u003d2.35.528161 (5b82f2d2aae0ca24b877009200ced9065a772e73),platform\u003dWindows NT 6.1.7601 SP1 x86_64) (WARNING: The server did not provide any stacktrace information)\nCommand duration or timeout: 0 milliseconds\nBuild info: version: \u00273.7.1\u0027, revision: \u00278a0099a\u0027, time: \u00272017-11-06T21:07:36.161Z\u0027\nSystem info: host: \u0027G10CHLT003\u0027, ip: \u0027172.18.0.24\u0027, os.name: \u0027Windows 7\u0027, os.arch: \u0027amd64\u0027, os.version: \u00276.1\u0027, java.version: \u00271.8.0_102\u0027\nDriver info: com.kms.katalon.selenium.driver.CChromeDriver\nCapabilities {acceptInsecureCerts: false, acceptSslCerts: false, applicationCacheEnabled: false, browserConnectionEnabled: false, browserName: chrome, chrome: {chromedriverVersion: 2.35.528161 (5b82f2d2aae0ca..., userDataDir: C:\\Users\\Group10\\AppData\\Lo...}, cssSelectorsEnabled: true, databaseEnabled: false, handlesAlerts: true, hasTouchScreen: false, javascriptEnabled: true, locationContextEnabled: true, mobileEmulationEnabled: false, nativeEvents: true, networkConnectionEnabled: false, pageLoadStrategy: normal, platform: XP, platformName: XP, rotatable: false, setWindowRect: true, takesHeapSnapshot: true, takesScreenshot: true, unexpectedAlertBehaviour: , unhandledPromptBehavior: , version: 67.0.3396.87, webStorageEnabled: true}\nSession ID: 40b4a6176a8431a4598e542110c2c0d3\n*** Element info: {Using\u003dxpath, value\u003did(\"app\")/div[@class\u003d\"ng-scope\"]/nav[@class\u003d\"page-controls navbar navbar-default ng-scope\"]/div[@class\u003d\"container-fluid ng-scope\"]/div[@class\u003d\"collapse navbar-collapse\"]/ul[@class\u003d\"nav navbar-nav navbar-right\"]/li[@class\u003d\"dropdown\"]/a[@class\u003d\"dropdown-toggle ng-binding\"]/b[@class\u003d\"caret\"][count(. | //b[@class \u003d \u0027caret\u0027]) \u003d count(//b[@class \u003d \u0027caret\u0027])]})","startTime":1529405256328,"endTime":0,"childRecords":[],"interuppted":false},{"index":-1,"isIgnoredIfFailed":false,"type":"TEST_STEP","name":"Start listener action : afterTestCase","message":"Invoke \u0027com.kms.katalon.core.annotation.AfterTestCase\u0027 method: \u0027MasterTestListener.afterTestCase(...)\u0027 completed.","description":"","startTime":1529405256329,"endTime":1529405258389,"childRecords":[{"index":1,"isIgnoredIfFailed":false,"type":"TEST_STEP","name":"switchToDefaultContent","message":"Switching to default content failed because of: org.openqa.selenium.WebDriverException: chrome not reachable\n  (Session info: chrome\u003d67.0.3396.87)\n  (Driver info: chromedriver\u003d2.35.528161 (5b82f2d2aae0ca24b877009200ced9065a772e73),platform\u003dWindows NT 6.1.7601 SP1 x86_64) (WARNING: The server did not provide any stacktrace information)\nCommand duration or timeout: 0 milliseconds\nBuild info: version: \u00273.7.1\u0027, revision: \u00278a0099a\u0027, time: \u00272017-11-06T21:07:36.161Z\u0027\nSystem info: host: \u0027G10CHLT003\u0027, ip: \u0027172.18.0.24\u0027, os.name: \u0027Windows 7\u0027, os.arch: \u0027amd64\u0027, os.version: \u00276.1\u0027, java.version: \u00271.8.0_102\u0027\nDriver info: com.kms.katalon.selenium.driver.CChromeDriver\nCapabilities {acceptInsecureCerts: false, acceptSslCerts: false, applicationCacheEnabled: false, browserConnectionEnabled: false, browserName: chrome, chrome: {chromedriverVersion: 2.35.528161 (5b82f2d2aae0ca..., userDataDir: C:\\Users\\Group10\\AppData\\Lo...}, cssSelectorsEnabled: true, databaseEnabled: false, handlesAlerts: true, hasTouchScreen: false, javascriptEnabled: true, locationContextEnabled: true, mobileEmulationEnabled: false, nativeEvents: true, networkConnectionEnabled: false, pageLoadStrategy: normal, platform: XP, platformName: XP, rotatable: false, setWindowRect: true, takesHeapSnapshot: true, takesScreenshot: true, unexpectedAlertBehaviour: , unhandledPromptBehavior: , version: 67.0.3396.87, webStorageEnabled: true}\nSession ID: 40b4a6176a8431a4598e542110c2c0d3","description":"","startTime":1529405256330,"endTime":1529405258342,"childRecords":[{"testStatus":{"stackTrace":"","statusValue":"WARNING"},"type":"MESSAGE","name":"","message":"Switching to default content failed because of: org.openqa.selenium.WebDriverException: chrome not reachable\n  (Session info: chrome\u003d67.0.3396.87)\n  (Driver info: chromedriver\u003d2.35.528161 (5b82f2d2aae0ca24b877009200ced9065a772e73),platform\u003dWindows NT 6.1.7601 SP1 x86_64) (WARNING: The server did not provide any stacktrace information)\nCommand duration or timeout: 0 milliseconds\nBuild info: version: \u00273.7.1\u0027, revision: \u00278a0099a\u0027, time: \u00272017-11-06T21:07:36.161Z\u0027\nSystem info: host: \u0027G10CHLT003\u0027, ip: \u0027172.18.0.24\u0027, os.name: \u0027Windows 7\u0027, os.arch: \u0027amd64\u0027, os.version: \u00276.1\u0027, java.version: \u00271.8.0_102\u0027\nDriver info: com.kms.katalon.selenium.driver.CChromeDriver\nCapabilities {acceptInsecureCerts: false, acceptSslCerts: false, applicationCacheEnabled: false, browserConnectionEnabled: false, browserName: chrome, chrome: {chromedriverVersion: 2.35.528161 (5b82f2d2aae0ca..., userDataDir: C:\\Users\\Group10\\AppData\\Lo...}, cssSelectorsEnabled: true, databaseEnabled: false, handlesAlerts: true, hasTouchScreen: false, javascriptEnabled: true, locationContextEnabled: true, mobileEmulationEnabled: false, nativeEvents: true, networkConnectionEnabled: false, pageLoadStrategy: normal, platform: XP, platformName: XP, rotatable: false, setWindowRect: true, takesHeapSnapshot: true, takesScreenshot: true, unexpectedAlertBehaviour: , unhandledPromptBehavior: , version: 67.0.3396.87, webStorageEnabled: true}\nSession ID: 40b4a6176a8431a4598e542110c2c0d3","startTime":1529405258341,"endTime":0,"childRecords":[],"interuppted":false}],"interuppted":false},{"index":2,"isIgnoredIfFailed":false,"type":"TEST_STEP","name":"Statement - com.kms.katalon.core.util.KeywordUtil.markWarning(\"Test Case Name : \" + testCase.getTestCaseId())","message":"Test Case Name : Test Cases/MyCommunities/LEEDForCommunities/LogoutToArcTest","description":"","startTime":1529405258342,"endTime":1529405258343,"childRecords":[{"testStatus":{"stackTrace":"","statusValue":"WARNING"},"type":"MESSAGE","name":"","message":"Test Case Name : Test Cases/MyCommunities/LEEDForCommunities/LogoutToArcTest","startTime":1529405258343,"endTime":0,"childRecords":[],"interuppted":false}],"interuppted":false},{"index":3,"isIgnoredIfFailed":false,"type":"TEST_STEP","name":"Statement - com.kms.katalon.core.util.KeywordUtil.markWarning(\"Test Case Status : \" + testCase.getTestCaseStatus())","message":"Test Case Status : FAILED","description":"","startTime":1529405258344,"endTime":1529405258344,"childRecords":[{"testStatus":{"stackTrace":"","statusValue":"WARNING"},"type":"MESSAGE","name":"","message":"Test Case Status : FAILED","startTime":1529405258344,"endTime":0,"childRecords":[],"interuppted":false}],"interuppted":false},{"index":4,"isIgnoredIfFailed":false,"type":"TEST_STEP","name":"Statement - If (\"FAILED\".equalsIgnoreCase(testCase.getTestCaseStatus()))","message":"Invoke \u0027com.kms.katalon.core.annotation.AfterTestCase\u0027 method: \u0027MasterTestListener.afterTestCase(...)\u0027 completed.","description":"","startTime":1529405258345,"endTime":1529405258388,"childRecords":[{"index":1,"isIgnoredIfFailed":false,"type":"TEST_STEP","name":"Statement - println(\"Test case Fail taking Screenshot\")","description":"","startTime":1529405258345,"endTime":1529405258346,"childRecords":[],"interuppted":false},{"index":2,"isIgnoredIfFailed":false,"type":"TEST_STEP","name":"Statement - Try","message":"Cannot take screenshot (Root cause: org.openqa.selenium.NoSuchWindowException: no such window: target window already closed\nfrom unknown error: web view not found\n  (Session info: chrome\u003d67.0.3396.87)\n  (Driver info: chromedriver\u003d2.35.528161 (5b82f2d2aae0ca24b877009200ced9065a772e73),platform\u003dWindows NT 6.1.7601 SP1 x86_64) (WARNING: The server did not provide any stacktrace information)\nCommand duration or timeout: 0 milliseconds\nBuild info: version: \u00273.7.1\u0027, revision: \u00278a0099a\u0027, time: \u00272017-11-06T21:07:36.161Z\u0027\nSystem info: host: \u0027G10CHLT003\u0027, ip: \u0027172.18.0.24\u0027, os.name: \u0027Windows 7\u0027, os.arch: \u0027amd64\u0027, os.version: \u00276.1\u0027, java.version: \u00271.8.0_102\u0027\nDriver info: com.kms.katalon.selenium.driver.CChromeDriver\nCapabilities {acceptInsecureCerts: false, acceptSslCerts: false, applicationCacheEnabled: false, browserConnectionEnabled: false, browserName: chrome, chrome: {chromedriverVersion: 2.35.528161 (5b82f2d2aae0ca..., userDataDir: C:\\Users\\Group10\\AppData\\Lo...}, cssSelectorsEnabled: true, databaseEnabled: false, handlesAlerts: true, hasTouchScreen: false, javascriptEnabled: true, locationContextEnabled: true, mobileEmulationEnabled: false, nativeEvents: true, networkConnectionEnabled: false, pageLoadStrategy: normal, platform: XP, platformName: XP, rotatable: false, setWindowRect: true, takesHeapSnapshot: true, takesScreenshot: true, unexpectedAlertBehaviour: , unhandledPromptBehavior: , version: 67.0.3396.87, webStorageEnabled: true}\nSession ID: 40b4a6176a8431a4598e542110c2c0d3)","description":"","startTime":1529405258346,"endTime":1529405258380,"childRecords":[{"index":1,"isIgnoredIfFailed":false,"type":"TEST_STEP","name":"Statement - data \u003d new java.util.Date(java.lang.System.currentTimeMillis())","description":"","startTime":1529405258346,"endTime":1529405258347,"childRecords":[],"interuppted":false},{"index":2,"isIgnoredIfFailed":false,"type":"TEST_STEP","name":"Statement - formatarDate \u003d new java.text.SimpleDateFormat(yyyyMMddHHmmss)","description":"","startTime":1529405258347,"endTime":1529405258349,"childRecords":[],"interuppted":false},{"index":3,"isIgnoredIfFailed":false,"type":"TEST_STEP","name":"takeScreenshot","message":"Cannot take screenshot (Root cause: org.openqa.selenium.NoSuchWindowException: no such window: target window already closed\nfrom unknown error: web view not found\n  (Session info: chrome\u003d67.0.3396.87)\n  (Driver info: chromedriver\u003d2.35.528161 (5b82f2d2aae0ca24b877009200ced9065a772e73),platform\u003dWindows NT 6.1.7601 SP1 x86_64) (WARNING: The server did not provide any stacktrace information)\nCommand duration or timeout: 0 milliseconds\nBuild info: version: \u00273.7.1\u0027, revision: \u00278a0099a\u0027, time: \u00272017-11-06T21:07:36.161Z\u0027\nSystem info: host: \u0027G10CHLT003\u0027, ip: \u0027172.18.0.24\u0027, os.name: \u0027Windows 7\u0027, os.arch: \u0027amd64\u0027, os.version: \u00276.1\u0027, java.version: \u00271.8.0_102\u0027\nDriver info: com.kms.katalon.selenium.driver.CChromeDriver\nCapabilities {acceptInsecureCerts: false, acceptSslCerts: false, applicationCacheEnabled: false, browserConnectionEnabled: false, browserName: chrome, chrome: {chromedriverVersion: 2.35.528161 (5b82f2d2aae0ca..., userDataDir: C:\\Users\\Group10\\AppData\\Lo...}, cssSelectorsEnabled: true, databaseEnabled: false, handlesAlerts: true, hasTouchScreen: false, javascriptEnabled: true, locationContextEnabled: true, mobileEmulationEnabled: false, nativeEvents: true, networkConnectionEnabled: false, pageLoadStrategy: normal, platform: XP, platformName: XP, rotatable: false, setWindowRect: true, takesHeapSnapshot: true, takesScreenshot: true, unexpectedAlertBehaviour: , unhandledPromptBehavior: , version: 67.0.3396.87, webStorageEnabled: true}\nSession ID: 40b4a6176a8431a4598e542110c2c0d3)","description":"","startTime":1529405258349,"endTime":1529405258380,"childRecords":[{"testStatus":{"stackTrace":"","statusValue":"WARNING"},"type":"MESSAGE","name":"","message":"Cannot take screenshot","startTime":1529405258379,"endTime":0,"childRecords":[],"interuppted":false},{"testStatus":{"stackTrace":"","statusValue":"FAILED"},"type":"MESSAGE","name":"","message":"Cannot take screenshot (Root cause: org.openqa.selenium.NoSuchWindowException: no such window: target window already closed\nfrom unknown error: web view not found\n  (Session info: chrome\u003d67.0.3396.87)\n  (Driver info: chromedriver\u003d2.35.528161 (5b82f2d2aae0ca24b877009200ced9065a772e73),platform\u003dWindows NT 6.1.7601 SP1 x86_64) (WARNING: The server did not provide any stacktrace information)\nCommand duration or timeout: 0 milliseconds\nBuild info: version: \u00273.7.1\u0027, revision: \u00278a0099a\u0027, time: \u00272017-11-06T21:07:36.161Z\u0027\nSystem info: host: \u0027G10CHLT003\u0027, ip: \u0027172.18.0.24\u0027, os.name: \u0027Windows 7\u0027, os.arch: \u0027amd64\u0027, os.version: \u00276.1\u0027, java.version: \u00271.8.0_102\u0027\nDriver info: com.kms.katalon.selenium.driver.CChromeDriver\nCapabilities {acceptInsecureCerts: false, acceptSslCerts: false, applicationCacheEnabled: false, browserConnectionEnabled: false, browserName: chrome, chrome: {chromedriverVersion: 2.35.528161 (5b82f2d2aae0ca..., userDataDir: C:\\Users\\Group10\\AppData\\Lo...}, cssSelectorsEnabled: true, databaseEnabled: false, handlesAlerts: true, hasTouchScreen: false, javascriptEnabled: true, locationContextEnabled: true, mobileEmulationEnabled: false, nativeEvents: true, networkConnectionEnabled: false, pageLoadStrategy: normal, platform: XP, platformName: XP, rotatable: false, setWindowRect: true, takesHeapSnapshot: true, takesScreenshot: true, unexpectedAlertBehaviour: , unhandledPromptBehavior: , version: 67.0.3396.87, webStorageEnabled: true}\nSession ID: 40b4a6176a8431a4598e542110c2c0d3)","startTime":1529405258379,"endTime":0,"childRecords":[],"interuppted":false}],"interuppted":false}],"interuppted":false},{"index":3,"isIgnoredIfFailed":false,"type":"TEST_STEP","name":"Statement - Catch (Exception e)","message":"Invoke \u0027com.kms.katalon.core.annotation.AfterTestCase\u0027 method: \u0027MasterTestListener.afterTestCase(...)\u0027 completed.","description":"","startTime":1529405258380,"endTime":1529405258384,"childRecords":[{"index":1,"isIgnoredIfFailed":false,"type":"TEST_STEP","name":"Statement - e.printStackTrace()","message":"Invoke \u0027com.kms.katalon.core.annotation.AfterTestCase\u0027 method: \u0027MasterTestListener.afterTestCase(...)\u0027 completed.","description":"","startTime":1529405258381,"endTime":1529405258383,"childRecords":[],"interuppted":false}],"interuppted":false}],"interuppted":false}],"interuppted":false}],"interuppted":false}],"interuppted":false}