{"devicePlatform":"","logFolder":"C:\\Users\\Group10\\git\\KatalonStudio\\ArcWithKatalonStudio\\Reports\\Building Suites\\IND Building Suite\\BuildingNone TestSuite\\20180627_135757","runData":{"hostName":"Group10 - G10CHLT003","os":"Windows 7 64bit","katalonVersion":"5.4.2.1","browser":"Chrome 67.0.3396.99","hostAddress":"172.18.0.84","sessionId":"e1ab0f23d2bb7cd50650750154373abf","seleniumVersion":"3.7.1","proxyInformation":"ProxyInformation{proxyOption\u003dNO_PROXY, proxyServerType\u003dHTTP, password\u003d, proxyServerAddress\u003d, proxyServerPort\u003d0}","platform":"Windows 7"},"type":"TEST_SUITE","name":"BuildingNone TestSuite","id":"Test Suites/Building Suites/IND Building Suite/BuildingNone TestSuite","source":"","message":"Test Cases/Buildings/MyBuildings/BuildingNone/AddNewProjectTest FAILED because (of) Unable to click on object \u0027Object Repository/Page_Arc dashboard/a_ Buildings\u0027 (Root cause: com.kms.katalon.core.webui.exception.WebElementNotFoundException: Web element with id: \u0027Object Repository/Page_Arc dashboard/a_ Buildings\u0027 located by \u0027By.xpath: //a[(text() \u003d \u0027   Buildings   \u0027 or . \u003d \u0027   Buildings   \u0027)]\u0027 not found)","description":"","startTime":1530088084656,"endTime":1530088132685,"childRecords":[{"isOptional":false,"type":"TEST_CASE","name":"Test Cases/Buildings/MyBuildings/BuildingNone/AddNewProjectTest","id":"Test Cases/Buildings/MyBuildings/BuildingNone/AddNewProjectTest","source":"C:\\\\Users\\\\Group10\\\\git\\\\KatalonStudio\\\\ArcWithKatalonStudio\\\\Test Cases\\\\Buildings\\\\MyBuildings\\\\BuildingNone\\\\AddNewProjectTest.tc","message":"Test Cases/Buildings/MyBuildings/BuildingNone/AddNewProjectTest FAILED because (of) Unable to click on object \u0027Object Repository/Page_Arc dashboard/a_ Buildings\u0027 (Root cause: com.kms.katalon.core.webui.exception.WebElementNotFoundException: Web element with id: \u0027Object Repository/Page_Arc dashboard/a_ Buildings\u0027 located by \u0027By.xpath: //a[(text() \u003d \u0027   Buildings   \u0027 or . \u003d \u0027   Buildings   \u0027)]\u0027 not found)","description":"US Building None Project Registration","startTime":1530088087938,"endTime":1530088127958,"childRecords":[{"testStatus":{"stackTrace":"","statusValue":"INFO"},"type":"MESSAGE","name":"","message":"Evaluating variables for test case","startTime":1530088087959,"endTime":0,"childRecords":[],"interuppted":false},{"testStatus":{"stackTrace":"","statusValue":"INFO"},"type":"MESSAGE","name":"","message":"Variable \u0027USBuildingNone\u0027 is set to USBuildingNone as default","startTime":1530088088427,"endTime":0,"childRecords":[],"interuppted":false},{"testStatus":{"stackTrace":"","statusValue":"INFO"},"type":"MESSAGE","name":"","message":"Variable \u0027ProjectType\u0027 is set to Buildings as default","startTime":1530088088437,"endTime":0,"childRecords":[],"interuppted":false},{"testStatus":{"stackTrace":"","statusValue":"INFO"},"type":"MESSAGE","name":"","message":"Variable \u0027RatingSystem\u0027 is set to None as default","startTime":1530088088461,"endTime":0,"childRecords":[],"interuppted":false},{"index":-1,"isIgnoredIfFailed":false,"type":"TEST_STEP","name":"Start listener action : beforeTestListener","message":"org.codehaus.groovy.runtime.InvokerInvocationException: groovy.lang.MissingMethodException: No signature of method: static com.kms.katalon.core.webui.keyword.WebUiBuiltInKeywords.waitForPageLoad() is applicable for argument types: (null) values: [null]\nPossible solutions: waitForPageLoad(int), waitForPageLoad(int, com.kms.katalon.core.model.FailureHandling)","description":"","startTime":1530088088465,"endTime":1530088093901,"childRecords":[{"index":1,"isIgnoredIfFailed":false,"type":"TEST_STEP","name":"com.arc.ReusableMethods.ReusableMethodsLogin.loginIntoArcWithGlobalVariable","message":"org.codehaus.groovy.runtime.InvokerInvocationException: groovy.lang.MissingMethodException: No signature of method: static com.kms.katalon.core.webui.keyword.WebUiBuiltInKeywords.waitForPageLoad() is applicable for argument types: (null) values: [null]\nPossible solutions: waitForPageLoad(int), waitForPageLoad(int, com.kms.katalon.core.model.FailureHandling)","description":"","startTime":1530088088470,"endTime":1530088093899,"childRecords":[{"testStatus":{"stackTrace":"","statusValue":"PASSED"},"type":"MESSAGE","name":"","message":"Browser is opened with url: \u0027null\u0027","startTime":1530088092519,"endTime":0,"childRecords":[],"interuppted":false},{"testStatus":{"stackTrace":"","statusValue":"PASSED"},"type":"MESSAGE","name":"","message":"Current window maximized","startTime":1530088093709,"endTime":0,"childRecords":[],"interuppted":false},{"testStatus":{"stackTrace":"","statusValue":"ERROR"},"type":"MESSAGE","name":"","message":"groovy.lang.MissingMethodException: No signature of method: static com.kms.katalon.core.webui.keyword.WebUiBuiltInKeywords.waitForPageLoad() is applicable for argument types: (null) values: [null]\nPossible solutions: waitForPageLoad(int), waitForPageLoad(int, com.kms.katalon.core.model.FailureHandling)","startTime":1530088093828,"endTime":0,"childRecords":[],"interuppted":false},{"testStatus":{"stackTrace":"","statusValue":"ERROR"},"type":"MESSAGE","name":"","message":"org.codehaus.groovy.runtime.InvokerInvocationException: groovy.lang.MissingMethodException: No signature of method: static com.kms.katalon.core.webui.keyword.WebUiBuiltInKeywords.waitForPageLoad() is applicable for argument types: (null) values: [null]\nPossible solutions: waitForPageLoad(int), waitForPageLoad(int, com.kms.katalon.core.model.FailureHandling)","startTime":1530088093880,"endTime":0,"childRecords":[],"interuppted":false}],"interuppted":false}],"interuppted":false},{"attachment":"1530088126165.png","index":1,"isIgnoredIfFailed":false,"type":"TEST_STEP","name":"Statement - Try","message":"Unable to click on object \u0027Object Repository/Page_Arc dashboard/a_ Buildings\u0027 (Root cause: com.kms.katalon.core.webui.exception.WebElementNotFoundException: Web element with id: \u0027Object Repository/Page_Arc dashboard/a_ Buildings\u0027 located by \u0027By.xpath: //a[(text() \u003d \u0027   Buildings   \u0027 or . \u003d \u0027   Buildings   \u0027)]\u0027 not found)","description":"","startTime":1530088094490,"endTime":1530088126452,"childRecords":[{"attachment":"1530088126165.png","index":1,"isIgnoredIfFailed":false,"type":"TEST_STEP","name":"com.arc.ReusableMethods.ReusableMethodsNavigation.navigateToBuilding","message":"Unable to click on object \u0027Object Repository/Page_Arc dashboard/a_ Buildings\u0027 (Root cause: com.kms.katalon.core.webui.exception.WebElementNotFoundException: Web element with id: \u0027Object Repository/Page_Arc dashboard/a_ Buildings\u0027 located by \u0027By.xpath: //a[(text() \u003d \u0027   Buildings   \u0027 or . \u003d \u0027   Buildings   \u0027)]\u0027 not found)","description":"","startTime":1530088094492,"endTime":1530088126452,"childRecords":[{"testStatus":{"stackTrace":"","statusValue":"FAILED"},"attachment":"1530088126165.png","type":"MESSAGE","name":"","message":"Unable to click on object \u0027Object Repository/Page_Arc dashboard/a_ Buildings\u0027 (Root cause: com.kms.katalon.core.webui.exception.WebElementNotFoundException: Web element with id: \u0027Object Repository/Page_Arc dashboard/a_ Buildings\u0027 located by \u0027By.xpath: //a[(text() \u003d \u0027   Buildings   \u0027 or . \u003d \u0027   Buildings   \u0027)]\u0027 not found)","startTime":1530088126449,"endTime":0,"childRecords":[],"interuppted":false},{"testStatus":{"stackTrace":"","statusValue":"FAILED"},"type":"MESSAGE","name":"","message":"Unable to click on object \u0027Object Repository/Page_Arc dashboard/a_ Buildings\u0027 (Root cause: com.kms.katalon.core.webui.exception.WebElementNotFoundException: Web element with id: \u0027Object Repository/Page_Arc dashboard/a_ Buildings\u0027 located by \u0027By.xpath: //a[(text() \u003d \u0027   Buildings   \u0027 or . \u003d \u0027   Buildings   \u0027)]\u0027 not found)","startTime":1530088126451,"endTime":0,"childRecords":[],"interuppted":false}],"interuppted":false}],"interuppted":false},{"index":2,"isIgnoredIfFailed":false,"type":"TEST_STEP","name":"Statement - Catch (Throwable t)","description":"","startTime":1530088126453,"endTime":1530088126531,"childRecords":[{"index":1,"isIgnoredIfFailed":false,"type":"TEST_STEP","name":"Statement - out.println(t.getLocalizedMessage())","description":"","startTime":1530088126454,"endTime":1530088126496,"childRecords":[],"interuppted":false},{"index":2,"isIgnoredIfFailed":false,"type":"TEST_STEP","name":"Statement - e1 \u003d new java.lang.Error(t.getMessage())","description":"","startTime":1530088126497,"endTime":1530088126513,"childRecords":[],"interuppted":false},{"index":3,"isIgnoredIfFailed":false,"type":"TEST_STEP","name":"Statement - e1.setStackTrace(t.getStackTrace())","description":"","startTime":1530088126514,"endTime":1530088126519,"childRecords":[],"interuppted":false},{"index":4,"isIgnoredIfFailed":false,"type":"TEST_STEP","name":"Statement - e1.printStackTrace()","description":"","startTime":1530088126520,"endTime":1530088126530,"childRecords":[],"interuppted":false}],"interuppted":false},{"testStatus":{"stackTrace":"","statusValue":"FAILED"},"type":"MESSAGE","name":"","message":"Test Cases/Buildings/MyBuildings/BuildingNone/AddNewProjectTest FAILED because (of) Unable to click on object \u0027Object Repository/Page_Arc dashboard/a_ Buildings\u0027 (Root cause: com.kms.katalon.core.webui.exception.WebElementNotFoundException: Web element with id: \u0027Object Repository/Page_Arc dashboard/a_ Buildings\u0027 located by \u0027By.xpath: //a[(text() \u003d \u0027   Buildings   \u0027 or . \u003d \u0027   Buildings   \u0027)]\u0027 not found)","startTime":1530088126532,"endTime":0,"childRecords":[],"interuppted":false},{"attachment":"C:\\\\Users\\\\Group10\\\\git\\\\KatalonStudio\\\\ArcWithKatalonStudio\\\\ScreenShot\\\\screenshot_20180627135846.png","index":-1,"isIgnoredIfFailed":false,"type":"TEST_STEP","name":"Start listener action : afterTestCase","message":"Browser is closed","description":"","startTime":1530088126534,"endTime":1530088127958,"childRecords":[{"index":1,"isIgnoredIfFailed":false,"type":"TEST_STEP","name":"switchToDefaultContent","message":"Switching to default content","description":"","startTime":1530088126536,"endTime":1530088126700,"childRecords":[],"interuppted":false},{"index":2,"isIgnoredIfFailed":false,"type":"TEST_STEP","name":"Statement - com.kms.katalon.core.util.KeywordUtil.markWarning(\"Test Case Name : \" + testCase.getTestCaseId())","message":"Test Case Name : Test Cases/Buildings/MyBuildings/BuildingNone/AddNewProjectTest","description":"","startTime":1530088126701,"endTime":1530088126720,"childRecords":[{"testStatus":{"stackTrace":"","statusValue":"WARNING"},"type":"MESSAGE","name":"","message":"Test Case Name : Test Cases/Buildings/MyBuildings/BuildingNone/AddNewProjectTest","startTime":1530088126717,"endTime":0,"childRecords":[],"interuppted":false}],"interuppted":false},{"index":3,"isIgnoredIfFailed":false,"type":"TEST_STEP","name":"Statement - com.kms.katalon.core.util.KeywordUtil.markWarning(\"Test Case Status : \" + testCase.getTestCaseStatus())","message":"Test Case Status : FAILED","description":"","startTime":1530088126723,"endTime":1530088126744,"childRecords":[{"testStatus":{"stackTrace":"","statusValue":"WARNING"},"type":"MESSAGE","name":"","message":"Test Case Status : FAILED","startTime":1530088126741,"endTime":0,"childRecords":[],"interuppted":false}],"interuppted":false},{"attachment":"C:\\\\Users\\\\Group10\\\\git\\\\KatalonStudio\\\\ArcWithKatalonStudio\\\\ScreenShot\\\\screenshot_20180627135846.png","index":4,"isIgnoredIfFailed":false,"type":"TEST_STEP","name":"Statement - If (\"FAILED\".equalsIgnoreCase(testCase.getTestCaseStatus()))","message":"Taking screenshot successfully","description":"","startTime":1530088126745,"endTime":1530088127289,"childRecords":[{"index":1,"isIgnoredIfFailed":false,"type":"TEST_STEP","name":"Statement - println(\"Test case Fail taking Screenshot\")","description":"","startTime":1530088126749,"endTime":1530088126755,"childRecords":[],"interuppted":false},{"attachment":"C:\\\\Users\\\\Group10\\\\git\\\\KatalonStudio\\\\ArcWithKatalonStudio\\\\ScreenShot\\\\screenshot_20180627135846.png","index":2,"isIgnoredIfFailed":false,"type":"TEST_STEP","name":"Statement - Try","message":"Taking screenshot successfully","description":"","startTime":1530088126756,"endTime":1530088127288,"childRecords":[{"index":1,"isIgnoredIfFailed":false,"type":"TEST_STEP","name":"Statement - data \u003d new java.util.Date(java.lang.System.currentTimeMillis())","description":"","startTime":1530088126761,"endTime":1530088126781,"childRecords":[],"interuppted":false},{"index":2,"isIgnoredIfFailed":false,"type":"TEST_STEP","name":"Statement - formatarDate \u003d new java.text.SimpleDateFormat(yyyyMMddHHmmss)","description":"","startTime":1530088126782,"endTime":1530088126824,"childRecords":[],"interuppted":false},{"attachment":"C:\\\\Users\\\\Group10\\\\git\\\\KatalonStudio\\\\ArcWithKatalonStudio\\\\ScreenShot\\\\screenshot_20180627135846.png","index":3,"isIgnoredIfFailed":false,"type":"TEST_STEP","name":"takeScreenshot","message":"Taking screenshot successfully","description":"","startTime":1530088126825,"endTime":1530088127287,"childRecords":[{"testStatus":{"stackTrace":"","statusValue":"PASSED"},"attachment":"C:\\\\Users\\\\Group10\\\\git\\\\KatalonStudio\\\\ArcWithKatalonStudio\\\\ScreenShot\\\\screenshot_20180627135846.png","type":"MESSAGE","name":"","message":"Taking screenshot successfully","startTime":1530088127286,"endTime":0,"childRecords":[],"interuppted":false}],"interuppted":false}],"interuppted":false}],"interuppted":false},{"index":5,"isIgnoredIfFailed":false,"type":"TEST_STEP","name":"closeBrowser","message":"Browser is closed","description":"","startTime":1530088127313,"endTime":1530088127957,"childRecords":[{"testStatus":{"stackTrace":"","statusValue":"PASSED"},"type":"MESSAGE","name":"","message":"Browser is closed","startTime":1530088127956,"endTime":0,"childRecords":[],"interuppted":false}],"interuppted":false}],"interuppted":false}],"interuppted":false},{"isOptional":false,"type":"TEST_CASE","name":"Test Cases/Buildings/MyBuildings/BuildingNone/RegPaymentByCheckTest","id":"Test Cases/Buildings/MyBuildings/BuildingNone/RegPaymentByCheckTest","source":"C:\\\\Users\\\\Group10\\\\git\\\\KatalonStudio\\\\ArcWithKatalonStudio\\\\Test Cases\\\\Buildings\\\\MyBuildings\\\\BuildingNone\\\\RegPaymentByCheckTest.tc","message":"Test Cases/Buildings/MyBuildings/BuildingNone/RegPaymentByCheckTest FAILED because (of) org.codehaus.groovy.runtime.metaclass.MissingMethodExceptionNoStack: No signature of method: com.arc.ReusableMethods.ReusableMethodsSearch.searchProgram() is applicable for argument types: (null, null) values: [null, null]\nPossible solutions: searchProgram(java.lang.String, int)","description":"","startTime":1530088127970,"endTime":1530088132678,"childRecords":[{"testStatus":{"stackTrace":"","statusValue":"INFO"},"type":"MESSAGE","name":"","message":"Evaluating variables for test case","startTime":1530088128014,"endTime":0,"childRecords":[],"interuppted":false},{"index":-1,"isIgnoredIfFailed":false,"type":"TEST_STEP","name":"Start listener action : beforeTestListener","message":"org.codehaus.groovy.runtime.InvokerInvocationException: groovy.lang.MissingMethodException: No signature of method: static com.kms.katalon.core.webui.keyword.WebUiBuiltInKeywords.waitForPageLoad() is applicable for argument types: (null) values: [null]\nPossible solutions: waitForPageLoad(int), waitForPageLoad(int, com.kms.katalon.core.model.FailureHandling)","description":"","startTime":1530088128014,"endTime":1530088131474,"childRecords":[{"index":1,"isIgnoredIfFailed":false,"type":"TEST_STEP","name":"com.arc.ReusableMethods.ReusableMethodsLogin.loginIntoArcWithGlobalVariable","message":"org.codehaus.groovy.runtime.InvokerInvocationException: groovy.lang.MissingMethodException: No signature of method: static com.kms.katalon.core.webui.keyword.WebUiBuiltInKeywords.waitForPageLoad() is applicable for argument types: (null) values: [null]\nPossible solutions: waitForPageLoad(int), waitForPageLoad(int, com.kms.katalon.core.model.FailureHandling)","description":"","startTime":1530088128016,"endTime":1530088131473,"childRecords":[{"testStatus":{"stackTrace":"","statusValue":"PASSED"},"type":"MESSAGE","name":"","message":"Browser is opened with url: \u0027null\u0027","startTime":1530088130275,"endTime":0,"childRecords":[],"interuppted":false},{"testStatus":{"stackTrace":"","statusValue":"PASSED"},"type":"MESSAGE","name":"","message":"Current window maximized","startTime":1530088131394,"endTime":0,"childRecords":[],"interuppted":false},{"testStatus":{"stackTrace":"","statusValue":"ERROR"},"type":"MESSAGE","name":"","message":"groovy.lang.MissingMethodException: No signature of method: static com.kms.katalon.core.webui.keyword.WebUiBuiltInKeywords.waitForPageLoad() is applicable for argument types: (null) values: [null]\nPossible solutions: waitForPageLoad(int), waitForPageLoad(int, com.kms.katalon.core.model.FailureHandling)","startTime":1530088131433,"endTime":0,"childRecords":[],"interuppted":false},{"testStatus":{"stackTrace":"","statusValue":"ERROR"},"type":"MESSAGE","name":"","message":"org.codehaus.groovy.runtime.InvokerInvocationException: groovy.lang.MissingMethodException: No signature of method: static com.kms.katalon.core.webui.keyword.WebUiBuiltInKeywords.waitForPageLoad() is applicable for argument types: (null) values: [null]\nPossible solutions: waitForPageLoad(int), waitForPageLoad(int, com.kms.katalon.core.model.FailureHandling)","startTime":1530088131472,"endTime":0,"childRecords":[],"interuppted":false}],"interuppted":false}],"interuppted":false},{"index":1,"isIgnoredIfFailed":false,"type":"TEST_STEP","name":"Statement - Try","message":"No signature of method: com.arc.ReusableMethods.ReusableMethodsSearch.searchProgram() is applicable for argument types: (null, null) values: [null, null]\nPossible solutions: searchProgram(java.lang.String, int)","description":"","startTime":1530088131784,"endTime":1530088131806,"childRecords":[{"index":1,"isIgnoredIfFailed":false,"type":"TEST_STEP","name":"com.arc.ReusableMethods.ReusableMethodsSearch.searchProgram","message":"No signature of method: com.arc.ReusableMethods.ReusableMethodsSearch.searchProgram() is applicable for argument types: (null, null) values: [null, null]\nPossible solutions: searchProgram(java.lang.String, int)","description":"","startTime":1530088131789,"endTime":1530088131805,"childRecords":[{"testStatus":{"stackTrace":"","statusValue":"ERROR"},"type":"MESSAGE","name":"","message":"No signature of method: com.arc.ReusableMethods.ReusableMethodsSearch.searchProgram() is applicable for argument types: (null, null) values: [null, null]\nPossible solutions: searchProgram(java.lang.String, int)","startTime":1530088131803,"endTime":0,"childRecords":[],"interuppted":false}],"interuppted":false}],"interuppted":false},{"index":2,"isIgnoredIfFailed":false,"type":"TEST_STEP","name":"Statement - Catch (Throwable t)","description":"","startTime":1530088131806,"endTime":1530088131839,"childRecords":[{"index":1,"isIgnoredIfFailed":false,"type":"TEST_STEP","name":"Statement - out.println(t.getLocalizedMessage())","description":"","startTime":1530088131828,"endTime":1530088131834,"childRecords":[],"interuppted":false},{"index":2,"isIgnoredIfFailed":false,"type":"TEST_STEP","name":"Statement - e1 \u003d new java.lang.Error(t.getMessage())","description":"","startTime":1530088131834,"endTime":1530088131835,"childRecords":[],"interuppted":false},{"index":3,"isIgnoredIfFailed":false,"type":"TEST_STEP","name":"Statement - e1.setStackTrace(t.getStackTrace())","description":"","startTime":1530088131836,"endTime":1530088131837,"childRecords":[],"interuppted":false},{"index":4,"isIgnoredIfFailed":false,"type":"TEST_STEP","name":"Statement - e1.printStackTrace()","description":"","startTime":1530088131837,"endTime":1530088131839,"childRecords":[],"interuppted":false}],"interuppted":false},{"testStatus":{"stackTrace":"","statusValue":"ERROR"},"type":"MESSAGE","name":"","message":"Test Cases/Buildings/MyBuildings/BuildingNone/RegPaymentByCheckTest FAILED because (of) org.codehaus.groovy.runtime.metaclass.MissingMethodExceptionNoStack: No signature of method: com.arc.ReusableMethods.ReusableMethodsSearch.searchProgram() is applicable for argument types: (null, null) values: [null, null]\nPossible solutions: searchProgram(java.lang.String, int)","startTime":1530088131841,"endTime":0,"childRecords":[],"interuppted":false},{"index":-1,"isIgnoredIfFailed":false,"type":"TEST_STEP","name":"Start listener action : afterTestCase","message":"Browser is closed","description":"","startTime":1530088131844,"endTime":1530088132678,"childRecords":[{"index":1,"isIgnoredIfFailed":false,"type":"TEST_STEP","name":"switchToDefaultContent","message":"Switching to default content","description":"","startTime":1530088131846,"endTime":1530088132084,"childRecords":[],"interuppted":false},{"index":2,"isIgnoredIfFailed":false,"type":"TEST_STEP","name":"Statement - com.kms.katalon.core.util.KeywordUtil.markWarning(\"Test Case Name : \" + testCase.getTestCaseId())","message":"Test Case Name : Test Cases/Buildings/MyBuildings/BuildingNone/RegPaymentByCheckTest","description":"","startTime":1530088132085,"endTime":1530088132088,"childRecords":[{"testStatus":{"stackTrace":"","statusValue":"WARNING"},"type":"MESSAGE","name":"","message":"Test Case Name : Test Cases/Buildings/MyBuildings/BuildingNone/RegPaymentByCheckTest","startTime":1530088132087,"endTime":0,"childRecords":[],"interuppted":false}],"interuppted":false},{"index":3,"isIgnoredIfFailed":false,"type":"TEST_STEP","name":"Statement - com.kms.katalon.core.util.KeywordUtil.markWarning(\"Test Case Status : \" + testCase.getTestCaseStatus())","message":"Test Case Status : ERROR","description":"","startTime":1530088132088,"endTime":1530088132090,"childRecords":[{"testStatus":{"stackTrace":"","statusValue":"WARNING"},"type":"MESSAGE","name":"","message":"Test Case Status : ERROR","startTime":1530088132089,"endTime":0,"childRecords":[],"interuppted":false}],"interuppted":false},{"index":4,"isIgnoredIfFailed":false,"type":"TEST_STEP","name":"Statement - If (\"FAILED\".equalsIgnoreCase(testCase.getTestCaseStatus()))","description":"","startTime":1530088132091,"endTime":1530088132092,"childRecords":[],"interuppted":false},{"index":5,"isIgnoredIfFailed":false,"type":"TEST_STEP","name":"closeBrowser","message":"Browser is closed","description":"","startTime":1530088132093,"endTime":1530088132677,"childRecords":[{"testStatus":{"stackTrace":"","statusValue":"PASSED"},"type":"MESSAGE","name":"","message":"Browser is closed","startTime":1530088132676,"endTime":0,"childRecords":[],"interuppted":false}],"interuppted":false}],"interuppted":false}],"interuppted":false}],"interuppted":false}