<?xml version="1.0" encoding="UTF-8"?>
<testsuites name="CitiesNone TestSuite" time="53" tests="0" failures="1" errors="1">
   <testsuite name="CitiesNone TestSuite" tests="0" failures="1" errors="1" time="53" timestamp="2018-06-27 14:01:50" hostname="Group10 - G10CHLT003" id="Test Suites/Cities Suites/CitiesIndiaSutes/CitiesNone TestSuite">
      <properties>
         <property name="deviceName" value=""/>
         <property name="devicePlatform" value=""/>
         <property name="logFolder" value="C:\\Users\\Group10\\git\\KatalonStudio\\ArcWithKatalonStudio\\Reports\\Cities Suites\\CitiesIndiaSutes\\CitiesNone TestSuite\\20180627_140143"/>
         <property name="logFiles" value="C:\\Users\\Group10\\git\\KatalonStudio\\ArcWithKatalonStudio\\Reports\\Cities Suites\\CitiesIndiaSutes\\CitiesNone TestSuite\\20180627_140143\\execution0.log"/>
         <property name="attachments" value="C:\\Users\\Group10\\git\\KatalonStudio\\ArcWithKatalonStudio\\Reports\\Cities Suites\\CitiesIndiaSutes\\CitiesNone TestSuite\\20180627_140143\\1530088356242.png, C:\\Users\\Group10\\git\\KatalonStudio\\ArcWithKatalonStudio\\ScreenShot\\screenshot_20180627140237.png"/>
         <property name="hostName" value="Group10 - G10CHLT003"/>
         <property name="os" value="Windows 7 64bit"/>
         <property name="katalonVersion" value="5.4.2.1"/>
         <property name="browser" value="Chrome 67.0.3396.99"/>
         <property name="hostAddress" value="172.18.0.84"/>
         <property name="sessionId" value="45043b7a307eade7cffbe82e26c7725c"/>
         <property name="seleniumVersion" value="3.7.1"/>
         <property name="proxyInformation" value="ProxyInformation{proxyOption=NO_PROXY, proxyServerType=HTTP, password=, proxyServerAddress=, proxyServerPort=0}"/>
         <property name="platform" value="Windows 7"/>
      </properties>
      <testcase name="Test Cases/MyCities/CitiesNone/AddNewProjectTest" classname="Test Cases/MyCities/CitiesNone/AddNewProjectTest" status="FAILED">
         <failure type="FAILED" message="Unable to click on object 'Object Repository/Page_Arc dashboard/a_ My Cities' (Root cause: com.kms.katalon.core.webui.exception.WebElementNotFoundException: Web element with id: 'Object Repository/Page_Arc dashboard/a_ My Cities' located by 'By.xpath: //a[@href = '/app/projects/my-projects/?project-type=city' and (text() = '  My Cities' or . = '  My Cities')]' not found)"/>
         <system-out><![CDATA[2018-06-27 14:01:54 - [TEST_CASE][FAILED] - Test Cases/MyCities/CitiesNone/AddNewProjectTest: Test Cases/MyCities/CitiesNone/AddNewProjectTest FAILED because (of) Unable to click on object 'Object Repository/Page_Arc dashboard/a_ My Cities' (Root cause: com.kms.katalon.core.webui.exception.WebElementNotFoundException: Web element with id: 'Object Repository/Page_Arc dashboard/a_ My Cities' located by 'By.xpath: //a[@href = '/app/projects/my-projects/?project-type=city' and (text() = '  My Cities' or . = '  My Cities')]' not found)

2018-06-27 14:01:54 - [TEST_STEP][ERROR] - Start listener action : beforeTestListener: org.codehaus.groovy.runtime.InvokerInvocationException: groovy.lang.MissingMethodException: No signature of method: static com.kms.katalon.core.webui.keyword.WebUiBuiltInKeywords.waitForPageLoad() is applicable for argument types: (null) values: [null]
Possible solutions: waitForPageLoad(int), waitForPageLoad(int, com.kms.katalon.core.model.FailureHandling)

2018-06-27 14:01:54 - [TEST_STEP][ERROR] - com.arc.ReusableMethods.ReusableMethodsLogin.loginIntoArcWithGlobalVariable: org.codehaus.groovy.runtime.InvokerInvocationException: groovy.lang.MissingMethodException: No signature of method: static com.kms.katalon.core.webui.keyword.WebUiBuiltInKeywords.waitForPageLoad() is applicable for argument types: (null) values: [null]
Possible solutions: waitForPageLoad(int), waitForPageLoad(int, com.kms.katalon.core.model.FailureHandling)

2018-06-27 14:02:02 - [MESSAGE][PASSED] - Browser is opened with url: 'null'

2018-06-27 14:02:03 - [MESSAGE][PASSED] - Current window maximized

2018-06-27 14:02:03 - [MESSAGE][ERROR] - groovy.lang.MissingMethodException: No signature of method: static com.kms.katalon.core.webui.keyword.WebUiBuiltInKeywords.waitForPageLoad() is applicable for argument types: (null) values: [null]
Possible solutions: waitForPageLoad(int), waitForPageLoad(int, com.kms.katalon.core.model.FailureHandling)

2018-06-27 14:02:03 - [MESSAGE][ERROR] - org.codehaus.groovy.runtime.InvokerInvocationException: groovy.lang.MissingMethodException: No signature of method: static com.kms.katalon.core.webui.keyword.WebUiBuiltInKeywords.waitForPageLoad() is applicable for argument types: (null) values: [null]
Possible solutions: waitForPageLoad(int), waitForPageLoad(int, com.kms.katalon.core.model.FailureHandling)

2018-06-27 14:02:03 - [TEST_STEP][FAILED] - Statement - Try: Unable to click on object 'Object Repository/Page_Arc dashboard/a_ My Cities' (Root cause: com.kms.katalon.core.webui.exception.WebElementNotFoundException: Web element with id: 'Object Repository/Page_Arc dashboard/a_ My Cities' located by 'By.xpath: //a[@href = '/app/projects/my-projects/?project-type=city' and (text() = '  My Cities' or . = '  My Cities')]' not found)

2018-06-27 14:02:03 - [TEST_STEP][FAILED] - com.arc.ReusableMethods.ReusableMethodsNavigation.navigateToCities: Unable to click on object 'Object Repository/Page_Arc dashboard/a_ My Cities' (Root cause: com.kms.katalon.core.webui.exception.WebElementNotFoundException: Web element with id: 'Object Repository/Page_Arc dashboard/a_ My Cities' located by 'By.xpath: //a[@href = '/app/projects/my-projects/?project-type=city' and (text() = '  My Cities' or . = '  My Cities')]' not found)

2018-06-27 14:02:36 - [MESSAGE][FAILED] - Unable to click on object 'Object Repository/Page_Arc dashboard/a_ My Cities' (Root cause: com.kms.katalon.core.webui.exception.WebElementNotFoundException: Web element with id: 'Object Repository/Page_Arc dashboard/a_ My Cities' located by 'By.xpath: //a[@href = '/app/projects/my-projects/?project-type=city' and (text() = '  My Cities' or . = '  My Cities')]' not found)
[[ATTACHMENT|C:\\Users\\Group10\\git\\KatalonStudio\\ArcWithKatalonStudio\\Reports\\Cities Suites\\CitiesIndiaSutes\\CitiesNone TestSuite\\20180627_140143\\1530088356242.png]]

2018-06-27 14:02:36 - [MESSAGE][FAILED] - Unable to click on object 'Object Repository/Page_Arc dashboard/a_ My Cities' (Root cause: com.kms.katalon.core.webui.exception.WebElementNotFoundException: Web element with id: 'Object Repository/Page_Arc dashboard/a_ My Cities' located by 'By.xpath: //a[@href = '/app/projects/my-projects/?project-type=city' and (text() = '  My Cities' or . = '  My Cities')]' not found)

2018-06-27 14:02:36 - [TEST_STEP][PASSED] - Statement - Catch (Throwable t): null

2018-06-27 14:02:36 - [TEST_STEP][PASSED] - Statement - out.println(t.getLocalizedMessage()): null

2018-06-27 14:02:36 - [TEST_STEP][PASSED] - Statement - e1 = new java.lang.Error(t.getMessage()): null

2018-06-27 14:02:36 - [TEST_STEP][PASSED] - Statement - e1.setStackTrace(t.getStackTrace()): null

2018-06-27 14:02:36 - [TEST_STEP][PASSED] - Statement - e1.printStackTrace(): null

2018-06-27 14:02:36 - [TEST_STEP][PASSED] - Start listener action : afterTestCase: Browser is closed

2018-06-27 14:02:36 - [TEST_STEP][PASSED] - switchToDefaultContent: Switching to default content

2018-06-27 14:02:37 - [TEST_STEP][PASSED] - Statement - com.kms.katalon.core.util.KeywordUtil.markWarning("Test Case Name : " + testCase.getTestCaseId()): Test Case Name : Test Cases/MyCities/CitiesNone/AddNewProjectTest

2018-06-27 14:02:37 - [MESSAGE][WARNING] - Test Case Name : Test Cases/MyCities/CitiesNone/AddNewProjectTest

2018-06-27 14:02:37 - [TEST_STEP][PASSED] - Statement - com.kms.katalon.core.util.KeywordUtil.markWarning("Test Case Status : " + testCase.getTestCaseStatus()): Test Case Status : FAILED

2018-06-27 14:02:37 - [MESSAGE][WARNING] - Test Case Status : FAILED

2018-06-27 14:02:37 - [TEST_STEP][PASSED] - Statement - If ("FAILED".equalsIgnoreCase(testCase.getTestCaseStatus())): Taking screenshot successfully

2018-06-27 14:02:37 - [TEST_STEP][PASSED] - Statement - println("Test case Fail taking Screenshot"): null

2018-06-27 14:02:37 - [TEST_STEP][PASSED] - Statement - Try: Taking screenshot successfully

2018-06-27 14:02:37 - [TEST_STEP][PASSED] - Statement - data = new java.util.Date(java.lang.System.currentTimeMillis()): null

2018-06-27 14:02:37 - [TEST_STEP][PASSED] - Statement - formatarDate = new java.text.SimpleDateFormat(yyyyMMddHHmmss): null

2018-06-27 14:02:37 - [TEST_STEP][PASSED] - takeScreenshot: Taking screenshot successfully

2018-06-27 14:02:37 - [MESSAGE][PASSED] - Taking screenshot successfully
[[ATTACHMENT|C:\\Users\\Group10\\git\\KatalonStudio\\ArcWithKatalonStudio\\ScreenShot\\screenshot_20180627140237.png]]

2018-06-27 14:02:37 - [TEST_STEP][PASSED] - closeBrowser: Browser is closed

2018-06-27 14:02:38 - [MESSAGE][PASSED] - Browser is closed]]></system-out>
         <system-err><![CDATA[2018-06-27 14:01:54 - [TEST_CASE][FAILED] - Test Cases/MyCities/CitiesNone/AddNewProjectTest: Test Cases/MyCities/CitiesNone/AddNewProjectTest FAILED because (of) Unable to click on object 'Object Repository/Page_Arc dashboard/a_ My Cities' (Root cause: com.kms.katalon.core.webui.exception.WebElementNotFoundException: Web element with id: 'Object Repository/Page_Arc dashboard/a_ My Cities' located by 'By.xpath: //a[@href = '/app/projects/my-projects/?project-type=city' and (text() = '  My Cities' or . = '  My Cities')]' not found)]]></system-err>
      </testcase>
      <testcase name="Test Cases/MyCities/CitiesNone/RegPaymentByCheckTest" classname="Test Cases/MyCities/CitiesNone/RegPaymentByCheckTest" status="ERROR">
         <error type="ERROR" message="Test Cases/MyCities/CitiesNone/RegPaymentByCheckTest FAILED because (of) org.codehaus.groovy.runtime.metaclass.MissingMethodExceptionNoStack: No signature of method: com.arc.ReusableMethods.ReusableMethodsSearch.searchProgram() is applicable for argument types: (null, null) values: [null, null]
Possible solutions: searchProgram(java.lang.String, int)"/>
         <system-out><![CDATA[2018-06-27 14:02:38 - [TEST_CASE][ERROR] - Test Cases/MyCities/CitiesNone/RegPaymentByCheckTest: Test Cases/MyCities/CitiesNone/RegPaymentByCheckTest FAILED because (of) org.codehaus.groovy.runtime.metaclass.MissingMethodExceptionNoStack: No signature of method: com.arc.ReusableMethods.ReusableMethodsSearch.searchProgram() is applicable for argument types: (null, null) values: [null, null]
Possible solutions: searchProgram(java.lang.String, int)

2018-06-27 14:02:38 - [TEST_STEP][ERROR] - Start listener action : beforeTestListener: org.codehaus.groovy.runtime.InvokerInvocationException: groovy.lang.MissingMethodException: No signature of method: static com.kms.katalon.core.webui.keyword.WebUiBuiltInKeywords.waitForPageLoad() is applicable for argument types: (null) values: [null]
Possible solutions: waitForPageLoad(int), waitForPageLoad(int, com.kms.katalon.core.model.FailureHandling)

2018-06-27 14:02:38 - [TEST_STEP][ERROR] - com.arc.ReusableMethods.ReusableMethodsLogin.loginIntoArcWithGlobalVariable: org.codehaus.groovy.runtime.InvokerInvocationException: groovy.lang.MissingMethodException: No signature of method: static com.kms.katalon.core.webui.keyword.WebUiBuiltInKeywords.waitForPageLoad() is applicable for argument types: (null) values: [null]
Possible solutions: waitForPageLoad(int), waitForPageLoad(int, com.kms.katalon.core.model.FailureHandling)

2018-06-27 14:02:41 - [MESSAGE][PASSED] - Browser is opened with url: 'null'

2018-06-27 14:02:42 - [MESSAGE][PASSED] - Current window maximized

2018-06-27 14:02:42 - [MESSAGE][ERROR] - groovy.lang.MissingMethodException: No signature of method: static com.kms.katalon.core.webui.keyword.WebUiBuiltInKeywords.waitForPageLoad() is applicable for argument types: (null) values: [null]
Possible solutions: waitForPageLoad(int), waitForPageLoad(int, com.kms.katalon.core.model.FailureHandling)

2018-06-27 14:02:42 - [MESSAGE][ERROR] - org.codehaus.groovy.runtime.InvokerInvocationException: groovy.lang.MissingMethodException: No signature of method: static com.kms.katalon.core.webui.keyword.WebUiBuiltInKeywords.waitForPageLoad() is applicable for argument types: (null) values: [null]
Possible solutions: waitForPageLoad(int), waitForPageLoad(int, com.kms.katalon.core.model.FailureHandling)

2018-06-27 14:02:42 - [TEST_STEP][ERROR] - Statement - Try: No signature of method: com.arc.ReusableMethods.ReusableMethodsSearch.searchProgram() is applicable for argument types: (null, null) values: [null, null]
Possible solutions: searchProgram(java.lang.String, int)

2018-06-27 14:02:42 - [TEST_STEP][ERROR] - com.arc.ReusableMethods.ReusableMethodsSearch.searchProgram: No signature of method: com.arc.ReusableMethods.ReusableMethodsSearch.searchProgram() is applicable for argument types: (null, null) values: [null, null]
Possible solutions: searchProgram(java.lang.String, int)

2018-06-27 14:02:42 - [MESSAGE][ERROR] - No signature of method: com.arc.ReusableMethods.ReusableMethodsSearch.searchProgram() is applicable for argument types: (null, null) values: [null, null]
Possible solutions: searchProgram(java.lang.String, int)

2018-06-27 14:02:42 - [TEST_STEP][PASSED] - Statement - Catch (Throwable t): null

2018-06-27 14:02:42 - [TEST_STEP][PASSED] - Statement - out.println(t.getLocalizedMessage()): null

2018-06-27 14:02:42 - [TEST_STEP][PASSED] - Statement - e1 = new java.lang.Error(t.getMessage()): null

2018-06-27 14:02:42 - [TEST_STEP][PASSED] - Statement - e1.setStackTrace(t.getStackTrace()): null

2018-06-27 14:02:42 - [TEST_STEP][PASSED] - Statement - e1.printStackTrace(): null

2018-06-27 14:02:42 - [TEST_STEP][PASSED] - Start listener action : afterTestCase: Browser is closed

2018-06-27 14:02:42 - [TEST_STEP][PASSED] - switchToDefaultContent: Switching to default content

2018-06-27 14:02:42 - [TEST_STEP][PASSED] - Statement - com.kms.katalon.core.util.KeywordUtil.markWarning("Test Case Name : " + testCase.getTestCaseId()): Test Case Name : Test Cases/MyCities/CitiesNone/RegPaymentByCheckTest

2018-06-27 14:02:42 - [MESSAGE][WARNING] - Test Case Name : Test Cases/MyCities/CitiesNone/RegPaymentByCheckTest

2018-06-27 14:02:42 - [TEST_STEP][PASSED] - Statement - com.kms.katalon.core.util.KeywordUtil.markWarning("Test Case Status : " + testCase.getTestCaseStatus()): Test Case Status : ERROR

2018-06-27 14:02:42 - [MESSAGE][WARNING] - Test Case Status : ERROR

2018-06-27 14:02:42 - [TEST_STEP][PASSED] - Statement - If ("FAILED".equalsIgnoreCase(testCase.getTestCaseStatus())): null

2018-06-27 14:02:42 - [TEST_STEP][PASSED] - closeBrowser: Browser is closed

2018-06-27 14:02:43 - [MESSAGE][PASSED] - Browser is closed]]></system-out>
         <system-err><![CDATA[2018-06-27 14:02:38 - [TEST_CASE][ERROR] - Test Cases/MyCities/CitiesNone/RegPaymentByCheckTest: Test Cases/MyCities/CitiesNone/RegPaymentByCheckTest FAILED because (of) org.codehaus.groovy.runtime.metaclass.MissingMethodExceptionNoStack: No signature of method: com.arc.ReusableMethods.ReusableMethodsSearch.searchProgram() is applicable for argument types: (null, null) values: [null, null]
Possible solutions: searchProgram(java.lang.String, int)]]></system-err>
      </testcase>
      <system-out><![CDATA[2018-06-27 14:01:50 - [TEST_SUITE][FAILED] - CitiesNone TestSuite: Test Cases/MyCities/CitiesNone/AddNewProjectTest FAILED because (of) Unable to click on object 'Object Repository/Page_Arc dashboard/a_ My Cities' (Root cause: com.kms.katalon.core.webui.exception.WebElementNotFoundException: Web element with id: 'Object Repository/Page_Arc dashboard/a_ My Cities' located by 'By.xpath: //a[@href = '/app/projects/my-projects/?project-type=city' and (text() = '  My Cities' or . = '  My Cities')]' not found)]]></system-out>
      <system-err><![CDATA[2018-06-27 14:01:50 - [TEST_SUITE][FAILED] - CitiesNone TestSuite: Test Cases/MyCities/CitiesNone/AddNewProjectTest FAILED because (of) Unable to click on object 'Object Repository/Page_Arc dashboard/a_ My Cities' (Root cause: com.kms.katalon.core.webui.exception.WebElementNotFoundException: Web element with id: 'Object Repository/Page_Arc dashboard/a_ My Cities' located by 'By.xpath: //a[@href = '/app/projects/my-projects/?project-type=city' and (text() = '  My Cities' or . = '  My Cities')]' not found)]]></system-err>
   </testsuite>
</testsuites>
