<?xml version="1.0" encoding="UTF-8"?>
<testsuites name="CommunityIndiaTest Suite" time="125" tests="0" failures="2" errors="0">
   <testsuite name="CommunityIndiaTest Suite" tests="0" failures="2" errors="0" time="125" timestamp="2018-06-26 15:55:31" hostname="Group10 - G10CHLT003" id="Test Suites/Communities Suites/CommunityIndiaTest Suite">
      <properties>
         <property name="deviceName" value=""/>
         <property name="devicePlatform" value=""/>
         <property name="logFolder" value="C:\\Users\\Group10\\git\\KatalonStudio\\ArcWithKatalonStudio\\Reports\\Communities Suites\\CommunityIndiaTest Suite\\20180626_155529"/>
         <property name="logFiles" value="C:\\Users\\Group10\\git\\KatalonStudio\\ArcWithKatalonStudio\\Reports\\Communities Suites\\CommunityIndiaTest Suite\\20180626_155529\\execution0.log"/>
         <property name="attachments" value="C:\\Users\\Group10\\git\\KatalonStudio\\ArcWithKatalonStudio\\Reports\\Communities Suites\\CommunityIndiaTest Suite\\20180626_155529\\1530008765033.png, C:\\Users\\Group10\\git\\KatalonStudio\\ArcWithKatalonStudio\\ScreenShot\\screenshot_20180626155605.png, C:\\Users\\Group10\\git\\KatalonStudio\\ArcWithKatalonStudio\\Reports\\Communities Suites\\CommunityIndiaTest Suite\\20180626_155529\\1530008840386.png, C:\\Users\\Group10\\git\\KatalonStudio\\ArcWithKatalonStudio\\ScreenShot\\screenshot_20180626155720.png"/>
         <property name="hostName" value="Group10 - G10CHLT003"/>
         <property name="os" value="Windows 7 64bit"/>
         <property name="katalonVersion" value="5.4.2.1"/>
         <property name="browser" value="Chrome 67.0.3396.99"/>
         <property name="hostAddress" value="172.18.0.84"/>
         <property name="sessionId" value="18b2b811d1923614e65c351029999baf"/>
         <property name="seleniumVersion" value="3.7.1"/>
         <property name="proxyInformation" value="ProxyInformation{proxyOption=NO_PROXY, proxyServerType=HTTP, password=, proxyServerAddress=, proxyServerPort=0}"/>
         <property name="platform" value="Windows 7"/>
      </properties>
      <testcase name="Test Cases/MyCommunities/CommunitiesNone/AddNewProjectTest" classname="Test Cases/MyCommunities/CommunitiesNone/AddNewProjectTest" status="FAILED">
         <failure type="FAILED" message="Unable to get text of object (Root cause: java.lang.IllegalArgumentException: Object is null)"/>
         <system-out><![CDATA[2018-06-26 15:55:33 - [TEST_CASE][FAILED] - Test Cases/MyCommunities/CommunitiesNone/AddNewProjectTest: Test Cases/MyCommunities/CommunitiesNone/AddNewProjectTest FAILED because (of) Unable to get text of object (Root cause: java.lang.IllegalArgumentException: Object is null)

2018-06-26 15:55:33 - [TEST_STEP][PASSED] - Start listener action : beforeTestListener: com.arc.ReusableMethods.ReusableMethodsLogin.loginIntoArcWithGlobalVariable is PASSED

2018-06-26 15:55:33 - [TEST_STEP][PASSED] - com.arc.ReusableMethods.ReusableMethodsLogin.loginIntoArcWithGlobalVariable: com.arc.ReusableMethods.ReusableMethodsLogin.loginIntoArcWithGlobalVariable is PASSED

2018-06-26 15:55:43 - [MESSAGE][PASSED] - Browser is opened with url: 'http://www.qas.arconline.io/'

2018-06-26 15:55:44 - [MESSAGE][PASSED] - Current window maximized

2018-06-26 15:55:44 - [MESSAGE][PASSED] - Wait for page load successfully

2018-06-26 15:55:44 - [MESSAGE][PASSED] - Object: 'Object Repository/Page_Home  Arc/button_ACCEPT AND CLOSE' is clicked on

2018-06-26 15:55:44 - [MESSAGE][PASSED] - Object: 'Object Repository/Page_Home  Arc/Click_Log in' is clicked on

2018-06-26 15:55:45 - [MESSAGE][PASSED] - Text 'usgbcarc@gmail.com' is set on object 'Object Repository/Page_Home  Arc/input_name'

2018-06-26 15:55:45 - [MESSAGE][PASSED] - Text 'initpass' is set on object 'Object Repository/Page_Home  Arc/input_pass'

2018-06-26 15:55:45 - [MESSAGE][PASSED] - Object: 'Object Repository/Page_Home  Arc/input_field_policy_accept' is clicked on

2018-06-26 15:55:55 - [MESSAGE][PASSED] - Object: 'Object Repository/Page_Home  Arc/button_Log in' is clicked on

2018-06-26 15:56:00 - [MESSAGE][PASSED] - Delayed 5 second(s)

2018-06-26 15:56:00 - [MESSAGE][PASSED] - Text of object 'Object Repository/Page_Arc dashboard/span_My Projects' is: 'My Projects'

2018-06-26 15:56:00 - [MESSAGE][PASSED] - Actual text 'My Projects' and expected text 'My Projects' are matched  using regular expression

2018-06-26 15:56:03 - [MESSAGE][PASSED] - Delayed 3 second(s)

2018-06-26 15:56:03 - [MESSAGE][PASSED] - com.arc.ReusableMethods.ReusableMethodsLogin.loginIntoArcWithGlobalVariable is PASSED

2018-06-26 15:56:03 - [TEST_STEP][FAILED] - Statement - Try: Unable to get text of object (Root cause: java.lang.IllegalArgumentException: Object is null)

2018-06-26 15:56:03 - [TEST_STEP][FAILED] - com.arc.ReusableMethods.ReusableMethodsNavigation.navigateToCommunities: Unable to get text of object (Root cause: java.lang.IllegalArgumentException: Object is null)

2018-06-26 15:56:04 - [MESSAGE][PASSED] - Object: 'Object Repository/Page_Arc dashboard/a_ My Communities' is clicked on

2018-06-26 15:56:05 - [MESSAGE][PASSED] - Delayed 1 second(s)

2018-06-26 15:56:05 - [MESSAGE][WARNING] - Test object with id 'Object Repository/Page_Arc dashboard/Page_Arc dashboard/span_My Communities' does not exist

2018-06-26 15:56:05 - [MESSAGE][WARNING] - Test object with id 'Object Repository/' does not exist

2018-06-26 15:56:05 - [MESSAGE][FAILED] - Unable to get text of object (Root cause: java.lang.IllegalArgumentException: Object is null)
[[ATTACHMENT|C:\\Users\\Group10\\git\\KatalonStudio\\ArcWithKatalonStudio\\Reports\\Communities Suites\\CommunityIndiaTest Suite\\20180626_155529\\1530008765033.png]]

2018-06-26 15:56:05 - [MESSAGE][FAILED] - Unable to get text of object (Root cause: java.lang.IllegalArgumentException: Object is null)

2018-06-26 15:56:05 - [TEST_STEP][PASSED] - Statement - Catch (Throwable t): null

2018-06-26 15:56:05 - [TEST_STEP][PASSED] - Statement - out.println(t.getLocalizedMessage()): null

2018-06-26 15:56:05 - [TEST_STEP][PASSED] - Statement - e1 = new java.lang.Error(t.getMessage()): null

2018-06-26 15:56:05 - [TEST_STEP][PASSED] - Statement - e1.setStackTrace(t.getStackTrace()): null

2018-06-26 15:56:05 - [TEST_STEP][PASSED] - Statement - e1.printStackTrace(): null

2018-06-26 15:56:05 - [TEST_STEP][PASSED] - Start listener action : afterTestCase: Browser is closed

2018-06-26 15:56:05 - [TEST_STEP][PASSED] - switchToDefaultContent: Switching to default content

2018-06-26 15:56:05 - [TEST_STEP][PASSED] - Statement - com.kms.katalon.core.util.KeywordUtil.markWarning("Test Case Name : " + testCase.getTestCaseId()): Test Case Name : Test Cases/MyCommunities/CommunitiesNone/AddNewProjectTest

2018-06-26 15:56:05 - [MESSAGE][WARNING] - Test Case Name : Test Cases/MyCommunities/CommunitiesNone/AddNewProjectTest

2018-06-26 15:56:05 - [TEST_STEP][PASSED] - Statement - com.kms.katalon.core.util.KeywordUtil.markWarning("Test Case Status : " + testCase.getTestCaseStatus()): Test Case Status : FAILED

2018-06-26 15:56:05 - [MESSAGE][WARNING] - Test Case Status : FAILED

2018-06-26 15:56:05 - [TEST_STEP][PASSED] - Statement - If ("FAILED".equalsIgnoreCase(testCase.getTestCaseStatus())): Taking screenshot successfully

2018-06-26 15:56:05 - [TEST_STEP][PASSED] - Statement - println("Test case Fail taking Screenshot"): null

2018-06-26 15:56:05 - [TEST_STEP][PASSED] - Statement - Try: Taking screenshot successfully

2018-06-26 15:56:05 - [TEST_STEP][PASSED] - Statement - data = new java.util.Date(java.lang.System.currentTimeMillis()): null

2018-06-26 15:56:05 - [TEST_STEP][PASSED] - Statement - formatarDate = new java.text.SimpleDateFormat(yyyyMMddHHmmss): null

2018-06-26 15:56:05 - [TEST_STEP][PASSED] - takeScreenshot: Taking screenshot successfully

2018-06-26 15:56:06 - [MESSAGE][PASSED] - Taking screenshot successfully
[[ATTACHMENT|C:\\Users\\Group10\\git\\KatalonStudio\\ArcWithKatalonStudio\\ScreenShot\\screenshot_20180626155605.png]]

2018-06-26 15:56:06 - [TEST_STEP][PASSED] - closeBrowser: Browser is closed

2018-06-26 15:56:06 - [MESSAGE][PASSED] - Browser is closed]]></system-out>
         <system-err><![CDATA[2018-06-26 15:55:33 - [TEST_CASE][FAILED] - Test Cases/MyCommunities/CommunitiesNone/AddNewProjectTest: Test Cases/MyCommunities/CommunitiesNone/AddNewProjectTest FAILED because (of) Unable to get text of object (Root cause: java.lang.IllegalArgumentException: Object is null)]]></system-err>
      </testcase>
      <testcase name="Test Cases/MyCommunities/CommunitiesNone/PaymentByCreditCardTest" classname="Test Cases/MyCommunities/CommunitiesNone/PaymentByCreditCardTest" status="FAILED">
         <failure type="FAILED" message="Unable to get text of object 'Object Repository/Page_Arc dashboard/no_Project (1 project)' (Root cause: com.kms.katalon.core.webui.exception.WebElementNotFoundException: Web element with id: 'Object Repository/Page_Arc dashboard/no_Project (1 project)' located by 'By.xpath: //div[@class = 'searchLabels ng-binding' and (text() = ' Project (1 project)' or . = ' Project (1 project)')]' not found)"/>
         <system-out><![CDATA[2018-06-26 15:56:06 - [TEST_CASE][FAILED] - Test Cases/MyCommunities/CommunitiesNone/PaymentByCreditCardTest: Test Cases/MyCommunities/CommunitiesNone/PaymentByCreditCardTest FAILED because (of) Unable to get text of object 'Object Repository/Page_Arc dashboard/no_Project (1 project)' (Root cause: com.kms.katalon.core.webui.exception.WebElementNotFoundException: Web element with id: 'Object Repository/Page_Arc dashboard/no_Project (1 project)' located by 'By.xpath: //div[@class = 'searchLabels ng-binding' and (text() = ' Project (1 project)' or . = ' Project (1 project)')]' not found)

2018-06-26 15:56:06 - [TEST_STEP][PASSED] - Start listener action : beforeTestListener: com.arc.ReusableMethods.ReusableMethodsLogin.loginIntoArcWithGlobalVariable is PASSED

2018-06-26 15:56:06 - [TEST_STEP][PASSED] - com.arc.ReusableMethods.ReusableMethodsLogin.loginIntoArcWithGlobalVariable: com.arc.ReusableMethods.ReusableMethodsLogin.loginIntoArcWithGlobalVariable is PASSED

2018-06-26 15:56:13 - [MESSAGE][PASSED] - Browser is opened with url: 'http://www.qas.arconline.io/'

2018-06-26 15:56:14 - [MESSAGE][PASSED] - Current window maximized

2018-06-26 15:56:14 - [MESSAGE][PASSED] - Wait for page load successfully

2018-06-26 15:56:14 - [MESSAGE][PASSED] - Object: 'Object Repository/Page_Home  Arc/button_ACCEPT AND CLOSE' is clicked on

2018-06-26 15:56:15 - [MESSAGE][PASSED] - Object: 'Object Repository/Page_Home  Arc/Click_Log in' is clicked on

2018-06-26 15:56:15 - [MESSAGE][PASSED] - Text 'usgbcarc@gmail.com' is set on object 'Object Repository/Page_Home  Arc/input_name'

2018-06-26 15:56:15 - [MESSAGE][PASSED] - Text 'initpass' is set on object 'Object Repository/Page_Home  Arc/input_pass'

2018-06-26 15:56:16 - [MESSAGE][PASSED] - Object: 'Object Repository/Page_Home  Arc/input_field_policy_accept' is clicked on

2018-06-26 15:56:27 - [MESSAGE][PASSED] - Object: 'Object Repository/Page_Home  Arc/button_Log in' is clicked on

2018-06-26 15:56:32 - [MESSAGE][PASSED] - Delayed 5 second(s)

2018-06-26 15:56:32 - [MESSAGE][PASSED] - Text of object 'Object Repository/Page_Arc dashboard/span_My Projects' is: 'My Projects'

2018-06-26 15:56:32 - [MESSAGE][PASSED] - Actual text 'My Projects' and expected text 'My Projects' are matched  using regular expression

2018-06-26 15:56:35 - [MESSAGE][PASSED] - Delayed 3 second(s)

2018-06-26 15:56:35 - [MESSAGE][PASSED] - com.arc.ReusableMethods.ReusableMethodsLogin.loginIntoArcWithGlobalVariable is PASSED

2018-06-26 15:56:36 - [TEST_STEP][FAILED] - Statement - Try: Unable to get text of object 'Object Repository/Page_Arc dashboard/no_Project (1 project)' (Root cause: com.kms.katalon.core.webui.exception.WebElementNotFoundException: Web element with id: 'Object Repository/Page_Arc dashboard/no_Project (1 project)' located by 'By.xpath: //div[@class = 'searchLabels ng-binding' and (text() = ' Project (1 project)' or . = ' Project (1 project)')]' not found)

2018-06-26 15:56:36 - [TEST_STEP][FAILED] - com.arc.ReusableMethods.ReusableMethodsSearch.searchProgram: Unable to get text of object 'Object Repository/Page_Arc dashboard/no_Project (1 project)' (Root cause: com.kms.katalon.core.webui.exception.WebElementNotFoundException: Web element with id: 'Object Repository/Page_Arc dashboard/no_Project (1 project)' located by 'By.xpath: //div[@class = 'searchLabels ng-binding' and (text() = ' Project (1 project)' or . = ' Project (1 project)')]' not found)

2018-06-26 15:56:41 - [MESSAGE][PASSED] - Object: 'Object Repository/Page_Arc dashboard/sideBar' is clicked on

2018-06-26 15:56:43 - [MESSAGE][PASSED] - Delayed 2 second(s)

2018-06-26 15:56:45 - [MESSAGE][PASSED] - Object: 'Object Repository/Page_Arc dashboard/input_searchBar1' is clicked on

2018-06-26 15:56:45 - [MESSAGE][PASSED] - Text '1000141692' is set on object 'Object Repository/Page_Arc dashboard/input_searchBar1'

2018-06-26 15:56:45 - [MESSAGE][PASSED] - Object: 'Object Repository/Page_Arc dashboard/input_searchBar1' is clicked on

2018-06-26 15:56:48 - [MESSAGE][PASSED] - Delayed 3 second(s)

2018-06-26 15:57:20 - [MESSAGE][FAILED] - Unable to get text of object 'Object Repository/Page_Arc dashboard/no_Project (1 project)' (Root cause: com.kms.katalon.core.webui.exception.WebElementNotFoundException: Web element with id: 'Object Repository/Page_Arc dashboard/no_Project (1 project)' located by 'By.xpath: //div[@class = 'searchLabels ng-binding' and (text() = ' Project (1 project)' or . = ' Project (1 project)')]' not found)
[[ATTACHMENT|C:\\Users\\Group10\\git\\KatalonStudio\\ArcWithKatalonStudio\\Reports\\Communities Suites\\CommunityIndiaTest Suite\\20180626_155529\\1530008840386.png]]

2018-06-26 15:57:20 - [MESSAGE][FAILED] - Unable to get text of object 'Object Repository/Page_Arc dashboard/no_Project (1 project)' (Root cause: com.kms.katalon.core.webui.exception.WebElementNotFoundException: Web element with id: 'Object Repository/Page_Arc dashboard/no_Project (1 project)' located by 'By.xpath: //div[@class = 'searchLabels ng-binding' and (text() = ' Project (1 project)' or . = ' Project (1 project)')]' not found)

2018-06-26 15:57:20 - [TEST_STEP][PASSED] - Statement - Catch (Throwable t): null

2018-06-26 15:57:20 - [TEST_STEP][PASSED] - Statement - out.println(t.getLocalizedMessage()): null

2018-06-26 15:57:20 - [TEST_STEP][PASSED] - Statement - e1 = new java.lang.Error(t.getMessage()): null

2018-06-26 15:57:20 - [TEST_STEP][PASSED] - Statement - e1.setStackTrace(t.getStackTrace()): null

2018-06-26 15:57:20 - [TEST_STEP][PASSED] - Statement - e1.printStackTrace(): null

2018-06-26 15:57:20 - [TEST_STEP][PASSED] - Start listener action : afterTestCase: Browser is closed

2018-06-26 15:57:20 - [TEST_STEP][PASSED] - switchToDefaultContent: Switching to default content

2018-06-26 15:57:20 - [TEST_STEP][PASSED] - Statement - com.kms.katalon.core.util.KeywordUtil.markWarning("Test Case Name : " + testCase.getTestCaseId()): Test Case Name : Test Cases/MyCommunities/CommunitiesNone/PaymentByCreditCardTest

2018-06-26 15:57:20 - [MESSAGE][WARNING] - Test Case Name : Test Cases/MyCommunities/CommunitiesNone/PaymentByCreditCardTest

2018-06-26 15:57:20 - [TEST_STEP][PASSED] - Statement - com.kms.katalon.core.util.KeywordUtil.markWarning("Test Case Status : " + testCase.getTestCaseStatus()): Test Case Status : FAILED

2018-06-26 15:57:20 - [MESSAGE][WARNING] - Test Case Status : FAILED

2018-06-26 15:57:20 - [TEST_STEP][PASSED] - Statement - If ("FAILED".equalsIgnoreCase(testCase.getTestCaseStatus())): Taking screenshot successfully

2018-06-26 15:57:20 - [TEST_STEP][PASSED] - Statement - println("Test case Fail taking Screenshot"): null

2018-06-26 15:57:20 - [TEST_STEP][PASSED] - Statement - Try: Taking screenshot successfully

2018-06-26 15:57:20 - [TEST_STEP][PASSED] - Statement - data = new java.util.Date(java.lang.System.currentTimeMillis()): null

2018-06-26 15:57:20 - [TEST_STEP][PASSED] - Statement - formatarDate = new java.text.SimpleDateFormat(yyyyMMddHHmmss): null

2018-06-26 15:57:20 - [TEST_STEP][PASSED] - takeScreenshot: Taking screenshot successfully

2018-06-26 15:57:21 - [MESSAGE][PASSED] - Taking screenshot successfully
[[ATTACHMENT|C:\\Users\\Group10\\git\\KatalonStudio\\ArcWithKatalonStudio\\ScreenShot\\screenshot_20180626155720.png]]

2018-06-26 15:57:21 - [TEST_STEP][PASSED] - closeBrowser: Browser is closed

2018-06-26 15:57:21 - [MESSAGE][PASSED] - Browser is closed]]></system-out>
         <system-err><![CDATA[2018-06-26 15:56:06 - [TEST_CASE][FAILED] - Test Cases/MyCommunities/CommunitiesNone/PaymentByCreditCardTest: Test Cases/MyCommunities/CommunitiesNone/PaymentByCreditCardTest FAILED because (of) Unable to get text of object 'Object Repository/Page_Arc dashboard/no_Project (1 project)' (Root cause: com.kms.katalon.core.webui.exception.WebElementNotFoundException: Web element with id: 'Object Repository/Page_Arc dashboard/no_Project (1 project)' located by 'By.xpath: //div[@class = 'searchLabels ng-binding' and (text() = ' Project (1 project)' or . = ' Project (1 project)')]' not found)]]></system-err>
      </testcase>
      <testcase name="Test Cases/MyCommunities/CommunitiesOther/AddNewProjectTest" classname="Test Cases/MyCommunities/CommunitiesOther/AddNewProjectTest" status="INCOMPLETE">
         <system-out><![CDATA[2018-06-26 15:57:21 - [TEST_CASE][INCOMPLETE] - Test Cases/MyCommunities/CommunitiesOther/AddNewProjectTest: null

2018-06-26 15:57:21 - [TEST_STEP][ERROR] - Start listener action : beforeTestListener: Unable to open browser with url: 'http://www.qas.arconline.io/' (Root cause: org.openqa.selenium.WebDriverException: unknown error: cannot determine loading status
from unknown error: cannot determine loading status
from disconnected: Unable to receive message from renderer
  (Session info: chrome=67.0.3396.99)
  (Driver info: chromedriver=2.35.528161 (5b82f2d2aae0ca24b877009200ced9065a772e73),platform=Windows NT 6.1.7601 SP1 x86_64) (WARNING: The server did not provide any stacktrace information)
Command duration or timeout: 0 milliseconds
Build info: version: '3.7.1', revision: '8a0099a', time: '2017-11-06T21:07:36.161Z'
System info: host: 'G10CHLT003', ip: '172.18.0.84', os.name: 'Windows 7', os.arch: 'amd64', os.version: '6.1', java.version: '1.8.0_102'
Driver info: com.kms.katalon.selenium.driver.CChromeDriver
Capabilities {acceptInsecureCerts: false, acceptSslCerts: false, applicationCacheEnabled: false, browserConnectionEnabled: false, browserName: chrome, chrome: {chromedriverVersion: 2.35.528161 (5b82f2d2aae0ca..., userDataDir: C:\Users\Group10\AppData\Lo...}, cssSelectorsEnabled: true, databaseEnabled: false, handlesAlerts: true, hasTouchScreen: false, javascriptEnabled: true, locationContextEnabled: true, mobileEmulationEnabled: false, nativeEvents: true, networkConnectionEnabled: false, pageLoadStrategy: normal, platform: XP, platformName: XP, rotatable: false, setWindowRect: true, takesHeapSnapshot: true, takesScreenshot: true, unexpectedAlertBehaviour: , unhandledPromptBehavior: , version: 67.0.3396.99, webStorageEnabled: true}
Session ID: 18b2b811d1923614e65c351029999baf)

2018-06-26 15:57:21 - [TEST_STEP][ERROR] - com.arc.ReusableMethods.ReusableMethodsLogin.loginIntoArcWithGlobalVariable: Unable to open browser with url: 'http://www.qas.arconline.io/' (Root cause: org.openqa.selenium.WebDriverException: unknown error: cannot determine loading status
from unknown error: cannot determine loading status
from disconnected: Unable to receive message from renderer
  (Session info: chrome=67.0.3396.99)
  (Driver info: chromedriver=2.35.528161 (5b82f2d2aae0ca24b877009200ced9065a772e73),platform=Windows NT 6.1.7601 SP1 x86_64) (WARNING: The server did not provide any stacktrace information)
Command duration or timeout: 0 milliseconds
Build info: version: '3.7.1', revision: '8a0099a', time: '2017-11-06T21:07:36.161Z'
System info: host: 'G10CHLT003', ip: '172.18.0.84', os.name: 'Windows 7', os.arch: 'amd64', os.version: '6.1', java.version: '1.8.0_102'
Driver info: com.kms.katalon.selenium.driver.CChromeDriver
Capabilities {acceptInsecureCerts: false, acceptSslCerts: false, applicationCacheEnabled: false, browserConnectionEnabled: false, browserName: chrome, chrome: {chromedriverVersion: 2.35.528161 (5b82f2d2aae0ca..., userDataDir: C:\Users\Group10\AppData\Lo...}, cssSelectorsEnabled: true, databaseEnabled: false, handlesAlerts: true, hasTouchScreen: false, javascriptEnabled: true, locationContextEnabled: true, mobileEmulationEnabled: false, nativeEvents: true, networkConnectionEnabled: false, pageLoadStrategy: normal, platform: XP, platformName: XP, rotatable: false, setWindowRect: true, takesHeapSnapshot: true, takesScreenshot: true, unexpectedAlertBehaviour: , unhandledPromptBehavior: , version: 67.0.3396.99, webStorageEnabled: true}
Session ID: 18b2b811d1923614e65c351029999baf)

2018-06-26 15:57:24 - [MESSAGE][FAILED] - Unable to open browser with url: 'http://www.qas.arconline.io/' (Root cause: org.openqa.selenium.WebDriverException: unknown error: cannot determine loading status
from unknown error: cannot determine loading status
from disconnected: Unable to receive message from renderer
  (Session info: chrome=67.0.3396.99)
  (Driver info: chromedriver=2.35.528161 (5b82f2d2aae0ca24b877009200ced9065a772e73),platform=Windows NT 6.1.7601 SP1 x86_64) (WARNING: The server did not provide any stacktrace information)
Command duration or timeout: 0 milliseconds
Build info: version: '3.7.1', revision: '8a0099a', time: '2017-11-06T21:07:36.161Z'
System info: host: 'G10CHLT003', ip: '172.18.0.84', os.name: 'Windows 7', os.arch: 'amd64', os.version: '6.1', java.version: '1.8.0_102'
Driver info: com.kms.katalon.selenium.driver.CChromeDriver
Capabilities {acceptInsecureCerts: false, acceptSslCerts: false, applicationCacheEnabled: false, browserConnectionEnabled: false, browserName: chrome, chrome: {chromedriverVersion: 2.35.528161 (5b82f2d2aae0ca..., userDataDir: C:\Users\Group10\AppData\Lo...}, cssSelectorsEnabled: true, databaseEnabled: false, handlesAlerts: true, hasTouchScreen: false, javascriptEnabled: true, locationContextEnabled: true, mobileEmulationEnabled: false, nativeEvents: true, networkConnectionEnabled: false, pageLoadStrategy: normal, platform: XP, platformName: XP, rotatable: false, setWindowRect: true, takesHeapSnapshot: true, takesScreenshot: true, unexpectedAlertBehaviour: , unhandledPromptBehavior: , version: 67.0.3396.99, webStorageEnabled: true}
Session ID: 18b2b811d1923614e65c351029999baf)

2018-06-26 15:57:24 - [MESSAGE][FAILED] - Unable to open browser with url: 'http://www.qas.arconline.io/' (Root cause: org.openqa.selenium.WebDriverException: unknown error: cannot determine loading status
from unknown error: cannot determine loading status
from disconnected: Unable to receive message from renderer
  (Session info: chrome=67.0.3396.99)
  (Driver info: chromedriver=2.35.528161 (5b82f2d2aae0ca24b877009200ced9065a772e73),platform=Windows NT 6.1.7601 SP1 x86_64) (WARNING: The server did not provide any stacktrace information)
Command duration or timeout: 0 milliseconds
Build info: version: '3.7.1', revision: '8a0099a', time: '2017-11-06T21:07:36.161Z'
System info: host: 'G10CHLT003', ip: '172.18.0.84', os.name: 'Windows 7', os.arch: 'amd64', os.version: '6.1', java.version: '1.8.0_102'
Driver info: com.kms.katalon.selenium.driver.CChromeDriver
Capabilities {acceptInsecureCerts: false, acceptSslCerts: false, applicationCacheEnabled: false, browserConnectionEnabled: false, browserName: chrome, chrome: {chromedriverVersion: 2.35.528161 (5b82f2d2aae0ca..., userDataDir: C:\Users\Group10\AppData\Lo...}, cssSelectorsEnabled: true, databaseEnabled: false, handlesAlerts: true, hasTouchScreen: false, javascriptEnabled: true, locationContextEnabled: true, mobileEmulationEnabled: false, nativeEvents: true, networkConnectionEnabled: false, pageLoadStrategy: normal, platform: XP, platformName: XP, rotatable: false, setWindowRect: true, takesHeapSnapshot: true, takesScreenshot: true, unexpectedAlertBehaviour: , unhandledPromptBehavior: , version: 67.0.3396.99, webStorageEnabled: true}
Session ID: 18b2b811d1923614e65c351029999baf)

2018-06-26 15:57:24 - [MESSAGE][ERROR] - Unable to open browser with url: 'http://www.qas.arconline.io/' (Root cause: org.openqa.selenium.WebDriverException: unknown error: cannot determine loading status
from unknown error: cannot determine loading status
from disconnected: Unable to receive message from renderer
  (Session info: chrome=67.0.3396.99)
  (Driver info: chromedriver=2.35.528161 (5b82f2d2aae0ca24b877009200ced9065a772e73),platform=Windows NT 6.1.7601 SP1 x86_64) (WARNING: The server did not provide any stacktrace information)
Command duration or timeout: 0 milliseconds
Build info: version: '3.7.1', revision: '8a0099a', time: '2017-11-06T21:07:36.161Z'
System info: host: 'G10CHLT003', ip: '172.18.0.84', os.name: 'Windows 7', os.arch: 'amd64', os.version: '6.1', java.version: '1.8.0_102'
Driver info: com.kms.katalon.selenium.driver.CChromeDriver
Capabilities {acceptInsecureCerts: false, acceptSslCerts: false, applicationCacheEnabled: false, browserConnectionEnabled: false, browserName: chrome, chrome: {chromedriverVersion: 2.35.528161 (5b82f2d2aae0ca..., userDataDir: C:\Users\Group10\AppData\Lo...}, cssSelectorsEnabled: true, databaseEnabled: false, handlesAlerts: true, hasTouchScreen: false, javascriptEnabled: true, locationContextEnabled: true, mobileEmulationEnabled: false, nativeEvents: true, networkConnectionEnabled: false, pageLoadStrategy: normal, platform: XP, platformName: XP, rotatable: false, setWindowRect: true, takesHeapSnapshot: true, takesScreenshot: true, unexpectedAlertBehaviour: , unhandledPromptBehavior: , version: 67.0.3396.99, webStorageEnabled: true}
Session ID: 18b2b811d1923614e65c351029999baf)

2018-06-26 15:57:24 - [TEST_STEP][FAILED] - Statement - Try: Unable to click on object 'Object Repository/Page_Arc dashboard/a_ My Communities' (Root cause: org.openqa.selenium.WebDriverException: chrome not reachable
  (Session info: chrome=67.0.3396.99)
  (Driver info: chromedriver=2.35.528161 (5b82f2d2aae0ca24b877009200ced9065a772e73),platform=Windows NT 6.1.7601 SP1 x86_64) (WARNING: The server did not provide any stacktrace information)
Command duration or timeout: 0 milliseconds
Build info: version: '3.7.1', revision: '8a0099a', time: '2017-11-06T21:07:36.161Z'
System info: host: 'G10CHLT003', ip: '172.18.0.84', os.name: 'Windows 7', os.arch: 'amd64', os.version: '6.1', java.version: '1.8.0_102'
Driver info: com.kms.katalon.selenium.driver.CChromeDriver
Capabilities {acceptInsecureCerts: false, acceptSslCerts: false, applicationCacheEnabled: false, browserConnectionEnabled: false, browserName: chrome, chrome: {chromedriverVersion: 2.35.528161 (5b82f2d2aae0ca..., userDataDir: C:\Users\Group10\AppData\Lo...}, cssSelectorsEnabled: true, databaseEnabled: false, handlesAlerts: true, hasTouchScreen: false, javascriptEnabled: true, locationContextEnabled: true, mobileEmulationEnabled: false, nativeEvents: true, networkConnectionEnabled: false, pageLoadStrategy: normal, platform: XP, platformName: XP, rotatable: false, setWindowRect: true, takesHeapSnapshot: true, takesScreenshot: true, unexpectedAlertBehaviour: , unhandledPromptBehavior: , version: 67.0.3396.99, webStorageEnabled: true}
Session ID: 18b2b811d1923614e65c351029999baf
*** Element info: {Using=xpath, value=//a[@href = '/app/projects/my-projects/?project-type=community' and (text() = '  My Communities' or . = '  My Communities')]})

2018-06-26 15:57:24 - [TEST_STEP][FAILED] - com.arc.ReusableMethods.ReusableMethodsNavigation.navigateToCommunities: Unable to click on object 'Object Repository/Page_Arc dashboard/a_ My Communities' (Root cause: org.openqa.selenium.WebDriverException: chrome not reachable
  (Session info: chrome=67.0.3396.99)
  (Driver info: chromedriver=2.35.528161 (5b82f2d2aae0ca24b877009200ced9065a772e73),platform=Windows NT 6.1.7601 SP1 x86_64) (WARNING: The server did not provide any stacktrace information)
Command duration or timeout: 0 milliseconds
Build info: version: '3.7.1', revision: '8a0099a', time: '2017-11-06T21:07:36.161Z'
System info: host: 'G10CHLT003', ip: '172.18.0.84', os.name: 'Windows 7', os.arch: 'amd64', os.version: '6.1', java.version: '1.8.0_102'
Driver info: com.kms.katalon.selenium.driver.CChromeDriver
Capabilities {acceptInsecureCerts: false, acceptSslCerts: false, applicationCacheEnabled: false, browserConnectionEnabled: false, browserName: chrome, chrome: {chromedriverVersion: 2.35.528161 (5b82f2d2aae0ca..., userDataDir: C:\Users\Group10\AppData\Lo...}, cssSelectorsEnabled: true, databaseEnabled: false, handlesAlerts: true, hasTouchScreen: false, javascriptEnabled: true, locationContextEnabled: true, mobileEmulationEnabled: false, nativeEvents: true, networkConnectionEnabled: false, pageLoadStrategy: normal, platform: XP, platformName: XP, rotatable: false, setWindowRect: true, takesHeapSnapshot: true, takesScreenshot: true, unexpectedAlertBehaviour: , unhandledPromptBehavior: , version: 67.0.3396.99, webStorageEnabled: true}
Session ID: 18b2b811d1923614e65c351029999baf
*** Element info: {Using=xpath, value=//a[@href = '/app/projects/my-projects/?project-type=community' and (text() = '  My Communities' or . = '  My Communities')]})

2018-06-26 15:57:32 - [MESSAGE][WARNING] - Cannot take screenshot

2018-06-26 15:57:32 - [MESSAGE][FAILED] - Unable to click on object 'Object Repository/Page_Arc dashboard/a_ My Communities' (Root cause: org.openqa.selenium.WebDriverException: chrome not reachable
  (Session info: chrome=67.0.3396.99)
  (Driver info: chromedriver=2.35.528161 (5b82f2d2aae0ca24b877009200ced9065a772e73),platform=Windows NT 6.1.7601 SP1 x86_64) (WARNING: The server did not provide any stacktrace information)
Command duration or timeout: 0 milliseconds
Build info: version: '3.7.1', revision: '8a0099a', time: '2017-11-06T21:07:36.161Z'
System info: host: 'G10CHLT003', ip: '172.18.0.84', os.name: 'Windows 7', os.arch: 'amd64', os.version: '6.1', java.version: '1.8.0_102'
Driver info: com.kms.katalon.selenium.driver.CChromeDriver
Capabilities {acceptInsecureCerts: false, acceptSslCerts: false, applicationCacheEnabled: false, browserConnectionEnabled: false, browserName: chrome, chrome: {chromedriverVersion: 2.35.528161 (5b82f2d2aae0ca..., userDataDir: C:\Users\Group10\AppData\Lo...}, cssSelectorsEnabled: true, databaseEnabled: false, handlesAlerts: true, hasTouchScreen: false, javascriptEnabled: true, locationContextEnabled: true, mobileEmulationEnabled: false, nativeEvents: true, networkConnectionEnabled: false, pageLoadStrategy: normal, platform: XP, platformName: XP, rotatable: false, setWindowRect: true, takesHeapSnapshot: true, takesScreenshot: true, unexpectedAlertBehaviour: , unhandledPromptBehavior: , version: 67.0.3396.99, webStorageEnabled: true}
Session ID: 18b2b811d1923614e65c351029999baf
*** Element info: {Using=xpath, value=//a[@href = '/app/projects/my-projects/?project-type=community' and (text() = '  My Communities' or . = '  My Communities')]})

2018-06-26 15:57:32 - [MESSAGE][FAILED] - Unable to click on object 'Object Repository/Page_Arc dashboard/a_ My Communities' (Root cause: org.openqa.selenium.WebDriverException: chrome not reachable
  (Session info: chrome=67.0.3396.99)
  (Driver info: chromedriver=2.35.528161 (5b82f2d2aae0ca24b877009200ced9065a772e73),platform=Windows NT 6.1.7601 SP1 x86_64) (WARNING: The server did not provide any stacktrace information)
Command duration or timeout: 0 milliseconds
Build info: version: '3.7.1', revision: '8a0099a', time: '2017-11-06T21:07:36.161Z'
System info: host: 'G10CHLT003', ip: '172.18.0.84', os.name: 'Windows 7', os.arch: 'amd64', os.version: '6.1', java.version: '1.8.0_102'
Driver info: com.kms.katalon.selenium.driver.CChromeDriver
Capabilities {acceptInsecureCerts: false, acceptSslCerts: false, applicationCacheEnabled: false, browserConnectionEnabled: false, browserName: chrome, chrome: {chromedriverVersion: 2.35.528161 (5b82f2d2aae0ca..., userDataDir: C:\Users\Group10\AppData\Lo...}, cssSelectorsEnabled: true, databaseEnabled: false, handlesAlerts: true, hasTouchScreen: false, javascriptEnabled: true, locationContextEnabled: true, mobileEmulationEnabled: false, nativeEvents: true, networkConnectionEnabled: false, pageLoadStrategy: normal, platform: XP, platformName: XP, rotatable: false, setWindowRect: true, takesHeapSnapshot: true, takesScreenshot: true, unexpectedAlertBehaviour: , unhandledPromptBehavior: , version: 67.0.3396.99, webStorageEnabled: true}
Session ID: 18b2b811d1923614e65c351029999baf
*** Element info: {Using=xpath, value=//a[@href = '/app/projects/my-projects/?project-type=community' and (text() = '  My Communities' or . = '  My Communities')]})

2018-06-26 15:57:32 - [TEST_STEP][PASSED] - Statement - Catch (Throwable t): null

2018-06-26 15:57:32 - [TEST_STEP][PASSED] - Statement - out.println(t.getLocalizedMessage()): null

2018-06-26 15:57:32 - [TEST_STEP][PASSED] - Statement - e1 = new java.lang.Error(t.getMessage()): null

2018-06-26 15:57:32 - [TEST_STEP][PASSED] - Statement - e1.setStackTrace(t.getStackTrace()): null

2018-06-26 15:57:32 - [TEST_STEP][PASSED] - Statement - e1.printStackTrace(): null

2018-06-26 15:57:32 - [TEST_STEP][INCOMPLETE] - Start listener action : afterTestCase: null

2018-06-26 15:57:32 - [TEST_STEP][PASSED] - switchToDefaultContent: Switching to default content failed because of: org.openqa.selenium.WebDriverException: chrome not reachable
  (Session info: chrome=67.0.3396.99)
  (Driver info: chromedriver=2.35.528161 (5b82f2d2aae0ca24b877009200ced9065a772e73),platform=Windows NT 6.1.7601 SP1 x86_64) (WARNING: The server did not provide any stacktrace information)
Command duration or timeout: 0 milliseconds
Build info: version: '3.7.1', revision: '8a0099a', time: '2017-11-06T21:07:36.161Z'
System info: host: 'G10CHLT003', ip: '172.18.0.84', os.name: 'Windows 7', os.arch: 'amd64', os.version: '6.1', java.version: '1.8.0_102'
Driver info: com.kms.katalon.selenium.driver.CChromeDriver
Capabilities {acceptInsecureCerts: false, acceptSslCerts: false, applicationCacheEnabled: false, browserConnectionEnabled: false, browserName: chrome, chrome: {chromedriverVersion: 2.35.528161 (5b82f2d2aae0ca..., userDataDir: C:\Users\Group10\AppData\Lo...}, cssSelectorsEnabled: true, databaseEnabled: false, handlesAlerts: true, hasTouchScreen: false, javascriptEnabled: true, locationContextEnabled: true, mobileEmulationEnabled: false, nativeEvents: true, networkConnectionEnabled: false, pageLoadStrategy: normal, platform: XP, platformName: XP, rotatable: false, setWindowRect: true, takesHeapSnapshot: true, takesScreenshot: true, unexpectedAlertBehaviour: , unhandledPromptBehavior: , version: 67.0.3396.99, webStorageEnabled: true}
Session ID: 18b2b811d1923614e65c351029999baf

2018-06-26 15:57:36 - [MESSAGE][WARNING] - Switching to default content failed because of: org.openqa.selenium.WebDriverException: chrome not reachable
  (Session info: chrome=67.0.3396.99)
  (Driver info: chromedriver=2.35.528161 (5b82f2d2aae0ca24b877009200ced9065a772e73),platform=Windows NT 6.1.7601 SP1 x86_64) (WARNING: The server did not provide any stacktrace information)
Command duration or timeout: 0 milliseconds
Build info: version: '3.7.1', revision: '8a0099a', time: '2017-11-06T21:07:36.161Z'
System info: host: 'G10CHLT003', ip: '172.18.0.84', os.name: 'Windows 7', os.arch: 'amd64', os.version: '6.1', java.version: '1.8.0_102'
Driver info: com.kms.katalon.selenium.driver.CChromeDriver
Capabilities {acceptInsecureCerts: false, acceptSslCerts: false, applicationCacheEnabled: false, browserConnectionEnabled: false, browserName: chrome, chrome: {chromedriverVersion: 2.35.528161 (5b82f2d2aae0ca..., userDataDir: C:\Users\Group10\AppData\Lo...}, cssSelectorsEnabled: true, databaseEnabled: false, handlesAlerts: true, hasTouchScreen: false, javascriptEnabled: true, locationContextEnabled: true, mobileEmulationEnabled: false, nativeEvents: true, networkConnectionEnabled: false, pageLoadStrategy: normal, platform: XP, platformName: XP, rotatable: false, setWindowRect: true, takesHeapSnapshot: true, takesScreenshot: true, unexpectedAlertBehaviour: , unhandledPromptBehavior: , version: 67.0.3396.99, webStorageEnabled: true}
Session ID: 18b2b811d1923614e65c351029999baf

2018-06-26 15:57:36 - [TEST_STEP][PASSED] - Statement - com.kms.katalon.core.util.KeywordUtil.markWarning("Test Case Name : " + testCase.getTestCaseId()): Test Case Name : Test Cases/MyCommunities/CommunitiesOther/AddNewProjectTest

2018-06-26 15:57:36 - [MESSAGE][WARNING] - Test Case Name : Test Cases/MyCommunities/CommunitiesOther/AddNewProjectTest

2018-06-26 15:57:36 - [TEST_STEP][PASSED] - Statement - com.kms.katalon.core.util.KeywordUtil.markWarning("Test Case Status : " + testCase.getTestCaseStatus()): Test Case Status : FAILED

2018-06-26 15:57:36 - [MESSAGE][WARNING] - Test Case Status : FAILED

2018-06-26 15:57:36 - [TEST_STEP][INCOMPLETE] - Statement - If ("FAILED".equalsIgnoreCase(testCase.getTestCaseStatus())): null

2018-06-26 15:57:36 - [TEST_STEP][PASSED] - Statement - println("Test case Fail taking Screenshot"): null

2018-06-26 15:57:36 - [TEST_STEP][INCOMPLETE] - Statement - Try: null

2018-06-26 15:57:36 - [TEST_STEP][PASSED] - Statement - data = new java.util.Date(java.lang.System.currentTimeMillis()): null

2018-06-26 15:57:36 - [TEST_STEP][PASSED] - Statement - formatarDate = new java.text.SimpleDateFormat(yyyyMMddHHmmss): null

2018-06-26 15:57:36 - [TEST_STEP][INCOMPLETE] - takeScreenshot: null]]></system-out>
         <system-err><![CDATA[2018-06-26 15:57:21 - [TEST_CASE][INCOMPLETE] - Test Cases/MyCommunities/CommunitiesOther/AddNewProjectTest: null]]></system-err>
      </testcase>
      <system-out><![CDATA[2018-06-26 15:55:31 - [TEST_SUITE][INCOMPLETE] - CommunityIndiaTest Suite: null]]></system-out>
      <system-err><![CDATA[2018-06-26 15:55:31 - [TEST_SUITE][INCOMPLETE] - CommunityIndiaTest Suite: null]]></system-err>
   </testsuite>
</testsuites>
