{"devicePlatform":"","logFolder":"C:\\Users\\Group10\\git\\KatalonStudio\\ArcWithKatalonStudio\\Reports\\Building Suites\\IND Building Suite\\BuildingOther TestSuite\\20180627_132902","runData":{"hostName":"Group10 - G10CHLT003","os":"Windows 7 64bit","katalonVersion":"5.4.2.1","browser":"Chrome 67.0.3396.99","hostAddress":"172.18.0.84","sessionId":"717b9f0fa40c91119828a3efb14d1b71","seleniumVersion":"3.7.1","proxyInformation":"ProxyInformation{proxyOption\u003dNO_PROXY, proxyServerType\u003dHTTP, password\u003d, proxyServerAddress\u003d, proxyServerPort\u003d0}","platform":"Windows 7"},"type":"TEST_SUITE","name":"BuildingOther TestSuite","id":"Test Suites/Building Suites/IND Building Suite/BuildingOther TestSuite","source":"","message":"Test Cases/Buildings/MyBuildings/BuildingOther/AddNewProjectTest FAILED because (of) org.codehaus.groovy.runtime.metaclass.MissingMethodExceptionNoStack: No signature of method: com.arc.ReusableMethods.ReusableMethodsAddNewProject.USBuildingAddNewProject() is applicable for argument types: (java.lang.String, java.lang.Integer) values: [BuildingIndiaProject, 5]\nPossible solutions: buildingAddNewProject(java.lang.String, int)","description":"","startTime":1530086349026,"endTime":1530086455853,"childRecords":[{"isOptional":false,"type":"TEST_CASE","name":"Test Cases/Buildings/MyBuildings/BuildingOther/AddNewProjectTest","id":"Test Cases/Buildings/MyBuildings/BuildingOther/AddNewProjectTest","source":"C:\\\\Users\\\\Group10\\\\git\\\\KatalonStudio\\\\ArcWithKatalonStudio\\\\Test Cases\\\\Buildings\\\\MyBuildings\\\\BuildingOther\\\\AddNewProjectTest.tc","message":"Test Cases/Buildings/MyBuildings/BuildingOther/AddNewProjectTest FAILED because (of) org.codehaus.groovy.runtime.metaclass.MissingMethodExceptionNoStack: No signature of method: com.arc.ReusableMethods.ReusableMethodsAddNewProject.USBuildingAddNewProject() is applicable for argument types: (java.lang.String, java.lang.Integer) values: [BuildingIndiaProject, 5]\nPossible solutions: buildingAddNewProject(java.lang.String, int)","description":"US Building None Project Registration","startTime":1530086352383,"endTime":1530086398630,"childRecords":[{"testStatus":{"stackTrace":"","statusValue":"INFO"},"type":"MESSAGE","name":"","message":"Evaluating variables for test case","startTime":1530086352410,"endTime":0,"childRecords":[],"interuppted":false},{"testStatus":{"stackTrace":"","statusValue":"INFO"},"type":"MESSAGE","name":"","message":"Variable \u0027USBuildingNone\u0027 is set to USBuildingNone as default","startTime":1530086352486,"endTime":0,"childRecords":[],"interuppted":false},{"testStatus":{"stackTrace":"","statusValue":"INFO"},"type":"MESSAGE","name":"","message":"Variable \u0027ProjectType\u0027 is set to Buildings as default","startTime":1530086352509,"endTime":0,"childRecords":[],"interuppted":false},{"testStatus":{"stackTrace":"","statusValue":"INFO"},"type":"MESSAGE","name":"","message":"Variable \u0027RatingSystem\u0027 is set to None as default","startTime":1530086352526,"endTime":0,"childRecords":[],"interuppted":false},{"index":-1,"isIgnoredIfFailed":false,"type":"TEST_STEP","name":"Start listener action : beforeTestListener","message":"com.arc.ReusableMethods.ReusableMethodsLogin.loginIntoArcWithGlobalVariable is PASSED","description":"","startTime":1530086352529,"endTime":1530086393559,"childRecords":[{"index":1,"isIgnoredIfFailed":false,"type":"TEST_STEP","name":"com.arc.ReusableMethods.ReusableMethodsLogin.loginIntoArcWithGlobalVariable","message":"com.arc.ReusableMethods.ReusableMethodsLogin.loginIntoArcWithGlobalVariable is PASSED","description":"","startTime":1530086352532,"endTime":1530086393559,"childRecords":[{"testStatus":{"stackTrace":"","statusValue":"PASSED"},"type":"MESSAGE","name":"","message":"Browser is opened with url: \u0027http://www.qas.arconline.io/\u0027","startTime":1530086365549,"endTime":0,"childRecords":[],"interuppted":false},{"testStatus":{"stackTrace":"","statusValue":"PASSED"},"type":"MESSAGE","name":"","message":"Current window maximized","startTime":1530086366974,"endTime":0,"childRecords":[],"interuppted":false},{"testStatus":{"stackTrace":"","statusValue":"PASSED"},"type":"MESSAGE","name":"","message":"Wait for page load successfully","startTime":1530086367196,"endTime":0,"childRecords":[],"interuppted":false},{"testStatus":{"stackTrace":"","statusValue":"PASSED"},"type":"MESSAGE","name":"","message":"Object: \u0027Object Repository/Page_Home  Arc/button_ACCEPT AND CLOSE\u0027 is clicked on","startTime":1530086367679,"endTime":0,"childRecords":[],"interuppted":false},{"testStatus":{"stackTrace":"","statusValue":"PASSED"},"type":"MESSAGE","name":"","message":"Object: \u0027Object Repository/Page_Home  Arc/Click_Log in\u0027 is clicked on","startTime":1530086367945,"endTime":0,"childRecords":[],"interuppted":false},{"testStatus":{"stackTrace":"","statusValue":"PASSED"},"type":"MESSAGE","name":"","message":"Text \u0027usgbcarc@gmail.com\u0027 is set on object \u0027Object Repository/Page_Home  Arc/input_name\u0027","startTime":1530086369082,"endTime":0,"childRecords":[],"interuppted":false},{"testStatus":{"stackTrace":"","statusValue":"PASSED"},"type":"MESSAGE","name":"","message":"Text \u0027initpass\u0027 is set on object \u0027Object Repository/Page_Home  Arc/input_pass\u0027","startTime":1530086369449,"endTime":0,"childRecords":[],"interuppted":false},{"testStatus":{"stackTrace":"","statusValue":"PASSED"},"type":"MESSAGE","name":"","message":"Object: \u0027Object Repository/Page_Home  Arc/input_field_policy_accept\u0027 is clicked on","startTime":1530086369622,"endTime":0,"childRecords":[],"interuppted":false},{"testStatus":{"stackTrace":"","statusValue":"PASSED"},"type":"MESSAGE","name":"","message":"Object: \u0027Object Repository/Page_Home  Arc/button_Log in\u0027 is clicked on","startTime":1530086385172,"endTime":0,"childRecords":[],"interuppted":false},{"testStatus":{"stackTrace":"","statusValue":"PASSED"},"type":"MESSAGE","name":"","message":"Delayed 5 second(s)","startTime":1530086390206,"endTime":0,"childRecords":[],"interuppted":false},{"testStatus":{"stackTrace":"","statusValue":"PASSED"},"type":"MESSAGE","name":"","message":"Text of object \u0027Object Repository/Page_Arc dashboard/span_My Projects\u0027 is: \u0027My Projects\u0027","startTime":1530086390538,"endTime":0,"childRecords":[],"interuppted":false},{"testStatus":{"stackTrace":"","statusValue":"PASSED"},"type":"MESSAGE","name":"","message":"Actual text \u0027My Projects\u0027 and expected text \u0027My Projects\u0027 are matched  using regular expression","startTime":1530086390554,"endTime":0,"childRecords":[],"interuppted":false},{"testStatus":{"stackTrace":"","statusValue":"PASSED"},"type":"MESSAGE","name":"","message":"Delayed 3 second(s)","startTime":1530086393557,"endTime":0,"childRecords":[],"interuppted":false},{"testStatus":{"stackTrace":"","statusValue":"PASSED"},"type":"MESSAGE","name":"","message":"com.arc.ReusableMethods.ReusableMethodsLogin.loginIntoArcWithGlobalVariable is PASSED","startTime":1530086393558,"endTime":0,"childRecords":[],"interuppted":false}],"interuppted":false}],"interuppted":false},{"index":1,"isIgnoredIfFailed":false,"type":"TEST_STEP","name":"Statement - Try","message":"No signature of method: com.arc.ReusableMethods.ReusableMethodsAddNewProject.USBuildingAddNewProject() is applicable for argument types: (java.lang.String, java.lang.Integer) values: [BuildingIndiaProject, 5]\nPossible solutions: buildingAddNewProject(java.lang.String, int)","description":"","startTime":1530086393989,"endTime":1530086397723,"childRecords":[{"index":1,"isIgnoredIfFailed":false,"type":"TEST_STEP","name":"com.arc.ReusableMethods.ReusableMethodsNavigation.navigateToBuilding","message":"com.arc.ReusableMethods.ReusableMethodsNavigation.navigateToBuilding is PASSED","description":"","startTime":1530086393991,"endTime":1530086397638,"childRecords":[{"testStatus":{"stackTrace":"","statusValue":"PASSED"},"type":"MESSAGE","name":"","message":"Object: \u0027Object Repository/Page_Arc dashboard/a_ Buildings\u0027 is clicked on","startTime":1530086394241,"endTime":0,"childRecords":[],"interuppted":false},{"testStatus":{"stackTrace":"","statusValue":"PASSED"},"type":"MESSAGE","name":"","message":"Delayed 2 second(s)","startTime":1530086396243,"endTime":0,"childRecords":[],"interuppted":false},{"testStatus":{"stackTrace":"","statusValue":"PASSED"},"type":"MESSAGE","name":"","message":"Object: \u0027Object Repository/Page_Arc dashboard/a_ My Buildings\u0027 is clicked on","startTime":1530086397249,"endTime":0,"childRecords":[],"interuppted":false},{"testStatus":{"stackTrace":"","statusValue":"PASSED"},"type":"MESSAGE","name":"","message":"Object: \u0027Object Repository/Page_Arc dashboard/i_fa fa-bars fa-lg\u0027 is clicked on","startTime":1530086397545,"endTime":0,"childRecords":[],"interuppted":false},{"testStatus":{"stackTrace":"","statusValue":"PASSED"},"type":"MESSAGE","name":"","message":"Text of object \u0027Object Repository/Page_Arc dashboard/span_My Buildings\u0027 is: \u0027My Buildings\u0027","startTime":1530086397635,"endTime":0,"childRecords":[],"interuppted":false},{"testStatus":{"stackTrace":"","statusValue":"PASSED"},"type":"MESSAGE","name":"","message":"Actual text \u0027My Buildings\u0027 and expected text \u0027My Buildings\u0027 are matched  using regular expression","startTime":1530086397637,"endTime":0,"childRecords":[],"interuppted":false},{"testStatus":{"stackTrace":"","statusValue":"PASSED"},"type":"MESSAGE","name":"","message":"com.arc.ReusableMethods.ReusableMethodsNavigation.navigateToBuilding is PASSED","startTime":1530086397638,"endTime":0,"childRecords":[],"interuppted":false}],"interuppted":false},{"index":2,"isIgnoredIfFailed":false,"type":"TEST_STEP","name":"com.arc.ReusableMethods.ReusableMethodsAddNewProject.USBuildingAddNewProject","message":"No signature of method: com.arc.ReusableMethods.ReusableMethodsAddNewProject.USBuildingAddNewProject() is applicable for argument types: (java.lang.String, java.lang.Integer) values: [BuildingIndiaProject, 5]\nPossible solutions: buildingAddNewProject(java.lang.String, int)","description":"","startTime":1530086397639,"endTime":1530086397722,"childRecords":[{"testStatus":{"stackTrace":"","statusValue":"ERROR"},"type":"MESSAGE","name":"","message":"No signature of method: com.arc.ReusableMethods.ReusableMethodsAddNewProject.USBuildingAddNewProject() is applicable for argument types: (java.lang.String, java.lang.Integer) values: [BuildingIndiaProject, 5]\nPossible solutions: buildingAddNewProject(java.lang.String, int)","startTime":1530086397706,"endTime":0,"childRecords":[],"interuppted":false}],"interuppted":false}],"interuppted":false},{"index":2,"isIgnoredIfFailed":false,"type":"TEST_STEP","name":"Statement - Catch (Throwable t)","description":"","startTime":1530086397723,"endTime":1530086397781,"childRecords":[{"index":1,"isIgnoredIfFailed":false,"type":"TEST_STEP","name":"Statement - out.println(t.getLocalizedMessage())","description":"","startTime":1530086397725,"endTime":1530086397758,"childRecords":[],"interuppted":false},{"index":2,"isIgnoredIfFailed":false,"type":"TEST_STEP","name":"Statement - e1 \u003d new java.lang.Error(t.getMessage())","description":"","startTime":1530086397759,"endTime":1530086397765,"childRecords":[],"interuppted":false},{"index":3,"isIgnoredIfFailed":false,"type":"TEST_STEP","name":"Statement - e1.setStackTrace(t.getStackTrace())","description":"","startTime":1530086397766,"endTime":1530086397771,"childRecords":[],"interuppted":false},{"index":4,"isIgnoredIfFailed":false,"type":"TEST_STEP","name":"Statement - e1.printStackTrace()","description":"","startTime":1530086397772,"endTime":1530086397780,"childRecords":[],"interuppted":false}],"interuppted":false},{"testStatus":{"stackTrace":"","statusValue":"ERROR"},"type":"MESSAGE","name":"","message":"Test Cases/Buildings/MyBuildings/BuildingOther/AddNewProjectTest FAILED because (of) org.codehaus.groovy.runtime.metaclass.MissingMethodExceptionNoStack: No signature of method: com.arc.ReusableMethods.ReusableMethodsAddNewProject.USBuildingAddNewProject() is applicable for argument types: (java.lang.String, java.lang.Integer) values: [BuildingIndiaProject, 5]\nPossible solutions: buildingAddNewProject(java.lang.String, int)","startTime":1530086397804,"endTime":0,"childRecords":[],"interuppted":false},{"index":-1,"isIgnoredIfFailed":false,"type":"TEST_STEP","name":"Start listener action : afterTestCase","message":"Browser is closed","description":"","startTime":1530086397852,"endTime":1530086398630,"childRecords":[{"index":1,"isIgnoredIfFailed":false,"type":"TEST_STEP","name":"switchToDefaultContent","message":"Switching to default content","description":"","startTime":1530086397854,"endTime":1530086397916,"childRecords":[],"interuppted":false},{"index":2,"isIgnoredIfFailed":false,"type":"TEST_STEP","name":"Statement - com.kms.katalon.core.util.KeywordUtil.markWarning(\"Test Case Name : \" + testCase.getTestCaseId())","message":"Test Case Name : Test Cases/Buildings/MyBuildings/BuildingOther/AddNewProjectTest","description":"","startTime":1530086397916,"endTime":1530086397926,"childRecords":[{"testStatus":{"stackTrace":"","statusValue":"WARNING"},"type":"MESSAGE","name":"","message":"Test Case Name : Test Cases/Buildings/MyBuildings/BuildingOther/AddNewProjectTest","startTime":1530086397925,"endTime":0,"childRecords":[],"interuppted":false}],"interuppted":false},{"index":3,"isIgnoredIfFailed":false,"type":"TEST_STEP","name":"Statement - com.kms.katalon.core.util.KeywordUtil.markWarning(\"Test Case Status : \" + testCase.getTestCaseStatus())","message":"Test Case Status : ERROR","description":"","startTime":1530086397926,"endTime":1530086397930,"childRecords":[{"testStatus":{"stackTrace":"","statusValue":"WARNING"},"type":"MESSAGE","name":"","message":"Test Case Status : ERROR","startTime":1530086397928,"endTime":0,"childRecords":[],"interuppted":false}],"interuppted":false},{"index":4,"isIgnoredIfFailed":false,"type":"TEST_STEP","name":"Statement - If (\"FAILED\".equalsIgnoreCase(testCase.getTestCaseStatus()))","description":"","startTime":1530086397930,"endTime":1530086397932,"childRecords":[],"interuppted":false},{"index":5,"isIgnoredIfFailed":false,"type":"TEST_STEP","name":"closeBrowser","message":"Browser is closed","description":"","startTime":1530086397933,"endTime":1530086398629,"childRecords":[{"testStatus":{"stackTrace":"","statusValue":"PASSED"},"type":"MESSAGE","name":"","message":"Browser is closed","startTime":1530086398628,"endTime":0,"childRecords":[],"interuppted":false}],"interuppted":false}],"interuppted":false}],"interuppted":false},{"isOptional":false,"type":"TEST_CASE","name":"Test Cases/Buildings/MyBuildings/BuildingOther/RegPaymentByCheckTest","id":"Test Cases/Buildings/MyBuildings/BuildingOther/RegPaymentByCheckTest","source":"C:\\\\Users\\\\Group10\\\\git\\\\KatalonStudio\\\\ArcWithKatalonStudio\\\\Test Cases\\\\Buildings\\\\MyBuildings\\\\BuildingOther\\\\RegPaymentByCheckTest.tc","message":"Test Cases/Buildings/MyBuildings/BuildingOther/RegPaymentByCheckTest FAILED because (of) Unable to click on object \u0027Object Repository/Page_Arc dashboard/sideBar\u0027 (Root cause: org.openqa.selenium.NoSuchWindowException: no such window: target window already closed\nfrom unknown error: web view not found\n  (Session info: chrome\u003d67.0.3396.99)\n  (Driver info: chromedriver\u003d2.35.528161 (5b82f2d2aae0ca24b877009200ced9065a772e73),platform\u003dWindows NT 6.1.7601 SP1 x86_64) (WARNING: The server did not provide any stacktrace information)\nCommand duration or timeout: 0 milliseconds\nBuild info: version: \u00273.7.1\u0027, revision: \u00278a0099a\u0027, time: \u00272017-11-06T21:07:36.161Z\u0027\nSystem info: host: \u0027G10CHLT003\u0027, ip: \u0027172.18.0.84\u0027, os.name: \u0027Windows 7\u0027, os.arch: \u0027amd64\u0027, os.version: \u00276.1\u0027, java.version: \u00271.8.0_102\u0027\nDriver info: com.kms.katalon.selenium.driver.CChromeDriver\nCapabilities {acceptInsecureCerts: false, acceptSslCerts: false, applicationCacheEnabled: false, browserConnectionEnabled: false, browserName: chrome, chrome: {chromedriverVersion: 2.35.528161 (5b82f2d2aae0ca..., userDataDir: C:\\Users\\Group10\\AppData\\Lo...}, cssSelectorsEnabled: true, databaseEnabled: false, handlesAlerts: true, hasTouchScreen: false, javascriptEnabled: true, locationContextEnabled: true, mobileEmulationEnabled: false, nativeEvents: true, networkConnectionEnabled: false, pageLoadStrategy: normal, platform: XP, platformName: XP, rotatable: false, setWindowRect: true, takesHeapSnapshot: true, takesScreenshot: true, unexpectedAlertBehaviour: , unhandledPromptBehavior: , version: 67.0.3396.99, webStorageEnabled: true}\nSession ID: 717b9f0fa40c91119828a3efb14d1b71\n*** Element info: {Using\u003dxpath, value\u003did(\"app\")/div[@class\u003d\"ng-scope\"]/nav[@class\u003d\"page-controls navbar navbar-default ng-scope\"]/div[@class\u003d\"container-fluid ng-scope\"]/div[@class\u003d\"navbar-header\"]/ul[@class\u003d\"nav navbar-nav\"]/li[1]/a[@class\u003d\"hidden-sm hidden-xs\"]/i[@class\u003d\"fa fa-bars fa-lg\"]})","description":"","startTime":1530086398634,"endTime":1530086455848,"childRecords":[{"testStatus":{"stackTrace":"","statusValue":"INFO"},"type":"MESSAGE","name":"","message":"Evaluating variables for test case","startTime":1530086398658,"endTime":0,"childRecords":[],"interuppted":false},{"index":-1,"isIgnoredIfFailed":false,"type":"TEST_STEP","name":"Start listener action : beforeTestListener","message":"Unable to wait for page load (Root cause: org.openqa.selenium.TimeoutException: Expected condition failed: waiting for com.kms.katalon.core.webui.keyword.builtin.WaitForPageLoadKeyword$1@23811a09 (tried for 40 second(s) with 500 MILLISECONDS interval))","description":"","startTime":1530086398658,"endTime":1530086451701,"childRecords":[{"index":1,"isIgnoredIfFailed":false,"type":"TEST_STEP","name":"com.arc.ReusableMethods.ReusableMethodsLogin.loginIntoArcWithGlobalVariable","message":"Unable to wait for page load (Root cause: org.openqa.selenium.TimeoutException: Expected condition failed: waiting for com.kms.katalon.core.webui.keyword.builtin.WaitForPageLoadKeyword$1@23811a09 (tried for 40 second(s) with 500 MILLISECONDS interval))","description":"","startTime":1530086398659,"endTime":1530086451700,"childRecords":[{"testStatus":{"stackTrace":"","statusValue":"PASSED"},"type":"MESSAGE","name":"","message":"Browser is opened with url: \u0027http://www.qas.arconline.io/\u0027","startTime":1530086405157,"endTime":0,"childRecords":[],"interuppted":false},{"testStatus":{"stackTrace":"","statusValue":"PASSED"},"type":"MESSAGE","name":"","message":"Current window maximized","startTime":1530086411216,"endTime":0,"childRecords":[],"interuppted":false},{"testStatus":{"stackTrace":"","statusValue":"WARNING"},"type":"MESSAGE","name":"","message":"Cannot take screenshot","startTime":1530086451692,"endTime":0,"childRecords":[],"interuppted":false},{"testStatus":{"stackTrace":"","statusValue":"FAILED"},"type":"MESSAGE","name":"","message":"Unable to wait for page load (Root cause: org.openqa.selenium.TimeoutException: Expected condition failed: waiting for com.kms.katalon.core.webui.keyword.builtin.WaitForPageLoadKeyword$1@23811a09 (tried for 40 second(s) with 500 MILLISECONDS interval))","startTime":1530086451698,"endTime":0,"childRecords":[],"interuppted":false},{"testStatus":{"stackTrace":"","statusValue":"FAILED"},"type":"MESSAGE","name":"","message":"Unable to wait for page load (Root cause: org.openqa.selenium.TimeoutException: Expected condition failed: waiting for com.kms.katalon.core.webui.keyword.builtin.WaitForPageLoadKeyword$1@23811a09 (tried for 40 second(s) with 500 MILLISECONDS interval))","startTime":1530086451699,"endTime":0,"childRecords":[],"interuppted":false},{"testStatus":{"stackTrace":"","statusValue":"ERROR"},"type":"MESSAGE","name":"","message":"Unable to wait for page load (Root cause: org.openqa.selenium.TimeoutException: Expected condition failed: waiting for com.kms.katalon.core.webui.keyword.builtin.WaitForPageLoadKeyword$1@23811a09 (tried for 40 second(s) with 500 MILLISECONDS interval))","startTime":1530086451700,"endTime":0,"childRecords":[],"interuppted":false}],"interuppted":false}],"interuppted":false},{"index":1,"isIgnoredIfFailed":false,"type":"TEST_STEP","name":"Statement - Try","message":"Unable to click on object \u0027Object Repository/Page_Arc dashboard/sideBar\u0027 (Root cause: org.openqa.selenium.NoSuchWindowException: no such window: target window already closed\nfrom unknown error: web view not found\n  (Session info: chrome\u003d67.0.3396.99)\n  (Driver info: chromedriver\u003d2.35.528161 (5b82f2d2aae0ca24b877009200ced9065a772e73),platform\u003dWindows NT 6.1.7601 SP1 x86_64) (WARNING: The server did not provide any stacktrace information)\nCommand duration or timeout: 0 milliseconds\nBuild info: version: \u00273.7.1\u0027, revision: \u00278a0099a\u0027, time: \u00272017-11-06T21:07:36.161Z\u0027\nSystem info: host: \u0027G10CHLT003\u0027, ip: \u0027172.18.0.84\u0027, os.name: \u0027Windows 7\u0027, os.arch: \u0027amd64\u0027, os.version: \u00276.1\u0027, java.version: \u00271.8.0_102\u0027\nDriver info: com.kms.katalon.selenium.driver.CChromeDriver\nCapabilities {acceptInsecureCerts: false, acceptSslCerts: false, applicationCacheEnabled: false, browserConnectionEnabled: false, browserName: chrome, chrome: {chromedriverVersion: 2.35.528161 (5b82f2d2aae0ca..., userDataDir: C:\\Users\\Group10\\AppData\\Lo...}, cssSelectorsEnabled: true, databaseEnabled: false, handlesAlerts: true, hasTouchScreen: false, javascriptEnabled: true, locationContextEnabled: true, mobileEmulationEnabled: false, nativeEvents: true, networkConnectionEnabled: false, pageLoadStrategy: normal, platform: XP, platformName: XP, rotatable: false, setWindowRect: true, takesHeapSnapshot: true, takesScreenshot: true, unexpectedAlertBehaviour: , unhandledPromptBehavior: , version: 67.0.3396.99, webStorageEnabled: true}\nSession ID: 717b9f0fa40c91119828a3efb14d1b71\n*** Element info: {Using\u003dxpath, value\u003did(\"app\")/div[@class\u003d\"ng-scope\"]/nav[@class\u003d\"page-controls navbar navbar-default ng-scope\"]/div[@class\u003d\"container-fluid ng-scope\"]/div[@class\u003d\"navbar-header\"]/ul[@class\u003d\"nav navbar-nav\"]/li[1]/a[@class\u003d\"hidden-sm hidden-xs\"]/i[@class\u003d\"fa fa-bars fa-lg\"]})","description":"","startTime":1530086452188,"endTime":1530086453100,"childRecords":[{"index":1,"isIgnoredIfFailed":false,"type":"TEST_STEP","name":"com.arc.ReusableMethods.ReusableMethodsSearch.searchProgram","message":"Unable to click on object \u0027Object Repository/Page_Arc dashboard/sideBar\u0027 (Root cause: org.openqa.selenium.NoSuchWindowException: no such window: target window already closed\nfrom unknown error: web view not found\n  (Session info: chrome\u003d67.0.3396.99)\n  (Driver info: chromedriver\u003d2.35.528161 (5b82f2d2aae0ca24b877009200ced9065a772e73),platform\u003dWindows NT 6.1.7601 SP1 x86_64) (WARNING: The server did not provide any stacktrace information)\nCommand duration or timeout: 0 milliseconds\nBuild info: version: \u00273.7.1\u0027, revision: \u00278a0099a\u0027, time: \u00272017-11-06T21:07:36.161Z\u0027\nSystem info: host: \u0027G10CHLT003\u0027, ip: \u0027172.18.0.84\u0027, os.name: \u0027Windows 7\u0027, os.arch: \u0027amd64\u0027, os.version: \u00276.1\u0027, java.version: \u00271.8.0_102\u0027\nDriver info: com.kms.katalon.selenium.driver.CChromeDriver\nCapabilities {acceptInsecureCerts: false, acceptSslCerts: false, applicationCacheEnabled: false, browserConnectionEnabled: false, browserName: chrome, chrome: {chromedriverVersion: 2.35.528161 (5b82f2d2aae0ca..., userDataDir: C:\\Users\\Group10\\AppData\\Lo...}, cssSelectorsEnabled: true, databaseEnabled: false, handlesAlerts: true, hasTouchScreen: false, javascriptEnabled: true, locationContextEnabled: true, mobileEmulationEnabled: false, nativeEvents: true, networkConnectionEnabled: false, pageLoadStrategy: normal, platform: XP, platformName: XP, rotatable: false, setWindowRect: true, takesHeapSnapshot: true, takesScreenshot: true, unexpectedAlertBehaviour: , unhandledPromptBehavior: , version: 67.0.3396.99, webStorageEnabled: true}\nSession ID: 717b9f0fa40c91119828a3efb14d1b71\n*** Element info: {Using\u003dxpath, value\u003did(\"app\")/div[@class\u003d\"ng-scope\"]/nav[@class\u003d\"page-controls navbar navbar-default ng-scope\"]/div[@class\u003d\"container-fluid ng-scope\"]/div[@class\u003d\"navbar-header\"]/ul[@class\u003d\"nav navbar-nav\"]/li[1]/a[@class\u003d\"hidden-sm hidden-xs\"]/i[@class\u003d\"fa fa-bars fa-lg\"]})","description":"","startTime":1530086452191,"endTime":1530086453099,"childRecords":[{"testStatus":{"stackTrace":"","statusValue":"WARNING"},"type":"MESSAGE","name":"","message":"Cannot take screenshot","startTime":1530086453094,"endTime":0,"childRecords":[],"interuppted":false},{"testStatus":{"stackTrace":"","statusValue":"FAILED"},"type":"MESSAGE","name":"","message":"Unable to click on object \u0027Object Repository/Page_Arc dashboard/sideBar\u0027 (Root cause: org.openqa.selenium.NoSuchWindowException: no such window: target window already closed\nfrom unknown error: web view not found\n  (Session info: chrome\u003d67.0.3396.99)\n  (Driver info: chromedriver\u003d2.35.528161 (5b82f2d2aae0ca24b877009200ced9065a772e73),platform\u003dWindows NT 6.1.7601 SP1 x86_64) (WARNING: The server did not provide any stacktrace information)\nCommand duration or timeout: 0 milliseconds\nBuild info: version: \u00273.7.1\u0027, revision: \u00278a0099a\u0027, time: \u00272017-11-06T21:07:36.161Z\u0027\nSystem info: host: \u0027G10CHLT003\u0027, ip: \u0027172.18.0.84\u0027, os.name: \u0027Windows 7\u0027, os.arch: \u0027amd64\u0027, os.version: \u00276.1\u0027, java.version: \u00271.8.0_102\u0027\nDriver info: com.kms.katalon.selenium.driver.CChromeDriver\nCapabilities {acceptInsecureCerts: false, acceptSslCerts: false, applicationCacheEnabled: false, browserConnectionEnabled: false, browserName: chrome, chrome: {chromedriverVersion: 2.35.528161 (5b82f2d2aae0ca..., userDataDir: C:\\Users\\Group10\\AppData\\Lo...}, cssSelectorsEnabled: true, databaseEnabled: false, handlesAlerts: true, hasTouchScreen: false, javascriptEnabled: true, locationContextEnabled: true, mobileEmulationEnabled: false, nativeEvents: true, networkConnectionEnabled: false, pageLoadStrategy: normal, platform: XP, platformName: XP, rotatable: false, setWindowRect: true, takesHeapSnapshot: true, takesScreenshot: true, unexpectedAlertBehaviour: , unhandledPromptBehavior: , version: 67.0.3396.99, webStorageEnabled: true}\nSession ID: 717b9f0fa40c91119828a3efb14d1b71\n*** Element info: {Using\u003dxpath, value\u003did(\"app\")/div[@class\u003d\"ng-scope\"]/nav[@class\u003d\"page-controls navbar navbar-default ng-scope\"]/div[@class\u003d\"container-fluid ng-scope\"]/div[@class\u003d\"navbar-header\"]/ul[@class\u003d\"nav navbar-nav\"]/li[1]/a[@class\u003d\"hidden-sm hidden-xs\"]/i[@class\u003d\"fa fa-bars fa-lg\"]})","startTime":1530086453096,"endTime":0,"childRecords":[],"interuppted":false},{"testStatus":{"stackTrace":"","statusValue":"FAILED"},"type":"MESSAGE","name":"","message":"Unable to click on object \u0027Object Repository/Page_Arc dashboard/sideBar\u0027 (Root cause: org.openqa.selenium.NoSuchWindowException: no such window: target window already closed\nfrom unknown error: web view not found\n  (Session info: chrome\u003d67.0.3396.99)\n  (Driver info: chromedriver\u003d2.35.528161 (5b82f2d2aae0ca24b877009200ced9065a772e73),platform\u003dWindows NT 6.1.7601 SP1 x86_64) (WARNING: The server did not provide any stacktrace information)\nCommand duration or timeout: 0 milliseconds\nBuild info: version: \u00273.7.1\u0027, revision: \u00278a0099a\u0027, time: \u00272017-11-06T21:07:36.161Z\u0027\nSystem info: host: \u0027G10CHLT003\u0027, ip: \u0027172.18.0.84\u0027, os.name: \u0027Windows 7\u0027, os.arch: \u0027amd64\u0027, os.version: \u00276.1\u0027, java.version: \u00271.8.0_102\u0027\nDriver info: com.kms.katalon.selenium.driver.CChromeDriver\nCapabilities {acceptInsecureCerts: false, acceptSslCerts: false, applicationCacheEnabled: false, browserConnectionEnabled: false, browserName: chrome, chrome: {chromedriverVersion: 2.35.528161 (5b82f2d2aae0ca..., userDataDir: C:\\Users\\Group10\\AppData\\Lo...}, cssSelectorsEnabled: true, databaseEnabled: false, handlesAlerts: true, hasTouchScreen: false, javascriptEnabled: true, locationContextEnabled: true, mobileEmulationEnabled: false, nativeEvents: true, networkConnectionEnabled: false, pageLoadStrategy: normal, platform: XP, platformName: XP, rotatable: false, setWindowRect: true, takesHeapSnapshot: true, takesScreenshot: true, unexpectedAlertBehaviour: , unhandledPromptBehavior: , version: 67.0.3396.99, webStorageEnabled: true}\nSession ID: 717b9f0fa40c91119828a3efb14d1b71\n*** Element info: {Using\u003dxpath, value\u003did(\"app\")/div[@class\u003d\"ng-scope\"]/nav[@class\u003d\"page-controls navbar navbar-default ng-scope\"]/div[@class\u003d\"container-fluid ng-scope\"]/div[@class\u003d\"navbar-header\"]/ul[@class\u003d\"nav navbar-nav\"]/li[1]/a[@class\u003d\"hidden-sm hidden-xs\"]/i[@class\u003d\"fa fa-bars fa-lg\"]})","startTime":1530086453097,"endTime":0,"childRecords":[],"interuppted":false}],"interuppted":false}],"interuppted":false},{"index":2,"isIgnoredIfFailed":false,"type":"TEST_STEP","name":"Statement - Catch (Throwable t)","description":"","startTime":1530086453100,"endTime":1530086453118,"childRecords":[{"index":1,"isIgnoredIfFailed":false,"type":"TEST_STEP","name":"Statement - out.println(t.getLocalizedMessage())","description":"","startTime":1530086453101,"endTime":1530086453108,"childRecords":[],"interuppted":false},{"index":2,"isIgnoredIfFailed":false,"type":"TEST_STEP","name":"Statement - e1 \u003d new java.lang.Error(t.getMessage())","description":"","startTime":1530086453108,"endTime":1530086453109,"childRecords":[],"interuppted":false},{"index":3,"isIgnoredIfFailed":false,"type":"TEST_STEP","name":"Statement - e1.setStackTrace(t.getStackTrace())","description":"","startTime":1530086453110,"endTime":1530086453113,"childRecords":[],"interuppted":false},{"index":4,"isIgnoredIfFailed":false,"type":"TEST_STEP","name":"Statement - e1.printStackTrace()","description":"","startTime":1530086453114,"endTime":1530086453117,"childRecords":[],"interuppted":false}],"interuppted":false},{"testStatus":{"stackTrace":"","statusValue":"FAILED"},"type":"MESSAGE","name":"","message":"Test Cases/Buildings/MyBuildings/BuildingOther/RegPaymentByCheckTest FAILED because (of) Unable to click on object \u0027Object Repository/Page_Arc dashboard/sideBar\u0027 (Root cause: org.openqa.selenium.NoSuchWindowException: no such window: target window already closed\nfrom unknown error: web view not found\n  (Session info: chrome\u003d67.0.3396.99)\n  (Driver info: chromedriver\u003d2.35.528161 (5b82f2d2aae0ca24b877009200ced9065a772e73),platform\u003dWindows NT 6.1.7601 SP1 x86_64) (WARNING: The server did not provide any stacktrace information)\nCommand duration or timeout: 0 milliseconds\nBuild info: version: \u00273.7.1\u0027, revision: \u00278a0099a\u0027, time: \u00272017-11-06T21:07:36.161Z\u0027\nSystem info: host: \u0027G10CHLT003\u0027, ip: \u0027172.18.0.84\u0027, os.name: \u0027Windows 7\u0027, os.arch: \u0027amd64\u0027, os.version: \u00276.1\u0027, java.version: \u00271.8.0_102\u0027\nDriver info: com.kms.katalon.selenium.driver.CChromeDriver\nCapabilities {acceptInsecureCerts: false, acceptSslCerts: false, applicationCacheEnabled: false, browserConnectionEnabled: false, browserName: chrome, chrome: {chromedriverVersion: 2.35.528161 (5b82f2d2aae0ca..., userDataDir: C:\\Users\\Group10\\AppData\\Lo...}, cssSelectorsEnabled: true, databaseEnabled: false, handlesAlerts: true, hasTouchScreen: false, javascriptEnabled: true, locationContextEnabled: true, mobileEmulationEnabled: false, nativeEvents: true, networkConnectionEnabled: false, pageLoadStrategy: normal, platform: XP, platformName: XP, rotatable: false, setWindowRect: true, takesHeapSnapshot: true, takesScreenshot: true, unexpectedAlertBehaviour: , unhandledPromptBehavior: , version: 67.0.3396.99, webStorageEnabled: true}\nSession ID: 717b9f0fa40c91119828a3efb14d1b71\n*** Element info: {Using\u003dxpath, value\u003did(\"app\")/div[@class\u003d\"ng-scope\"]/nav[@class\u003d\"page-controls navbar navbar-default ng-scope\"]/div[@class\u003d\"container-fluid ng-scope\"]/div[@class\u003d\"navbar-header\"]/ul[@class\u003d\"nav navbar-nav\"]/li[1]/a[@class\u003d\"hidden-sm hidden-xs\"]/i[@class\u003d\"fa fa-bars fa-lg\"]})","startTime":1530086453118,"endTime":0,"childRecords":[],"interuppted":false},{"index":-1,"isIgnoredIfFailed":false,"type":"TEST_STEP","name":"Start listener action : afterTestCase","message":"Invoke \u0027com.kms.katalon.core.annotation.AfterTestCase\u0027 method: \u0027MasterTestListener.afterTestCase(...)\u0027 completed.","description":"","startTime":1530086453124,"endTime":1530086455848,"childRecords":[{"index":1,"isIgnoredIfFailed":false,"type":"TEST_STEP","name":"switchToDefaultContent","message":"Switching to default content failed because of: org.openqa.selenium.WebDriverException: chrome not reachable\n  (Session info: chrome\u003d67.0.3396.99)\n  (Driver info: chromedriver\u003d2.35.528161 (5b82f2d2aae0ca24b877009200ced9065a772e73),platform\u003dWindows NT 6.1.7601 SP1 x86_64) (WARNING: The server did not provide any stacktrace information)\nCommand duration or timeout: 0 milliseconds\nBuild info: version: \u00273.7.1\u0027, revision: \u00278a0099a\u0027, time: \u00272017-11-06T21:07:36.161Z\u0027\nSystem info: host: \u0027G10CHLT003\u0027, ip: \u0027172.18.0.84\u0027, os.name: \u0027Windows 7\u0027, os.arch: \u0027amd64\u0027, os.version: \u00276.1\u0027, java.version: \u00271.8.0_102\u0027\nDriver info: com.kms.katalon.selenium.driver.CChromeDriver\nCapabilities {acceptInsecureCerts: false, acceptSslCerts: false, applicationCacheEnabled: false, browserConnectionEnabled: false, browserName: chrome, chrome: {chromedriverVersion: 2.35.528161 (5b82f2d2aae0ca..., userDataDir: C:\\Users\\Group10\\AppData\\Lo...}, cssSelectorsEnabled: true, databaseEnabled: false, handlesAlerts: true, hasTouchScreen: false, javascriptEnabled: true, locationContextEnabled: true, mobileEmulationEnabled: false, nativeEvents: true, networkConnectionEnabled: false, pageLoadStrategy: normal, platform: XP, platformName: XP, rotatable: false, setWindowRect: true, takesHeapSnapshot: true, takesScreenshot: true, unexpectedAlertBehaviour: , unhandledPromptBehavior: , version: 67.0.3396.99, webStorageEnabled: true}\nSession ID: 717b9f0fa40c91119828a3efb14d1b71","description":"","startTime":1530086453125,"endTime":1530086455188,"childRecords":[{"testStatus":{"stackTrace":"","statusValue":"WARNING"},"type":"MESSAGE","name":"","message":"Switching to default content failed because of: org.openqa.selenium.WebDriverException: chrome not reachable\n  (Session info: chrome\u003d67.0.3396.99)\n  (Driver info: chromedriver\u003d2.35.528161 (5b82f2d2aae0ca24b877009200ced9065a772e73),platform\u003dWindows NT 6.1.7601 SP1 x86_64) (WARNING: The server did not provide any stacktrace information)\nCommand duration or timeout: 0 milliseconds\nBuild info: version: \u00273.7.1\u0027, revision: \u00278a0099a\u0027, time: \u00272017-11-06T21:07:36.161Z\u0027\nSystem info: host: \u0027G10CHLT003\u0027, ip: \u0027172.18.0.84\u0027, os.name: \u0027Windows 7\u0027, os.arch: \u0027amd64\u0027, os.version: \u00276.1\u0027, java.version: \u00271.8.0_102\u0027\nDriver info: com.kms.katalon.selenium.driver.CChromeDriver\nCapabilities {acceptInsecureCerts: false, acceptSslCerts: false, applicationCacheEnabled: false, browserConnectionEnabled: false, browserName: chrome, chrome: {chromedriverVersion: 2.35.528161 (5b82f2d2aae0ca..., userDataDir: C:\\Users\\Group10\\AppData\\Lo...}, cssSelectorsEnabled: true, databaseEnabled: false, handlesAlerts: true, hasTouchScreen: false, javascriptEnabled: true, locationContextEnabled: true, mobileEmulationEnabled: false, nativeEvents: true, networkConnectionEnabled: false, pageLoadStrategy: normal, platform: XP, platformName: XP, rotatable: false, setWindowRect: true, takesHeapSnapshot: true, takesScreenshot: true, unexpectedAlertBehaviour: , unhandledPromptBehavior: , version: 67.0.3396.99, webStorageEnabled: true}\nSession ID: 717b9f0fa40c91119828a3efb14d1b71","startTime":1530086455186,"endTime":0,"childRecords":[],"interuppted":false}],"interuppted":false},{"index":2,"isIgnoredIfFailed":false,"type":"TEST_STEP","name":"Statement - com.kms.katalon.core.util.KeywordUtil.markWarning(\"Test Case Name : \" + testCase.getTestCaseId())","message":"Test Case Name : Test Cases/Buildings/MyBuildings/BuildingOther/RegPaymentByCheckTest","description":"","startTime":1530086455189,"endTime":1530086455190,"childRecords":[{"testStatus":{"stackTrace":"","statusValue":"WARNING"},"type":"MESSAGE","name":"","message":"Test Case Name : Test Cases/Buildings/MyBuildings/BuildingOther/RegPaymentByCheckTest","startTime":1530086455189,"endTime":0,"childRecords":[],"interuppted":false}],"interuppted":false},{"index":3,"isIgnoredIfFailed":false,"type":"TEST_STEP","name":"Statement - com.kms.katalon.core.util.KeywordUtil.markWarning(\"Test Case Status : \" + testCase.getTestCaseStatus())","message":"Test Case Status : FAILED","description":"","startTime":1530086455190,"endTime":1530086455191,"childRecords":[{"testStatus":{"stackTrace":"","statusValue":"WARNING"},"type":"MESSAGE","name":"","message":"Test Case Status : FAILED","startTime":1530086455191,"endTime":0,"childRecords":[],"interuppted":false}],"interuppted":false},{"index":4,"isIgnoredIfFailed":false,"type":"TEST_STEP","name":"Statement - If (\"FAILED\".equalsIgnoreCase(testCase.getTestCaseStatus()))","description":"","startTime":1530086455195,"endTime":1530086455262,"childRecords":[{"index":1,"isIgnoredIfFailed":false,"type":"TEST_STEP","name":"Statement - println(\"Test case Fail taking Screenshot\")","description":"","startTime":1530086455195,"endTime":1530086455200,"childRecords":[],"interuppted":false},{"index":2,"isIgnoredIfFailed":false,"type":"TEST_STEP","name":"Statement - Try","message":"Cannot take screenshot (Root cause: org.openqa.selenium.NoSuchWindowException: no such window: target window already closed\nfrom unknown error: web view not found\n  (Session info: chrome\u003d67.0.3396.99)\n  (Driver info: chromedriver\u003d2.35.528161 (5b82f2d2aae0ca24b877009200ced9065a772e73),platform\u003dWindows NT 6.1.7601 SP1 x86_64) (WARNING: The server did not provide any stacktrace information)\nCommand duration or timeout: 0 milliseconds\nBuild info: version: \u00273.7.1\u0027, revision: \u00278a0099a\u0027, time: \u00272017-11-06T21:07:36.161Z\u0027\nSystem info: host: \u0027G10CHLT003\u0027, ip: \u0027172.18.0.84\u0027, os.name: \u0027Windows 7\u0027, os.arch: \u0027amd64\u0027, os.version: \u00276.1\u0027, java.version: \u00271.8.0_102\u0027\nDriver info: com.kms.katalon.selenium.driver.CChromeDriver\nCapabilities {acceptInsecureCerts: false, acceptSslCerts: false, applicationCacheEnabled: false, browserConnectionEnabled: false, browserName: chrome, chrome: {chromedriverVersion: 2.35.528161 (5b82f2d2aae0ca..., userDataDir: C:\\Users\\Group10\\AppData\\Lo...}, cssSelectorsEnabled: true, databaseEnabled: false, handlesAlerts: true, hasTouchScreen: false, javascriptEnabled: true, locationContextEnabled: true, mobileEmulationEnabled: false, nativeEvents: true, networkConnectionEnabled: false, pageLoadStrategy: normal, platform: XP, platformName: XP, rotatable: false, setWindowRect: true, takesHeapSnapshot: true, takesScreenshot: true, unexpectedAlertBehaviour: , unhandledPromptBehavior: , version: 67.0.3396.99, webStorageEnabled: true}\nSession ID: 717b9f0fa40c91119828a3efb14d1b71)","description":"","startTime":1530086455202,"endTime":1530086455257,"childRecords":[{"index":1,"isIgnoredIfFailed":false,"type":"TEST_STEP","name":"Statement - data \u003d new java.util.Date(java.lang.System.currentTimeMillis())","description":"","startTime":1530086455203,"endTime":1530086455204,"childRecords":[],"interuppted":false},{"index":2,"isIgnoredIfFailed":false,"type":"TEST_STEP","name":"Statement - formatarDate \u003d new java.text.SimpleDateFormat(yyyyMMddHHmmss)","description":"","startTime":1530086455206,"endTime":1530086455212,"childRecords":[],"interuppted":false},{"index":3,"isIgnoredIfFailed":false,"type":"TEST_STEP","name":"takeScreenshot","message":"Cannot take screenshot (Root cause: org.openqa.selenium.NoSuchWindowException: no such window: target window already closed\nfrom unknown error: web view not found\n  (Session info: chrome\u003d67.0.3396.99)\n  (Driver info: chromedriver\u003d2.35.528161 (5b82f2d2aae0ca24b877009200ced9065a772e73),platform\u003dWindows NT 6.1.7601 SP1 x86_64) (WARNING: The server did not provide any stacktrace information)\nCommand duration or timeout: 0 milliseconds\nBuild info: version: \u00273.7.1\u0027, revision: \u00278a0099a\u0027, time: \u00272017-11-06T21:07:36.161Z\u0027\nSystem info: host: \u0027G10CHLT003\u0027, ip: \u0027172.18.0.84\u0027, os.name: \u0027Windows 7\u0027, os.arch: \u0027amd64\u0027, os.version: \u00276.1\u0027, java.version: \u00271.8.0_102\u0027\nDriver info: com.kms.katalon.selenium.driver.CChromeDriver\nCapabilities {acceptInsecureCerts: false, acceptSslCerts: false, applicationCacheEnabled: false, browserConnectionEnabled: false, browserName: chrome, chrome: {chromedriverVersion: 2.35.528161 (5b82f2d2aae0ca..., userDataDir: C:\\Users\\Group10\\AppData\\Lo...}, cssSelectorsEnabled: true, databaseEnabled: false, handlesAlerts: true, hasTouchScreen: false, javascriptEnabled: true, locationContextEnabled: true, mobileEmulationEnabled: false, nativeEvents: true, networkConnectionEnabled: false, pageLoadStrategy: normal, platform: XP, platformName: XP, rotatable: false, setWindowRect: true, takesHeapSnapshot: true, takesScreenshot: true, unexpectedAlertBehaviour: , unhandledPromptBehavior: , version: 67.0.3396.99, webStorageEnabled: true}\nSession ID: 717b9f0fa40c91119828a3efb14d1b71)","description":"","startTime":1530086455217,"endTime":1530086455256,"childRecords":[{"testStatus":{"stackTrace":"","statusValue":"WARNING"},"type":"MESSAGE","name":"","message":"Cannot take screenshot","startTime":1530086455255,"endTime":0,"childRecords":[],"interuppted":false},{"testStatus":{"stackTrace":"","statusValue":"FAILED"},"type":"MESSAGE","name":"","message":"Cannot take screenshot (Root cause: org.openqa.selenium.NoSuchWindowException: no such window: target window already closed\nfrom unknown error: web view not found\n  (Session info: chrome\u003d67.0.3396.99)\n  (Driver info: chromedriver\u003d2.35.528161 (5b82f2d2aae0ca24b877009200ced9065a772e73),platform\u003dWindows NT 6.1.7601 SP1 x86_64) (WARNING: The server did not provide any stacktrace information)\nCommand duration or timeout: 0 milliseconds\nBuild info: version: \u00273.7.1\u0027, revision: \u00278a0099a\u0027, time: \u00272017-11-06T21:07:36.161Z\u0027\nSystem info: host: \u0027G10CHLT003\u0027, ip: \u0027172.18.0.84\u0027, os.name: \u0027Windows 7\u0027, os.arch: \u0027amd64\u0027, os.version: \u00276.1\u0027, java.version: \u00271.8.0_102\u0027\nDriver info: com.kms.katalon.selenium.driver.CChromeDriver\nCapabilities {acceptInsecureCerts: false, acceptSslCerts: false, applicationCacheEnabled: false, browserConnectionEnabled: false, browserName: chrome, chrome: {chromedriverVersion: 2.35.528161 (5b82f2d2aae0ca..., userDataDir: C:\\Users\\Group10\\AppData\\Lo...}, cssSelectorsEnabled: true, databaseEnabled: false, handlesAlerts: true, hasTouchScreen: false, javascriptEnabled: true, locationContextEnabled: true, mobileEmulationEnabled: false, nativeEvents: true, networkConnectionEnabled: false, pageLoadStrategy: normal, platform: XP, platformName: XP, rotatable: false, setWindowRect: true, takesHeapSnapshot: true, takesScreenshot: true, unexpectedAlertBehaviour: , unhandledPromptBehavior: , version: 67.0.3396.99, webStorageEnabled: true}\nSession ID: 717b9f0fa40c91119828a3efb14d1b71)","startTime":1530086455256,"endTime":0,"childRecords":[],"interuppted":false}],"interuppted":false}],"interuppted":false},{"index":3,"isIgnoredIfFailed":false,"type":"TEST_STEP","name":"Statement - Catch (Exception e)","description":"","startTime":1530086455257,"endTime":1530086455262,"childRecords":[{"index":1,"isIgnoredIfFailed":false,"type":"TEST_STEP","name":"Statement - e.printStackTrace()","description":"","startTime":1530086455258,"endTime":1530086455262,"childRecords":[],"interuppted":false}],"interuppted":false}],"interuppted":false},{"index":5,"isIgnoredIfFailed":false,"type":"TEST_STEP","name":"closeBrowser","message":"Browser is closed","description":"","startTime":1530086455263,"endTime":1530086455847,"childRecords":[{"testStatus":{"stackTrace":"","statusValue":"PASSED"},"type":"MESSAGE","name":"","message":"Browser is closed","startTime":1530086455846,"endTime":0,"childRecords":[],"interuppted":false}],"interuppted":false}],"interuppted":false}],"interuppted":false}],"interuppted":false}