<?xml version="1.0" encoding="UTF-8"?>
<testsuites name="Portfolios TestSuite" time="1321" tests="7" failures="6" errors="4">
   <testsuite name="Portfolios TestSuite" tests="7" failures="6" errors="4" time="1321" timestamp="2018-07-09 16:03:21" hostname="Group10 - G10CHLT003" id="Test Suites/Building Suites/Portfolios TestSuite">
      <properties>
         <property name="deviceName" value=""/>
         <property name="devicePlatform" value=""/>
         <property name="logFolder" value="C:\\Users\\Group10\\git\\KatalonStudio\\ArcWithKatalonStudio\\Reports\\Building Suites\\Portfolios TestSuite\\20180709_160316"/>
         <property name="logFiles" value="C:\\Users\\Group10\\git\\KatalonStudio\\ArcWithKatalonStudio\\Reports\\Building Suites\\Portfolios TestSuite\\20180709_160316\\execution0.log"/>
         <property name="attachments" value="C:\\Users\\Group10\\git\\KatalonStudio\\ArcWithKatalonStudio\\ScreenShot\\screenshot_20180709161209.png, C:\\Users\\Group10\\git\\KatalonStudio\\ArcWithKatalonStudio\\ScreenShot\\screenshot_20180709161307.png, C:\\Users\\Group10\\git\\KatalonStudio\\ArcWithKatalonStudio\\ScreenShot\\screenshot_20180709161411.png, C:\\Users\\Group10\\git\\KatalonStudio\\ArcWithKatalonStudio\\ScreenShot\\screenshot_20180709161511.png, C:\\Users\\Group10\\git\\KatalonStudio\\ArcWithKatalonStudio\\ScreenShot\\screenshot_20180709161612.png, C:\\Users\\Group10\\git\\KatalonStudio\\ArcWithKatalonStudio\\ScreenShot\\screenshot_20180709161710.png, C:\\Users\\Group10\\git\\KatalonStudio\\ArcWithKatalonStudio\\ScreenShot\\screenshot_20180709162017.png, C:\\Users\\Group10\\git\\KatalonStudio\\ArcWithKatalonStudio\\ScreenShot\\screenshot_20180709162124.png, C:\\Users\\Group10\\git\\KatalonStudio\\ArcWithKatalonStudio\\ScreenShot\\screenshot_20180709162433.png"/>
         <property name="hostName" value="Group10 - G10CHLT003"/>
         <property name="os" value="Windows 7 64bit"/>
         <property name="katalonVersion" value="5.4.1.1"/>
         <property name="browser" value="Chrome 67.0.3396.99"/>
         <property name="hostAddress" value="172.18.0.84"/>
         <property name="sessionId" value="635a3675df99ea80568eb99eda86df9c"/>
         <property name="seleniumVersion" value="3.7.1"/>
         <property name="proxyInformation" value="ProxyInformation{proxyOption=NO_PROXY, proxyServerType=HTTP, password=, proxyServerAddress=, proxyServerPort=0}"/>
         <property name="platform" value="Windows 7"/>
      </properties>
      <testcase name="Test Cases/Buildings/MyPortfolios/LoginWithPortfolioTest" classname="Test Cases/Buildings/MyPortfolios/LoginWithPortfolioTest" status="PASSED">
         <system-out><![CDATA[2018-07-09 16:03:24 - [TEST_CASE][PASSED] - Test Cases/Buildings/MyPortfolios/LoginWithPortfolioTest: Test Cases/Buildings/MyPortfolios/LoginWithPortfolioTest

2018-07-09 16:03:24 - [TEST_STEP][PASSED] - Start listener action : beforeTestListener: com.arc.ReusableMethods.ReusableMethodsLogin.loginIntoArcWithGlobalVariable is PASSED

2018-07-09 16:03:24 - [TEST_STEP][PASSED] - com.arc.ReusableMethods.ReusableMethodsLogin.loginIntoArcWithGlobalVariable: com.arc.ReusableMethods.ReusableMethodsLogin.loginIntoArcWithGlobalVariable is PASSED

2018-07-09 16:03:37 - [MESSAGE][PASSED] - Browser is opened with url: 'http://www.stg.arconline.io/'

2018-07-09 16:03:38 - [MESSAGE][PASSED] - Current window maximized

2018-07-09 16:03:39 - [MESSAGE][PASSED] - Wait for page load successfully

2018-07-09 16:03:39 - [MESSAGE][PASSED] - Object: 'Object Repository/Page_Home  Arc/button_ACCEPT AND CLOSE' is clicked on

2018-07-09 16:03:39 - [MESSAGE][PASSED] - Object: 'Object Repository/Page_Home  Arc/Click_Log in' is clicked on

2018-07-09 16:03:40 - [MESSAGE][PASSED] - Text 'Saurav@groupten.com' is set on object 'Object Repository/Page_Home  Arc/input_name'

2018-07-09 16:03:41 - [MESSAGE][PASSED] - Text 'LEEDg10' is set on object 'Object Repository/Page_Home  Arc/input_pass'

2018-07-09 16:03:41 - [MESSAGE][PASSED] - Object: 'Object Repository/Page_Home  Arc/input_field_policy_accept' is clicked on

2018-07-09 16:03:55 - [MESSAGE][PASSED] - Object: 'Object Repository/Page_Home  Arc/button_Log in' is clicked on

2018-07-09 16:04:00 - [MESSAGE][PASSED] - Delayed 5 second(s)

2018-07-09 16:04:00 - [MESSAGE][PASSED] - Text of object 'Object Repository/Page_Arc dashboard/span_My Projects' is: 'My Projects'

2018-07-09 16:04:00 - [MESSAGE][PASSED] - Actual text 'My Projects' and expected text 'My Projects' are matched  using regular expression

2018-07-09 16:04:03 - [MESSAGE][PASSED] - Delayed 3 second(s)

2018-07-09 16:04:03 - [MESSAGE][PASSED] - com.arc.ReusableMethods.ReusableMethodsLogin.loginIntoArcWithGlobalVariable is PASSED

2018-07-09 16:04:04 - [TEST_STEP][PASSED] - Statement - Try: com.arc.ReusableMethods.ReusableMethodsNavigation.navigateToPortfolio is PASSED

2018-07-09 16:04:04 - [TEST_STEP][PASSED] - com.arc.ReusableMethods.ReusableMethodsNavigation.navigateToPortfolio: com.arc.ReusableMethods.ReusableMethodsNavigation.navigateToPortfolio is PASSED

2018-07-09 16:04:04 - [MESSAGE][PASSED] - Object: 'Object Repository/Page_Arc dashboard/a_ Buildings' is clicked on

2018-07-09 16:04:06 - [MESSAGE][PASSED] - Delayed 2 second(s)

2018-07-09 16:04:07 - [MESSAGE][PASSED] - Object: 'Object Repository/Portfolio/Common/a_ My Portfolios' is clicked on

2018-07-09 16:04:07 - [MESSAGE][PASSED] - Object: 'Object Repository/Portfolio/Common/span_My Portfolios' is clicked on

2018-07-09 16:04:08 - [MESSAGE][PASSED] - Text of object 'Object Repository/Page_Arc dashboard/span_My Portfolios' is: 'My Portfolios'

2018-07-09 16:04:08 - [MESSAGE][PASSED] - Actual text 'My Portfolios' and expected text 'My Portfolios' are matched 

2018-07-09 16:04:08 - [MESSAGE][PASSED] - com.arc.ReusableMethods.ReusableMethodsNavigation.navigateToPortfolio is PASSED

2018-07-09 16:04:08 - [TEST_STEP][PASSED] - Start listener action : afterTestCase: Browser is closed

2018-07-09 16:04:08 - [TEST_STEP][PASSED] - switchToDefaultContent: Switching to default content

2018-07-09 16:04:08 - [TEST_STEP][PASSED] - Statement - com.kms.katalon.core.util.KeywordUtil.markWarning("Test Case Name : " + testCase.getTestCaseId()): Test Case Name : Test Cases/Buildings/MyPortfolios/LoginWithPortfolioTest

2018-07-09 16:04:08 - [MESSAGE][WARNING] - Test Case Name : Test Cases/Buildings/MyPortfolios/LoginWithPortfolioTest

2018-07-09 16:04:08 - [TEST_STEP][PASSED] - Statement - com.kms.katalon.core.util.KeywordUtil.markWarning("Test Case Status : " + testCase.getTestCaseStatus()): Test Case Status : PASSED

2018-07-09 16:04:08 - [MESSAGE][WARNING] - Test Case Status : PASSED

2018-07-09 16:04:08 - [TEST_STEP][PASSED] - Statement - If ("FAILED".equalsIgnoreCase(testCase.getTestCaseStatus())): null

2018-07-09 16:04:08 - [TEST_STEP][PASSED] - closeBrowser: Browser is closed

2018-07-09 16:04:09 - [MESSAGE][PASSED] - Browser is closed]]></system-out>
         <system-err><![CDATA[]]></system-err>
      </testcase>
      <testcase name="Test Cases/Buildings/MyPortfolios/CreateNewPortfolioTest" classname="Test Cases/Buildings/MyPortfolios/CreateNewPortfolioTest" status="PASSED">
         <system-out><![CDATA[2018-07-09 16:04:09 - [TEST_CASE][PASSED] - Test Cases/Buildings/MyPortfolios/CreateNewPortfolioTest: Test Cases/Buildings/MyPortfolios/CreateNewPortfolioTest

2018-07-09 16:04:09 - [TEST_STEP][PASSED] - Start listener action : beforeTestListener: com.arc.ReusableMethods.ReusableMethodsLogin.loginIntoArcWithGlobalVariable is PASSED

2018-07-09 16:04:09 - [TEST_STEP][PASSED] - com.arc.ReusableMethods.ReusableMethodsLogin.loginIntoArcWithGlobalVariable: com.arc.ReusableMethods.ReusableMethodsLogin.loginIntoArcWithGlobalVariable is PASSED

2018-07-09 16:04:18 - [MESSAGE][PASSED] - Browser is opened with url: 'http://www.stg.arconline.io/'

2018-07-09 16:04:19 - [MESSAGE][PASSED] - Current window maximized

2018-07-09 16:04:19 - [MESSAGE][PASSED] - Wait for page load successfully

2018-07-09 16:04:20 - [MESSAGE][PASSED] - Object: 'Object Repository/Page_Home  Arc/button_ACCEPT AND CLOSE' is clicked on

2018-07-09 16:04:20 - [MESSAGE][PASSED] - Object: 'Object Repository/Page_Home  Arc/Click_Log in' is clicked on

2018-07-09 16:04:21 - [MESSAGE][PASSED] - Text 'Saurav@groupten.com' is set on object 'Object Repository/Page_Home  Arc/input_name'

2018-07-09 16:04:21 - [MESSAGE][PASSED] - Text 'LEEDg10' is set on object 'Object Repository/Page_Home  Arc/input_pass'

2018-07-09 16:04:21 - [MESSAGE][PASSED] - Object: 'Object Repository/Page_Home  Arc/input_field_policy_accept' is clicked on

2018-07-09 16:04:35 - [MESSAGE][PASSED] - Object: 'Object Repository/Page_Home  Arc/button_Log in' is clicked on

2018-07-09 16:04:40 - [MESSAGE][PASSED] - Delayed 5 second(s)

2018-07-09 16:04:40 - [MESSAGE][PASSED] - Text of object 'Object Repository/Page_Arc dashboard/span_My Projects' is: 'My Projects'

2018-07-09 16:04:40 - [MESSAGE][PASSED] - Actual text 'My Projects' and expected text 'My Projects' are matched  using regular expression

2018-07-09 16:04:43 - [MESSAGE][PASSED] - Delayed 3 second(s)

2018-07-09 16:04:43 - [MESSAGE][PASSED] - com.arc.ReusableMethods.ReusableMethodsLogin.loginIntoArcWithGlobalVariable is PASSED

2018-07-09 16:04:43 - [TEST_STEP][PASSED] - Statement - Try: com.arc.ReusableMethods.ResuableMethodsPortfolio.createNewPortfolio is PASSED

2018-07-09 16:04:43 - [TEST_STEP][PASSED] - com.arc.ReusableMethods.ReusableMethodsNavigation.navigateToPortfolio: com.arc.ReusableMethods.ReusableMethodsNavigation.navigateToPortfolio is PASSED

2018-07-09 16:04:44 - [MESSAGE][PASSED] - Object: 'Object Repository/Page_Arc dashboard/a_ Buildings' is clicked on

2018-07-09 16:04:46 - [MESSAGE][PASSED] - Delayed 2 second(s)

2018-07-09 16:04:46 - [MESSAGE][PASSED] - Object: 'Object Repository/Portfolio/Common/a_ My Portfolios' is clicked on

2018-07-09 16:04:47 - [MESSAGE][PASSED] - Object: 'Object Repository/Portfolio/Common/span_My Portfolios' is clicked on

2018-07-09 16:04:47 - [MESSAGE][PASSED] - Text of object 'Object Repository/Page_Arc dashboard/span_My Portfolios' is: 'My Portfolios'

2018-07-09 16:04:47 - [MESSAGE][PASSED] - Actual text 'My Portfolios' and expected text 'My Portfolios' are matched 

2018-07-09 16:04:47 - [MESSAGE][PASSED] - com.arc.ReusableMethods.ReusableMethodsNavigation.navigateToPortfolio is PASSED

2018-07-09 16:04:47 - [TEST_STEP][PASSED] - com.arc.ReusableMethods.ResuableMethodsPortfolio.createNewPortfolio: com.arc.ReusableMethods.ResuableMethodsPortfolio.createNewPortfolio is PASSED

2018-07-09 16:04:50 - [MESSAGE][PASSED] - Object: 'Object Repository/Portfolio/Common/button_ Create a Portfolio' is clicked on

2018-07-09 16:04:54 - [MESSAGE][PASSED] - Delayed 4 second(s)

2018-07-09 16:04:55 - [MESSAGE][PASSED] - Text 'Building Portfolio 160324' is set on object 'Object Repository/Portfolio/Common/input_name'

2018-07-09 16:04:55 - [MESSAGE][PASSED] - Text 'Z Park' is set on object 'Object Repository/Portfolio/Common/input_organization'

2018-07-09 16:04:55 - [MESSAGE][PASSED] - Object: 'Object Repository/Portfolio/Common/input_organization' is clicked on

2018-07-09 16:04:57 - [MESSAGE][PASSED] - Delayed 2 second(s)

2018-07-09 16:04:58 - [MESSAGE][PASSED] - Object: 'Object Repository/Portfolio/Common/span_Z Park' is clicked on

2018-07-09 16:04:58 - [MESSAGE][PASSED] - All options with label 'United States' are selected in object 'Object Repository/Portfolio/Common/OwnerOrg' 

2018-07-09 16:04:59 - [MESSAGE][PASSED] - Text '8969774445' is set on object 'Object Repository/Portfolio/Common/input_portfolio_organization_c'

2018-07-09 16:04:59 - [MESSAGE][PASSED] - Text 'Alabama' is set on object 'Object Repository/Portfolio/Common/input_location'

2018-07-09 16:05:00 - [MESSAGE][PASSED] - Text 'usgbcarc@gmail.com' is set on object 'Object Repository/Portfolio/Common/input_portfolio_email'

2018-07-09 16:05:01 - [MESSAGE][PASSED] - Text 'US Building LEED V4 Projects' is set on object 'Object Repository/Portfolio/Common/textarea_Description'

2018-07-09 16:05:01 - [MESSAGE][PASSED] - Object: 'Object Repository/Portfolio/Common/button_Create' is clicked on

2018-07-09 16:05:08 - [MESSAGE][PASSED] - Delayed 7 second(s)

2018-07-09 16:05:08 - [MESSAGE][PASSED] - Object: 'Object Repository/Portfolio/Common/button_Done' is clicked on

2018-07-09 16:05:13 - [MESSAGE][PASSED] - Delayed 5 second(s)

2018-07-09 16:05:14 - [MESSAGE][PASSED] - Text of object 'Object Repository/Portfolio/Common/p_Get Started' is: 'Get Started!'

2018-07-09 16:05:14 - [MESSAGE][PASSED] - Actual text 'Get Started!' and expected text 'Get Started!' are matched  using regular expression

2018-07-09 16:05:14 - [MESSAGE][PASSED] - com.arc.ReusableMethods.ResuableMethodsPortfolio.createNewPortfolio is PASSED

2018-07-09 16:05:14 - [TEST_STEP][PASSED] - Start listener action : afterTestCase: Browser is closed

2018-07-09 16:05:14 - [TEST_STEP][PASSED] - switchToDefaultContent: Switching to default content

2018-07-09 16:05:14 - [TEST_STEP][PASSED] - Statement - com.kms.katalon.core.util.KeywordUtil.markWarning("Test Case Name : " + testCase.getTestCaseId()): Test Case Name : Test Cases/Buildings/MyPortfolios/CreateNewPortfolioTest

2018-07-09 16:05:14 - [MESSAGE][WARNING] - Test Case Name : Test Cases/Buildings/MyPortfolios/CreateNewPortfolioTest

2018-07-09 16:05:14 - [TEST_STEP][PASSED] - Statement - com.kms.katalon.core.util.KeywordUtil.markWarning("Test Case Status : " + testCase.getTestCaseStatus()): Test Case Status : PASSED

2018-07-09 16:05:14 - [MESSAGE][WARNING] - Test Case Status : PASSED

2018-07-09 16:05:14 - [TEST_STEP][PASSED] - Statement - If ("FAILED".equalsIgnoreCase(testCase.getTestCaseStatus())): null

2018-07-09 16:05:14 - [TEST_STEP][PASSED] - closeBrowser: Browser is closed

2018-07-09 16:05:14 - [MESSAGE][PASSED] - Browser is closed]]></system-out>
         <system-err><![CDATA[]]></system-err>
      </testcase>
      <testcase name="Test Cases/Buildings/MyPortfolios/SearchProgramPortfolioTest" classname="Test Cases/Buildings/MyPortfolios/SearchProgramPortfolioTest" status="PASSED">
         <system-out><![CDATA[2018-07-09 16:05:14 - [TEST_CASE][PASSED] - Test Cases/Buildings/MyPortfolios/SearchProgramPortfolioTest: Test Cases/Buildings/MyPortfolios/SearchProgramPortfolioTest

2018-07-09 16:05:14 - [TEST_STEP][PASSED] - Start listener action : beforeTestListener: com.arc.ReusableMethods.ReusableMethodsLogin.loginIntoArcWithGlobalVariable is PASSED

2018-07-09 16:05:14 - [TEST_STEP][PASSED] - com.arc.ReusableMethods.ReusableMethodsLogin.loginIntoArcWithGlobalVariable: com.arc.ReusableMethods.ReusableMethodsLogin.loginIntoArcWithGlobalVariable is PASSED

2018-07-09 16:05:25 - [MESSAGE][PASSED] - Browser is opened with url: 'http://www.stg.arconline.io/'

2018-07-09 16:05:26 - [MESSAGE][PASSED] - Current window maximized

2018-07-09 16:05:26 - [MESSAGE][PASSED] - Wait for page load successfully

2018-07-09 16:05:26 - [MESSAGE][PASSED] - Object: 'Object Repository/Page_Home  Arc/button_ACCEPT AND CLOSE' is clicked on

2018-07-09 16:05:27 - [MESSAGE][PASSED] - Object: 'Object Repository/Page_Home  Arc/Click_Log in' is clicked on

2018-07-09 16:05:28 - [MESSAGE][PASSED] - Text 'Saurav@groupten.com' is set on object 'Object Repository/Page_Home  Arc/input_name'

2018-07-09 16:05:28 - [MESSAGE][PASSED] - Text 'LEEDg10' is set on object 'Object Repository/Page_Home  Arc/input_pass'

2018-07-09 16:05:28 - [MESSAGE][PASSED] - Object: 'Object Repository/Page_Home  Arc/input_field_policy_accept' is clicked on

2018-07-09 16:05:40 - [MESSAGE][PASSED] - Object: 'Object Repository/Page_Home  Arc/button_Log in' is clicked on

2018-07-09 16:05:45 - [MESSAGE][PASSED] - Delayed 5 second(s)

2018-07-09 16:05:46 - [MESSAGE][PASSED] - Text of object 'Object Repository/Page_Arc dashboard/span_My Projects' is: 'My Projects'

2018-07-09 16:05:46 - [MESSAGE][PASSED] - Actual text 'My Projects' and expected text 'My Projects' are matched  using regular expression

2018-07-09 16:05:49 - [MESSAGE][PASSED] - Delayed 3 second(s)

2018-07-09 16:05:49 - [MESSAGE][PASSED] - com.arc.ReusableMethods.ReusableMethodsLogin.loginIntoArcWithGlobalVariable is PASSED

2018-07-09 16:05:49 - [TEST_STEP][PASSED] - Statement - Try: com.arc.ReusableMethods.ReusableMethodsSearch.searchProgramPortfolio is PASSED

2018-07-09 16:05:49 - [TEST_STEP][PASSED] - com.arc.ReusableMethods.ReusableMethodsNavigation.navigateToPortfolio: com.arc.ReusableMethods.ReusableMethodsNavigation.navigateToPortfolio is PASSED

2018-07-09 16:05:49 - [MESSAGE][PASSED] - Object: 'Object Repository/Page_Arc dashboard/a_ Buildings' is clicked on

2018-07-09 16:05:51 - [MESSAGE][PASSED] - Delayed 2 second(s)

2018-07-09 16:05:52 - [MESSAGE][PASSED] - Object: 'Object Repository/Portfolio/Common/a_ My Portfolios' is clicked on

2018-07-09 16:05:52 - [MESSAGE][PASSED] - Object: 'Object Repository/Portfolio/Common/span_My Portfolios' is clicked on

2018-07-09 16:05:52 - [MESSAGE][PASSED] - Text of object 'Object Repository/Page_Arc dashboard/span_My Portfolios' is: 'My Portfolios'

2018-07-09 16:05:52 - [MESSAGE][PASSED] - Actual text 'My Portfolios' and expected text 'My Portfolios' are matched 

2018-07-09 16:05:52 - [MESSAGE][PASSED] - com.arc.ReusableMethods.ReusableMethodsNavigation.navigateToPortfolio is PASSED

2018-07-09 16:05:52 - [TEST_STEP][PASSED] - com.arc.ReusableMethods.ReusableMethodsSearch.searchProgramPortfolio: com.arc.ReusableMethods.ReusableMethodsSearch.searchProgramPortfolio is PASSED

2018-07-09 16:05:54 - [MESSAGE][PASSED] - Delayed 2 second(s)

2018-07-09 16:05:55 - [MESSAGE][PASSED] - Object: 'Object Repository/Page_Arc dashboard/input_searchBar1' is clicked on

2018-07-09 16:05:55 - [MESSAGE][PASSED] - Text 'Building Portfolio 160324' is set on object 'Object Repository/Page_Arc dashboard/input_searchBar1'

2018-07-09 16:05:56 - [MESSAGE][PASSED] - Object: 'Object Repository/Page_Arc dashboard/input_searchBar1' is clicked on

2018-07-09 16:05:59 - [MESSAGE][PASSED] - Delayed 3 second(s)

2018-07-09 16:05:59 - [MESSAGE][PASSED] - Text of object 'Object Repository/Portfolio/Common/TNoPortfolio (1 portfolio)' is: 'Portfolio (1 portfolio)'

2018-07-09 16:05:59 - [MESSAGE][PASSED] - Actual text 'Portfolio (1 portfolio)' and expected text 'Portfolio (1 portfolio)' are matched 

2018-07-09 16:05:59 - [MESSAGE][PASSED] - Object: 'Object Repository/Page_Arc dashboard/search_Result' is clicked on

2018-07-09 16:06:04 - [MESSAGE][PASSED] - Delayed 5 second(s)

2018-07-09 16:06:04 - [MESSAGE][PASSED] - com.arc.ReusableMethods.ReusableMethodsSearch.searchProgramPortfolio is PASSED

2018-07-09 16:06:04 - [TEST_STEP][PASSED] - Start listener action : afterTestCase: Browser is closed

2018-07-09 16:06:04 - [TEST_STEP][PASSED] - switchToDefaultContent: Switching to default content

2018-07-09 16:06:04 - [TEST_STEP][PASSED] - Statement - com.kms.katalon.core.util.KeywordUtil.markWarning("Test Case Name : " + testCase.getTestCaseId()): Test Case Name : Test Cases/Buildings/MyPortfolios/SearchProgramPortfolioTest

2018-07-09 16:06:04 - [MESSAGE][WARNING] - Test Case Name : Test Cases/Buildings/MyPortfolios/SearchProgramPortfolioTest

2018-07-09 16:06:04 - [TEST_STEP][PASSED] - Statement - com.kms.katalon.core.util.KeywordUtil.markWarning("Test Case Status : " + testCase.getTestCaseStatus()): Test Case Status : PASSED

2018-07-09 16:06:04 - [MESSAGE][WARNING] - Test Case Status : PASSED

2018-07-09 16:06:04 - [TEST_STEP][PASSED] - Statement - If ("FAILED".equalsIgnoreCase(testCase.getTestCaseStatus())): null

2018-07-09 16:06:04 - [TEST_STEP][PASSED] - closeBrowser: Browser is closed

2018-07-09 16:06:05 - [MESSAGE][PASSED] - Browser is closed]]></system-out>
         <system-err><![CDATA[]]></system-err>
      </testcase>
      <testcase name="Test Cases/Buildings/MyPortfolios/AddProjectInsidePortfolioTest" classname="Test Cases/Buildings/MyPortfolios/AddProjectInsidePortfolioTest" status="PASSED">
         <system-out><![CDATA[2018-07-09 16:06:05 - [TEST_CASE][PASSED] - Test Cases/Buildings/MyPortfolios/AddProjectInsidePortfolioTest: Test Cases/Buildings/MyPortfolios/AddProjectInsidePortfolioTest

2018-07-09 16:06:05 - [TEST_STEP][PASSED] - Start listener action : beforeTestListener: com.arc.ReusableMethods.ReusableMethodsLogin.loginIntoArcWithGlobalVariable is PASSED

2018-07-09 16:06:05 - [TEST_STEP][PASSED] - com.arc.ReusableMethods.ReusableMethodsLogin.loginIntoArcWithGlobalVariable: com.arc.ReusableMethods.ReusableMethodsLogin.loginIntoArcWithGlobalVariable is PASSED

2018-07-09 16:06:14 - [MESSAGE][PASSED] - Browser is opened with url: 'http://www.stg.arconline.io/'

2018-07-09 16:06:15 - [MESSAGE][PASSED] - Current window maximized

2018-07-09 16:06:15 - [MESSAGE][PASSED] - Wait for page load successfully

2018-07-09 16:06:15 - [MESSAGE][PASSED] - Object: 'Object Repository/Page_Home  Arc/button_ACCEPT AND CLOSE' is clicked on

2018-07-09 16:06:16 - [MESSAGE][PASSED] - Object: 'Object Repository/Page_Home  Arc/Click_Log in' is clicked on

2018-07-09 16:06:17 - [MESSAGE][PASSED] - Text 'Saurav@groupten.com' is set on object 'Object Repository/Page_Home  Arc/input_name'

2018-07-09 16:06:17 - [MESSAGE][PASSED] - Text 'LEEDg10' is set on object 'Object Repository/Page_Home  Arc/input_pass'

2018-07-09 16:06:17 - [MESSAGE][PASSED] - Object: 'Object Repository/Page_Home  Arc/input_field_policy_accept' is clicked on

2018-07-09 16:06:31 - [MESSAGE][PASSED] - Object: 'Object Repository/Page_Home  Arc/button_Log in' is clicked on

2018-07-09 16:06:36 - [MESSAGE][PASSED] - Delayed 5 second(s)

2018-07-09 16:06:37 - [MESSAGE][PASSED] - Text of object 'Object Repository/Page_Arc dashboard/span_My Projects' is: 'My Projects'

2018-07-09 16:06:37 - [MESSAGE][PASSED] - Actual text 'My Projects' and expected text 'My Projects' are matched  using regular expression

2018-07-09 16:06:40 - [MESSAGE][PASSED] - Delayed 3 second(s)

2018-07-09 16:06:40 - [MESSAGE][PASSED] - com.arc.ReusableMethods.ReusableMethodsLogin.loginIntoArcWithGlobalVariable is PASSED

2018-07-09 16:06:40 - [TEST_STEP][PASSED] - Statement - Try: com.arc.ReusableMethods.ResuableMethodsPortfolio.AddProjectInPortfolio is PASSED

2018-07-09 16:06:40 - [TEST_STEP][PASSED] - com.arc.ReusableMethods.ReusableMethodsSearch.searchProgramPortfolio: com.arc.ReusableMethods.ReusableMethodsSearch.searchProgramPortfolio is PASSED

2018-07-09 16:06:42 - [MESSAGE][PASSED] - Delayed 2 second(s)

2018-07-09 16:06:43 - [MESSAGE][PASSED] - Object: 'Object Repository/Page_Arc dashboard/input_searchBar1' is clicked on

2018-07-09 16:06:43 - [MESSAGE][PASSED] - Text 'Building Portfolio 160324' is set on object 'Object Repository/Page_Arc dashboard/input_searchBar1'

2018-07-09 16:06:44 - [MESSAGE][PASSED] - Object: 'Object Repository/Page_Arc dashboard/input_searchBar1' is clicked on

2018-07-09 16:06:47 - [MESSAGE][PASSED] - Delayed 3 second(s)

2018-07-09 16:06:47 - [MESSAGE][PASSED] - Text of object 'Object Repository/Portfolio/Common/TNoPortfolio (1 portfolio)' is: 'Portfolio (1 portfolio)'

2018-07-09 16:06:47 - [MESSAGE][PASSED] - Actual text 'Portfolio (1 portfolio)' and expected text 'Portfolio (1 portfolio)' are matched 

2018-07-09 16:06:47 - [MESSAGE][PASSED] - Object: 'Object Repository/Page_Arc dashboard/search_Result' is clicked on

2018-07-09 16:06:52 - [MESSAGE][PASSED] - Delayed 5 second(s)

2018-07-09 16:06:52 - [MESSAGE][PASSED] - com.arc.ReusableMethods.ReusableMethodsSearch.searchProgramPortfolio is PASSED

2018-07-09 16:06:52 - [TEST_STEP][PASSED] - com.arc.ReusableMethods.ResuableMethodsPortfolio.AddProjectInPortfolio: com.arc.ReusableMethods.ResuableMethodsPortfolio.AddProjectInPortfolio is PASSED

2018-07-09 16:06:53 - [MESSAGE][PASSED] - Object: 'Object Repository/Portfolio/Common/span_Add a Project' is clicked on

2018-07-09 16:06:56 - [MESSAGE][PASSED] - Delayed 3 second(s)

2018-07-09 16:06:57 - [MESSAGE][PASSED] - Text '1000139587' is set on object 'Object Repository/Portfolio/Common/input_searchBarPort'

2018-07-09 16:06:57 - [MESSAGE][PASSED] - Object: 'Object Repository/Portfolio/Common/input_searchBarPort' is clicked on

2018-07-09 16:06:59 - [MESSAGE][PASSED] - Delayed 2 second(s)

2018-07-09 16:06:59 - [MESSAGE][PASSED] - Object: 'Object Repository/Portfolio/Common/SelectProjectInPortfolio' is clicked on

2018-07-09 16:07:00 - [MESSAGE][PASSED] - Text 'Building Portfolio 160324' is set on object 'Object Repository/Portfolio/Common/input_searchBarPortfolio'

2018-07-09 16:07:00 - [MESSAGE][PASSED] - Object: 'Object Repository/Portfolio/Common/input_searchBarPortfolio' is clicked on

2018-07-09 16:07:02 - [MESSAGE][PASSED] - Delayed 2 second(s)

2018-07-09 16:07:02 - [MESSAGE][PASSED] - Object: 'Object Repository/Portfolio/Common/SelectPortfolio' is clicked on

2018-07-09 16:07:03 - [MESSAGE][PASSED] - Object: 'Object Repository/Portfolio/Common/button_Add' is clicked on

2018-07-09 16:07:08 - [MESSAGE][PASSED] - Delayed 5 second(s)

2018-07-09 16:07:09 - [MESSAGE][PASSED] - Object: 'Object Repository/Portfolio/Common/button_Done' is clicked on

2018-07-09 16:07:11 - [MESSAGE][PASSED] - Delayed 2 second(s)

2018-07-09 16:07:11 - [MESSAGE][PASSED] - Text of object 'Object Repository/Portfolio/Common/ProjectName' is: 'Building Portfolio 160324'

2018-07-09 16:07:11 - [MESSAGE][PASSED] - Actual text 'Building Portfolio 160324' and expected text 'Building Portfolio 160324' are matched 

2018-07-09 16:07:11 - [MESSAGE][PASSED] - Object: 'Object Repository/Portfolio/Common/span_Add a Project' is clicked on

2018-07-09 16:07:14 - [MESSAGE][PASSED] - Delayed 3 second(s)

2018-07-09 16:07:15 - [MESSAGE][PASSED] - Text '1000139500' is set on object 'Object Repository/Portfolio/Common/input_searchBarPort'

2018-07-09 16:07:15 - [MESSAGE][PASSED] - Object: 'Object Repository/Portfolio/Common/input_searchBarPort' is clicked on

2018-07-09 16:07:17 - [MESSAGE][PASSED] - Delayed 2 second(s)

2018-07-09 16:07:17 - [MESSAGE][PASSED] - Object: 'Object Repository/Portfolio/Common/SelectProjectInPortfolio' is clicked on

2018-07-09 16:07:18 - [MESSAGE][PASSED] - Text 'Building Portfolio 160324' is set on object 'Object Repository/Portfolio/Common/input_searchBarPortfolio'

2018-07-09 16:07:18 - [MESSAGE][PASSED] - Object: 'Object Repository/Portfolio/Common/input_searchBarPortfolio' is clicked on

2018-07-09 16:07:20 - [MESSAGE][PASSED] - Delayed 2 second(s)

2018-07-09 16:07:20 - [MESSAGE][PASSED] - Object: 'Object Repository/Portfolio/Common/SelectPortfolio' is clicked on

2018-07-09 16:07:21 - [MESSAGE][PASSED] - Object: 'Object Repository/Portfolio/Common/button_Add' is clicked on

2018-07-09 16:07:26 - [MESSAGE][PASSED] - Delayed 5 second(s)

2018-07-09 16:07:26 - [MESSAGE][PASSED] - Object: 'Object Repository/Portfolio/Common/button_Done' is clicked on

2018-07-09 16:07:28 - [MESSAGE][PASSED] - Delayed 2 second(s)

2018-07-09 16:07:29 - [MESSAGE][PASSED] - Text of object 'Object Repository/Portfolio/Common/ProjectName' is: 'Building Portfolio 160324'

2018-07-09 16:07:29 - [MESSAGE][PASSED] - Actual text 'Building Portfolio 160324' and expected text 'Building Portfolio 160324' are matched 

2018-07-09 16:07:29 - [MESSAGE][PASSED] - Object: 'Object Repository/Portfolio/Common/span_Add a Project' is clicked on

2018-07-09 16:07:32 - [MESSAGE][PASSED] - Delayed 3 second(s)

2018-07-09 16:07:32 - [MESSAGE][PASSED] - Text '1000139543' is set on object 'Object Repository/Portfolio/Common/input_searchBarPort'

2018-07-09 16:07:33 - [MESSAGE][PASSED] - Object: 'Object Repository/Portfolio/Common/input_searchBarPort' is clicked on

2018-07-09 16:07:35 - [MESSAGE][PASSED] - Delayed 2 second(s)

2018-07-09 16:07:35 - [MESSAGE][PASSED] - Object: 'Object Repository/Portfolio/Common/SelectProjectInPortfolio' is clicked on

2018-07-09 16:07:36 - [MESSAGE][PASSED] - Text 'Building Portfolio 160324' is set on object 'Object Repository/Portfolio/Common/input_searchBarPortfolio'

2018-07-09 16:07:36 - [MESSAGE][PASSED] - Object: 'Object Repository/Portfolio/Common/input_searchBarPortfolio' is clicked on

2018-07-09 16:07:38 - [MESSAGE][PASSED] - Delayed 2 second(s)

2018-07-09 16:07:38 - [MESSAGE][PASSED] - Object: 'Object Repository/Portfolio/Common/SelectPortfolio' is clicked on

2018-07-09 16:07:38 - [MESSAGE][PASSED] - Object: 'Object Repository/Portfolio/Common/button_Add' is clicked on

2018-07-09 16:07:43 - [MESSAGE][PASSED] - Delayed 5 second(s)

2018-07-09 16:07:44 - [MESSAGE][PASSED] - Object: 'Object Repository/Portfolio/Common/button_Done' is clicked on

2018-07-09 16:07:46 - [MESSAGE][PASSED] - Delayed 2 second(s)

2018-07-09 16:07:46 - [MESSAGE][PASSED] - Text of object 'Object Repository/Portfolio/Common/ProjectName' is: 'Building Portfolio 160324'

2018-07-09 16:07:46 - [MESSAGE][PASSED] - Actual text 'Building Portfolio 160324' and expected text 'Building Portfolio 160324' are matched 

2018-07-09 16:08:07 - [MESSAGE][PASSED] - Object: 'Object Repository/Portfolio/Common/span_Add a Project' is clicked on

2018-07-09 16:08:10 - [MESSAGE][PASSED] - Delayed 3 second(s)

2018-07-09 16:08:10 - [MESSAGE][PASSED] - Text '1000139599' is set on object 'Object Repository/Portfolio/Common/input_searchBarPort'

2018-07-09 16:08:10 - [MESSAGE][PASSED] - Object: 'Object Repository/Portfolio/Common/input_searchBarPort' is clicked on

2018-07-09 16:08:12 - [MESSAGE][PASSED] - Delayed 2 second(s)

2018-07-09 16:08:13 - [MESSAGE][PASSED] - Object: 'Object Repository/Portfolio/Common/SelectProjectInPortfolio' is clicked on

2018-07-09 16:08:13 - [MESSAGE][PASSED] - Text 'Building Portfolio 160324' is set on object 'Object Repository/Portfolio/Common/input_searchBarPortfolio'

2018-07-09 16:08:13 - [MESSAGE][PASSED] - Object: 'Object Repository/Portfolio/Common/input_searchBarPortfolio' is clicked on

2018-07-09 16:08:15 - [MESSAGE][PASSED] - Delayed 2 second(s)

2018-07-09 16:08:16 - [MESSAGE][PASSED] - Object: 'Object Repository/Portfolio/Common/SelectPortfolio' is clicked on

2018-07-09 16:08:16 - [MESSAGE][PASSED] - Object: 'Object Repository/Portfolio/Common/button_Add' is clicked on

2018-07-09 16:08:21 - [MESSAGE][PASSED] - Delayed 5 second(s)

2018-07-09 16:08:22 - [MESSAGE][PASSED] - Object: 'Object Repository/Portfolio/Common/button_Done' is clicked on

2018-07-09 16:08:24 - [MESSAGE][PASSED] - Delayed 2 second(s)

2018-07-09 16:08:24 - [MESSAGE][PASSED] - Text of object 'Object Repository/Portfolio/Common/ProjectName' is: 'Building Portfolio 160324'

2018-07-09 16:08:24 - [MESSAGE][PASSED] - Actual text 'Building Portfolio 160324' and expected text 'Building Portfolio 160324' are matched 

2018-07-09 16:08:24 - [MESSAGE][PASSED] - Object: 'Object Repository/Portfolio/Common/span_Add a Project' is clicked on

2018-07-09 16:08:27 - [MESSAGE][PASSED] - Delayed 3 second(s)

2018-07-09 16:08:28 - [MESSAGE][PASSED] - Text '1000139593' is set on object 'Object Repository/Portfolio/Common/input_searchBarPort'

2018-07-09 16:08:28 - [MESSAGE][PASSED] - Object: 'Object Repository/Portfolio/Common/input_searchBarPort' is clicked on

2018-07-09 16:08:30 - [MESSAGE][PASSED] - Delayed 2 second(s)

2018-07-09 16:08:30 - [MESSAGE][PASSED] - Object: 'Object Repository/Portfolio/Common/SelectProjectInPortfolio' is clicked on

2018-07-09 16:08:31 - [MESSAGE][PASSED] - Text 'Building Portfolio 160324' is set on object 'Object Repository/Portfolio/Common/input_searchBarPortfolio'

2018-07-09 16:08:31 - [MESSAGE][PASSED] - Object: 'Object Repository/Portfolio/Common/input_searchBarPortfolio' is clicked on

2018-07-09 16:08:33 - [MESSAGE][PASSED] - Delayed 2 second(s)

2018-07-09 16:08:33 - [MESSAGE][PASSED] - Object: 'Object Repository/Portfolio/Common/SelectPortfolio' is clicked on

2018-07-09 16:08:33 - [MESSAGE][PASSED] - Object: 'Object Repository/Portfolio/Common/button_Add' is clicked on

2018-07-09 16:08:39 - [MESSAGE][PASSED] - Delayed 5 second(s)

2018-07-09 16:08:39 - [MESSAGE][PASSED] - Object: 'Object Repository/Portfolio/Common/button_Done' is clicked on

2018-07-09 16:08:41 - [MESSAGE][PASSED] - Delayed 2 second(s)

2018-07-09 16:08:42 - [MESSAGE][PASSED] - Text of object 'Object Repository/Portfolio/Common/ProjectName' is: 'Building Portfolio 160324'

2018-07-09 16:08:42 - [MESSAGE][PASSED] - Actual text 'Building Portfolio 160324' and expected text 'Building Portfolio 160324' are matched 

2018-07-09 16:08:42 - [MESSAGE][PASSED] - Object: 'Object Repository/Portfolio/Common/span_Add a Project' is clicked on

2018-07-09 16:08:45 - [MESSAGE][PASSED] - Delayed 3 second(s)

2018-07-09 16:08:45 - [MESSAGE][PASSED] - Text '1000139589' is set on object 'Object Repository/Portfolio/Common/input_searchBarPort'

2018-07-09 16:08:45 - [MESSAGE][PASSED] - Object: 'Object Repository/Portfolio/Common/input_searchBarPort' is clicked on

2018-07-09 16:08:47 - [MESSAGE][PASSED] - Delayed 2 second(s)

2018-07-09 16:08:48 - [MESSAGE][PASSED] - Object: 'Object Repository/Portfolio/Common/SelectProjectInPortfolio' is clicked on

2018-07-09 16:08:48 - [MESSAGE][PASSED] - Text 'Building Portfolio 160324' is set on object 'Object Repository/Portfolio/Common/input_searchBarPortfolio'

2018-07-09 16:08:49 - [MESSAGE][PASSED] - Object: 'Object Repository/Portfolio/Common/input_searchBarPortfolio' is clicked on

2018-07-09 16:08:51 - [MESSAGE][PASSED] - Delayed 2 second(s)

2018-07-09 16:08:51 - [MESSAGE][PASSED] - Object: 'Object Repository/Portfolio/Common/SelectPortfolio' is clicked on

2018-07-09 16:08:51 - [MESSAGE][PASSED] - Object: 'Object Repository/Portfolio/Common/button_Add' is clicked on

2018-07-09 16:08:56 - [MESSAGE][PASSED] - Delayed 5 second(s)

2018-07-09 16:08:57 - [MESSAGE][PASSED] - Object: 'Object Repository/Portfolio/Common/button_Done' is clicked on

2018-07-09 16:08:59 - [MESSAGE][PASSED] - Delayed 2 second(s)

2018-07-09 16:08:59 - [MESSAGE][PASSED] - Text of object 'Object Repository/Portfolio/Common/ProjectName' is: 'Building Portfolio 160324'

2018-07-09 16:08:59 - [MESSAGE][PASSED] - Actual text 'Building Portfolio 160324' and expected text 'Building Portfolio 160324' are matched 

2018-07-09 16:09:00 - [MESSAGE][PASSED] - Object: 'Object Repository/Portfolio/Common/span_Add a Project' is clicked on

2018-07-09 16:09:03 - [MESSAGE][PASSED] - Delayed 3 second(s)

2018-07-09 16:09:03 - [MESSAGE][PASSED] - Text '1000139596' is set on object 'Object Repository/Portfolio/Common/input_searchBarPort'

2018-07-09 16:09:03 - [MESSAGE][PASSED] - Object: 'Object Repository/Portfolio/Common/input_searchBarPort' is clicked on

2018-07-09 16:09:05 - [MESSAGE][PASSED] - Delayed 2 second(s)

2018-07-09 16:09:06 - [MESSAGE][PASSED] - Object: 'Object Repository/Portfolio/Common/SelectProjectInPortfolio' is clicked on

2018-07-09 16:09:06 - [MESSAGE][PASSED] - Text 'Building Portfolio 160324' is set on object 'Object Repository/Portfolio/Common/input_searchBarPortfolio'

2018-07-09 16:09:06 - [MESSAGE][PASSED] - Object: 'Object Repository/Portfolio/Common/input_searchBarPortfolio' is clicked on

2018-07-09 16:09:08 - [MESSAGE][PASSED] - Delayed 2 second(s)

2018-07-09 16:09:09 - [MESSAGE][PASSED] - Object: 'Object Repository/Portfolio/Common/SelectPortfolio' is clicked on

2018-07-09 16:09:09 - [MESSAGE][PASSED] - Object: 'Object Repository/Portfolio/Common/button_Add' is clicked on

2018-07-09 16:09:14 - [MESSAGE][PASSED] - Delayed 5 second(s)

2018-07-09 16:09:15 - [MESSAGE][PASSED] - Object: 'Object Repository/Portfolio/Common/button_Done' is clicked on

2018-07-09 16:09:17 - [MESSAGE][PASSED] - Delayed 2 second(s)

2018-07-09 16:09:17 - [MESSAGE][PASSED] - Text of object 'Object Repository/Portfolio/Common/ProjectName' is: 'Building Portfolio 160324'

2018-07-09 16:09:17 - [MESSAGE][PASSED] - Actual text 'Building Portfolio 160324' and expected text 'Building Portfolio 160324' are matched 

2018-07-09 16:09:17 - [MESSAGE][PASSED] - Object: 'Object Repository/Portfolio/Common/span_Add a Project' is clicked on

2018-07-09 16:09:20 - [MESSAGE][PASSED] - Delayed 3 second(s)

2018-07-09 16:09:21 - [MESSAGE][PASSED] - Text '1000139598' is set on object 'Object Repository/Portfolio/Common/input_searchBarPort'

2018-07-09 16:09:21 - [MESSAGE][PASSED] - Object: 'Object Repository/Portfolio/Common/input_searchBarPort' is clicked on

2018-07-09 16:09:23 - [MESSAGE][PASSED] - Delayed 2 second(s)

2018-07-09 16:09:23 - [MESSAGE][PASSED] - Object: 'Object Repository/Portfolio/Common/SelectProjectInPortfolio' is clicked on

2018-07-09 16:09:24 - [MESSAGE][PASSED] - Text 'Building Portfolio 160324' is set on object 'Object Repository/Portfolio/Common/input_searchBarPortfolio'

2018-07-09 16:09:24 - [MESSAGE][PASSED] - Object: 'Object Repository/Portfolio/Common/input_searchBarPortfolio' is clicked on

2018-07-09 16:09:26 - [MESSAGE][PASSED] - Delayed 2 second(s)

2018-07-09 16:09:26 - [MESSAGE][PASSED] - Object: 'Object Repository/Portfolio/Common/SelectPortfolio' is clicked on

2018-07-09 16:09:26 - [MESSAGE][PASSED] - Object: 'Object Repository/Portfolio/Common/button_Add' is clicked on

2018-07-09 16:09:31 - [MESSAGE][PASSED] - Delayed 5 second(s)

2018-07-09 16:09:32 - [MESSAGE][PASSED] - Object: 'Object Repository/Portfolio/Common/button_Done' is clicked on

2018-07-09 16:09:34 - [MESSAGE][PASSED] - Delayed 2 second(s)

2018-07-09 16:09:34 - [MESSAGE][PASSED] - Text of object 'Object Repository/Portfolio/Common/ProjectName' is: 'Building Portfolio 160324'

2018-07-09 16:09:34 - [MESSAGE][PASSED] - Actual text 'Building Portfolio 160324' and expected text 'Building Portfolio 160324' are matched 

2018-07-09 16:09:35 - [MESSAGE][PASSED] - Object: 'Object Repository/Portfolio/Common/span_Add a Project' is clicked on

2018-07-09 16:09:38 - [MESSAGE][PASSED] - Delayed 3 second(s)

2018-07-09 16:09:39 - [MESSAGE][PASSED] - Text '1000139592' is set on object 'Object Repository/Portfolio/Common/input_searchBarPort'

2018-07-09 16:09:39 - [MESSAGE][PASSED] - Object: 'Object Repository/Portfolio/Common/input_searchBarPort' is clicked on

2018-07-09 16:09:41 - [MESSAGE][PASSED] - Delayed 2 second(s)

2018-07-09 16:09:41 - [MESSAGE][PASSED] - Object: 'Object Repository/Portfolio/Common/SelectProjectInPortfolio' is clicked on

2018-07-09 16:09:42 - [MESSAGE][PASSED] - Text 'Building Portfolio 160324' is set on object 'Object Repository/Portfolio/Common/input_searchBarPortfolio'

2018-07-09 16:09:42 - [MESSAGE][PASSED] - Object: 'Object Repository/Portfolio/Common/input_searchBarPortfolio' is clicked on

2018-07-09 16:09:44 - [MESSAGE][PASSED] - Delayed 2 second(s)

2018-07-09 16:09:44 - [MESSAGE][PASSED] - Object: 'Object Repository/Portfolio/Common/SelectPortfolio' is clicked on

2018-07-09 16:09:45 - [MESSAGE][PASSED] - Object: 'Object Repository/Portfolio/Common/button_Add' is clicked on

2018-07-09 16:09:50 - [MESSAGE][PASSED] - Delayed 5 second(s)

2018-07-09 16:09:50 - [MESSAGE][PASSED] - Object: 'Object Repository/Portfolio/Common/button_Done' is clicked on

2018-07-09 16:09:52 - [MESSAGE][PASSED] - Delayed 2 second(s)

2018-07-09 16:09:53 - [MESSAGE][PASSED] - Text of object 'Object Repository/Portfolio/Common/ProjectName' is: 'Building Portfolio 160324'

2018-07-09 16:09:53 - [MESSAGE][PASSED] - Actual text 'Building Portfolio 160324' and expected text 'Building Portfolio 160324' are matched 

2018-07-09 16:09:54 - [MESSAGE][PASSED] - Object: 'Object Repository/Portfolio/Common/span_Add a Project' is clicked on

2018-07-09 16:09:57 - [MESSAGE][PASSED] - Delayed 3 second(s)

2018-07-09 16:09:58 - [MESSAGE][PASSED] - Text '1000139591' is set on object 'Object Repository/Portfolio/Common/input_searchBarPort'

2018-07-09 16:09:58 - [MESSAGE][PASSED] - Object: 'Object Repository/Portfolio/Common/input_searchBarPort' is clicked on

2018-07-09 16:10:00 - [MESSAGE][PASSED] - Delayed 2 second(s)

2018-07-09 16:10:00 - [MESSAGE][PASSED] - Object: 'Object Repository/Portfolio/Common/SelectProjectInPortfolio' is clicked on

2018-07-09 16:10:01 - [MESSAGE][PASSED] - Text 'Building Portfolio 160324' is set on object 'Object Repository/Portfolio/Common/input_searchBarPortfolio'

2018-07-09 16:10:01 - [MESSAGE][PASSED] - Object: 'Object Repository/Portfolio/Common/input_searchBarPortfolio' is clicked on

2018-07-09 16:10:03 - [MESSAGE][PASSED] - Delayed 2 second(s)

2018-07-09 16:10:03 - [MESSAGE][PASSED] - Object: 'Object Repository/Portfolio/Common/SelectPortfolio' is clicked on

2018-07-09 16:10:04 - [MESSAGE][PASSED] - Object: 'Object Repository/Portfolio/Common/button_Add' is clicked on

2018-07-09 16:10:09 - [MESSAGE][PASSED] - Delayed 5 second(s)

2018-07-09 16:10:10 - [MESSAGE][PASSED] - Object: 'Object Repository/Portfolio/Common/button_Done' is clicked on

2018-07-09 16:10:12 - [MESSAGE][PASSED] - Delayed 2 second(s)

2018-07-09 16:10:12 - [MESSAGE][PASSED] - Text of object 'Object Repository/Portfolio/Common/ProjectName' is: 'Building Portfolio 160324'

2018-07-09 16:10:12 - [MESSAGE][PASSED] - Actual text 'Building Portfolio 160324' and expected text 'Building Portfolio 160324' are matched 

2018-07-09 16:10:12 - [MESSAGE][PASSED] - com.arc.ReusableMethods.ResuableMethodsPortfolio.AddProjectInPortfolio is PASSED

2018-07-09 16:10:12 - [TEST_STEP][PASSED] - Start listener action : afterTestCase: Browser is closed

2018-07-09 16:10:12 - [TEST_STEP][PASSED] - switchToDefaultContent: Switching to default content

2018-07-09 16:10:12 - [TEST_STEP][PASSED] - Statement - com.kms.katalon.core.util.KeywordUtil.markWarning("Test Case Name : " + testCase.getTestCaseId()): Test Case Name : Test Cases/Buildings/MyPortfolios/AddProjectInsidePortfolioTest

2018-07-09 16:10:12 - [MESSAGE][WARNING] - Test Case Name : Test Cases/Buildings/MyPortfolios/AddProjectInsidePortfolioTest

2018-07-09 16:10:12 - [TEST_STEP][PASSED] - Statement - com.kms.katalon.core.util.KeywordUtil.markWarning("Test Case Status : " + testCase.getTestCaseStatus()): Test Case Status : PASSED

2018-07-09 16:10:12 - [MESSAGE][WARNING] - Test Case Status : PASSED

2018-07-09 16:10:12 - [TEST_STEP][PASSED] - Statement - If ("FAILED".equalsIgnoreCase(testCase.getTestCaseStatus())): null

2018-07-09 16:10:12 - [TEST_STEP][PASSED] - closeBrowser: Browser is closed

2018-07-09 16:10:13 - [MESSAGE][PASSED] - Browser is closed]]></system-out>
         <system-err><![CDATA[]]></system-err>
      </testcase>
      <testcase name="Test Cases/Buildings/MyPortfolios/ProjectDetailVerificationTest" classname="Test Cases/Buildings/MyPortfolios/ProjectDetailVerificationTest" status="PASSED">
         <system-out><![CDATA[2018-07-09 16:10:13 - [TEST_CASE][PASSED] - Test Cases/Buildings/MyPortfolios/ProjectDetailVerificationTest: Test Cases/Buildings/MyPortfolios/ProjectDetailVerificationTest

2018-07-09 16:10:13 - [TEST_STEP][PASSED] - Start listener action : beforeTestListener: com.arc.ReusableMethods.ReusableMethodsLogin.loginIntoArcWithGlobalVariable is PASSED

2018-07-09 16:10:13 - [TEST_STEP][PASSED] - com.arc.ReusableMethods.ReusableMethodsLogin.loginIntoArcWithGlobalVariable: com.arc.ReusableMethods.ReusableMethodsLogin.loginIntoArcWithGlobalVariable is PASSED

2018-07-09 16:10:22 - [MESSAGE][PASSED] - Browser is opened with url: 'http://www.stg.arconline.io/'

2018-07-09 16:10:23 - [MESSAGE][PASSED] - Current window maximized

2018-07-09 16:10:23 - [MESSAGE][PASSED] - Wait for page load successfully

2018-07-09 16:10:24 - [MESSAGE][PASSED] - Object: 'Object Repository/Page_Home  Arc/button_ACCEPT AND CLOSE' is clicked on

2018-07-09 16:10:24 - [MESSAGE][PASSED] - Object: 'Object Repository/Page_Home  Arc/Click_Log in' is clicked on

2018-07-09 16:10:25 - [MESSAGE][PASSED] - Text 'Saurav@groupten.com' is set on object 'Object Repository/Page_Home  Arc/input_name'

2018-07-09 16:10:25 - [MESSAGE][PASSED] - Text 'LEEDg10' is set on object 'Object Repository/Page_Home  Arc/input_pass'

2018-07-09 16:10:25 - [MESSAGE][PASSED] - Object: 'Object Repository/Page_Home  Arc/input_field_policy_accept' is clicked on

2018-07-09 16:10:50 - [MESSAGE][PASSED] - Object: 'Object Repository/Page_Home  Arc/button_Log in' is clicked on

2018-07-09 16:10:55 - [MESSAGE][PASSED] - Delayed 5 second(s)

2018-07-09 16:10:56 - [MESSAGE][PASSED] - Text of object 'Object Repository/Page_Arc dashboard/span_My Projects' is: 'My Projects'

2018-07-09 16:10:56 - [MESSAGE][PASSED] - Actual text 'My Projects' and expected text 'My Projects' are matched  using regular expression

2018-07-09 16:10:59 - [MESSAGE][PASSED] - Delayed 3 second(s)

2018-07-09 16:10:59 - [MESSAGE][PASSED] - com.arc.ReusableMethods.ReusableMethodsLogin.loginIntoArcWithGlobalVariable is PASSED

2018-07-09 16:10:59 - [TEST_STEP][PASSED] - Statement - Try: com.arc.ReusableMethods.ResuableMethodsPortfolio.addProjectDVProtfolio is PASSED

2018-07-09 16:10:59 - [TEST_STEP][PASSED] - com.arc.ReusableMethods.ReusableMethodsSearch.searchProgramPortfolio: com.arc.ReusableMethods.ReusableMethodsSearch.searchProgramPortfolio is PASSED

2018-07-09 16:11:01 - [MESSAGE][PASSED] - Delayed 2 second(s)

2018-07-09 16:11:02 - [MESSAGE][PASSED] - Object: 'Object Repository/Page_Arc dashboard/input_searchBar1' is clicked on

2018-07-09 16:11:02 - [MESSAGE][PASSED] - Text 'Building Portfolio 160324' is set on object 'Object Repository/Page_Arc dashboard/input_searchBar1'

2018-07-09 16:11:03 - [MESSAGE][PASSED] - Object: 'Object Repository/Page_Arc dashboard/input_searchBar1' is clicked on

2018-07-09 16:11:06 - [MESSAGE][PASSED] - Delayed 3 second(s)

2018-07-09 16:11:06 - [MESSAGE][PASSED] - Text of object 'Object Repository/Portfolio/Common/TNoPortfolio (1 portfolio)' is: 'Portfolio (1 portfolio)'

2018-07-09 16:11:06 - [MESSAGE][PASSED] - Actual text 'Portfolio (1 portfolio)' and expected text 'Portfolio (1 portfolio)' are matched 

2018-07-09 16:11:07 - [MESSAGE][PASSED] - Object: 'Object Repository/Page_Arc dashboard/search_Result' is clicked on

2018-07-09 16:11:12 - [MESSAGE][PASSED] - Delayed 5 second(s)

2018-07-09 16:11:12 - [MESSAGE][PASSED] - com.arc.ReusableMethods.ReusableMethodsSearch.searchProgramPortfolio is PASSED

2018-07-09 16:11:12 - [TEST_STEP][PASSED] - com.arc.ReusableMethods.ResuableMethodsPortfolio.addProjectDVProtfolio: com.arc.ReusableMethods.ResuableMethodsPortfolio.addProjectDVProtfolio is PASSED

2018-07-09 16:11:12 - [MESSAGE][PASSED] - Text of object 'Object Repository/Portfolio/Common/TotalGrossArea' is: '518,023'

2018-07-09 16:11:12 - [MESSAGE][PASSED] - Actual text '518,023' and expected text '518,023' are matched 

2018-07-09 16:11:12 - [MESSAGE][PASSED] - Text of object 'Object Repository/Portfolio/Common/TotalOccupant' is: '1,230'

2018-07-09 16:11:12 - [MESSAGE][PASSED] - Actual text '1,230' and expected text '1,230' are matched 

2018-07-09 16:11:12 - [MESSAGE][PASSED] - Text of object 'Object Repository/Portfolio/Common/TotalCertifiedArea' is: '11,023'

2018-07-09 16:11:12 - [MESSAGE][PASSED] - Actual text '11,023' and expected text '11,023' are matched 

2018-07-09 16:11:12 - [MESSAGE][PASSED] - Text of object 'Object Repository/Portfolio/Common/TotalOccupant' is: '1,230'

2018-07-09 16:11:12 - [MESSAGE][PASSED] - Actual text '1,230' and expected text '1,230' are matched 

2018-07-09 16:11:12 - [MESSAGE][PASSED] - Text of object 'Object Repository/Portfolio/Common/TotalProject' is: '10'

2018-07-09 16:11:12 - [MESSAGE][PASSED] - Actual text '10' and expected text '10' are matched 

2018-07-09 16:11:12 - [MESSAGE][PASSED] - com.arc.ReusableMethods.ResuableMethodsPortfolio.addProjectDVProtfolio is PASSED

2018-07-09 16:11:12 - [TEST_STEP][PASSED] - Start listener action : afterTestCase: Browser is closed

2018-07-09 16:11:12 - [TEST_STEP][PASSED] - switchToDefaultContent: Switching to default content

2018-07-09 16:11:12 - [TEST_STEP][PASSED] - Statement - com.kms.katalon.core.util.KeywordUtil.markWarning("Test Case Name : " + testCase.getTestCaseId()): Test Case Name : Test Cases/Buildings/MyPortfolios/ProjectDetailVerificationTest

2018-07-09 16:11:12 - [MESSAGE][WARNING] - Test Case Name : Test Cases/Buildings/MyPortfolios/ProjectDetailVerificationTest

2018-07-09 16:11:12 - [TEST_STEP][PASSED] - Statement - com.kms.katalon.core.util.KeywordUtil.markWarning("Test Case Status : " + testCase.getTestCaseStatus()): Test Case Status : PASSED

2018-07-09 16:11:12 - [MESSAGE][WARNING] - Test Case Status : PASSED

2018-07-09 16:11:12 - [TEST_STEP][PASSED] - Statement - If ("FAILED".equalsIgnoreCase(testCase.getTestCaseStatus())): null

2018-07-09 16:11:12 - [TEST_STEP][PASSED] - closeBrowser: Browser is closed

2018-07-09 16:11:13 - [MESSAGE][PASSED] - Browser is closed]]></system-out>
         <system-err><![CDATA[]]></system-err>
      </testcase>
      <testcase name="Test Cases/Buildings/MyPortfolios/PTScoreOtherDetailsTest" classname="Test Cases/Buildings/MyPortfolios/PTScoreOtherDetailsTest" status="FAILED">
         <failure type="FAILED" message="Unable to verify match between actual text 'US Building LEED v4 615194 Portfolio Con' and expected text 'US Building LEED v4 89013 Portfolio Con' (Root cause: Actual text 'US Building LEED v4 615194 Portfolio Con' and expected text 'US Building LEED v4 89013 Portfolio Con' are not matched)"/>
         <system-out><![CDATA[2018-07-09 16:11:13 - [TEST_CASE][FAILED] - Test Cases/Buildings/MyPortfolios/PTScoreOtherDetailsTest: Test Cases/Buildings/MyPortfolios/PTScoreOtherDetailsTest FAILED because (of) Unable to verify match between actual text 'US Building LEED v4 615194 Portfolio Con' and expected text 'US Building LEED v4 89013 Portfolio Con' (Root cause: Actual text 'US Building LEED v4 615194 Portfolio Con' and expected text 'US Building LEED v4 89013 Portfolio Con' are not matched)

2018-07-09 16:11:13 - [TEST_STEP][PASSED] - Start listener action : beforeTestListener: com.arc.ReusableMethods.ReusableMethodsLogin.loginIntoArcWithGlobalVariable is PASSED

2018-07-09 16:11:13 - [TEST_STEP][PASSED] - com.arc.ReusableMethods.ReusableMethodsLogin.loginIntoArcWithGlobalVariable: com.arc.ReusableMethods.ReusableMethodsLogin.loginIntoArcWithGlobalVariable is PASSED

2018-07-09 16:11:23 - [MESSAGE][PASSED] - Browser is opened with url: 'http://www.stg.arconline.io/'

2018-07-09 16:11:24 - [MESSAGE][PASSED] - Current window maximized

2018-07-09 16:11:24 - [MESSAGE][PASSED] - Wait for page load successfully

2018-07-09 16:11:24 - [MESSAGE][PASSED] - Object: 'Object Repository/Page_Home  Arc/button_ACCEPT AND CLOSE' is clicked on

2018-07-09 16:11:24 - [MESSAGE][PASSED] - Object: 'Object Repository/Page_Home  Arc/Click_Log in' is clicked on

2018-07-09 16:11:26 - [MESSAGE][PASSED] - Text 'Saurav@groupten.com' is set on object 'Object Repository/Page_Home  Arc/input_name'

2018-07-09 16:11:26 - [MESSAGE][PASSED] - Text 'LEEDg10' is set on object 'Object Repository/Page_Home  Arc/input_pass'

2018-07-09 16:11:26 - [MESSAGE][PASSED] - Object: 'Object Repository/Page_Home  Arc/input_field_policy_accept' is clicked on

2018-07-09 16:11:39 - [MESSAGE][PASSED] - Object: 'Object Repository/Page_Home  Arc/button_Log in' is clicked on

2018-07-09 16:11:44 - [MESSAGE][PASSED] - Delayed 5 second(s)

2018-07-09 16:11:44 - [MESSAGE][PASSED] - Text of object 'Object Repository/Page_Arc dashboard/span_My Projects' is: 'My Projects'

2018-07-09 16:11:44 - [MESSAGE][PASSED] - Actual text 'My Projects' and expected text 'My Projects' are matched  using regular expression

2018-07-09 16:11:47 - [MESSAGE][PASSED] - Delayed 3 second(s)

2018-07-09 16:11:47 - [MESSAGE][PASSED] - com.arc.ReusableMethods.ReusableMethodsLogin.loginIntoArcWithGlobalVariable is PASSED

2018-07-09 16:11:47 - [TEST_STEP][FAILED] - Statement - Try: Unable to verify match between actual text 'US Building LEED v4 615194 Portfolio Con' and expected text 'US Building LEED v4 89013 Portfolio Con' (Root cause: Actual text 'US Building LEED v4 615194 Portfolio Con' and expected text 'US Building LEED v4 89013 Portfolio Con' are not matched)

2018-07-09 16:11:48 - [TEST_STEP][PASSED] - com.arc.ReusableMethods.ReusableMethodsSearch.searchProgramPortfolio: com.arc.ReusableMethods.ReusableMethodsSearch.searchProgramPortfolio is PASSED

2018-07-09 16:11:50 - [MESSAGE][PASSED] - Delayed 2 second(s)

2018-07-09 16:11:50 - [MESSAGE][PASSED] - Object: 'Object Repository/Page_Arc dashboard/input_searchBar1' is clicked on

2018-07-09 16:11:51 - [MESSAGE][PASSED] - Text 'Building Portfolio 160324' is set on object 'Object Repository/Page_Arc dashboard/input_searchBar1'

2018-07-09 16:11:51 - [MESSAGE][PASSED] - Object: 'Object Repository/Page_Arc dashboard/input_searchBar1' is clicked on

2018-07-09 16:11:54 - [MESSAGE][PASSED] - Delayed 3 second(s)

2018-07-09 16:11:54 - [MESSAGE][PASSED] - Text of object 'Object Repository/Portfolio/Common/TNoPortfolio (1 portfolio)' is: 'Portfolio (1 portfolio)'

2018-07-09 16:11:54 - [MESSAGE][PASSED] - Actual text 'Portfolio (1 portfolio)' and expected text 'Portfolio (1 portfolio)' are matched 

2018-07-09 16:11:55 - [MESSAGE][PASSED] - Object: 'Object Repository/Page_Arc dashboard/search_Result' is clicked on

2018-07-09 16:12:00 - [MESSAGE][PASSED] - Delayed 5 second(s)

2018-07-09 16:12:00 - [MESSAGE][PASSED] - com.arc.ReusableMethods.ReusableMethodsSearch.searchProgramPortfolio is PASSED

2018-07-09 16:12:00 - [TEST_STEP][FAILED] - com.arc.ReusableMethods.ResuableMethodsPortfolio.portfolioTScorePDetailsVerifcation: Unable to verify match between actual text 'US Building LEED v4 615194 Portfolio Con' and expected text 'US Building LEED v4 89013 Portfolio Con' (Root cause: Actual text 'US Building LEED v4 615194 Portfolio Con' and expected text 'US Building LEED v4 89013 Portfolio Con' are not matched)

2018-07-09 16:12:00 - [MESSAGE][PASSED] - Object: 'Object Repository/Page_Arc dashboard/a_Projects' is clicked on

2018-07-09 16:12:01 - [MESSAGE][PASSED] - Object: 'Object Repository/Portfolio/Common/span_Scores' is clicked on

2018-07-09 16:12:03 - [MESSAGE][PASSED] - Delayed 2 second(s)

2018-07-09 16:12:03 - [MESSAGE][PASSED] - Text of object 'customObject' is: 'US Building LEED v4 569849 Portfolio Con'

2018-07-09 16:12:03 - [MESSAGE][PASSED] - Actual text 'US Building LEED v4 569849 Portfolio Con' and expected text 'US Building LEED v4 569849 Portfolio Con' are matched 

2018-07-09 16:12:03 - [MESSAGE][PASSED] - Text of object 'customObject' is: '82'

2018-07-09 16:12:03 - [MESSAGE][PASSED] - Actual text '82' and expected text '82' are matched 

2018-07-09 16:12:03 - [MESSAGE][PASSED] - Text of object 'customObject' is: 'US Building LEED v4 608236 Portfolio Con'

2018-07-09 16:12:03 - [MESSAGE][PASSED] - Actual text 'US Building LEED v4 608236 Portfolio Con' and expected text 'US Building LEED v4 608236 Portfolio Con' are matched 

2018-07-09 16:12:03 - [MESSAGE][PASSED] - Text of object 'customObject' is: '72'

2018-07-09 16:12:03 - [MESSAGE][PASSED] - Actual text '72' and expected text '72' are matched 

2018-07-09 16:12:04 - [MESSAGE][PASSED] - Text of object 'customObject' is: 'US Building LEED v4 191251 Portfolio Con'

2018-07-09 16:12:04 - [MESSAGE][PASSED] - Actual text 'US Building LEED v4 191251 Portfolio Con' and expected text 'US Building LEED v4 191251 Portfolio Con' are matched 

2018-07-09 16:12:04 - [MESSAGE][PASSED] - Text of object 'customObject' is: '68'

2018-07-09 16:12:04 - [MESSAGE][PASSED] - Actual text '68' and expected text '68' are matched 

2018-07-09 16:12:04 - [MESSAGE][PASSED] - Text of object 'customObject' is: 'US Building LEED v4 579692 Portfolio Con'

2018-07-09 16:12:04 - [MESSAGE][PASSED] - Actual text 'US Building LEED v4 579692 Portfolio Con' and expected text 'US Building LEED v4 579692 Portfolio Con' are matched 

2018-07-09 16:12:04 - [MESSAGE][PASSED] - Text of object 'customObject' is: '62'

2018-07-09 16:12:04 - [MESSAGE][PASSED] - Actual text '62' and expected text '62' are matched 

2018-07-09 16:12:04 - [MESSAGE][PASSED] - Text of object 'customObject' is: 'US Building LEED v4 663142 Portfolio Con'

2018-07-09 16:12:04 - [MESSAGE][PASSED] - Actual text 'US Building LEED v4 663142 Portfolio Con' and expected text 'US Building LEED v4 663142 Portfolio Con' are matched 

2018-07-09 16:12:04 - [MESSAGE][PASSED] - Text of object 'customObject' is: '56'

2018-07-09 16:12:04 - [MESSAGE][PASSED] - Actual text '56' and expected text '56' are matched 

2018-07-09 16:12:04 - [MESSAGE][PASSED] - Text of object 'customObject' is: 'US Building LEED v4 663142 Portfolio Con'

2018-07-09 16:12:04 - [MESSAGE][PASSED] - Actual text 'US Building LEED v4 663142 Portfolio Con' and expected text 'US Building LEED v4 663142 Portfolio Con' are matched 

2018-07-09 16:12:05 - [MESSAGE][PASSED] - Text of object 'customObject' is: '56'

2018-07-09 16:12:05 - [MESSAGE][PASSED] - Actual text '56' and expected text '56' are matched 

2018-07-09 16:12:05 - [MESSAGE][PASSED] - Text of object 'customObject' is: 'US Building LEED v4 6473 Portfolio Con'

2018-07-09 16:12:05 - [MESSAGE][PASSED] - Actual text 'US Building LEED v4 6473 Portfolio Con' and expected text 'US Building LEED v4 6473 Portfolio Con' are matched 

2018-07-09 16:12:05 - [MESSAGE][PASSED] - Text of object 'customObject' is: '53'

2018-07-09 16:12:05 - [MESSAGE][PASSED] - Actual text '53' and expected text '53' are matched 

2018-07-09 16:12:05 - [MESSAGE][PASSED] - Text of object 'customObject' is: 'US Building LEED v4 417450 Portfolio Con'

2018-07-09 16:12:05 - [MESSAGE][PASSED] - Actual text 'US Building LEED v4 417450 Portfolio Con' and expected text 'US Building LEED v4 417450 Portfolio Con' are matched 

2018-07-09 16:12:05 - [MESSAGE][PASSED] - Text of object 'customObject' is: '46'

2018-07-09 16:12:05 - [MESSAGE][PASSED] - Actual text '46' and expected text '46' are matched 

2018-07-09 16:12:05 - [MESSAGE][PASSED] - Text of object 'customObject' is: 'US Building LEED v4 615194 Portfolio Con'

2018-07-09 16:12:05 - [MESSAGE][FAILED] - Unable to verify match between actual text 'US Building LEED v4 615194 Portfolio Con' and expected text 'US Building LEED v4 89013 Portfolio Con' (Root cause: Actual text 'US Building LEED v4 615194 Portfolio Con' and expected text 'US Building LEED v4 89013 Portfolio Con' are not matched)

2018-07-09 16:12:05 - [MESSAGE][FAILED] - Unable to verify match between actual text 'US Building LEED v4 615194 Portfolio Con' and expected text 'US Building LEED v4 89013 Portfolio Con' (Root cause: Actual text 'US Building LEED v4 615194 Portfolio Con' and expected text 'US Building LEED v4 89013 Portfolio Con' are not matched)

2018-07-09 16:12:05 - [TEST_STEP][PASSED] - Statement - Catch (Throwable t): null

2018-07-09 16:12:05 - [TEST_STEP][PASSED] - Statement - out.println(t.getLocalizedMessage()): null

2018-07-09 16:12:05 - [TEST_STEP][PASSED] - Statement - e1 = new java.lang.Error(t.getMessage()): null

2018-07-09 16:12:06 - [TEST_STEP][PASSED] - Statement - e1.setStackTrace(t.getStackTrace()): null

2018-07-09 16:12:06 - [TEST_STEP][PASSED] - Statement - e1.printStackTrace(): null

2018-07-09 16:12:07 - [TEST_STEP][PASSED] - Start listener action : afterTestCase: Browser is closed

2018-07-09 16:12:09 - [TEST_STEP][PASSED] - switchToDefaultContent: Switching to default content

2018-07-09 16:12:09 - [TEST_STEP][PASSED] - Statement - com.kms.katalon.core.util.KeywordUtil.markWarning("Test Case Name : " + testCase.getTestCaseId()): Test Case Name : Test Cases/Buildings/MyPortfolios/PTScoreOtherDetailsTest

2018-07-09 16:12:09 - [MESSAGE][WARNING] - Test Case Name : Test Cases/Buildings/MyPortfolios/PTScoreOtherDetailsTest

2018-07-09 16:12:09 - [TEST_STEP][PASSED] - Statement - com.kms.katalon.core.util.KeywordUtil.markWarning("Test Case Status : " + testCase.getTestCaseStatus()): Test Case Status : FAILED

2018-07-09 16:12:09 - [MESSAGE][WARNING] - Test Case Status : FAILED

2018-07-09 16:12:09 - [TEST_STEP][PASSED] - Statement - If ("FAILED".equalsIgnoreCase(testCase.getTestCaseStatus())): Taking screenshot successfully

2018-07-09 16:12:09 - [TEST_STEP][PASSED] - Statement - println("Test case Fail taking Screenshot"): null

2018-07-09 16:12:09 - [TEST_STEP][PASSED] - Statement - Try: Taking screenshot successfully

2018-07-09 16:12:09 - [TEST_STEP][PASSED] - Statement - data = new java.util.Date(java.lang.System.currentTimeMillis()): null

2018-07-09 16:12:09 - [TEST_STEP][PASSED] - Statement - formatarDate = new java.text.SimpleDateFormat(yyyyMMddHHmmss): null

2018-07-09 16:12:09 - [TEST_STEP][PASSED] - takeScreenshot: Taking screenshot successfully

2018-07-09 16:12:10 - [MESSAGE][PASSED] - Taking screenshot successfully
[[ATTACHMENT|C:\\Users\\Group10\\git\\KatalonStudio\\ArcWithKatalonStudio\\ScreenShot\\screenshot_20180709161209.png]]

2018-07-09 16:12:10 - [TEST_STEP][PASSED] - closeBrowser: Browser is closed

2018-07-09 16:12:10 - [MESSAGE][PASSED] - Browser is closed]]></system-out>
         <system-err><![CDATA[2018-07-09 16:11:13 - [TEST_CASE][FAILED] - Test Cases/Buildings/MyPortfolios/PTScoreOtherDetailsTest: Test Cases/Buildings/MyPortfolios/PTScoreOtherDetailsTest FAILED because (of) Unable to verify match between actual text 'US Building LEED v4 615194 Portfolio Con' and expected text 'US Building LEED v4 89013 Portfolio Con' (Root cause: Actual text 'US Building LEED v4 615194 Portfolio Con' and expected text 'US Building LEED v4 89013 Portfolio Con' are not matched)]]></system-err>
      </testcase>
      <testcase name="Test Cases/Buildings/MyPortfolios/AnalyticsEnergyScoreTest" classname="Test Cases/Buildings/MyPortfolios/AnalyticsEnergyScoreTest" status="FAILED">
         <failure type="FAILED" message="Unable to verify match between actual text '19' and expected text '20' (Root cause: Actual text '19' and expected text '20' are not matched)"/>
         <system-out><![CDATA[2018-07-09 16:12:10 - [TEST_CASE][FAILED] - Test Cases/Buildings/MyPortfolios/AnalyticsEnergyScoreTest: Test Cases/Buildings/MyPortfolios/AnalyticsEnergyScoreTest FAILED because (of) Unable to verify match between actual text '19' and expected text '20' (Root cause: Actual text '19' and expected text '20' are not matched)

2018-07-09 16:12:10 - [TEST_STEP][PASSED] - Start listener action : beforeTestListener: com.arc.ReusableMethods.ReusableMethodsLogin.loginIntoArcWithGlobalVariable is PASSED

2018-07-09 16:12:10 - [TEST_STEP][PASSED] - com.arc.ReusableMethods.ReusableMethodsLogin.loginIntoArcWithGlobalVariable: com.arc.ReusableMethods.ReusableMethodsLogin.loginIntoArcWithGlobalVariable is PASSED

2018-07-09 16:12:20 - [MESSAGE][PASSED] - Browser is opened with url: 'http://www.stg.arconline.io/'

2018-07-09 16:12:21 - [MESSAGE][PASSED] - Current window maximized

2018-07-09 16:12:22 - [MESSAGE][PASSED] - Wait for page load successfully

2018-07-09 16:12:22 - [MESSAGE][PASSED] - Object: 'Object Repository/Page_Home  Arc/button_ACCEPT AND CLOSE' is clicked on

2018-07-09 16:12:22 - [MESSAGE][PASSED] - Object: 'Object Repository/Page_Home  Arc/Click_Log in' is clicked on

2018-07-09 16:12:23 - [MESSAGE][PASSED] - Text 'Saurav@groupten.com' is set on object 'Object Repository/Page_Home  Arc/input_name'

2018-07-09 16:12:23 - [MESSAGE][PASSED] - Text 'LEEDg10' is set on object 'Object Repository/Page_Home  Arc/input_pass'

2018-07-09 16:12:24 - [MESSAGE][PASSED] - Object: 'Object Repository/Page_Home  Arc/input_field_policy_accept' is clicked on

2018-07-09 16:12:36 - [MESSAGE][PASSED] - Object: 'Object Repository/Page_Home  Arc/button_Log in' is clicked on

2018-07-09 16:12:41 - [MESSAGE][PASSED] - Delayed 5 second(s)

2018-07-09 16:12:41 - [MESSAGE][PASSED] - Text of object 'Object Repository/Page_Arc dashboard/span_My Projects' is: 'My Projects'

2018-07-09 16:12:41 - [MESSAGE][PASSED] - Actual text 'My Projects' and expected text 'My Projects' are matched  using regular expression

2018-07-09 16:12:44 - [MESSAGE][PASSED] - Delayed 3 second(s)

2018-07-09 16:12:44 - [MESSAGE][PASSED] - com.arc.ReusableMethods.ReusableMethodsLogin.loginIntoArcWithGlobalVariable is PASSED

2018-07-09 16:12:45 - [TEST_STEP][FAILED] - Statement - Try: Unable to verify match between actual text '19' and expected text '20' (Root cause: Actual text '19' and expected text '20' are not matched)

2018-07-09 16:12:45 - [TEST_STEP][PASSED] - com.arc.ReusableMethods.ReusableMethodsSearch.searchProgramPortfolio: com.arc.ReusableMethods.ReusableMethodsSearch.searchProgramPortfolio is PASSED

2018-07-09 16:12:47 - [MESSAGE][PASSED] - Delayed 2 second(s)

2018-07-09 16:12:47 - [MESSAGE][PASSED] - Object: 'Object Repository/Page_Arc dashboard/input_searchBar1' is clicked on

2018-07-09 16:12:48 - [MESSAGE][PASSED] - Text 'Building Portfolio 160324' is set on object 'Object Repository/Page_Arc dashboard/input_searchBar1'

2018-07-09 16:12:48 - [MESSAGE][PASSED] - Object: 'Object Repository/Page_Arc dashboard/input_searchBar1' is clicked on

2018-07-09 16:12:51 - [MESSAGE][PASSED] - Delayed 3 second(s)

2018-07-09 16:12:52 - [MESSAGE][PASSED] - Text of object 'Object Repository/Portfolio/Common/TNoPortfolio (1 portfolio)' is: 'Portfolio (1 portfolio)'

2018-07-09 16:12:52 - [MESSAGE][PASSED] - Actual text 'Portfolio (1 portfolio)' and expected text 'Portfolio (1 portfolio)' are matched 

2018-07-09 16:12:52 - [MESSAGE][PASSED] - Object: 'Object Repository/Page_Arc dashboard/search_Result' is clicked on

2018-07-09 16:12:57 - [MESSAGE][PASSED] - Delayed 5 second(s)

2018-07-09 16:12:57 - [MESSAGE][PASSED] - com.arc.ReusableMethods.ReusableMethodsSearch.searchProgramPortfolio is PASSED

2018-07-09 16:12:57 - [TEST_STEP][FAILED] - com.arc.ReusableMethods.ResuableMethodsPortfolio.analyticsEnergyScore: Unable to verify match between actual text '19' and expected text '20' (Root cause: Actual text '19' and expected text '20' are not matched)

2018-07-09 16:12:58 - [MESSAGE][PASSED] - Object: 'Object Repository/Page_Arc dashboard/a_Projects' is clicked on

2018-07-09 16:12:59 - [MESSAGE][PASSED] - Delayed 1 second(s)

2018-07-09 16:12:59 - [MESSAGE][PASSED] - Object: 'Object Repository/Portfolio/Common/a_ Analytics' is clicked on

2018-07-09 16:13:01 - [MESSAGE][PASSED] - Delayed 2 second(s)

2018-07-09 16:13:02 - [MESSAGE][PASSED] - Object: 'Object Repository/Portfolio/Common/a_ Energy' is clicked on

2018-07-09 16:13:07 - [MESSAGE][PASSED] - Delayed 5 second(s)

2018-07-09 16:13:07 - [MESSAGE][PASSED] - Text of object 'Object Repository/Portfolio/Common/EHighestScore' is: '33'

2018-07-09 16:13:07 - [MESSAGE][PASSED] - Actual text '33' and expected text '33' are matched 

2018-07-09 16:13:07 - [MESSAGE][PASSED] - Text of object 'Object Repository/Portfolio/Common/EAverageScore' is: '19'

2018-07-09 16:13:07 - [MESSAGE][FAILED] - Unable to verify match between actual text '19' and expected text '20' (Root cause: Actual text '19' and expected text '20' are not matched)

2018-07-09 16:13:07 - [MESSAGE][FAILED] - Unable to verify match between actual text '19' and expected text '20' (Root cause: Actual text '19' and expected text '20' are not matched)

2018-07-09 16:13:07 - [TEST_STEP][PASSED] - Statement - Catch (Throwable t): null

2018-07-09 16:13:07 - [TEST_STEP][PASSED] - Statement - out.println(t.getLocalizedMessage()): null

2018-07-09 16:13:07 - [TEST_STEP][PASSED] - Statement - e1 = new java.lang.Error(t.getMessage()): null

2018-07-09 16:13:07 - [TEST_STEP][PASSED] - Statement - e1.setStackTrace(t.getStackTrace()): null

2018-07-09 16:13:07 - [TEST_STEP][PASSED] - Statement - e1.printStackTrace(): null

2018-07-09 16:13:07 - [TEST_STEP][PASSED] - Start listener action : afterTestCase: Browser is closed

2018-07-09 16:13:07 - [TEST_STEP][PASSED] - switchToDefaultContent: Switching to default content

2018-07-09 16:13:07 - [TEST_STEP][PASSED] - Statement - com.kms.katalon.core.util.KeywordUtil.markWarning("Test Case Name : " + testCase.getTestCaseId()): Test Case Name : Test Cases/Buildings/MyPortfolios/AnalyticsEnergyScoreTest

2018-07-09 16:13:07 - [MESSAGE][WARNING] - Test Case Name : Test Cases/Buildings/MyPortfolios/AnalyticsEnergyScoreTest

2018-07-09 16:13:07 - [TEST_STEP][PASSED] - Statement - com.kms.katalon.core.util.KeywordUtil.markWarning("Test Case Status : " + testCase.getTestCaseStatus()): Test Case Status : FAILED

2018-07-09 16:13:07 - [MESSAGE][WARNING] - Test Case Status : FAILED

2018-07-09 16:13:07 - [TEST_STEP][PASSED] - Statement - If ("FAILED".equalsIgnoreCase(testCase.getTestCaseStatus())): Taking screenshot successfully

2018-07-09 16:13:07 - [TEST_STEP][PASSED] - Statement - println("Test case Fail taking Screenshot"): null

2018-07-09 16:13:07 - [TEST_STEP][PASSED] - Statement - Try: Taking screenshot successfully

2018-07-09 16:13:07 - [TEST_STEP][PASSED] - Statement - data = new java.util.Date(java.lang.System.currentTimeMillis()): null

2018-07-09 16:13:07 - [TEST_STEP][PASSED] - Statement - formatarDate = new java.text.SimpleDateFormat(yyyyMMddHHmmss): null

2018-07-09 16:13:08 - [TEST_STEP][PASSED] - takeScreenshot: Taking screenshot successfully

2018-07-09 16:13:08 - [MESSAGE][PASSED] - Taking screenshot successfully
[[ATTACHMENT|C:\\Users\\Group10\\git\\KatalonStudio\\ArcWithKatalonStudio\\ScreenShot\\screenshot_20180709161307.png]]

2018-07-09 16:13:08 - [TEST_STEP][PASSED] - closeBrowser: Browser is closed

2018-07-09 16:13:09 - [MESSAGE][PASSED] - Browser is closed]]></system-out>
         <system-err><![CDATA[2018-07-09 16:12:10 - [TEST_CASE][FAILED] - Test Cases/Buildings/MyPortfolios/AnalyticsEnergyScoreTest: Test Cases/Buildings/MyPortfolios/AnalyticsEnergyScoreTest FAILED because (of) Unable to verify match between actual text '19' and expected text '20' (Root cause: Actual text '19' and expected text '20' are not matched)]]></system-err>
      </testcase>
      <testcase name="Test Cases/Buildings/MyPortfolios/AnalyticsWaterScoreTest" classname="Test Cases/Buildings/MyPortfolios/AnalyticsWaterScoreTest" status="FAILED">
         <failure type="FAILED" message="Unable to verify match between actual text '8' and expected text '9' (Root cause: Actual text '8' and expected text '9' are not matched)"/>
         <system-out><![CDATA[2018-07-09 16:13:09 - [TEST_CASE][FAILED] - Test Cases/Buildings/MyPortfolios/AnalyticsWaterScoreTest: Test Cases/Buildings/MyPortfolios/AnalyticsWaterScoreTest FAILED because (of) Unable to verify match between actual text '8' and expected text '9' (Root cause: Actual text '8' and expected text '9' are not matched)

2018-07-09 16:13:09 - [TEST_STEP][PASSED] - Start listener action : beforeTestListener: com.arc.ReusableMethods.ReusableMethodsLogin.loginIntoArcWithGlobalVariable is PASSED

2018-07-09 16:13:09 - [TEST_STEP][PASSED] - com.arc.ReusableMethods.ReusableMethodsLogin.loginIntoArcWithGlobalVariable: com.arc.ReusableMethods.ReusableMethodsLogin.loginIntoArcWithGlobalVariable is PASSED

2018-07-09 16:13:19 - [MESSAGE][PASSED] - Browser is opened with url: 'http://www.stg.arconline.io/'

2018-07-09 16:13:21 - [MESSAGE][PASSED] - Current window maximized

2018-07-09 16:13:21 - [MESSAGE][PASSED] - Wait for page load successfully

2018-07-09 16:13:21 - [MESSAGE][PASSED] - Object: 'Object Repository/Page_Home  Arc/button_ACCEPT AND CLOSE' is clicked on

2018-07-09 16:13:21 - [MESSAGE][PASSED] - Object: 'Object Repository/Page_Home  Arc/Click_Log in' is clicked on

2018-07-09 16:13:22 - [MESSAGE][PASSED] - Text 'Saurav@groupten.com' is set on object 'Object Repository/Page_Home  Arc/input_name'

2018-07-09 16:13:23 - [MESSAGE][PASSED] - Text 'LEEDg10' is set on object 'Object Repository/Page_Home  Arc/input_pass'

2018-07-09 16:13:23 - [MESSAGE][PASSED] - Object: 'Object Repository/Page_Home  Arc/input_field_policy_accept' is clicked on

2018-07-09 16:13:40 - [MESSAGE][PASSED] - Object: 'Object Repository/Page_Home  Arc/button_Log in' is clicked on

2018-07-09 16:13:45 - [MESSAGE][PASSED] - Delayed 5 second(s)

2018-07-09 16:13:46 - [MESSAGE][PASSED] - Text of object 'Object Repository/Page_Arc dashboard/span_My Projects' is: 'My Projects'

2018-07-09 16:13:46 - [MESSAGE][PASSED] - Actual text 'My Projects' and expected text 'My Projects' are matched  using regular expression

2018-07-09 16:13:49 - [MESSAGE][PASSED] - Delayed 3 second(s)

2018-07-09 16:13:49 - [MESSAGE][PASSED] - com.arc.ReusableMethods.ReusableMethodsLogin.loginIntoArcWithGlobalVariable is PASSED

2018-07-09 16:13:49 - [TEST_STEP][FAILED] - Statement - Try: Unable to verify match between actual text '8' and expected text '9' (Root cause: Actual text '8' and expected text '9' are not matched)

2018-07-09 16:13:49 - [TEST_STEP][PASSED] - com.arc.ReusableMethods.ReusableMethodsSearch.searchProgramPortfolio: com.arc.ReusableMethods.ReusableMethodsSearch.searchProgramPortfolio is PASSED

2018-07-09 16:13:51 - [MESSAGE][PASSED] - Delayed 2 second(s)

2018-07-09 16:13:51 - [MESSAGE][PASSED] - Object: 'Object Repository/Page_Arc dashboard/input_searchBar1' is clicked on

2018-07-09 16:13:52 - [MESSAGE][PASSED] - Text 'Building Portfolio 160324' is set on object 'Object Repository/Page_Arc dashboard/input_searchBar1'

2018-07-09 16:13:52 - [MESSAGE][PASSED] - Object: 'Object Repository/Page_Arc dashboard/input_searchBar1' is clicked on

2018-07-09 16:13:55 - [MESSAGE][PASSED] - Delayed 3 second(s)

2018-07-09 16:13:56 - [MESSAGE][PASSED] - Text of object 'Object Repository/Portfolio/Common/TNoPortfolio (1 portfolio)' is: 'Portfolio (1 portfolio)'

2018-07-09 16:13:56 - [MESSAGE][PASSED] - Actual text 'Portfolio (1 portfolio)' and expected text 'Portfolio (1 portfolio)' are matched 

2018-07-09 16:13:56 - [MESSAGE][PASSED] - Object: 'Object Repository/Page_Arc dashboard/search_Result' is clicked on

2018-07-09 16:14:01 - [MESSAGE][PASSED] - Delayed 5 second(s)

2018-07-09 16:14:01 - [MESSAGE][PASSED] - com.arc.ReusableMethods.ReusableMethodsSearch.searchProgramPortfolio is PASSED

2018-07-09 16:14:01 - [TEST_STEP][FAILED] - com.arc.ReusableMethods.ResuableMethodsPortfolio.analyticsWaterScore: Unable to verify match between actual text '8' and expected text '9' (Root cause: Actual text '8' and expected text '9' are not matched)

2018-07-09 16:14:02 - [MESSAGE][PASSED] - Object: 'Object Repository/Page_Arc dashboard/a_Projects' is clicked on

2018-07-09 16:14:03 - [MESSAGE][PASSED] - Delayed 1 second(s)

2018-07-09 16:14:03 - [MESSAGE][PASSED] - Object: 'Object Repository/Portfolio/Common/a_ Analytics' is clicked on

2018-07-09 16:14:05 - [MESSAGE][PASSED] - Delayed 2 second(s)

2018-07-09 16:14:06 - [MESSAGE][PASSED] - Object: 'Object Repository/Portfolio/Common/a_ Water' is clicked on

2018-07-09 16:14:11 - [MESSAGE][PASSED] - Delayed 5 second(s)

2018-07-09 16:14:11 - [MESSAGE][PASSED] - Text of object 'Object Repository/Portfolio/Common/WHighestScore ' is: '15'

2018-07-09 16:14:11 - [MESSAGE][PASSED] - Actual text '15' and expected text '15' are matched 

2018-07-09 16:14:11 - [MESSAGE][PASSED] - Text of object 'Object Repository/Portfolio/Common/WAverageScore' is: '8'

2018-07-09 16:14:11 - [MESSAGE][FAILED] - Unable to verify match between actual text '8' and expected text '9' (Root cause: Actual text '8' and expected text '9' are not matched)

2018-07-09 16:14:11 - [MESSAGE][FAILED] - Unable to verify match between actual text '8' and expected text '9' (Root cause: Actual text '8' and expected text '9' are not matched)

2018-07-09 16:14:11 - [TEST_STEP][PASSED] - Statement - Catch (Throwable t): null

2018-07-09 16:14:11 - [TEST_STEP][PASSED] - Statement - out.println(t.getLocalizedMessage()): null

2018-07-09 16:14:11 - [TEST_STEP][PASSED] - Statement - e1 = new java.lang.Error(t.getMessage()): null

2018-07-09 16:14:11 - [TEST_STEP][PASSED] - Statement - e1.setStackTrace(t.getStackTrace()): null

2018-07-09 16:14:11 - [TEST_STEP][PASSED] - Statement - e1.printStackTrace(): null

2018-07-09 16:14:11 - [TEST_STEP][PASSED] - Start listener action : afterTestCase: Browser is closed

2018-07-09 16:14:11 - [TEST_STEP][PASSED] - switchToDefaultContent: Switching to default content

2018-07-09 16:14:11 - [TEST_STEP][PASSED] - Statement - com.kms.katalon.core.util.KeywordUtil.markWarning("Test Case Name : " + testCase.getTestCaseId()): Test Case Name : Test Cases/Buildings/MyPortfolios/AnalyticsWaterScoreTest

2018-07-09 16:14:11 - [MESSAGE][WARNING] - Test Case Name : Test Cases/Buildings/MyPortfolios/AnalyticsWaterScoreTest

2018-07-09 16:14:11 - [TEST_STEP][PASSED] - Statement - com.kms.katalon.core.util.KeywordUtil.markWarning("Test Case Status : " + testCase.getTestCaseStatus()): Test Case Status : FAILED

2018-07-09 16:14:11 - [MESSAGE][WARNING] - Test Case Status : FAILED

2018-07-09 16:14:11 - [TEST_STEP][PASSED] - Statement - If ("FAILED".equalsIgnoreCase(testCase.getTestCaseStatus())): Taking screenshot successfully

2018-07-09 16:14:11 - [TEST_STEP][PASSED] - Statement - println("Test case Fail taking Screenshot"): null

2018-07-09 16:14:11 - [TEST_STEP][PASSED] - Statement - Try: Taking screenshot successfully

2018-07-09 16:14:11 - [TEST_STEP][PASSED] - Statement - data = new java.util.Date(java.lang.System.currentTimeMillis()): null

2018-07-09 16:14:11 - [TEST_STEP][PASSED] - Statement - formatarDate = new java.text.SimpleDateFormat(yyyyMMddHHmmss): null

2018-07-09 16:14:11 - [TEST_STEP][PASSED] - takeScreenshot: Taking screenshot successfully

2018-07-09 16:14:12 - [MESSAGE][PASSED] - Taking screenshot successfully
[[ATTACHMENT|C:\\Users\\Group10\\git\\KatalonStudio\\ArcWithKatalonStudio\\ScreenShot\\screenshot_20180709161411.png]]

2018-07-09 16:14:12 - [TEST_STEP][PASSED] - closeBrowser: Browser is closed

2018-07-09 16:14:13 - [MESSAGE][PASSED] - Browser is closed]]></system-out>
         <system-err><![CDATA[2018-07-09 16:13:09 - [TEST_CASE][FAILED] - Test Cases/Buildings/MyPortfolios/AnalyticsWaterScoreTest: Test Cases/Buildings/MyPortfolios/AnalyticsWaterScoreTest FAILED because (of) Unable to verify match between actual text '8' and expected text '9' (Root cause: Actual text '8' and expected text '9' are not matched)]]></system-err>
      </testcase>
      <testcase name="Test Cases/Buildings/MyPortfolios/AnalyticsWasteScoreTest" classname="Test Cases/Buildings/MyPortfolios/AnalyticsWasteScoreTest" status="FAILED">
         <failure type="FAILED" message="Unable to verify match between actual text '4' and expected text '5' (Root cause: Actual text '4' and expected text '5' are not matched)"/>
         <system-out><![CDATA[2018-07-09 16:14:13 - [TEST_CASE][FAILED] - Test Cases/Buildings/MyPortfolios/AnalyticsWasteScoreTest: Test Cases/Buildings/MyPortfolios/AnalyticsWasteScoreTest FAILED because (of) Unable to verify match between actual text '4' and expected text '5' (Root cause: Actual text '4' and expected text '5' are not matched)

2018-07-09 16:14:13 - [TEST_STEP][PASSED] - Start listener action : beforeTestListener: com.arc.ReusableMethods.ReusableMethodsLogin.loginIntoArcWithGlobalVariable is PASSED

2018-07-09 16:14:13 - [TEST_STEP][PASSED] - com.arc.ReusableMethods.ReusableMethodsLogin.loginIntoArcWithGlobalVariable: com.arc.ReusableMethods.ReusableMethodsLogin.loginIntoArcWithGlobalVariable is PASSED

2018-07-09 16:14:22 - [MESSAGE][PASSED] - Browser is opened with url: 'http://www.stg.arconline.io/'

2018-07-09 16:14:24 - [MESSAGE][PASSED] - Current window maximized

2018-07-09 16:14:24 - [MESSAGE][PASSED] - Wait for page load successfully

2018-07-09 16:14:24 - [MESSAGE][PASSED] - Object: 'Object Repository/Page_Home  Arc/button_ACCEPT AND CLOSE' is clicked on

2018-07-09 16:14:25 - [MESSAGE][PASSED] - Object: 'Object Repository/Page_Home  Arc/Click_Log in' is clicked on

2018-07-09 16:14:26 - [MESSAGE][PASSED] - Text 'Saurav@groupten.com' is set on object 'Object Repository/Page_Home  Arc/input_name'

2018-07-09 16:14:26 - [MESSAGE][PASSED] - Text 'LEEDg10' is set on object 'Object Repository/Page_Home  Arc/input_pass'

2018-07-09 16:14:27 - [MESSAGE][PASSED] - Object: 'Object Repository/Page_Home  Arc/input_field_policy_accept' is clicked on

2018-07-09 16:14:40 - [MESSAGE][PASSED] - Object: 'Object Repository/Page_Home  Arc/button_Log in' is clicked on

2018-07-09 16:14:45 - [MESSAGE][PASSED] - Delayed 5 second(s)

2018-07-09 16:14:45 - [MESSAGE][PASSED] - Text of object 'Object Repository/Page_Arc dashboard/span_My Projects' is: 'My Projects'

2018-07-09 16:14:45 - [MESSAGE][PASSED] - Actual text 'My Projects' and expected text 'My Projects' are matched  using regular expression

2018-07-09 16:14:48 - [MESSAGE][PASSED] - Delayed 3 second(s)

2018-07-09 16:14:48 - [MESSAGE][PASSED] - com.arc.ReusableMethods.ReusableMethodsLogin.loginIntoArcWithGlobalVariable is PASSED

2018-07-09 16:14:49 - [TEST_STEP][FAILED] - Statement - Try: Unable to verify match between actual text '4' and expected text '5' (Root cause: Actual text '4' and expected text '5' are not matched)

2018-07-09 16:14:49 - [TEST_STEP][PASSED] - com.arc.ReusableMethods.ReusableMethodsSearch.searchProgramPortfolio: com.arc.ReusableMethods.ReusableMethodsSearch.searchProgramPortfolio is PASSED

2018-07-09 16:14:51 - [MESSAGE][PASSED] - Delayed 2 second(s)

2018-07-09 16:14:51 - [MESSAGE][PASSED] - Object: 'Object Repository/Page_Arc dashboard/input_searchBar1' is clicked on

2018-07-09 16:14:52 - [MESSAGE][PASSED] - Text 'Building Portfolio 160324' is set on object 'Object Repository/Page_Arc dashboard/input_searchBar1'

2018-07-09 16:14:52 - [MESSAGE][PASSED] - Object: 'Object Repository/Page_Arc dashboard/input_searchBar1' is clicked on

2018-07-09 16:14:55 - [MESSAGE][PASSED] - Delayed 3 second(s)

2018-07-09 16:14:55 - [MESSAGE][PASSED] - Text of object 'Object Repository/Portfolio/Common/TNoPortfolio (1 portfolio)' is: 'Portfolio (1 portfolio)'

2018-07-09 16:14:55 - [MESSAGE][PASSED] - Actual text 'Portfolio (1 portfolio)' and expected text 'Portfolio (1 portfolio)' are matched 

2018-07-09 16:14:56 - [MESSAGE][PASSED] - Object: 'Object Repository/Page_Arc dashboard/search_Result' is clicked on

2018-07-09 16:15:01 - [MESSAGE][PASSED] - Delayed 5 second(s)

2018-07-09 16:15:01 - [MESSAGE][PASSED] - com.arc.ReusableMethods.ReusableMethodsSearch.searchProgramPortfolio is PASSED

2018-07-09 16:15:01 - [TEST_STEP][FAILED] - com.arc.ReusableMethods.ResuableMethodsPortfolio.analyticsWasteScore: Unable to verify match between actual text '4' and expected text '5' (Root cause: Actual text '4' and expected text '5' are not matched)

2018-07-09 16:15:01 - [MESSAGE][PASSED] - Object: 'Object Repository/Page_Arc dashboard/a_Projects' is clicked on

2018-07-09 16:15:02 - [MESSAGE][PASSED] - Delayed 1 second(s)

2018-07-09 16:15:03 - [MESSAGE][PASSED] - Object: 'Object Repository/Portfolio/Common/a_ Analytics' is clicked on

2018-07-09 16:15:05 - [MESSAGE][PASSED] - Delayed 2 second(s)

2018-07-09 16:15:05 - [MESSAGE][PASSED] - Object: 'Object Repository/Portfolio/Common/a_ Waste' is clicked on

2018-07-09 16:15:10 - [MESSAGE][PASSED] - Delayed 5 second(s)

2018-07-09 16:15:10 - [MESSAGE][PASSED] - Text of object 'Object Repository/Portfolio/Common/HighestScore ' is: '8'

2018-07-09 16:15:10 - [MESSAGE][PASSED] - Actual text '8' and expected text '8' are matched 

2018-07-09 16:15:11 - [MESSAGE][PASSED] - Text of object 'Object Repository/Portfolio/Common/AverageScore' is: '4'

2018-07-09 16:15:11 - [MESSAGE][FAILED] - Unable to verify match between actual text '4' and expected text '5' (Root cause: Actual text '4' and expected text '5' are not matched)

2018-07-09 16:15:11 - [MESSAGE][FAILED] - Unable to verify match between actual text '4' and expected text '5' (Root cause: Actual text '4' and expected text '5' are not matched)

2018-07-09 16:15:11 - [TEST_STEP][PASSED] - Statement - Catch (Throwable t): null

2018-07-09 16:15:11 - [TEST_STEP][PASSED] - Statement - out.println(t.getLocalizedMessage()): null

2018-07-09 16:15:11 - [TEST_STEP][PASSED] - Statement - e1 = new java.lang.Error(t.getMessage()): null

2018-07-09 16:15:11 - [TEST_STEP][PASSED] - Statement - e1.setStackTrace(t.getStackTrace()): null

2018-07-09 16:15:11 - [TEST_STEP][PASSED] - Statement - e1.printStackTrace(): null

2018-07-09 16:15:11 - [TEST_STEP][PASSED] - Start listener action : afterTestCase: Browser is closed

2018-07-09 16:15:11 - [TEST_STEP][PASSED] - switchToDefaultContent: Switching to default content

2018-07-09 16:15:11 - [TEST_STEP][PASSED] - Statement - com.kms.katalon.core.util.KeywordUtil.markWarning("Test Case Name : " + testCase.getTestCaseId()): Test Case Name : Test Cases/Buildings/MyPortfolios/AnalyticsWasteScoreTest

2018-07-09 16:15:11 - [MESSAGE][WARNING] - Test Case Name : Test Cases/Buildings/MyPortfolios/AnalyticsWasteScoreTest

2018-07-09 16:15:11 - [TEST_STEP][PASSED] - Statement - com.kms.katalon.core.util.KeywordUtil.markWarning("Test Case Status : " + testCase.getTestCaseStatus()): Test Case Status : FAILED

2018-07-09 16:15:11 - [MESSAGE][WARNING] - Test Case Status : FAILED

2018-07-09 16:15:11 - [TEST_STEP][PASSED] - Statement - If ("FAILED".equalsIgnoreCase(testCase.getTestCaseStatus())): Taking screenshot successfully

2018-07-09 16:15:11 - [TEST_STEP][PASSED] - Statement - println("Test case Fail taking Screenshot"): null

2018-07-09 16:15:11 - [TEST_STEP][PASSED] - Statement - Try: Taking screenshot successfully

2018-07-09 16:15:11 - [TEST_STEP][PASSED] - Statement - data = new java.util.Date(java.lang.System.currentTimeMillis()): null

2018-07-09 16:15:11 - [TEST_STEP][PASSED] - Statement - formatarDate = new java.text.SimpleDateFormat(yyyyMMddHHmmss): null

2018-07-09 16:15:12 - [TEST_STEP][PASSED] - takeScreenshot: Taking screenshot successfully

2018-07-09 16:15:12 - [MESSAGE][PASSED] - Taking screenshot successfully
[[ATTACHMENT|C:\\Users\\Group10\\git\\KatalonStudio\\ArcWithKatalonStudio\\ScreenShot\\screenshot_20180709161511.png]]

2018-07-09 16:15:12 - [TEST_STEP][PASSED] - closeBrowser: Browser is closed

2018-07-09 16:15:13 - [MESSAGE][PASSED] - Browser is closed]]></system-out>
         <system-err><![CDATA[2018-07-09 16:14:13 - [TEST_CASE][FAILED] - Test Cases/Buildings/MyPortfolios/AnalyticsWasteScoreTest: Test Cases/Buildings/MyPortfolios/AnalyticsWasteScoreTest FAILED because (of) Unable to verify match between actual text '4' and expected text '5' (Root cause: Actual text '4' and expected text '5' are not matched)]]></system-err>
      </testcase>
      <testcase name="Test Cases/Buildings/MyPortfolios/AnalyticsCarbonTopScoreTest" classname="Test Cases/Buildings/MyPortfolios/AnalyticsCarbonTopScoreTest" status="FAILED">
         <failure type="FAILED" message="Unable to verify match between actual text '15.90' and expected text '42.51' (Root cause: Actual text '15.90' and expected text '42.51' are not matched)"/>
         <system-out><![CDATA[2018-07-09 16:15:13 - [TEST_CASE][FAILED] - Test Cases/Buildings/MyPortfolios/AnalyticsCarbonTopScoreTest: Test Cases/Buildings/MyPortfolios/AnalyticsCarbonTopScoreTest FAILED because (of) Unable to verify match between actual text '15.90' and expected text '42.51' (Root cause: Actual text '15.90' and expected text '42.51' are not matched)

2018-07-09 16:15:13 - [TEST_STEP][PASSED] - Start listener action : beforeTestListener: com.arc.ReusableMethods.ReusableMethodsLogin.loginIntoArcWithGlobalVariable is PASSED

2018-07-09 16:15:13 - [TEST_STEP][PASSED] - com.arc.ReusableMethods.ReusableMethodsLogin.loginIntoArcWithGlobalVariable: com.arc.ReusableMethods.ReusableMethodsLogin.loginIntoArcWithGlobalVariable is PASSED

2018-07-09 16:15:23 - [MESSAGE][PASSED] - Browser is opened with url: 'http://www.stg.arconline.io/'

2018-07-09 16:15:24 - [MESSAGE][PASSED] - Current window maximized

2018-07-09 16:15:24 - [MESSAGE][PASSED] - Wait for page load successfully

2018-07-09 16:15:25 - [MESSAGE][PASSED] - Object: 'Object Repository/Page_Home  Arc/button_ACCEPT AND CLOSE' is clicked on

2018-07-09 16:15:25 - [MESSAGE][PASSED] - Object: 'Object Repository/Page_Home  Arc/Click_Log in' is clicked on

2018-07-09 16:15:26 - [MESSAGE][PASSED] - Text 'Saurav@groupten.com' is set on object 'Object Repository/Page_Home  Arc/input_name'

2018-07-09 16:15:26 - [MESSAGE][PASSED] - Text 'LEEDg10' is set on object 'Object Repository/Page_Home  Arc/input_pass'

2018-07-09 16:15:26 - [MESSAGE][PASSED] - Object: 'Object Repository/Page_Home  Arc/input_field_policy_accept' is clicked on

2018-07-09 16:15:41 - [MESSAGE][PASSED] - Object: 'Object Repository/Page_Home  Arc/button_Log in' is clicked on

2018-07-09 16:15:46 - [MESSAGE][PASSED] - Delayed 5 second(s)

2018-07-09 16:15:46 - [MESSAGE][PASSED] - Text of object 'Object Repository/Page_Arc dashboard/span_My Projects' is: 'My Projects'

2018-07-09 16:15:46 - [MESSAGE][PASSED] - Actual text 'My Projects' and expected text 'My Projects' are matched  using regular expression

2018-07-09 16:15:49 - [MESSAGE][PASSED] - Delayed 3 second(s)

2018-07-09 16:15:49 - [MESSAGE][PASSED] - com.arc.ReusableMethods.ReusableMethodsLogin.loginIntoArcWithGlobalVariable is PASSED

2018-07-09 16:15:50 - [TEST_STEP][FAILED] - Statement - Try: Unable to verify match between actual text '15.90' and expected text '42.51' (Root cause: Actual text '15.90' and expected text '42.51' are not matched)

2018-07-09 16:15:50 - [TEST_STEP][PASSED] - com.arc.ReusableMethods.ReusableMethodsSearch.searchProgramPortfolio: com.arc.ReusableMethods.ReusableMethodsSearch.searchProgramPortfolio is PASSED

2018-07-09 16:15:52 - [MESSAGE][PASSED] - Delayed 2 second(s)

2018-07-09 16:15:52 - [MESSAGE][PASSED] - Object: 'Object Repository/Page_Arc dashboard/input_searchBar1' is clicked on

2018-07-09 16:15:53 - [MESSAGE][PASSED] - Text 'Building Portfolio 160324' is set on object 'Object Repository/Page_Arc dashboard/input_searchBar1'

2018-07-09 16:15:53 - [MESSAGE][PASSED] - Object: 'Object Repository/Page_Arc dashboard/input_searchBar1' is clicked on

2018-07-09 16:15:56 - [MESSAGE][PASSED] - Delayed 3 second(s)

2018-07-09 16:15:56 - [MESSAGE][PASSED] - Text of object 'Object Repository/Portfolio/Common/TNoPortfolio (1 portfolio)' is: 'Portfolio (1 portfolio)'

2018-07-09 16:15:56 - [MESSAGE][PASSED] - Actual text 'Portfolio (1 portfolio)' and expected text 'Portfolio (1 portfolio)' are matched 

2018-07-09 16:15:57 - [MESSAGE][PASSED] - Object: 'Object Repository/Page_Arc dashboard/search_Result' is clicked on

2018-07-09 16:16:02 - [MESSAGE][PASSED] - Delayed 5 second(s)

2018-07-09 16:16:02 - [MESSAGE][PASSED] - com.arc.ReusableMethods.ReusableMethodsSearch.searchProgramPortfolio is PASSED

2018-07-09 16:16:02 - [TEST_STEP][FAILED] - com.arc.ReusableMethods.ResuableMethodsPortfolio.analyticsCarbonScore: Unable to verify match between actual text '15.90' and expected text '42.51' (Root cause: Actual text '15.90' and expected text '42.51' are not matched)

2018-07-09 16:16:02 - [MESSAGE][PASSED] - Object: 'Object Repository/Page_Arc dashboard/a_Projects' is clicked on

2018-07-09 16:16:03 - [MESSAGE][PASSED] - Delayed 1 second(s)

2018-07-09 16:16:04 - [MESSAGE][PASSED] - Object: 'Object Repository/Portfolio/Common/a_ Analytics' is clicked on

2018-07-09 16:16:06 - [MESSAGE][PASSED] - Delayed 2 second(s)

2018-07-09 16:16:06 - [MESSAGE][PASSED] - Object: 'Object Repository/Portfolio/Common/a_ Carbon' is clicked on

2018-07-09 16:16:11 - [MESSAGE][PASSED] - Delayed 5 second(s)

2018-07-09 16:16:12 - [MESSAGE][PASSED] - Text of object 'Object Repository/Portfolio/Common/CaronHighest' is: '15.90'

2018-07-09 16:16:12 - [MESSAGE][FAILED] - Unable to verify match between actual text '15.90' and expected text '42.51' (Root cause: Actual text '15.90' and expected text '42.51' are not matched)

2018-07-09 16:16:12 - [MESSAGE][FAILED] - Unable to verify match between actual text '15.90' and expected text '42.51' (Root cause: Actual text '15.90' and expected text '42.51' are not matched)

2018-07-09 16:16:12 - [TEST_STEP][PASSED] - Statement - Catch (Throwable t): null

2018-07-09 16:16:12 - [TEST_STEP][PASSED] - Statement - out.println(t.getLocalizedMessage()): null

2018-07-09 16:16:12 - [TEST_STEP][PASSED] - Statement - e1 = new java.lang.Error(t.getMessage()): null

2018-07-09 16:16:12 - [TEST_STEP][PASSED] - Statement - e1.setStackTrace(t.getStackTrace()): null

2018-07-09 16:16:12 - [TEST_STEP][PASSED] - Statement - e1.printStackTrace(): null

2018-07-09 16:16:12 - [TEST_STEP][PASSED] - Start listener action : afterTestCase: Browser is closed

2018-07-09 16:16:12 - [TEST_STEP][PASSED] - switchToDefaultContent: Switching to default content

2018-07-09 16:16:12 - [TEST_STEP][PASSED] - Statement - com.kms.katalon.core.util.KeywordUtil.markWarning("Test Case Name : " + testCase.getTestCaseId()): Test Case Name : Test Cases/Buildings/MyPortfolios/AnalyticsCarbonTopScoreTest

2018-07-09 16:16:12 - [MESSAGE][WARNING] - Test Case Name : Test Cases/Buildings/MyPortfolios/AnalyticsCarbonTopScoreTest

2018-07-09 16:16:12 - [TEST_STEP][PASSED] - Statement - com.kms.katalon.core.util.KeywordUtil.markWarning("Test Case Status : " + testCase.getTestCaseStatus()): Test Case Status : FAILED

2018-07-09 16:16:12 - [MESSAGE][WARNING] - Test Case Status : FAILED

2018-07-09 16:16:12 - [TEST_STEP][PASSED] - Statement - If ("FAILED".equalsIgnoreCase(testCase.getTestCaseStatus())): Taking screenshot successfully

2018-07-09 16:16:12 - [TEST_STEP][PASSED] - Statement - println("Test case Fail taking Screenshot"): null

2018-07-09 16:16:12 - [TEST_STEP][PASSED] - Statement - Try: Taking screenshot successfully

2018-07-09 16:16:12 - [TEST_STEP][PASSED] - Statement - data = new java.util.Date(java.lang.System.currentTimeMillis()): null

2018-07-09 16:16:12 - [TEST_STEP][PASSED] - Statement - formatarDate = new java.text.SimpleDateFormat(yyyyMMddHHmmss): null

2018-07-09 16:16:12 - [TEST_STEP][PASSED] - takeScreenshot: Taking screenshot successfully

2018-07-09 16:16:13 - [MESSAGE][PASSED] - Taking screenshot successfully
[[ATTACHMENT|C:\\Users\\Group10\\git\\KatalonStudio\\ArcWithKatalonStudio\\ScreenShot\\screenshot_20180709161612.png]]

2018-07-09 16:16:13 - [TEST_STEP][PASSED] - closeBrowser: Browser is closed

2018-07-09 16:16:13 - [MESSAGE][PASSED] - Browser is closed]]></system-out>
         <system-err><![CDATA[2018-07-09 16:15:13 - [TEST_CASE][FAILED] - Test Cases/Buildings/MyPortfolios/AnalyticsCarbonTopScoreTest: Test Cases/Buildings/MyPortfolios/AnalyticsCarbonTopScoreTest FAILED because (of) Unable to verify match between actual text '15.90' and expected text '42.51' (Root cause: Actual text '15.90' and expected text '42.51' are not matched)]]></system-err>
      </testcase>
      <testcase name="Test Cases/Buildings/MyPortfolios/AnalyticsTotalScoreTest" classname="Test Cases/Buildings/MyPortfolios/AnalyticsTotalScoreTest" status="FAILED">
         <failure type="FAILED" message="Unable to verify match between actual text '48' and expected text '49' (Root cause: Actual text '48' and expected text '49' are not matched)"/>
         <system-out><![CDATA[2018-07-09 16:16:13 - [TEST_CASE][FAILED] - Test Cases/Buildings/MyPortfolios/AnalyticsTotalScoreTest: Test Cases/Buildings/MyPortfolios/AnalyticsTotalScoreTest FAILED because (of) Unable to verify match between actual text '48' and expected text '49' (Root cause: Actual text '48' and expected text '49' are not matched)

2018-07-09 16:16:13 - [TEST_STEP][PASSED] - Start listener action : beforeTestListener: com.arc.ReusableMethods.ReusableMethodsLogin.loginIntoArcWithGlobalVariable is PASSED

2018-07-09 16:16:13 - [TEST_STEP][PASSED] - com.arc.ReusableMethods.ReusableMethodsLogin.loginIntoArcWithGlobalVariable: com.arc.ReusableMethods.ReusableMethodsLogin.loginIntoArcWithGlobalVariable is PASSED

2018-07-09 16:16:23 - [MESSAGE][PASSED] - Browser is opened with url: 'http://www.stg.arconline.io/'

2018-07-09 16:16:25 - [MESSAGE][PASSED] - Current window maximized

2018-07-09 16:16:25 - [MESSAGE][PASSED] - Wait for page load successfully

2018-07-09 16:16:25 - [MESSAGE][PASSED] - Object: 'Object Repository/Page_Home  Arc/button_ACCEPT AND CLOSE' is clicked on

2018-07-09 16:16:25 - [MESSAGE][PASSED] - Object: 'Object Repository/Page_Home  Arc/Click_Log in' is clicked on

2018-07-09 16:16:26 - [MESSAGE][PASSED] - Text 'Saurav@groupten.com' is set on object 'Object Repository/Page_Home  Arc/input_name'

2018-07-09 16:16:27 - [MESSAGE][PASSED] - Text 'LEEDg10' is set on object 'Object Repository/Page_Home  Arc/input_pass'

2018-07-09 16:16:27 - [MESSAGE][PASSED] - Object: 'Object Repository/Page_Home  Arc/input_field_policy_accept' is clicked on

2018-07-09 16:16:38 - [MESSAGE][PASSED] - Object: 'Object Repository/Page_Home  Arc/button_Log in' is clicked on

2018-07-09 16:16:43 - [MESSAGE][PASSED] - Delayed 5 second(s)

2018-07-09 16:16:43 - [MESSAGE][PASSED] - Text of object 'Object Repository/Page_Arc dashboard/span_My Projects' is: 'My Projects'

2018-07-09 16:16:43 - [MESSAGE][PASSED] - Actual text 'My Projects' and expected text 'My Projects' are matched  using regular expression

2018-07-09 16:16:46 - [MESSAGE][PASSED] - Delayed 3 second(s)

2018-07-09 16:16:46 - [MESSAGE][PASSED] - com.arc.ReusableMethods.ReusableMethodsLogin.loginIntoArcWithGlobalVariable is PASSED

2018-07-09 16:16:47 - [TEST_STEP][FAILED] - Statement - Try: Unable to verify match between actual text '48' and expected text '49' (Root cause: Actual text '48' and expected text '49' are not matched)

2018-07-09 16:16:47 - [TEST_STEP][PASSED] - com.arc.ReusableMethods.ReusableMethodsSearch.searchProgramPortfolio: com.arc.ReusableMethods.ReusableMethodsSearch.searchProgramPortfolio is PASSED

2018-07-09 16:16:49 - [MESSAGE][PASSED] - Delayed 2 second(s)

2018-07-09 16:16:49 - [MESSAGE][PASSED] - Object: 'Object Repository/Page_Arc dashboard/input_searchBar1' is clicked on

2018-07-09 16:16:50 - [MESSAGE][PASSED] - Text 'Building Portfolio 160324' is set on object 'Object Repository/Page_Arc dashboard/input_searchBar1'

2018-07-09 16:16:50 - [MESSAGE][PASSED] - Object: 'Object Repository/Page_Arc dashboard/input_searchBar1' is clicked on

2018-07-09 16:16:53 - [MESSAGE][PASSED] - Delayed 3 second(s)

2018-07-09 16:16:54 - [MESSAGE][PASSED] - Text of object 'Object Repository/Portfolio/Common/TNoPortfolio (1 portfolio)' is: 'Portfolio (1 portfolio)'

2018-07-09 16:16:54 - [MESSAGE][PASSED] - Actual text 'Portfolio (1 portfolio)' and expected text 'Portfolio (1 portfolio)' are matched 

2018-07-09 16:16:54 - [MESSAGE][PASSED] - Object: 'Object Repository/Page_Arc dashboard/search_Result' is clicked on

2018-07-09 16:16:59 - [MESSAGE][PASSED] - Delayed 5 second(s)

2018-07-09 16:16:59 - [MESSAGE][PASSED] - com.arc.ReusableMethods.ReusableMethodsSearch.searchProgramPortfolio is PASSED

2018-07-09 16:16:59 - [TEST_STEP][FAILED] - com.arc.ReusableMethods.ResuableMethodsPortfolio.analyticsTotalScore: Unable to verify match between actual text '48' and expected text '49' (Root cause: Actual text '48' and expected text '49' are not matched)

2018-07-09 16:17:00 - [MESSAGE][PASSED] - Object: 'Object Repository/Page_Arc dashboard/a_Projects' is clicked on

2018-07-09 16:17:01 - [MESSAGE][PASSED] - Delayed 1 second(s)

2018-07-09 16:17:01 - [MESSAGE][PASSED] - Object: 'Object Repository/Portfolio/Common/a_ Analytics' is clicked on

2018-07-09 16:17:03 - [MESSAGE][PASSED] - Delayed 2 second(s)

2018-07-09 16:17:04 - [MESSAGE][PASSED] - Object: 'Object Repository/Portfolio/Common/a_ Total' is clicked on

2018-07-09 16:17:09 - [MESSAGE][PASSED] - Delayed 5 second(s)

2018-07-09 16:17:09 - [MESSAGE][PASSED] - Text of object 'Object Repository/Portfolio/Total/HighestScore ' is: '82'

2018-07-09 16:17:10 - [MESSAGE][PASSED] - Text of object 'Object Repository/Portfolio/Total/AverageScore' is: '48'

2018-07-09 16:17:10 - [MESSAGE][PASSED] - Text of object 'Object Repository/Portfolio/Total/LowestScore ' is: '0'

2018-07-09 16:17:10 - [MESSAGE][PASSED] - Actual text '82' and expected text '82' are matched 

2018-07-09 16:17:10 - [MESSAGE][FAILED] - Unable to verify match between actual text '48' and expected text '49' (Root cause: Actual text '48' and expected text '49' are not matched)

2018-07-09 16:17:10 - [MESSAGE][FAILED] - Unable to verify match between actual text '48' and expected text '49' (Root cause: Actual text '48' and expected text '49' are not matched)

2018-07-09 16:17:10 - [TEST_STEP][PASSED] - Statement - Catch (Throwable t): null

2018-07-09 16:17:10 - [TEST_STEP][PASSED] - Statement - out.println(t.getLocalizedMessage()): null

2018-07-09 16:17:10 - [TEST_STEP][PASSED] - Statement - e1 = new java.lang.Error(t.getMessage()): null

2018-07-09 16:17:10 - [TEST_STEP][PASSED] - Statement - e1.setStackTrace(t.getStackTrace()): null

2018-07-09 16:17:10 - [TEST_STEP][PASSED] - Statement - e1.printStackTrace(): null

2018-07-09 16:17:10 - [TEST_STEP][PASSED] - Start listener action : afterTestCase: Browser is closed

2018-07-09 16:17:10 - [TEST_STEP][PASSED] - switchToDefaultContent: Switching to default content

2018-07-09 16:17:10 - [TEST_STEP][PASSED] - Statement - com.kms.katalon.core.util.KeywordUtil.markWarning("Test Case Name : " + testCase.getTestCaseId()): Test Case Name : Test Cases/Buildings/MyPortfolios/AnalyticsTotalScoreTest

2018-07-09 16:17:10 - [MESSAGE][WARNING] - Test Case Name : Test Cases/Buildings/MyPortfolios/AnalyticsTotalScoreTest

2018-07-09 16:17:10 - [TEST_STEP][PASSED] - Statement - com.kms.katalon.core.util.KeywordUtil.markWarning("Test Case Status : " + testCase.getTestCaseStatus()): Test Case Status : FAILED

2018-07-09 16:17:10 - [MESSAGE][WARNING] - Test Case Status : FAILED

2018-07-09 16:17:10 - [TEST_STEP][PASSED] - Statement - If ("FAILED".equalsIgnoreCase(testCase.getTestCaseStatus())): Taking screenshot successfully

2018-07-09 16:17:10 - [TEST_STEP][PASSED] - Statement - println("Test case Fail taking Screenshot"): null

2018-07-09 16:17:10 - [TEST_STEP][PASSED] - Statement - Try: Taking screenshot successfully

2018-07-09 16:17:10 - [TEST_STEP][PASSED] - Statement - data = new java.util.Date(java.lang.System.currentTimeMillis()): null

2018-07-09 16:17:10 - [TEST_STEP][PASSED] - Statement - formatarDate = new java.text.SimpleDateFormat(yyyyMMddHHmmss): null

2018-07-09 16:17:10 - [TEST_STEP][PASSED] - takeScreenshot: Taking screenshot successfully

2018-07-09 16:17:11 - [MESSAGE][PASSED] - Taking screenshot successfully
[[ATTACHMENT|C:\\Users\\Group10\\git\\KatalonStudio\\ArcWithKatalonStudio\\ScreenShot\\screenshot_20180709161710.png]]

2018-07-09 16:17:11 - [TEST_STEP][PASSED] - closeBrowser: Browser is closed

2018-07-09 16:17:12 - [MESSAGE][PASSED] - Browser is closed]]></system-out>
         <system-err><![CDATA[2018-07-09 16:16:13 - [TEST_CASE][FAILED] - Test Cases/Buildings/MyPortfolios/AnalyticsTotalScoreTest: Test Cases/Buildings/MyPortfolios/AnalyticsTotalScoreTest FAILED because (of) Unable to verify match between actual text '48' and expected text '49' (Root cause: Actual text '48' and expected text '49' are not matched)]]></system-err>
      </testcase>
      <testcase name="Test Cases/Buildings/MyPortfolios/EnergyGoalTest" classname="Test Cases/Buildings/MyPortfolios/EnergyGoalTest" status="ERROR">
         <error type="ERROR" message="Test Cases/Buildings/MyPortfolios/EnergyGoalTest FAILED because (of) org.codehaus.groovy.runtime.InvokerInvocationException: groovy.lang.MissingMethodException: No signature of method: com.arc.ReusableMethods.ResuableMethodsPortfolio.println() is applicable for argument types: (java.lang.String, java.lang.String) values: [Pass, Test passed verified energy textarea, energy reducion , base line value after refersh successfully]
Possible solutions: println(), println(java.lang.Object), println(java.io.PrintWriter), printf(java.lang.String, java.lang.Object), printf(java.lang.String, [Ljava.lang.Object;), print(java.io.PrintWriter)"/>
         <system-out><![CDATA[2018-07-09 16:17:12 - [TEST_CASE][ERROR] - Test Cases/Buildings/MyPortfolios/EnergyGoalTest: Test Cases/Buildings/MyPortfolios/EnergyGoalTest FAILED because (of) org.codehaus.groovy.runtime.InvokerInvocationException: groovy.lang.MissingMethodException: No signature of method: com.arc.ReusableMethods.ResuableMethodsPortfolio.println() is applicable for argument types: (java.lang.String, java.lang.String) values: [Pass, Test passed verified energy textarea, energy reducion , base line value after refersh successfully]
Possible solutions: println(), println(java.lang.Object), println(java.io.PrintWriter), printf(java.lang.String, java.lang.Object), printf(java.lang.String, [Ljava.lang.Object;), print(java.io.PrintWriter)

2018-07-09 16:17:12 - [TEST_STEP][PASSED] - Start listener action : beforeTestListener: com.arc.ReusableMethods.ReusableMethodsLogin.loginIntoArcWithGlobalVariable is PASSED

2018-07-09 16:17:12 - [TEST_STEP][PASSED] - com.arc.ReusableMethods.ReusableMethodsLogin.loginIntoArcWithGlobalVariable: com.arc.ReusableMethods.ReusableMethodsLogin.loginIntoArcWithGlobalVariable is PASSED

2018-07-09 16:17:21 - [MESSAGE][PASSED] - Browser is opened with url: 'http://www.stg.arconline.io/'

2018-07-09 16:17:23 - [MESSAGE][PASSED] - Current window maximized

2018-07-09 16:17:23 - [MESSAGE][PASSED] - Wait for page load successfully

2018-07-09 16:17:23 - [MESSAGE][PASSED] - Object: 'Object Repository/Page_Home  Arc/button_ACCEPT AND CLOSE' is clicked on

2018-07-09 16:17:23 - [MESSAGE][PASSED] - Object: 'Object Repository/Page_Home  Arc/Click_Log in' is clicked on

2018-07-09 16:17:24 - [MESSAGE][PASSED] - Text 'Saurav@groupten.com' is set on object 'Object Repository/Page_Home  Arc/input_name'

2018-07-09 16:17:25 - [MESSAGE][PASSED] - Text 'LEEDg10' is set on object 'Object Repository/Page_Home  Arc/input_pass'

2018-07-09 16:17:25 - [MESSAGE][PASSED] - Object: 'Object Repository/Page_Home  Arc/input_field_policy_accept' is clicked on

2018-07-09 16:17:38 - [MESSAGE][PASSED] - Object: 'Object Repository/Page_Home  Arc/button_Log in' is clicked on

2018-07-09 16:17:43 - [MESSAGE][PASSED] - Delayed 5 second(s)

2018-07-09 16:17:43 - [MESSAGE][PASSED] - Text of object 'Object Repository/Page_Arc dashboard/span_My Projects' is: 'My Projects'

2018-07-09 16:17:43 - [MESSAGE][PASSED] - Actual text 'My Projects' and expected text 'My Projects' are matched  using regular expression

2018-07-09 16:17:46 - [MESSAGE][PASSED] - Delayed 3 second(s)

2018-07-09 16:17:46 - [MESSAGE][PASSED] - com.arc.ReusableMethods.ReusableMethodsLogin.loginIntoArcWithGlobalVariable is PASSED

2018-07-09 16:17:46 - [TEST_STEP][ERROR] - Statement - Try: groovy.lang.MissingMethodException: No signature of method: com.arc.ReusableMethods.ResuableMethodsPortfolio.println() is applicable for argument types: (java.lang.String, java.lang.String) values: [Pass, Test passed verified energy textarea, energy reducion , base line value after refersh successfully]
Possible solutions: println(), println(java.lang.Object), println(java.io.PrintWriter), printf(java.lang.String, java.lang.Object), printf(java.lang.String, [Ljava.lang.Object;), print(java.io.PrintWriter)

2018-07-09 16:17:46 - [TEST_STEP][PASSED] - com.arc.ReusableMethods.ReusableMethodsSearch.searchProgramPortfolio: com.arc.ReusableMethods.ReusableMethodsSearch.searchProgramPortfolio is PASSED

2018-07-09 16:17:48 - [MESSAGE][PASSED] - Delayed 2 second(s)

2018-07-09 16:17:49 - [MESSAGE][PASSED] - Object: 'Object Repository/Page_Arc dashboard/input_searchBar1' is clicked on

2018-07-09 16:17:49 - [MESSAGE][PASSED] - Text 'Building Portfolio 160324' is set on object 'Object Repository/Page_Arc dashboard/input_searchBar1'

2018-07-09 16:17:50 - [MESSAGE][PASSED] - Object: 'Object Repository/Page_Arc dashboard/input_searchBar1' is clicked on

2018-07-09 16:17:53 - [MESSAGE][PASSED] - Delayed 3 second(s)

2018-07-09 16:17:53 - [MESSAGE][PASSED] - Text of object 'Object Repository/Portfolio/Common/TNoPortfolio (1 portfolio)' is: 'Portfolio (1 portfolio)'

2018-07-09 16:17:53 - [MESSAGE][PASSED] - Actual text 'Portfolio (1 portfolio)' and expected text 'Portfolio (1 portfolio)' are matched 

2018-07-09 16:17:54 - [MESSAGE][PASSED] - Object: 'Object Repository/Page_Arc dashboard/search_Result' is clicked on

2018-07-09 16:17:59 - [MESSAGE][PASSED] - Delayed 5 second(s)

2018-07-09 16:17:59 - [MESSAGE][PASSED] - com.arc.ReusableMethods.ReusableMethodsSearch.searchProgramPortfolio is PASSED

2018-07-09 16:17:59 - [TEST_STEP][ERROR] - com.arc.ReusableMethods.ResuableMethodsPortfolio.goalEnergy: groovy.lang.MissingMethodException: No signature of method: com.arc.ReusableMethods.ResuableMethodsPortfolio.println() is applicable for argument types: (java.lang.String, java.lang.String) values: [Pass, Test passed verified energy textarea, energy reducion , base line value after refersh successfully]
Possible solutions: println(), println(java.lang.Object), println(java.io.PrintWriter), printf(java.lang.String, java.lang.Object), printf(java.lang.String, [Ljava.lang.Object;), print(java.io.PrintWriter)

2018-07-09 16:17:59 - [MESSAGE][PASSED] - Object: 'Object Repository/Page_Arc dashboard/a_Projects' is clicked on

2018-07-09 16:18:00 - [MESSAGE][PASSED] - Delayed 1 second(s)

2018-07-09 16:18:02 - [MESSAGE][PASSED] - Object: 'Object Repository/Portfolio/Goal/a_ Goals' is clicked on

2018-07-09 16:18:04 - [MESSAGE][PASSED] - Delayed 2 second(s)

2018-07-09 16:18:04 - [MESSAGE][PASSED] - Text of object 'Object Repository/Portfolio/Goal/EnergyUnitkBtu' is: 'kBtu'

2018-07-09 16:18:05 - [MESSAGE][PASSED] - Delayed 1 second(s)

2018-07-09 16:18:05 - [MESSAGE][PASSED] - Actual text 'kBtu' and expected text 'kBtu' are matched 

2018-07-09 16:18:05 - [MESSAGE][PASSED] - Text of object 'Object Repository/Portfolio/Goal/energy_percent_reduction' is cleared

2018-07-09 16:18:05 - [MESSAGE][PASSED] - Keys '100' sent to object: 'Object Repository/Portfolio/Goal/energy_percent_reduction'

2018-07-09 16:18:06 - [MESSAGE][PASSED] - Text of object 'Object Repository/Portfolio/Goal/energy_baseline_value' is cleared

2018-07-09 16:18:06 - [MESSAGE][PASSED] - Keys '50' sent to object: 'Object Repository/Portfolio/Goal/energy_baseline_value'

2018-07-09 16:18:06 - [MESSAGE][PASSED] - Object: 'Object Repository/Portfolio/Goal/EnergyDiffGoal' is clicked on

2018-07-09 16:18:08 - [MESSAGE][PASSED] - Delayed 2 second(s)

2018-07-09 16:18:08 - [MESSAGE][PASSED] - Text of object 'Object Repository/Portfolio/Goal/EnergyDiffGoal' is: '0.00 %'

2018-07-09 16:18:09 - [MESSAGE][PASSED] - Text of object 'Object Repository/Portfolio/Goal/energy_CurrentProgess' is: '100.00 %'

2018-07-09 16:18:09 - [MESSAGE][PASSED] - Actual text '0.00 %' and expected text '0.00 %' are matched 

2018-07-09 16:18:15 - [MESSAGE][PASSED] - All options with label '2017' are selected in object 'Object Repository/Portfolio/Goal/energy_baseline_year'  using regular expression

2018-07-09 16:18:16 - [MESSAGE][PASSED] - Delayed 1 second(s)

2018-07-09 16:18:19 - [MESSAGE][PASSED] - All options with label '2019' are selected in object 'Object Repository/Portfolio/Goal/energy_target_year'  using regular expression

2018-07-09 16:18:19 - [MESSAGE][PASSED] - Text of object 'Object Repository/Portfolio/Goal/EnergyGoal' is: '50%'

2018-07-09 16:18:19 - [MESSAGE][PASSED] - Object 'Object Repository/Portfolio/Goal/energy_description_textarea' is clickable

2018-07-09 16:18:19 - [MESSAGE][PASSED] - Object: 'Object Repository/Portfolio/Goal/energy_description_textarea' is clicked on

2018-07-09 16:18:19 - [MESSAGE][PASSED] - Text of object 'Object Repository/Portfolio/Goal/energy_description_textarea' is cleared

2018-07-09 16:18:27 - [MESSAGE][PASSED] - Keys 'Achieved a 100% reduction from 2016 energy and GHG emissions levels by 2018, a goal derived using the Science-Based Targets SDA.The most common oxidation state of carbon in inorganic compounds is +4, while +2 is found in carbon monoxide and transition metal carbonyl complexes. The largest sources of inorganic carbon are limestones, dolomites and carbon dioxide, but significant quantities occur in organic deposits of coal, peat, oil, and methane clathrates. Carbon forms a vast number of compounds, more than any other element, with almost ten million compounds described to date Draft Tool' sent to object: 'Object Repository/Portfolio/Goal/energy_description_textarea'

2018-07-09 16:18:27 - [MESSAGE][PASSED] - Object: 'Object Repository/Portfolio/Goal/CarbonCurrentProgess' is clicked on

2018-07-09 16:18:29 - [MESSAGE][PASSED] - Delayed 2 second(s)

2018-07-09 16:18:37 - [MESSAGE][PASSED] - Refresh successfully

2018-07-09 16:18:42 - [MESSAGE][PASSED] - Delayed 5 second(s)

2018-07-09 16:18:43 - [MESSAGE][PASSED] - Attribute 'value' of object 'Object Repository/Portfolio/Goal/energy_baseline_value' is: '50.00'

2018-07-09 16:18:43 - [MESSAGE][PASSED] - Attribute 'value' of object 'Object Repository/Portfolio/Goal/energy_percent_reduction' is: '100'

2018-07-09 16:18:43 - [MESSAGE][PASSED] - Attribute 'value' of object 'Object Repository/Portfolio/Goal/energy_description_textarea' is: 'Achieved a 100% reduction from 2016 energy and GHG emissions levels by 2018, a goal derived using the Science-Based Targets SDA.The most common oxidation state of carbon in inorganic compounds is +4, while +2 is found in carbon monoxide and transition metal carbonyl complexes. The largest sources of inorganic carbon are limestones, dolomites and carbon dioxide, but significant quantities occur in organic deposits of coal, peat, oil, and methane clathrates. Carbon forms a vast number of compounds, more than any other element, with almost ten million compounds described to date Draft Tool'

2018-07-09 16:18:43 - [MESSAGE][ERROR] - groovy.lang.MissingMethodException: No signature of method: com.arc.ReusableMethods.ResuableMethodsPortfolio.println() is applicable for argument types: (java.lang.String, java.lang.String) values: [Pass, Test passed verified energy textarea, energy reducion , base line value after refersh successfully]
Possible solutions: println(), println(java.lang.Object), println(java.io.PrintWriter), printf(java.lang.String, java.lang.Object), printf(java.lang.String, [Ljava.lang.Object;), print(java.io.PrintWriter)

2018-07-09 16:18:43 - [TEST_STEP][PASSED] - Statement - Catch (Throwable t): null

2018-07-09 16:18:43 - [TEST_STEP][PASSED] - Statement - out.println(t.getLocalizedMessage()): null

2018-07-09 16:18:43 - [TEST_STEP][PASSED] - Statement - e1 = new java.lang.Error(t.getMessage()): null

2018-07-09 16:18:43 - [TEST_STEP][PASSED] - Statement - e1.setStackTrace(t.getStackTrace()): null

2018-07-09 16:18:43 - [TEST_STEP][PASSED] - Statement - e1.printStackTrace(): null

2018-07-09 16:18:43 - [TEST_STEP][PASSED] - Start listener action : afterTestCase: Browser is closed

2018-07-09 16:18:43 - [TEST_STEP][PASSED] - switchToDefaultContent: Switching to default content

2018-07-09 16:18:43 - [TEST_STEP][PASSED] - Statement - com.kms.katalon.core.util.KeywordUtil.markWarning("Test Case Name : " + testCase.getTestCaseId()): Test Case Name : Test Cases/Buildings/MyPortfolios/EnergyGoalTest

2018-07-09 16:18:43 - [MESSAGE][WARNING] - Test Case Name : Test Cases/Buildings/MyPortfolios/EnergyGoalTest

2018-07-09 16:18:43 - [TEST_STEP][PASSED] - Statement - com.kms.katalon.core.util.KeywordUtil.markWarning("Test Case Status : " + testCase.getTestCaseStatus()): Test Case Status : ERROR

2018-07-09 16:18:44 - [MESSAGE][WARNING] - Test Case Status : ERROR

2018-07-09 16:18:44 - [TEST_STEP][PASSED] - Statement - If ("FAILED".equalsIgnoreCase(testCase.getTestCaseStatus())): null

2018-07-09 16:18:44 - [TEST_STEP][PASSED] - closeBrowser: Browser is closed

2018-07-09 16:18:45 - [MESSAGE][PASSED] - Browser is closed]]></system-out>
         <system-err><![CDATA[2018-07-09 16:17:12 - [TEST_CASE][ERROR] - Test Cases/Buildings/MyPortfolios/EnergyGoalTest: Test Cases/Buildings/MyPortfolios/EnergyGoalTest FAILED because (of) org.codehaus.groovy.runtime.InvokerInvocationException: groovy.lang.MissingMethodException: No signature of method: com.arc.ReusableMethods.ResuableMethodsPortfolio.println() is applicable for argument types: (java.lang.String, java.lang.String) values: [Pass, Test passed verified energy textarea, energy reducion , base line value after refersh successfully]
Possible solutions: println(), println(java.lang.Object), println(java.io.PrintWriter), printf(java.lang.String, java.lang.Object), printf(java.lang.String, [Ljava.lang.Object;), print(java.io.PrintWriter)]]></system-err>
      </testcase>
      <testcase name="Test Cases/Buildings/MyPortfolios/GoalCarbonTest" classname="Test Cases/Buildings/MyPortfolios/GoalCarbonTest" status="ERROR">
         <error type="ERROR" message="Test Cases/Buildings/MyPortfolios/GoalCarbonTest FAILED because (of) org.codehaus.groovy.runtime.InvokerInvocationException: java.lang.AssertionError: Not Valid expected [true] but found [false]"/>
         <system-out><![CDATA[2018-07-09 16:18:45 - [TEST_CASE][ERROR] - Test Cases/Buildings/MyPortfolios/GoalCarbonTest: Test Cases/Buildings/MyPortfolios/GoalCarbonTest FAILED because (of) org.codehaus.groovy.runtime.InvokerInvocationException: java.lang.AssertionError: Not Valid expected [true] but found [false]

2018-07-09 16:18:45 - [TEST_STEP][PASSED] - Start listener action : beforeTestListener: com.arc.ReusableMethods.ReusableMethodsLogin.loginIntoArcWithGlobalVariable is PASSED

2018-07-09 16:18:45 - [TEST_STEP][PASSED] - com.arc.ReusableMethods.ReusableMethodsLogin.loginIntoArcWithGlobalVariable: com.arc.ReusableMethods.ReusableMethodsLogin.loginIntoArcWithGlobalVariable is PASSED

2018-07-09 16:18:54 - [MESSAGE][PASSED] - Browser is opened with url: 'http://www.stg.arconline.io/'

2018-07-09 16:18:55 - [MESSAGE][PASSED] - Current window maximized

2018-07-09 16:18:55 - [MESSAGE][PASSED] - Wait for page load successfully

2018-07-09 16:18:56 - [MESSAGE][PASSED] - Object: 'Object Repository/Page_Home  Arc/button_ACCEPT AND CLOSE' is clicked on

2018-07-09 16:18:56 - [MESSAGE][PASSED] - Object: 'Object Repository/Page_Home  Arc/Click_Log in' is clicked on

2018-07-09 16:18:57 - [MESSAGE][PASSED] - Text 'Saurav@groupten.com' is set on object 'Object Repository/Page_Home  Arc/input_name'

2018-07-09 16:18:57 - [MESSAGE][PASSED] - Text 'LEEDg10' is set on object 'Object Repository/Page_Home  Arc/input_pass'

2018-07-09 16:18:57 - [MESSAGE][PASSED] - Object: 'Object Repository/Page_Home  Arc/input_field_policy_accept' is clicked on

2018-07-09 16:19:11 - [MESSAGE][PASSED] - Object: 'Object Repository/Page_Home  Arc/button_Log in' is clicked on

2018-07-09 16:19:16 - [MESSAGE][PASSED] - Delayed 5 second(s)

2018-07-09 16:19:17 - [MESSAGE][PASSED] - Text of object 'Object Repository/Page_Arc dashboard/span_My Projects' is: 'My Projects'

2018-07-09 16:19:17 - [MESSAGE][PASSED] - Actual text 'My Projects' and expected text 'My Projects' are matched  using regular expression

2018-07-09 16:19:20 - [MESSAGE][PASSED] - Delayed 3 second(s)

2018-07-09 16:19:20 - [MESSAGE][PASSED] - com.arc.ReusableMethods.ReusableMethodsLogin.loginIntoArcWithGlobalVariable is PASSED

2018-07-09 16:19:20 - [TEST_STEP][FAILED] - Statement - Try: java.lang.AssertionError: Not Valid expected [true] but found [false]

2018-07-09 16:19:20 - [TEST_STEP][PASSED] - com.arc.ReusableMethods.ReusableMethodsSearch.searchProgramPortfolio: com.arc.ReusableMethods.ReusableMethodsSearch.searchProgramPortfolio is PASSED

2018-07-09 16:19:22 - [MESSAGE][PASSED] - Delayed 2 second(s)

2018-07-09 16:19:23 - [MESSAGE][PASSED] - Object: 'Object Repository/Page_Arc dashboard/input_searchBar1' is clicked on

2018-07-09 16:19:23 - [MESSAGE][PASSED] - Text 'Building Portfolio 160324' is set on object 'Object Repository/Page_Arc dashboard/input_searchBar1'

2018-07-09 16:19:23 - [MESSAGE][PASSED] - Object: 'Object Repository/Page_Arc dashboard/input_searchBar1' is clicked on

2018-07-09 16:19:26 - [MESSAGE][PASSED] - Delayed 3 second(s)

2018-07-09 16:19:27 - [MESSAGE][PASSED] - Text of object 'Object Repository/Portfolio/Common/TNoPortfolio (1 portfolio)' is: 'Portfolio (1 portfolio)'

2018-07-09 16:19:27 - [MESSAGE][PASSED] - Actual text 'Portfolio (1 portfolio)' and expected text 'Portfolio (1 portfolio)' are matched 

2018-07-09 16:19:27 - [MESSAGE][PASSED] - Object: 'Object Repository/Page_Arc dashboard/search_Result' is clicked on

2018-07-09 16:19:32 - [MESSAGE][PASSED] - Delayed 5 second(s)

2018-07-09 16:19:32 - [MESSAGE][PASSED] - com.arc.ReusableMethods.ReusableMethodsSearch.searchProgramPortfolio is PASSED

2018-07-09 16:19:32 - [TEST_STEP][FAILED] - com.arc.ReusableMethods.ResuableMethodsPortfolio.goalCarbon: java.lang.AssertionError: Not Valid expected [true] but found [false]

2018-07-09 16:19:33 - [MESSAGE][PASSED] - Object: 'Object Repository/Page_Arc dashboard/a_Projects' is clicked on

2018-07-09 16:19:34 - [MESSAGE][PASSED] - Delayed 1 second(s)

2018-07-09 16:19:36 - [MESSAGE][PASSED] - Object: 'Object Repository/Portfolio/Goal/a_ Goals' is clicked on

2018-07-09 16:19:38 - [MESSAGE][PASSED] - Delayed 2 second(s)

2018-07-09 16:19:38 - [MESSAGE][PASSED] - Text of object 'Object Repository/Portfolio/Goal/CarbonUnit' is: 'MTCO2e'

2018-07-09 16:19:39 - [MESSAGE][PASSED] - Delayed 1 second(s)

2018-07-09 16:19:39 - [MESSAGE][PASSED] - Actual text 'MTCO2e' and expected text 'MTCO2e' are matched 

2018-07-09 16:19:39 - [MESSAGE][PASSED] - Text of object 'Object Repository/Portfolio/Goal/carbon_percent_reduction' is cleared

2018-07-09 16:19:39 - [MESSAGE][PASSED] - Keys '100' sent to object: 'Object Repository/Portfolio/Goal/carbon_percent_reduction'

2018-07-09 16:19:40 - [MESSAGE][PASSED] - Text of object 'Object Repository/Portfolio/Goal/energy_baseline_value' is cleared

2018-07-09 16:19:40 - [MESSAGE][PASSED] - Keys '100' sent to object: 'Object Repository/Portfolio/Goal/energy_baseline_value'

2018-07-09 16:19:40 - [MESSAGE][PASSED] - Object: 'Object Repository/Portfolio/Goal/CarbonDiffGoal' is clicked on

2018-07-09 16:19:41 - [MESSAGE][PASSED] - Delayed 1 second(s)

2018-07-09 16:19:41 - [MESSAGE][PASSED] - Text of object 'Object Repository/Portfolio/Goal/CarbonDiffGoal' is: '100.01 %'

2018-07-09 16:19:41 - [MESSAGE][PASSED] - Text of object 'Object Repository/Portfolio/Goal/CarbonCurrentProgess' is: '-0.01 %'

2018-07-09 16:19:41 - [MESSAGE][PASSED] - Actual text '100.01 %' and expected text '100.01 %' are matched 

2018-07-09 16:19:49 - [MESSAGE][PASSED] - All options with label '2017' are selected in object 'Object Repository/Portfolio/Goal/Carbon_base_year'  using regular expression

2018-07-09 16:19:50 - [MESSAGE][PASSED] - Delayed 1 second(s)

2018-07-09 16:19:53 - [MESSAGE][PASSED] - All options with label '2019' are selected in object 'Object Repository/Portfolio/Goal/carbon_target_year'  using regular expression

2018-07-09 16:19:53 - [MESSAGE][PASSED] - Text of object 'Object Repository/Portfolio/Goal/CarbonGoalBar' is: '50%'

2018-07-09 16:19:53 - [MESSAGE][PASSED] - Object: 'Object Repository/Portfolio/Goal/carbon_description_textarea' is clicked on

2018-07-09 16:20:02 - [MESSAGE][PASSED] - Keys 'Achieved a 100% reduction from 2016 Carbon and GHG emissions levels by 2018, a goal derived using the Science-Based Targets SDA.The most common oxidation state of carbon in inorganic compounds is +4, while +2 is found in carbon monoxide and transition metal carbonyl complexes. The largest sources of inorganic carbon are limestones, dolomites and carbon dioxide, but significant quantities occur in organic deposits of coal, peat, oil, and methane clathrates. Carbon forms a vast number of compounds, more than any other element, with almost ten million compounds described to date Draft Tool' sent to object: 'Object Repository/Portfolio/Goal/carbon_description_textarea'

2018-07-09 16:20:02 - [MESSAGE][PASSED] - Object: 'Object Repository/Portfolio/Goal/CarbonCurrentProgess' is clicked on

2018-07-09 16:20:04 - [MESSAGE][PASSED] - Delayed 2 second(s)

2018-07-09 16:20:12 - [MESSAGE][PASSED] - Refresh successfully

2018-07-09 16:20:17 - [MESSAGE][PASSED] - Delayed 5 second(s)

2018-07-09 16:20:17 - [MESSAGE][PASSED] - Attribute 'value' of object 'Object Repository/Portfolio/Goal/carbon_baseline_value' is: '39.00'

2018-07-09 16:20:17 - [MESSAGE][FAILED] - java.lang.AssertionError: Not Valid expected [true] but found [false]

2018-07-09 16:20:17 - [TEST_STEP][PASSED] - Statement - Catch (Throwable t): null

2018-07-09 16:20:17 - [TEST_STEP][PASSED] - Statement - out.println(t.getLocalizedMessage()): null

2018-07-09 16:20:17 - [TEST_STEP][PASSED] - Statement - e1 = new java.lang.Error(t.getMessage()): null

2018-07-09 16:20:17 - [TEST_STEP][PASSED] - Statement - e1.setStackTrace(t.getStackTrace()): null

2018-07-09 16:20:17 - [TEST_STEP][PASSED] - Statement - e1.printStackTrace(): null

2018-07-09 16:20:17 - [TEST_STEP][PASSED] - Start listener action : afterTestCase: Browser is closed

2018-07-09 16:20:17 - [TEST_STEP][PASSED] - switchToDefaultContent: Switching to default content

2018-07-09 16:20:17 - [TEST_STEP][PASSED] - Statement - com.kms.katalon.core.util.KeywordUtil.markWarning("Test Case Name : " + testCase.getTestCaseId()): Test Case Name : Test Cases/Buildings/MyPortfolios/GoalCarbonTest

2018-07-09 16:20:17 - [MESSAGE][WARNING] - Test Case Name : Test Cases/Buildings/MyPortfolios/GoalCarbonTest

2018-07-09 16:20:17 - [TEST_STEP][PASSED] - Statement - com.kms.katalon.core.util.KeywordUtil.markWarning("Test Case Status : " + testCase.getTestCaseStatus()): Test Case Status : FAILED

2018-07-09 16:20:17 - [MESSAGE][WARNING] - Test Case Status : FAILED

2018-07-09 16:20:17 - [TEST_STEP][PASSED] - Statement - If ("FAILED".equalsIgnoreCase(testCase.getTestCaseStatus())): Taking screenshot successfully

2018-07-09 16:20:17 - [TEST_STEP][PASSED] - Statement - println("Test case Fail taking Screenshot"): null

2018-07-09 16:20:17 - [TEST_STEP][PASSED] - Statement - Try: Taking screenshot successfully

2018-07-09 16:20:17 - [TEST_STEP][PASSED] - Statement - data = new java.util.Date(java.lang.System.currentTimeMillis()): null

2018-07-09 16:20:17 - [TEST_STEP][PASSED] - Statement - formatarDate = new java.text.SimpleDateFormat(yyyyMMddHHmmss): null

2018-07-09 16:20:17 - [TEST_STEP][PASSED] - takeScreenshot: Taking screenshot successfully

2018-07-09 16:20:18 - [MESSAGE][PASSED] - Taking screenshot successfully
[[ATTACHMENT|C:\\Users\\Group10\\git\\KatalonStudio\\ArcWithKatalonStudio\\ScreenShot\\screenshot_20180709162017.png]]

2018-07-09 16:20:18 - [TEST_STEP][PASSED] - closeBrowser: Browser is closed

2018-07-09 16:20:18 - [MESSAGE][PASSED] - Browser is closed]]></system-out>
         <system-err><![CDATA[2018-07-09 16:18:45 - [TEST_CASE][ERROR] - Test Cases/Buildings/MyPortfolios/GoalCarbonTest: Test Cases/Buildings/MyPortfolios/GoalCarbonTest FAILED because (of) org.codehaus.groovy.runtime.InvokerInvocationException: java.lang.AssertionError: Not Valid expected [true] but found [false]]]></system-err>
      </testcase>
      <testcase name="Test Cases/Buildings/MyPortfolios/GoalWasteDivertionTest" classname="Test Cases/Buildings/MyPortfolios/GoalWasteDivertionTest" status="ERROR">
         <error type="ERROR" message="Test Cases/Buildings/MyPortfolios/GoalWasteDivertionTest FAILED because (of) org.codehaus.groovy.runtime.InvokerInvocationException: java.lang.AssertionError: expected [10.0] but found [50.0]"/>
         <system-out><![CDATA[2018-07-09 16:20:18 - [TEST_CASE][ERROR] - Test Cases/Buildings/MyPortfolios/GoalWasteDivertionTest: Test Cases/Buildings/MyPortfolios/GoalWasteDivertionTest FAILED because (of) org.codehaus.groovy.runtime.InvokerInvocationException: java.lang.AssertionError: expected [10.0] but found [50.0]

2018-07-09 16:20:18 - [TEST_STEP][PASSED] - Start listener action : beforeTestListener: com.arc.ReusableMethods.ReusableMethodsLogin.loginIntoArcWithGlobalVariable is PASSED

2018-07-09 16:20:18 - [TEST_STEP][PASSED] - com.arc.ReusableMethods.ReusableMethodsLogin.loginIntoArcWithGlobalVariable: com.arc.ReusableMethods.ReusableMethodsLogin.loginIntoArcWithGlobalVariable is PASSED

2018-07-09 16:20:27 - [MESSAGE][PASSED] - Browser is opened with url: 'http://www.stg.arconline.io/'

2018-07-09 16:20:28 - [MESSAGE][PASSED] - Current window maximized

2018-07-09 16:20:29 - [MESSAGE][PASSED] - Wait for page load successfully

2018-07-09 16:20:29 - [MESSAGE][PASSED] - Object: 'Object Repository/Page_Home  Arc/button_ACCEPT AND CLOSE' is clicked on

2018-07-09 16:20:29 - [MESSAGE][PASSED] - Object: 'Object Repository/Page_Home  Arc/Click_Log in' is clicked on

2018-07-09 16:20:30 - [MESSAGE][PASSED] - Text 'Saurav@groupten.com' is set on object 'Object Repository/Page_Home  Arc/input_name'

2018-07-09 16:20:30 - [MESSAGE][PASSED] - Text 'LEEDg10' is set on object 'Object Repository/Page_Home  Arc/input_pass'

2018-07-09 16:20:30 - [MESSAGE][PASSED] - Object: 'Object Repository/Page_Home  Arc/input_field_policy_accept' is clicked on

2018-07-09 16:20:43 - [MESSAGE][PASSED] - Object: 'Object Repository/Page_Home  Arc/button_Log in' is clicked on

2018-07-09 16:20:48 - [MESSAGE][PASSED] - Delayed 5 second(s)

2018-07-09 16:20:48 - [MESSAGE][PASSED] - Text of object 'Object Repository/Page_Arc dashboard/span_My Projects' is: 'My Projects'

2018-07-09 16:20:48 - [MESSAGE][PASSED] - Actual text 'My Projects' and expected text 'My Projects' are matched  using regular expression

2018-07-09 16:20:51 - [MESSAGE][PASSED] - Delayed 3 second(s)

2018-07-09 16:20:51 - [MESSAGE][PASSED] - com.arc.ReusableMethods.ReusableMethodsLogin.loginIntoArcWithGlobalVariable is PASSED

2018-07-09 16:20:51 - [TEST_STEP][FAILED] - Statement - Try: java.lang.AssertionError: expected [10.0] but found [50.0]

2018-07-09 16:20:51 - [TEST_STEP][PASSED] - com.arc.ReusableMethods.ReusableMethodsSearch.searchProgramPortfolio: com.arc.ReusableMethods.ReusableMethodsSearch.searchProgramPortfolio is PASSED

2018-07-09 16:20:53 - [MESSAGE][PASSED] - Delayed 2 second(s)

2018-07-09 16:20:54 - [MESSAGE][PASSED] - Object: 'Object Repository/Page_Arc dashboard/input_searchBar1' is clicked on

2018-07-09 16:20:54 - [MESSAGE][PASSED] - Text 'Building Portfolio 160324' is set on object 'Object Repository/Page_Arc dashboard/input_searchBar1'

2018-07-09 16:20:55 - [MESSAGE][PASSED] - Object: 'Object Repository/Page_Arc dashboard/input_searchBar1' is clicked on

2018-07-09 16:20:58 - [MESSAGE][PASSED] - Delayed 3 second(s)

2018-07-09 16:20:58 - [MESSAGE][PASSED] - Text of object 'Object Repository/Portfolio/Common/TNoPortfolio (1 portfolio)' is: 'Portfolio (1 portfolio)'

2018-07-09 16:20:58 - [MESSAGE][PASSED] - Actual text 'Portfolio (1 portfolio)' and expected text 'Portfolio (1 portfolio)' are matched 

2018-07-09 16:20:58 - [MESSAGE][PASSED] - Object: 'Object Repository/Page_Arc dashboard/search_Result' is clicked on

2018-07-09 16:21:03 - [MESSAGE][PASSED] - Delayed 5 second(s)

2018-07-09 16:21:03 - [MESSAGE][PASSED] - com.arc.ReusableMethods.ReusableMethodsSearch.searchProgramPortfolio is PASSED

2018-07-09 16:21:03 - [TEST_STEP][FAILED] - com.arc.ReusableMethods.ResuableMethodsPortfolio.goalDivertedWaste: java.lang.AssertionError: expected [10.0] but found [50.0]

2018-07-09 16:21:04 - [MESSAGE][PASSED] - Object: 'Object Repository/Page_Arc dashboard/a_Projects' is clicked on

2018-07-09 16:21:05 - [MESSAGE][PASSED] - Delayed 1 second(s)

2018-07-09 16:21:06 - [MESSAGE][PASSED] - Object: 'Object Repository/Portfolio/Goal/a_ Goals' is clicked on

2018-07-09 16:21:08 - [MESSAGE][PASSED] - Delayed 2 second(s)

2018-07-09 16:21:08 - [MESSAGE][PASSED] - Text of object 'Object Repository/Portfolio/Goal/diverted_waste_unit' is: 'lbs'

2018-07-09 16:21:09 - [MESSAGE][PASSED] - Delayed 1 second(s)

2018-07-09 16:21:09 - [MESSAGE][PASSED] - Actual text 'lbs' and expected text 'lbs' are matched 

2018-07-09 16:21:10 - [MESSAGE][PASSED] - Text of object 'Object Repository/Portfolio/Goal/diverted_waste_percent_reduction' is cleared

2018-07-09 16:21:10 - [MESSAGE][PASSED] - Keys '100' sent to object: 'Object Repository/Portfolio/Goal/diverted_waste_percent_reduction'

2018-07-09 16:21:10 - [MESSAGE][PASSED] - Text of object 'Object Repository/Portfolio/Goal/diverted_waste_baseline_value' is cleared

2018-07-09 16:21:10 - [MESSAGE][PASSED] - Keys '50' sent to object: 'Object Repository/Portfolio/Goal/diverted_waste_baseline_value'

2018-07-09 16:21:11 - [MESSAGE][PASSED] - Object: 'Object Repository/Portfolio/Goal/diverted_waste_DiffGoal' is clicked on

2018-07-09 16:21:14 - [MESSAGE][PASSED] - Delayed 3 second(s)

2018-07-09 16:21:14 - [MESSAGE][PASSED] - Text of object 'Object Repository/Portfolio/Goal/diverted_waste_DiffGoal' is: '100.00 %'

2018-07-09 16:21:14 - [MESSAGE][PASSED] - Text of object 'Object Repository/Portfolio/Goal/diverted_waste_currentProgess' is: '0.00 %'

2018-07-09 16:21:14 - [MESSAGE][PASSED] - Actual text '100.00 %' and expected text '100.00 %' are matched 

2018-07-09 16:21:20 - [MESSAGE][PASSED] - All options with label '2017' are selected in object 'Object Repository/Portfolio/Goal/diverted_waste_baseline_year'  using regular expression

2018-07-09 16:21:21 - [MESSAGE][PASSED] - Delayed 1 second(s)

2018-07-09 16:21:24 - [MESSAGE][PASSED] - All options with label '2019' are selected in object 'Object Repository/Portfolio/Goal/diverted_waste_target_year'  using regular expression

2018-07-09 16:21:24 - [MESSAGE][PASSED] - Text of object 'Object Repository/Portfolio/Goal/generated_waste_Goal' is: '10%'

2018-07-09 16:21:24 - [MESSAGE][FAILED] - java.lang.AssertionError: expected [10.0] but found [50.0]

2018-07-09 16:21:24 - [TEST_STEP][PASSED] - Statement - Catch (Throwable t): null

2018-07-09 16:21:24 - [TEST_STEP][PASSED] - Statement - out.println(t.getLocalizedMessage()): null

2018-07-09 16:21:24 - [TEST_STEP][PASSED] - Statement - e1 = new java.lang.Error(t.getMessage()): null

2018-07-09 16:21:24 - [TEST_STEP][PASSED] - Statement - e1.setStackTrace(t.getStackTrace()): null

2018-07-09 16:21:24 - [TEST_STEP][PASSED] - Statement - e1.printStackTrace(): null

2018-07-09 16:21:24 - [TEST_STEP][PASSED] - Start listener action : afterTestCase: Browser is closed

2018-07-09 16:21:24 - [TEST_STEP][PASSED] - switchToDefaultContent: Switching to default content

2018-07-09 16:21:24 - [TEST_STEP][PASSED] - Statement - com.kms.katalon.core.util.KeywordUtil.markWarning("Test Case Name : " + testCase.getTestCaseId()): Test Case Name : Test Cases/Buildings/MyPortfolios/GoalWasteDivertionTest

2018-07-09 16:21:24 - [MESSAGE][WARNING] - Test Case Name : Test Cases/Buildings/MyPortfolios/GoalWasteDivertionTest

2018-07-09 16:21:24 - [TEST_STEP][PASSED] - Statement - com.kms.katalon.core.util.KeywordUtil.markWarning("Test Case Status : " + testCase.getTestCaseStatus()): Test Case Status : FAILED

2018-07-09 16:21:24 - [MESSAGE][WARNING] - Test Case Status : FAILED

2018-07-09 16:21:24 - [TEST_STEP][PASSED] - Statement - If ("FAILED".equalsIgnoreCase(testCase.getTestCaseStatus())): Taking screenshot successfully

2018-07-09 16:21:24 - [TEST_STEP][PASSED] - Statement - println("Test case Fail taking Screenshot"): null

2018-07-09 16:21:24 - [TEST_STEP][PASSED] - Statement - Try: Taking screenshot successfully

2018-07-09 16:21:24 - [TEST_STEP][PASSED] - Statement - data = new java.util.Date(java.lang.System.currentTimeMillis()): null

2018-07-09 16:21:24 - [TEST_STEP][PASSED] - Statement - formatarDate = new java.text.SimpleDateFormat(yyyyMMddHHmmss): null

2018-07-09 16:21:24 - [TEST_STEP][PASSED] - takeScreenshot: Taking screenshot successfully

2018-07-09 16:21:25 - [MESSAGE][PASSED] - Taking screenshot successfully
[[ATTACHMENT|C:\\Users\\Group10\\git\\KatalonStudio\\ArcWithKatalonStudio\\ScreenShot\\screenshot_20180709162124.png]]

2018-07-09 16:21:25 - [TEST_STEP][PASSED] - closeBrowser: Browser is closed

2018-07-09 16:21:25 - [MESSAGE][PASSED] - Browser is closed]]></system-out>
         <system-err><![CDATA[2018-07-09 16:20:18 - [TEST_CASE][ERROR] - Test Cases/Buildings/MyPortfolios/GoalWasteDivertionTest: Test Cases/Buildings/MyPortfolios/GoalWasteDivertionTest FAILED because (of) org.codehaus.groovy.runtime.InvokerInvocationException: java.lang.AssertionError: expected [10.0] but found [50.0]]]></system-err>
      </testcase>
      <testcase name="Test Cases/Buildings/MyPortfolios/GoalWasteGenerationTest" classname="Test Cases/Buildings/MyPortfolios/GoalWasteGenerationTest" status="PASSED">
         <system-out><![CDATA[2018-07-09 16:21:25 - [TEST_CASE][PASSED] - Test Cases/Buildings/MyPortfolios/GoalWasteGenerationTest: Test Cases/Buildings/MyPortfolios/GoalWasteGenerationTest

2018-07-09 16:21:25 - [TEST_STEP][PASSED] - Start listener action : beforeTestListener: com.arc.ReusableMethods.ReusableMethodsLogin.loginIntoArcWithGlobalVariable is PASSED

2018-07-09 16:21:25 - [TEST_STEP][PASSED] - com.arc.ReusableMethods.ReusableMethodsLogin.loginIntoArcWithGlobalVariable: com.arc.ReusableMethods.ReusableMethodsLogin.loginIntoArcWithGlobalVariable is PASSED

2018-07-09 16:21:35 - [MESSAGE][PASSED] - Browser is opened with url: 'http://www.stg.arconline.io/'

2018-07-09 16:21:36 - [MESSAGE][PASSED] - Current window maximized

2018-07-09 16:21:36 - [MESSAGE][PASSED] - Wait for page load successfully

2018-07-09 16:21:36 - [MESSAGE][PASSED] - Object: 'Object Repository/Page_Home  Arc/button_ACCEPT AND CLOSE' is clicked on

2018-07-09 16:21:36 - [MESSAGE][PASSED] - Object: 'Object Repository/Page_Home  Arc/Click_Log in' is clicked on

2018-07-09 16:21:37 - [MESSAGE][PASSED] - Text 'Saurav@groupten.com' is set on object 'Object Repository/Page_Home  Arc/input_name'

2018-07-09 16:21:38 - [MESSAGE][PASSED] - Text 'LEEDg10' is set on object 'Object Repository/Page_Home  Arc/input_pass'

2018-07-09 16:21:38 - [MESSAGE][PASSED] - Object: 'Object Repository/Page_Home  Arc/input_field_policy_accept' is clicked on

2018-07-09 16:21:52 - [MESSAGE][PASSED] - Object: 'Object Repository/Page_Home  Arc/button_Log in' is clicked on

2018-07-09 16:21:57 - [MESSAGE][PASSED] - Delayed 5 second(s)

2018-07-09 16:21:57 - [MESSAGE][PASSED] - Text of object 'Object Repository/Page_Arc dashboard/span_My Projects' is: 'My Projects'

2018-07-09 16:21:57 - [MESSAGE][PASSED] - Actual text 'My Projects' and expected text 'My Projects' are matched  using regular expression

2018-07-09 16:22:00 - [MESSAGE][PASSED] - Delayed 3 second(s)

2018-07-09 16:22:00 - [MESSAGE][PASSED] - com.arc.ReusableMethods.ReusableMethodsLogin.loginIntoArcWithGlobalVariable is PASSED

2018-07-09 16:22:01 - [TEST_STEP][PASSED] - Statement - Try: com.arc.ReusableMethods.ResuableMethodsPortfolio.goalGeneratedWaste is PASSED

2018-07-09 16:22:01 - [TEST_STEP][PASSED] - com.arc.ReusableMethods.ReusableMethodsSearch.searchProgramPortfolio: com.arc.ReusableMethods.ReusableMethodsSearch.searchProgramPortfolio is PASSED

2018-07-09 16:22:03 - [MESSAGE][PASSED] - Delayed 2 second(s)

2018-07-09 16:22:03 - [MESSAGE][PASSED] - Object: 'Object Repository/Page_Arc dashboard/input_searchBar1' is clicked on

2018-07-09 16:22:04 - [MESSAGE][PASSED] - Text 'Building Portfolio 160324' is set on object 'Object Repository/Page_Arc dashboard/input_searchBar1'

2018-07-09 16:22:04 - [MESSAGE][PASSED] - Object: 'Object Repository/Page_Arc dashboard/input_searchBar1' is clicked on

2018-07-09 16:22:07 - [MESSAGE][PASSED] - Delayed 3 second(s)

2018-07-09 16:22:07 - [MESSAGE][PASSED] - Text of object 'Object Repository/Portfolio/Common/TNoPortfolio (1 portfolio)' is: 'Portfolio (1 portfolio)'

2018-07-09 16:22:07 - [MESSAGE][PASSED] - Actual text 'Portfolio (1 portfolio)' and expected text 'Portfolio (1 portfolio)' are matched 

2018-07-09 16:22:08 - [MESSAGE][PASSED] - Object: 'Object Repository/Page_Arc dashboard/search_Result' is clicked on

2018-07-09 16:22:13 - [MESSAGE][PASSED] - Delayed 5 second(s)

2018-07-09 16:22:13 - [MESSAGE][PASSED] - com.arc.ReusableMethods.ReusableMethodsSearch.searchProgramPortfolio is PASSED

2018-07-09 16:22:13 - [TEST_STEP][PASSED] - com.arc.ReusableMethods.ResuableMethodsPortfolio.goalGeneratedWaste: com.arc.ReusableMethods.ResuableMethodsPortfolio.goalGeneratedWaste is PASSED

2018-07-09 16:22:13 - [MESSAGE][PASSED] - Object: 'Object Repository/Page_Arc dashboard/a_Projects' is clicked on

2018-07-09 16:22:14 - [MESSAGE][PASSED] - Delayed 1 second(s)

2018-07-09 16:22:16 - [MESSAGE][PASSED] - Object: 'Object Repository/Portfolio/Goal/a_ Goals' is clicked on

2018-07-09 16:22:18 - [MESSAGE][PASSED] - Delayed 2 second(s)

2018-07-09 16:22:18 - [MESSAGE][PASSED] - Text of object 'Object Repository/Portfolio/Goal/generated_waste_Unit' is: 'lbs'

2018-07-09 16:22:19 - [MESSAGE][PASSED] - Delayed 1 second(s)

2018-07-09 16:22:19 - [MESSAGE][PASSED] - Actual text 'lbs' and expected text 'lbs' are matched 

2018-07-09 16:22:19 - [MESSAGE][PASSED] - Text of object 'Object Repository/Portfolio/Goal/generated_waste_percent_reduction' is cleared

2018-07-09 16:22:19 - [MESSAGE][PASSED] - Keys '100' sent to object: 'Object Repository/Portfolio/Goal/generated_waste_percent_reduction'

2018-07-09 16:22:20 - [MESSAGE][PASSED] - Text of object 'Object Repository/Portfolio/Goal/generated_waste_baseline_value' is cleared

2018-07-09 16:22:20 - [MESSAGE][PASSED] - Keys '50' sent to object: 'Object Repository/Portfolio/Goal/generated_waste_baseline_value'

2018-07-09 16:22:20 - [MESSAGE][PASSED] - Object: 'Object Repository/Portfolio/Goal/generated_waste_DiffGoal' is clicked on

2018-07-09 16:22:23 - [MESSAGE][PASSED] - Delayed 3 second(s)

2018-07-09 16:22:23 - [MESSAGE][PASSED] - Text of object 'Object Repository/Portfolio/Goal/generated_waste_DiffGoal' is: '100.00 %'

2018-07-09 16:22:23 - [MESSAGE][PASSED] - Text of object 'Object Repository/Portfolio/Goal/generated_waste_currentProgress' is: '0.00 %'

2018-07-09 16:22:23 - [MESSAGE][PASSED] - Actual text '100.00 %' and expected text '100.00 %' are matched 

2018-07-09 16:22:29 - [MESSAGE][PASSED] - All options with label '2017' are selected in object 'Object Repository/Portfolio/Goal/generated_waste_baseline_year'  using regular expression

2018-07-09 16:22:30 - [MESSAGE][PASSED] - Delayed 1 second(s)

2018-07-09 16:22:33 - [MESSAGE][PASSED] - All options with label '2019' are selected in object 'Object Repository/Portfolio/Goal/generated_waste_target_year'  using regular expression

2018-07-09 16:22:33 - [MESSAGE][PASSED] - Text of object 'Object Repository/Portfolio/Goal/generated_waste_Goal' is: '50%'

2018-07-09 16:22:33 - [MESSAGE][PASSED] - Object 'Object Repository/Portfolio/Goal/waste_textarea' is clickable

2018-07-09 16:22:34 - [MESSAGE][PASSED] - Object: 'Object Repository/Portfolio/Goal/waste_textarea' is clicked on

2018-07-09 16:22:34 - [MESSAGE][PASSED] - Text of object 'Object Repository/Portfolio/Goal/waste_textarea' is cleared

2018-07-09 16:22:45 - [MESSAGE][PASSED] - Keys 'Achieved a 100% reduction from 2016 water and GHG emissions levels by 2018, a goal derived using the Science-Based Targets SDA.The most common oxidation state of Water in inorganic compounds is +4, while +2 is found in carbon monoxide and transition metal carbonyl complexes. The largest sources of inorganic carbon are limestones, dolomites and carbon dioxide, but significant quantities occur in organic deposits of coal, peat, oil, and methane clathrates. Carbon forms a vast number of compounds, more than any other element, with almost ten million compounds described to date Draft Tool' sent to object: 'Object Repository/Portfolio/Goal/waste_textarea'

2018-07-09 16:22:45 - [MESSAGE][PASSED] - Object: 'Object Repository/Portfolio/Goal/CarbonCurrentProgess' is clicked on

2018-07-09 16:22:47 - [MESSAGE][PASSED] - Delayed 2 second(s)

2018-07-09 16:22:54 - [MESSAGE][PASSED] - Refresh successfully

2018-07-09 16:22:59 - [MESSAGE][PASSED] - Delayed 5 second(s)

2018-07-09 16:22:59 - [MESSAGE][PASSED] - Attribute 'value' of object 'Object Repository/Portfolio/Goal/generated_waste_baseline_value' is: '50.00'

2018-07-09 16:22:59 - [MESSAGE][PASSED] - Attribute 'value' of object 'Object Repository/Portfolio/Goal/generated_waste_percent_reduction' is: '100'

2018-07-09 16:22:59 - [MESSAGE][PASSED] - Attribute 'value' of object 'Object Repository/Portfolio/Goal/waste_textarea' is: 'Achieved a 100% reduction from 2016 water and GHG emissions levels by 2018, a goal derived using the Science-Based Targets SDA.The most common oxidation state of Water in inorganic compounds is +4, while +2 is found in carbon monoxide and transition metal carbonyl complexes. The largest sources of inorganic carbon are limestones, dolomites and carbon dioxide, but significant quantities occur in organic deposits of coal, peat, oil, and methane clathrates. Carbon forms a vast number of compounds, more than any other element, with almost ten million compounds described to date Draft Tool'

2018-07-09 16:22:59 - [MESSAGE][PASSED] - com.arc.ReusableMethods.ResuableMethodsPortfolio.goalGeneratedWaste is PASSED

2018-07-09 16:22:59 - [TEST_STEP][PASSED] - Start listener action : afterTestCase: Browser is closed

2018-07-09 16:22:59 - [TEST_STEP][PASSED] - switchToDefaultContent: Switching to default content

2018-07-09 16:22:59 - [TEST_STEP][PASSED] - Statement - com.kms.katalon.core.util.KeywordUtil.markWarning("Test Case Name : " + testCase.getTestCaseId()): Test Case Name : Test Cases/Buildings/MyPortfolios/GoalWasteGenerationTest

2018-07-09 16:22:59 - [MESSAGE][WARNING] - Test Case Name : Test Cases/Buildings/MyPortfolios/GoalWasteGenerationTest

2018-07-09 16:22:59 - [TEST_STEP][PASSED] - Statement - com.kms.katalon.core.util.KeywordUtil.markWarning("Test Case Status : " + testCase.getTestCaseStatus()): Test Case Status : PASSED

2018-07-09 16:22:59 - [MESSAGE][WARNING] - Test Case Status : PASSED

2018-07-09 16:22:59 - [TEST_STEP][PASSED] - Statement - If ("FAILED".equalsIgnoreCase(testCase.getTestCaseStatus())): null

2018-07-09 16:22:59 - [TEST_STEP][PASSED] - closeBrowser: Browser is closed

2018-07-09 16:23:00 - [MESSAGE][PASSED] - Browser is closed]]></system-out>
         <system-err><![CDATA[]]></system-err>
      </testcase>
      <testcase name="Test Cases/Buildings/MyPortfolios/GoalWaterTest" classname="Test Cases/Buildings/MyPortfolios/GoalWaterTest" status="ERROR">
         <error type="ERROR" message="Test Cases/Buildings/MyPortfolios/GoalWaterTest FAILED because (of) org.codehaus.groovy.runtime.InvokerInvocationException: java.lang.AssertionError: Not Valid expected [true] but found [false]"/>
         <system-out><![CDATA[2018-07-09 16:23:00 - [TEST_CASE][ERROR] - Test Cases/Buildings/MyPortfolios/GoalWaterTest: Test Cases/Buildings/MyPortfolios/GoalWaterTest FAILED because (of) org.codehaus.groovy.runtime.InvokerInvocationException: java.lang.AssertionError: Not Valid expected [true] but found [false]

2018-07-09 16:23:00 - [TEST_STEP][PASSED] - Start listener action : beforeTestListener: com.arc.ReusableMethods.ReusableMethodsLogin.loginIntoArcWithGlobalVariable is PASSED

2018-07-09 16:23:00 - [TEST_STEP][PASSED] - com.arc.ReusableMethods.ReusableMethodsLogin.loginIntoArcWithGlobalVariable: com.arc.ReusableMethods.ReusableMethodsLogin.loginIntoArcWithGlobalVariable is PASSED

2018-07-09 16:23:09 - [MESSAGE][PASSED] - Browser is opened with url: 'http://www.stg.arconline.io/'

2018-07-09 16:23:10 - [MESSAGE][PASSED] - Current window maximized

2018-07-09 16:23:10 - [MESSAGE][PASSED] - Wait for page load successfully

2018-07-09 16:23:10 - [MESSAGE][PASSED] - Object: 'Object Repository/Page_Home  Arc/button_ACCEPT AND CLOSE' is clicked on

2018-07-09 16:23:11 - [MESSAGE][PASSED] - Object: 'Object Repository/Page_Home  Arc/Click_Log in' is clicked on

2018-07-09 16:23:11 - [MESSAGE][PASSED] - Text 'Saurav@groupten.com' is set on object 'Object Repository/Page_Home  Arc/input_name'

2018-07-09 16:23:12 - [MESSAGE][PASSED] - Text 'LEEDg10' is set on object 'Object Repository/Page_Home  Arc/input_pass'

2018-07-09 16:23:12 - [MESSAGE][PASSED] - Object: 'Object Repository/Page_Home  Arc/input_field_policy_accept' is clicked on

2018-07-09 16:23:24 - [MESSAGE][PASSED] - Object: 'Object Repository/Page_Home  Arc/button_Log in' is clicked on

2018-07-09 16:23:29 - [MESSAGE][PASSED] - Delayed 5 second(s)

2018-07-09 16:23:29 - [MESSAGE][PASSED] - Text of object 'Object Repository/Page_Arc dashboard/span_My Projects' is: 'My Projects'

2018-07-09 16:23:29 - [MESSAGE][PASSED] - Actual text 'My Projects' and expected text 'My Projects' are matched  using regular expression

2018-07-09 16:23:32 - [MESSAGE][PASSED] - Delayed 3 second(s)

2018-07-09 16:23:32 - [MESSAGE][PASSED] - com.arc.ReusableMethods.ReusableMethodsLogin.loginIntoArcWithGlobalVariable is PASSED

2018-07-09 16:23:33 - [TEST_STEP][FAILED] - Statement - Try: java.lang.AssertionError: Not Valid expected [true] but found [false]

2018-07-09 16:23:33 - [TEST_STEP][PASSED] - com.arc.ReusableMethods.ReusableMethodsSearch.searchProgramPortfolio: com.arc.ReusableMethods.ReusableMethodsSearch.searchProgramPortfolio is PASSED

2018-07-09 16:23:35 - [MESSAGE][PASSED] - Delayed 2 second(s)

2018-07-09 16:23:35 - [MESSAGE][PASSED] - Object: 'Object Repository/Page_Arc dashboard/input_searchBar1' is clicked on

2018-07-09 16:23:36 - [MESSAGE][PASSED] - Text 'Building Portfolio 160324' is set on object 'Object Repository/Page_Arc dashboard/input_searchBar1'

2018-07-09 16:23:36 - [MESSAGE][PASSED] - Object: 'Object Repository/Page_Arc dashboard/input_searchBar1' is clicked on

2018-07-09 16:23:39 - [MESSAGE][PASSED] - Delayed 3 second(s)

2018-07-09 16:23:40 - [MESSAGE][PASSED] - Text of object 'Object Repository/Portfolio/Common/TNoPortfolio (1 portfolio)' is: 'Portfolio (1 portfolio)'

2018-07-09 16:23:40 - [MESSAGE][PASSED] - Actual text 'Portfolio (1 portfolio)' and expected text 'Portfolio (1 portfolio)' are matched 

2018-07-09 16:23:40 - [MESSAGE][PASSED] - Object: 'Object Repository/Page_Arc dashboard/search_Result' is clicked on

2018-07-09 16:23:45 - [MESSAGE][PASSED] - Delayed 5 second(s)

2018-07-09 16:23:45 - [MESSAGE][PASSED] - com.arc.ReusableMethods.ReusableMethodsSearch.searchProgramPortfolio is PASSED

2018-07-09 16:23:45 - [TEST_STEP][FAILED] - com.arc.ReusableMethods.ResuableMethodsPortfolio.goalWater: java.lang.AssertionError: Not Valid expected [true] but found [false]

2018-07-09 16:23:46 - [MESSAGE][PASSED] - Object: 'Object Repository/Page_Arc dashboard/a_Projects' is clicked on

2018-07-09 16:23:47 - [MESSAGE][PASSED] - Delayed 1 second(s)

2018-07-09 16:23:48 - [MESSAGE][PASSED] - Object: 'Object Repository/Portfolio/Goal/a_ Goals' is clicked on

2018-07-09 16:23:50 - [MESSAGE][PASSED] - Delayed 2 second(s)

2018-07-09 16:23:50 - [MESSAGE][PASSED] - Text of object 'Object Repository/Portfolio/Goal/WaterUnit' is: 'gal'

2018-07-09 16:23:51 - [MESSAGE][PASSED] - Delayed 1 second(s)

2018-07-09 16:23:51 - [MESSAGE][PASSED] - Actual text 'gal' and expected text 'gal' are matched 

2018-07-09 16:23:51 - [MESSAGE][PASSED] - Text of object 'Object Repository/Portfolio/Goal/water_percent_reduction' is cleared

2018-07-09 16:23:52 - [MESSAGE][PASSED] - Keys '100' sent to object: 'Object Repository/Portfolio/Goal/water_percent_reduction'

2018-07-09 16:23:52 - [MESSAGE][PASSED] - Text of object 'Object Repository/Portfolio/Goal/water_baseline_value' is cleared

2018-07-09 16:23:52 - [MESSAGE][PASSED] - Keys '50' sent to object: 'Object Repository/Portfolio/Goal/water_baseline_value'

2018-07-09 16:23:52 - [MESSAGE][PASSED] - Object: 'Object Repository/Portfolio/Goal/waterDiffGoal' is clicked on

2018-07-09 16:23:55 - [MESSAGE][PASSED] - Delayed 3 second(s)

2018-07-09 16:23:56 - [MESSAGE][PASSED] - Text of object 'Object Repository/Portfolio/Goal/waterDiffGoal' is: '100.00 %'

2018-07-09 16:23:56 - [MESSAGE][PASSED] - Text of object 'Object Repository/Portfolio/Goal/WaterCurrentProgess' is: '0.00 %'

2018-07-09 16:23:56 - [MESSAGE][PASSED] - Actual text '100.00 %' and expected text '100.00 %' are matched 

2018-07-09 16:24:02 - [MESSAGE][PASSED] - All options with label '2017' are selected in object 'Object Repository/Portfolio/Goal/water_baseline_year'  using regular expression

2018-07-09 16:24:03 - [MESSAGE][PASSED] - Delayed 1 second(s)

2018-07-09 16:24:06 - [MESSAGE][PASSED] - All options with label '2019' are selected in object 'Object Repository/Portfolio/Goal/water_target_year'  using regular expression

2018-07-09 16:24:06 - [MESSAGE][PASSED] - Text of object 'Object Repository/Portfolio/Goal/WaterGoal' is: '50%'

2018-07-09 16:24:06 - [MESSAGE][PASSED] - Object 'Object Repository/Portfolio/Goal/water_textarea' is clickable

2018-07-09 16:24:06 - [MESSAGE][PASSED] - Object: 'Object Repository/Portfolio/Goal/water_textarea' is clicked on

2018-07-09 16:24:06 - [MESSAGE][PASSED] - Text of object 'Object Repository/Portfolio/Goal/water_textarea' is cleared

2018-07-09 16:24:18 - [MESSAGE][PASSED] - Keys 'Achieved a 100% reduction from 2016 water and GHG emissions levels by 2018, a goal derived using the Science-Based Targets SDA.The most common oxidation state of Water in inorganic compounds is +4, while +2 is found in carbon monoxide and transition metal carbonyl complexes. The largest sources of inorganic carbon are limestones, dolomites and carbon dioxide, but significant quantities occur in organic deposits of coal, peat, oil, and methane clathrates. Carbon forms a vast number of compounds, more than any other element, with almost ten million compounds described to date Draft Tool' sent to object: 'Object Repository/Portfolio/Goal/water_textarea'

2018-07-09 16:24:19 - [MESSAGE][PASSED] - Object: 'Object Repository/Portfolio/Goal/CarbonCurrentProgess' is clicked on

2018-07-09 16:24:21 - [MESSAGE][PASSED] - Delayed 2 second(s)

2018-07-09 16:24:27 - [MESSAGE][PASSED] - Refresh successfully

2018-07-09 16:24:32 - [MESSAGE][PASSED] - Delayed 5 second(s)

2018-07-09 16:24:32 - [MESSAGE][PASSED] - Attribute 'value' of object 'Object Repository/Portfolio/Goal/energy_baseline_value' is: '100.00'

2018-07-09 16:24:32 - [MESSAGE][FAILED] - java.lang.AssertionError: Not Valid expected [true] but found [false]

2018-07-09 16:24:32 - [TEST_STEP][PASSED] - Statement - Catch (Throwable t): null

2018-07-09 16:24:32 - [TEST_STEP][PASSED] - Statement - out.println(t.getLocalizedMessage()): null

2018-07-09 16:24:32 - [TEST_STEP][PASSED] - Statement - e1 = new java.lang.Error(t.getMessage()): null

2018-07-09 16:24:32 - [TEST_STEP][PASSED] - Statement - e1.setStackTrace(t.getStackTrace()): null

2018-07-09 16:24:32 - [TEST_STEP][PASSED] - Statement - e1.printStackTrace(): null

2018-07-09 16:24:32 - [TEST_STEP][PASSED] - Start listener action : afterTestCase: Browser is closed

2018-07-09 16:24:32 - [TEST_STEP][PASSED] - switchToDefaultContent: Switching to default content

2018-07-09 16:24:33 - [TEST_STEP][PASSED] - Statement - com.kms.katalon.core.util.KeywordUtil.markWarning("Test Case Name : " + testCase.getTestCaseId()): Test Case Name : Test Cases/Buildings/MyPortfolios/GoalWaterTest

2018-07-09 16:24:33 - [MESSAGE][WARNING] - Test Case Name : Test Cases/Buildings/MyPortfolios/GoalWaterTest

2018-07-09 16:24:33 - [TEST_STEP][PASSED] - Statement - com.kms.katalon.core.util.KeywordUtil.markWarning("Test Case Status : " + testCase.getTestCaseStatus()): Test Case Status : FAILED

2018-07-09 16:24:33 - [MESSAGE][WARNING] - Test Case Status : FAILED

2018-07-09 16:24:33 - [TEST_STEP][PASSED] - Statement - If ("FAILED".equalsIgnoreCase(testCase.getTestCaseStatus())): Taking screenshot successfully

2018-07-09 16:24:33 - [TEST_STEP][PASSED] - Statement - println("Test case Fail taking Screenshot"): null

2018-07-09 16:24:33 - [TEST_STEP][PASSED] - Statement - Try: Taking screenshot successfully

2018-07-09 16:24:33 - [TEST_STEP][PASSED] - Statement - data = new java.util.Date(java.lang.System.currentTimeMillis()): null

2018-07-09 16:24:33 - [TEST_STEP][PASSED] - Statement - formatarDate = new java.text.SimpleDateFormat(yyyyMMddHHmmss): null

2018-07-09 16:24:33 - [TEST_STEP][PASSED] - takeScreenshot: Taking screenshot successfully

2018-07-09 16:24:34 - [MESSAGE][PASSED] - Taking screenshot successfully
[[ATTACHMENT|C:\\Users\\Group10\\git\\KatalonStudio\\ArcWithKatalonStudio\\ScreenShot\\screenshot_20180709162433.png]]

2018-07-09 16:24:34 - [TEST_STEP][PASSED] - closeBrowser: Browser is closed

2018-07-09 16:24:34 - [MESSAGE][PASSED] - Browser is closed]]></system-out>
         <system-err><![CDATA[2018-07-09 16:23:00 - [TEST_CASE][ERROR] - Test Cases/Buildings/MyPortfolios/GoalWaterTest: Test Cases/Buildings/MyPortfolios/GoalWaterTest FAILED because (of) org.codehaus.groovy.runtime.InvokerInvocationException: java.lang.AssertionError: Not Valid expected [true] but found [false]]]></system-err>
      </testcase>
      <testcase name="Test Cases/Buildings/MyPortfolios/LogoutToArcTest" classname="Test Cases/Buildings/MyPortfolios/LogoutToArcTest" status="PASSED">
         <system-out><![CDATA[2018-07-09 16:24:34 - [TEST_CASE][PASSED] - Test Cases/Buildings/MyPortfolios/LogoutToArcTest: Test Cases/Buildings/MyPortfolios/LogoutToArcTest

2018-07-09 16:24:34 - [TEST_STEP][PASSED] - Start listener action : beforeTestListener: com.arc.ReusableMethods.ReusableMethodsLogin.loginIntoArcWithGlobalVariable is PASSED

2018-07-09 16:24:34 - [TEST_STEP][PASSED] - com.arc.ReusableMethods.ReusableMethodsLogin.loginIntoArcWithGlobalVariable: com.arc.ReusableMethods.ReusableMethodsLogin.loginIntoArcWithGlobalVariable is PASSED

2018-07-09 16:24:45 - [MESSAGE][PASSED] - Browser is opened with url: 'http://www.stg.arconline.io/'

2018-07-09 16:24:46 - [MESSAGE][PASSED] - Current window maximized

2018-07-09 16:24:46 - [MESSAGE][PASSED] - Wait for page load successfully

2018-07-09 16:24:46 - [MESSAGE][PASSED] - Object: 'Object Repository/Page_Home  Arc/button_ACCEPT AND CLOSE' is clicked on

2018-07-09 16:24:46 - [MESSAGE][PASSED] - Object: 'Object Repository/Page_Home  Arc/Click_Log in' is clicked on

2018-07-09 16:24:47 - [MESSAGE][PASSED] - Text 'Saurav@groupten.com' is set on object 'Object Repository/Page_Home  Arc/input_name'

2018-07-09 16:24:48 - [MESSAGE][PASSED] - Text 'LEEDg10' is set on object 'Object Repository/Page_Home  Arc/input_pass'

2018-07-09 16:24:48 - [MESSAGE][PASSED] - Object: 'Object Repository/Page_Home  Arc/input_field_policy_accept' is clicked on

2018-07-09 16:25:00 - [MESSAGE][PASSED] - Object: 'Object Repository/Page_Home  Arc/button_Log in' is clicked on

2018-07-09 16:25:05 - [MESSAGE][PASSED] - Delayed 5 second(s)

2018-07-09 16:25:05 - [MESSAGE][PASSED] - Text of object 'Object Repository/Page_Arc dashboard/span_My Projects' is: 'My Projects'

2018-07-09 16:25:05 - [MESSAGE][PASSED] - Actual text 'My Projects' and expected text 'My Projects' are matched  using regular expression

2018-07-09 16:25:08 - [MESSAGE][PASSED] - Delayed 3 second(s)

2018-07-09 16:25:08 - [MESSAGE][PASSED] - com.arc.ReusableMethods.ReusableMethodsLogin.loginIntoArcWithGlobalVariable is PASSED

2018-07-09 16:25:09 - [TEST_STEP][PASSED] - Statement - Try: com.arc.ReusableMethods.ReusableMethodsLogin.logoutFromArcApplication is PASSED

2018-07-09 16:25:09 - [TEST_STEP][PASSED] - com.arc.ReusableMethods.ReusableMethodsLogin.logoutFromArcApplication: com.arc.ReusableMethods.ReusableMethodsLogin.logoutFromArcApplication is PASSED

2018-07-09 16:25:09 - [MESSAGE][PASSED] - Object: 'Object Repository/Page_Arc dashboard/b_caret' is clicked on

2018-07-09 16:25:10 - [MESSAGE][PASSED] - Delayed 1 second(s)

2018-07-09 16:25:11 - [MESSAGE][PASSED] - Object: 'Object Repository/Page_Arc dashboard/a_ Log Out' is clicked on

2018-07-09 16:25:21 - [MESSAGE][PASSED] - Delayed 10 second(s)

2018-07-09 16:25:21 - [MESSAGE][PASSED] - Wait for page load successfully

2018-07-09 16:25:21 - [MESSAGE][PASSED] - Text of object 'Object Repository/Page_Home  Arc/Click_Log in' is: 'LOG IN'

2018-07-09 16:25:21 - [MESSAGE][PASSED] - Actual text 'LOG IN' and expected text 'LOG IN' are matched 

2018-07-09 16:25:21 - [MESSAGE][PASSED] - com.arc.ReusableMethods.ReusableMethodsLogin.logoutFromArcApplication is PASSED

2018-07-09 16:25:21 - [TEST_STEP][PASSED] - Start listener action : afterTestCase: Browser is closed

2018-07-09 16:25:21 - [TEST_STEP][PASSED] - switchToDefaultContent: Switching to default content

2018-07-09 16:25:21 - [TEST_STEP][PASSED] - Statement - com.kms.katalon.core.util.KeywordUtil.markWarning("Test Case Name : " + testCase.getTestCaseId()): Test Case Name : Test Cases/Buildings/MyPortfolios/LogoutToArcTest

2018-07-09 16:25:21 - [MESSAGE][WARNING] - Test Case Name : Test Cases/Buildings/MyPortfolios/LogoutToArcTest

2018-07-09 16:25:21 - [TEST_STEP][PASSED] - Statement - com.kms.katalon.core.util.KeywordUtil.markWarning("Test Case Status : " + testCase.getTestCaseStatus()): Test Case Status : PASSED

2018-07-09 16:25:21 - [MESSAGE][WARNING] - Test Case Status : PASSED

2018-07-09 16:25:21 - [TEST_STEP][PASSED] - Statement - If ("FAILED".equalsIgnoreCase(testCase.getTestCaseStatus())): null

2018-07-09 16:25:21 - [TEST_STEP][PASSED] - closeBrowser: Browser is closed

2018-07-09 16:25:22 - [MESSAGE][PASSED] - Browser is closed]]></system-out>
         <system-err><![CDATA[]]></system-err>
      </testcase>
      <system-out><![CDATA[2018-07-09 16:03:21 - [TEST_SUITE][FAILED] - Portfolios TestSuite: Test Cases/Buildings/MyPortfolios/PTScoreOtherDetailsTest FAILED because (of) Unable to verify match between actual text 'US Building LEED v4 615194 Portfolio Con' and expected text 'US Building LEED v4 89013 Portfolio Con' (Root cause: Actual text 'US Building LEED v4 615194 Portfolio Con' and expected text 'US Building LEED v4 89013 Portfolio Con' are not matched)]]></system-out>
      <system-err><![CDATA[2018-07-09 16:03:21 - [TEST_SUITE][FAILED] - Portfolios TestSuite: Test Cases/Buildings/MyPortfolios/PTScoreOtherDetailsTest FAILED because (of) Unable to verify match between actual text 'US Building LEED v4 615194 Portfolio Con' and expected text 'US Building LEED v4 89013 Portfolio Con' (Root cause: Actual text 'US Building LEED v4 615194 Portfolio Con' and expected text 'US Building LEED v4 89013 Portfolio Con' are not matched)]]></system-err>
   </testsuite>
</testsuites>
