<?xml version="1.0" encoding="UTF-8"?>
<testsuites name="BuildingOther TestSuite" time="48" tests="0" failures="1" errors="1">
   <testsuite name="BuildingOther TestSuite" tests="0" failures="1" errors="1" time="48" timestamp="2018-06-27 13:58:04" hostname="Group10 - G10CHLT003" id="Test Suites/Building Suites/IND Building Suite/BuildingOther TestSuite">
      <properties>
         <property name="deviceName" value=""/>
         <property name="devicePlatform" value=""/>
         <property name="logFolder" value="C:\\Users\\Group10\\git\\KatalonStudio\\ArcWithKatalonStudio\\Reports\\Building Suites\\IND Building Suite\\BuildingOther TestSuite\\20180627_135757"/>
         <property name="logFiles" value="C:\\Users\\Group10\\git\\KatalonStudio\\ArcWithKatalonStudio\\Reports\\Building Suites\\IND Building Suite\\BuildingOther TestSuite\\20180627_135757\\execution0.log"/>
         <property name="attachments" value="C:\\Users\\Group10\\git\\KatalonStudio\\ArcWithKatalonStudio\\Reports\\Building Suites\\IND Building Suite\\BuildingOther TestSuite\\20180627_135757\\1530088126360.png, C:\\Users\\Group10\\git\\KatalonStudio\\ArcWithKatalonStudio\\ScreenShot\\screenshot_20180627135847.png"/>
         <property name="hostName" value="Group10 - G10CHLT003"/>
         <property name="os" value="Windows 7 64bit"/>
         <property name="katalonVersion" value="5.4.2.1"/>
         <property name="browser" value="Chrome 67.0.3396.99"/>
         <property name="hostAddress" value="172.18.0.84"/>
         <property name="sessionId" value="8752395268473bb5779eba4efdf12b4e"/>
         <property name="seleniumVersion" value="3.7.1"/>
         <property name="proxyInformation" value="ProxyInformation{proxyOption=NO_PROXY, proxyServerType=HTTP, password=, proxyServerAddress=, proxyServerPort=0}"/>
         <property name="platform" value="Windows 7"/>
      </properties>
      <testcase name="Test Cases/Buildings/MyBuildings/BuildingOther/AddNewProjectTest" classname="Test Cases/Buildings/MyBuildings/BuildingOther/AddNewProjectTest" status="FAILED">
         <failure type="FAILED" message="Unable to click on object 'Object Repository/Page_Arc dashboard/a_ Buildings' (Root cause: com.kms.katalon.core.webui.exception.WebElementNotFoundException: Web element with id: 'Object Repository/Page_Arc dashboard/a_ Buildings' located by 'By.xpath: //a[(text() = '   Buildings   ' or . = '   Buildings   ')]' not found)"/>
         <system-out><![CDATA[2018-06-27 13:58:07 - [TEST_CASE][FAILED] - Test Cases/Buildings/MyBuildings/BuildingOther/AddNewProjectTest: Test Cases/Buildings/MyBuildings/BuildingOther/AddNewProjectTest FAILED because (of) Unable to click on object 'Object Repository/Page_Arc dashboard/a_ Buildings' (Root cause: com.kms.katalon.core.webui.exception.WebElementNotFoundException: Web element with id: 'Object Repository/Page_Arc dashboard/a_ Buildings' located by 'By.xpath: //a[(text() = '   Buildings   ' or . = '   Buildings   ')]' not found)

2018-06-27 13:58:08 - [TEST_STEP][ERROR] - Start listener action : beforeTestListener: org.codehaus.groovy.runtime.InvokerInvocationException: groovy.lang.MissingMethodException: No signature of method: static com.kms.katalon.core.webui.keyword.WebUiBuiltInKeywords.waitForPageLoad() is applicable for argument types: (null) values: [null]
Possible solutions: waitForPageLoad(int), waitForPageLoad(int, com.kms.katalon.core.model.FailureHandling)

2018-06-27 13:58:08 - [TEST_STEP][ERROR] - com.arc.ReusableMethods.ReusableMethodsLogin.loginIntoArcWithGlobalVariable: org.codehaus.groovy.runtime.InvokerInvocationException: groovy.lang.MissingMethodException: No signature of method: static com.kms.katalon.core.webui.keyword.WebUiBuiltInKeywords.waitForPageLoad() is applicable for argument types: (null) values: [null]
Possible solutions: waitForPageLoad(int), waitForPageLoad(int, com.kms.katalon.core.model.FailureHandling)

2018-06-27 13:58:12 - [MESSAGE][PASSED] - Browser is opened with url: 'null'

2018-06-27 13:58:14 - [MESSAGE][PASSED] - Current window maximized

2018-06-27 13:58:14 - [MESSAGE][ERROR] - groovy.lang.MissingMethodException: No signature of method: static com.kms.katalon.core.webui.keyword.WebUiBuiltInKeywords.waitForPageLoad() is applicable for argument types: (null) values: [null]
Possible solutions: waitForPageLoad(int), waitForPageLoad(int, com.kms.katalon.core.model.FailureHandling)

2018-06-27 13:58:14 - [MESSAGE][ERROR] - org.codehaus.groovy.runtime.InvokerInvocationException: groovy.lang.MissingMethodException: No signature of method: static com.kms.katalon.core.webui.keyword.WebUiBuiltInKeywords.waitForPageLoad() is applicable for argument types: (null) values: [null]
Possible solutions: waitForPageLoad(int), waitForPageLoad(int, com.kms.katalon.core.model.FailureHandling)

2018-06-27 13:58:14 - [TEST_STEP][FAILED] - Statement - Try: Unable to click on object 'Object Repository/Page_Arc dashboard/a_ Buildings' (Root cause: com.kms.katalon.core.webui.exception.WebElementNotFoundException: Web element with id: 'Object Repository/Page_Arc dashboard/a_ Buildings' located by 'By.xpath: //a[(text() = '   Buildings   ' or . = '   Buildings   ')]' not found)

2018-06-27 13:58:14 - [TEST_STEP][FAILED] - com.arc.ReusableMethods.ReusableMethodsNavigation.navigateToBuilding: Unable to click on object 'Object Repository/Page_Arc dashboard/a_ Buildings' (Root cause: com.kms.katalon.core.webui.exception.WebElementNotFoundException: Web element with id: 'Object Repository/Page_Arc dashboard/a_ Buildings' located by 'By.xpath: //a[(text() = '   Buildings   ' or . = '   Buildings   ')]' not found)

2018-06-27 13:58:46 - [MESSAGE][FAILED] - Unable to click on object 'Object Repository/Page_Arc dashboard/a_ Buildings' (Root cause: com.kms.katalon.core.webui.exception.WebElementNotFoundException: Web element with id: 'Object Repository/Page_Arc dashboard/a_ Buildings' located by 'By.xpath: //a[(text() = '   Buildings   ' or . = '   Buildings   ')]' not found)
[[ATTACHMENT|C:\\Users\\Group10\\git\\KatalonStudio\\ArcWithKatalonStudio\\Reports\\Building Suites\\IND Building Suite\\BuildingOther TestSuite\\20180627_135757\\1530088126360.png]]

2018-06-27 13:58:46 - [MESSAGE][FAILED] - Unable to click on object 'Object Repository/Page_Arc dashboard/a_ Buildings' (Root cause: com.kms.katalon.core.webui.exception.WebElementNotFoundException: Web element with id: 'Object Repository/Page_Arc dashboard/a_ Buildings' located by 'By.xpath: //a[(text() = '   Buildings   ' or . = '   Buildings   ')]' not found)

2018-06-27 13:58:46 - [TEST_STEP][PASSED] - Statement - Catch (Throwable t): null

2018-06-27 13:58:46 - [TEST_STEP][PASSED] - Statement - out.println(t.getLocalizedMessage()): null

2018-06-27 13:58:46 - [TEST_STEP][PASSED] - Statement - e1 = new java.lang.Error(t.getMessage()): null

2018-06-27 13:58:46 - [TEST_STEP][PASSED] - Statement - e1.setStackTrace(t.getStackTrace()): null

2018-06-27 13:58:47 - [TEST_STEP][PASSED] - Statement - e1.printStackTrace(): null

2018-06-27 13:58:47 - [TEST_STEP][PASSED] - Start listener action : afterTestCase: Browser is closed

2018-06-27 13:58:47 - [TEST_STEP][PASSED] - switchToDefaultContent: Switching to default content

2018-06-27 13:58:47 - [TEST_STEP][PASSED] - Statement - com.kms.katalon.core.util.KeywordUtil.markWarning("Test Case Name : " + testCase.getTestCaseId()): Test Case Name : Test Cases/Buildings/MyBuildings/BuildingOther/AddNewProjectTest

2018-06-27 13:58:47 - [MESSAGE][WARNING] - Test Case Name : Test Cases/Buildings/MyBuildings/BuildingOther/AddNewProjectTest

2018-06-27 13:58:47 - [TEST_STEP][PASSED] - Statement - com.kms.katalon.core.util.KeywordUtil.markWarning("Test Case Status : " + testCase.getTestCaseStatus()): Test Case Status : FAILED

2018-06-27 13:58:47 - [MESSAGE][WARNING] - Test Case Status : FAILED

2018-06-27 13:58:47 - [TEST_STEP][PASSED] - Statement - If ("FAILED".equalsIgnoreCase(testCase.getTestCaseStatus())): Taking screenshot successfully

2018-06-27 13:58:47 - [TEST_STEP][PASSED] - Statement - println("Test case Fail taking Screenshot"): null

2018-06-27 13:58:47 - [TEST_STEP][PASSED] - Statement - Try: Taking screenshot successfully

2018-06-27 13:58:47 - [TEST_STEP][PASSED] - Statement - data = new java.util.Date(java.lang.System.currentTimeMillis()): null

2018-06-27 13:58:47 - [TEST_STEP][PASSED] - Statement - formatarDate = new java.text.SimpleDateFormat(yyyyMMddHHmmss): null

2018-06-27 13:58:47 - [TEST_STEP][PASSED] - takeScreenshot: Taking screenshot successfully

2018-06-27 13:58:47 - [MESSAGE][PASSED] - Taking screenshot successfully
[[ATTACHMENT|C:\\Users\\Group10\\git\\KatalonStudio\\ArcWithKatalonStudio\\ScreenShot\\screenshot_20180627135847.png]]

2018-06-27 13:58:47 - [TEST_STEP][PASSED] - closeBrowser: Browser is closed

2018-06-27 13:58:48 - [MESSAGE][PASSED] - Browser is closed]]></system-out>
         <system-err><![CDATA[2018-06-27 13:58:07 - [TEST_CASE][FAILED] - Test Cases/Buildings/MyBuildings/BuildingOther/AddNewProjectTest: Test Cases/Buildings/MyBuildings/BuildingOther/AddNewProjectTest FAILED because (of) Unable to click on object 'Object Repository/Page_Arc dashboard/a_ Buildings' (Root cause: com.kms.katalon.core.webui.exception.WebElementNotFoundException: Web element with id: 'Object Repository/Page_Arc dashboard/a_ Buildings' located by 'By.xpath: //a[(text() = '   Buildings   ' or . = '   Buildings   ')]' not found)]]></system-err>
      </testcase>
      <testcase name="Test Cases/Buildings/MyBuildings/BuildingOther/RegPaymentByCheckTest" classname="Test Cases/Buildings/MyBuildings/BuildingOther/RegPaymentByCheckTest" status="ERROR">
         <error type="ERROR" message="Test Cases/Buildings/MyBuildings/BuildingOther/RegPaymentByCheckTest FAILED because (of) org.codehaus.groovy.runtime.metaclass.MissingMethodExceptionNoStack: No signature of method: com.arc.ReusableMethods.ReusableMethodsSearch.searchProgram() is applicable for argument types: (null, null) values: [null, null]
Possible solutions: searchProgram(java.lang.String, int)"/>
         <system-out><![CDATA[2018-06-27 13:58:48 - [TEST_CASE][ERROR] - Test Cases/Buildings/MyBuildings/BuildingOther/RegPaymentByCheckTest: Test Cases/Buildings/MyBuildings/BuildingOther/RegPaymentByCheckTest FAILED because (of) org.codehaus.groovy.runtime.metaclass.MissingMethodExceptionNoStack: No signature of method: com.arc.ReusableMethods.ReusableMethodsSearch.searchProgram() is applicable for argument types: (null, null) values: [null, null]
Possible solutions: searchProgram(java.lang.String, int)

2018-06-27 13:58:48 - [TEST_STEP][ERROR] - Start listener action : beforeTestListener: org.codehaus.groovy.runtime.InvokerInvocationException: groovy.lang.MissingMethodException: No signature of method: static com.kms.katalon.core.webui.keyword.WebUiBuiltInKeywords.waitForPageLoad() is applicable for argument types: (null) values: [null]
Possible solutions: waitForPageLoad(int), waitForPageLoad(int, com.kms.katalon.core.model.FailureHandling)

2018-06-27 13:58:48 - [TEST_STEP][ERROR] - com.arc.ReusableMethods.ReusableMethodsLogin.loginIntoArcWithGlobalVariable: org.codehaus.groovy.runtime.InvokerInvocationException: groovy.lang.MissingMethodException: No signature of method: static com.kms.katalon.core.webui.keyword.WebUiBuiltInKeywords.waitForPageLoad() is applicable for argument types: (null) values: [null]
Possible solutions: waitForPageLoad(int), waitForPageLoad(int, com.kms.katalon.core.model.FailureHandling)

2018-06-27 13:58:50 - [MESSAGE][PASSED] - Browser is opened with url: 'null'

2018-06-27 13:58:51 - [MESSAGE][PASSED] - Current window maximized

2018-06-27 13:58:51 - [MESSAGE][ERROR] - groovy.lang.MissingMethodException: No signature of method: static com.kms.katalon.core.webui.keyword.WebUiBuiltInKeywords.waitForPageLoad() is applicable for argument types: (null) values: [null]
Possible solutions: waitForPageLoad(int), waitForPageLoad(int, com.kms.katalon.core.model.FailureHandling)

2018-06-27 13:58:51 - [MESSAGE][ERROR] - org.codehaus.groovy.runtime.InvokerInvocationException: groovy.lang.MissingMethodException: No signature of method: static com.kms.katalon.core.webui.keyword.WebUiBuiltInKeywords.waitForPageLoad() is applicable for argument types: (null) values: [null]
Possible solutions: waitForPageLoad(int), waitForPageLoad(int, com.kms.katalon.core.model.FailureHandling)

2018-06-27 13:58:52 - [TEST_STEP][ERROR] - Statement - Try: No signature of method: com.arc.ReusableMethods.ReusableMethodsSearch.searchProgram() is applicable for argument types: (null, null) values: [null, null]
Possible solutions: searchProgram(java.lang.String, int)

2018-06-27 13:58:52 - [TEST_STEP][ERROR] - com.arc.ReusableMethods.ReusableMethodsSearch.searchProgram: No signature of method: com.arc.ReusableMethods.ReusableMethodsSearch.searchProgram() is applicable for argument types: (null, null) values: [null, null]
Possible solutions: searchProgram(java.lang.String, int)

2018-06-27 13:58:52 - [MESSAGE][ERROR] - No signature of method: com.arc.ReusableMethods.ReusableMethodsSearch.searchProgram() is applicable for argument types: (null, null) values: [null, null]
Possible solutions: searchProgram(java.lang.String, int)

2018-06-27 13:58:52 - [TEST_STEP][PASSED] - Statement - Catch (Throwable t): null

2018-06-27 13:58:52 - [TEST_STEP][PASSED] - Statement - out.println(t.getLocalizedMessage()): null

2018-06-27 13:58:52 - [TEST_STEP][PASSED] - Statement - e1 = new java.lang.Error(t.getMessage()): null

2018-06-27 13:58:52 - [TEST_STEP][PASSED] - Statement - e1.setStackTrace(t.getStackTrace()): null

2018-06-27 13:58:52 - [TEST_STEP][PASSED] - Statement - e1.printStackTrace(): null

2018-06-27 13:58:52 - [TEST_STEP][PASSED] - Start listener action : afterTestCase: Browser is closed

2018-06-27 13:58:52 - [TEST_STEP][PASSED] - switchToDefaultContent: Switching to default content

2018-06-27 13:58:52 - [TEST_STEP][PASSED] - Statement - com.kms.katalon.core.util.KeywordUtil.markWarning("Test Case Name : " + testCase.getTestCaseId()): Test Case Name : Test Cases/Buildings/MyBuildings/BuildingOther/RegPaymentByCheckTest

2018-06-27 13:58:52 - [MESSAGE][WARNING] - Test Case Name : Test Cases/Buildings/MyBuildings/BuildingOther/RegPaymentByCheckTest

2018-06-27 13:58:52 - [TEST_STEP][PASSED] - Statement - com.kms.katalon.core.util.KeywordUtil.markWarning("Test Case Status : " + testCase.getTestCaseStatus()): Test Case Status : ERROR

2018-06-27 13:58:52 - [MESSAGE][WARNING] - Test Case Status : ERROR

2018-06-27 13:58:52 - [TEST_STEP][PASSED] - Statement - If ("FAILED".equalsIgnoreCase(testCase.getTestCaseStatus())): null

2018-06-27 13:58:52 - [TEST_STEP][PASSED] - closeBrowser: Browser is closed

2018-06-27 13:58:52 - [MESSAGE][PASSED] - Browser is closed]]></system-out>
         <system-err><![CDATA[2018-06-27 13:58:48 - [TEST_CASE][ERROR] - Test Cases/Buildings/MyBuildings/BuildingOther/RegPaymentByCheckTest: Test Cases/Buildings/MyBuildings/BuildingOther/RegPaymentByCheckTest FAILED because (of) org.codehaus.groovy.runtime.metaclass.MissingMethodExceptionNoStack: No signature of method: com.arc.ReusableMethods.ReusableMethodsSearch.searchProgram() is applicable for argument types: (null, null) values: [null, null]
Possible solutions: searchProgram(java.lang.String, int)]]></system-err>
      </testcase>
      <system-out><![CDATA[2018-06-27 13:58:04 - [TEST_SUITE][FAILED] - BuildingOther TestSuite: Test Cases/Buildings/MyBuildings/BuildingOther/AddNewProjectTest FAILED because (of) Unable to click on object 'Object Repository/Page_Arc dashboard/a_ Buildings' (Root cause: com.kms.katalon.core.webui.exception.WebElementNotFoundException: Web element with id: 'Object Repository/Page_Arc dashboard/a_ Buildings' located by 'By.xpath: //a[(text() = '   Buildings   ' or . = '   Buildings   ')]' not found)]]></system-out>
      <system-err><![CDATA[2018-06-27 13:58:04 - [TEST_SUITE][FAILED] - BuildingOther TestSuite: Test Cases/Buildings/MyBuildings/BuildingOther/AddNewProjectTest FAILED because (of) Unable to click on object 'Object Repository/Page_Arc dashboard/a_ Buildings' (Root cause: com.kms.katalon.core.webui.exception.WebElementNotFoundException: Web element with id: 'Object Repository/Page_Arc dashboard/a_ Buildings' located by 'By.xpath: //a[(text() = '   Buildings   ' or . = '   Buildings   ')]' not found)]]></system-err>
   </testsuite>
</testsuites>
