<?xml version="1.0" encoding="UTF-8"?>
<testsuites name="CommunityIndiaTest Suite" time="181" tests="0" failures="2" errors="0">
   <testsuite name="CommunityIndiaTest Suite" tests="0" failures="2" errors="0" time="181" timestamp="2018-06-26 16:44:00" hostname="Group10 - G10CHLT003" id="Test Suites/Communities Suites/CommunityIndiaTest Suite">
      <properties>
         <property name="deviceName" value=""/>
         <property name="devicePlatform" value=""/>
         <property name="logFolder" value="C:\\Users\\Group10\\git\\KatalonStudio\\ArcWithKatalonStudio\\Reports\\Communities Suites\\CommunityIndiaTest Suite\\20180626_164357"/>
         <property name="logFiles" value="C:\\Users\\Group10\\git\\KatalonStudio\\ArcWithKatalonStudio\\Reports\\Communities Suites\\CommunityIndiaTest Suite\\20180626_164357\\execution0.log"/>
         <property name="attachments" value="C:\\Users\\Group10\\git\\KatalonStudio\\ArcWithKatalonStudio\\Reports\\Communities Suites\\CommunityIndiaTest Suite\\20180626_164357\\1530011742259.png, C:\\Users\\Group10\\git\\KatalonStudio\\ArcWithKatalonStudio\\ScreenShot\\screenshot_20180626164542.png, C:\\Users\\Group10\\git\\KatalonStudio\\ArcWithKatalonStudio\\Reports\\Communities Suites\\CommunityIndiaTest Suite\\20180626_164357\\1530011820638.png, C:\\Users\\Group10\\git\\KatalonStudio\\ArcWithKatalonStudio\\ScreenShot\\screenshot_20180626164700.png"/>
         <property name="hostName" value="Group10 - G10CHLT003"/>
         <property name="os" value="Windows 7 64bit"/>
         <property name="katalonVersion" value="5.4.2.1"/>
         <property name="browser" value="Chrome 67.0.3396.99"/>
         <property name="hostAddress" value="172.18.0.84"/>
         <property name="sessionId" value="0a908482584794838e88030206b2e53a"/>
         <property name="seleniumVersion" value="3.7.1"/>
         <property name="proxyInformation" value="ProxyInformation{proxyOption=NO_PROXY, proxyServerType=HTTP, password=, proxyServerAddress=, proxyServerPort=0}"/>
         <property name="platform" value="Windows 7"/>
      </properties>
      <testcase name="Test Cases/MyCommunities/CommunitiesOther/AddNewProjectTest" classname="Test Cases/MyCommunities/CommunitiesOther/AddNewProjectTest" status="FAILED">
         <failure type="FAILED" message="Unable to get text of object 'Object Repository/Add_Project_Details/VerifyPaymentPage_ text' (Root cause: com.kms.katalon.core.webui.exception.WebElementNotFoundException: Web element with id: 'Object Repository/Add_Project_Details/VerifyPaymentPage_ text' located by 'By.xpath: //h4[@class = 'payment-label' and (text() = 'Payment type' or . = 'Payment type')]' not found)"/>
         <system-out><![CDATA[2018-06-26 16:44:02 - [TEST_CASE][FAILED] - Test Cases/MyCommunities/CommunitiesOther/AddNewProjectTest: Test Cases/MyCommunities/CommunitiesOther/AddNewProjectTest FAILED because (of) Unable to get text of object 'Object Repository/Add_Project_Details/VerifyPaymentPage_ text' (Root cause: com.kms.katalon.core.webui.exception.WebElementNotFoundException: Web element with id: 'Object Repository/Add_Project_Details/VerifyPaymentPage_ text' located by 'By.xpath: //h4[@class = 'payment-label' and (text() = 'Payment type' or . = 'Payment type')]' not found)

2018-06-26 16:44:02 - [TEST_STEP][PASSED] - Start listener action : beforeTestListener: com.arc.ReusableMethods.ReusableMethodsLogin.loginIntoArcWithGlobalVariable is PASSED

2018-06-26 16:44:02 - [TEST_STEP][PASSED] - com.arc.ReusableMethods.ReusableMethodsLogin.loginIntoArcWithGlobalVariable: com.arc.ReusableMethods.ReusableMethodsLogin.loginIntoArcWithGlobalVariable is PASSED

2018-06-26 16:44:12 - [MESSAGE][PASSED] - Browser is opened with url: 'http://www.qas.arconline.io/'

2018-06-26 16:44:13 - [MESSAGE][PASSED] - Current window maximized

2018-06-26 16:44:13 - [MESSAGE][PASSED] - Wait for page load successfully

2018-06-26 16:44:13 - [MESSAGE][PASSED] - Object: 'Object Repository/Page_Home  Arc/button_ACCEPT AND CLOSE' is clicked on

2018-06-26 16:44:13 - [MESSAGE][PASSED] - Object: 'Object Repository/Page_Home  Arc/Click_Log in' is clicked on

2018-06-26 16:44:15 - [MESSAGE][PASSED] - Text 'usgbcarc@gmail.com' is set on object 'Object Repository/Page_Home  Arc/input_name'

2018-06-26 16:44:15 - [MESSAGE][PASSED] - Text 'initpass' is set on object 'Object Repository/Page_Home  Arc/input_pass'

2018-06-26 16:44:15 - [MESSAGE][PASSED] - Object: 'Object Repository/Page_Home  Arc/input_field_policy_accept' is clicked on

2018-06-26 16:44:28 - [MESSAGE][PASSED] - Object: 'Object Repository/Page_Home  Arc/button_Log in' is clicked on

2018-06-26 16:44:33 - [MESSAGE][PASSED] - Delayed 5 second(s)

2018-06-26 16:44:33 - [MESSAGE][PASSED] - Text of object 'Object Repository/Page_Arc dashboard/span_My Projects' is: 'My Projects'

2018-06-26 16:44:33 - [MESSAGE][PASSED] - Actual text 'My Projects' and expected text 'My Projects' are matched  using regular expression

2018-06-26 16:44:36 - [MESSAGE][PASSED] - Delayed 3 second(s)

2018-06-26 16:44:36 - [MESSAGE][PASSED] - com.arc.ReusableMethods.ReusableMethodsLogin.loginIntoArcWithGlobalVariable is PASSED

2018-06-26 16:44:36 - [TEST_STEP][FAILED] - Statement - Try: Unable to get text of object 'Object Repository/Add_Project_Details/VerifyPaymentPage_ text' (Root cause: com.kms.katalon.core.webui.exception.WebElementNotFoundException: Web element with id: 'Object Repository/Add_Project_Details/VerifyPaymentPage_ text' located by 'By.xpath: //h4[@class = 'payment-label' and (text() = 'Payment type' or . = 'Payment type')]' not found)

2018-06-26 16:44:36 - [TEST_STEP][PASSED] - com.arc.ReusableMethods.ReusableMethodsNavigation.navigateToCommunities: com.arc.ReusableMethods.ReusableMethodsNavigation.navigateToCommunities is PASSED

2018-06-26 16:44:41 - [MESSAGE][PASSED] - Object: 'Object Repository/Page_Arc dashboard/a_ My Communities' is clicked on

2018-06-26 16:44:42 - [MESSAGE][PASSED] - Delayed 1 second(s)

2018-06-26 16:44:42 - [MESSAGE][PASSED] - Text of object 'Object Repository/Page_Arc dashboard/span_My Communities' is: 'My Communities'

2018-06-26 16:44:42 - [MESSAGE][PASSED] - Actual text 'My Communities' and expected text 'My Communities' are matched 

2018-06-26 16:44:42 - [MESSAGE][PASSED] - com.arc.ReusableMethods.ReusableMethodsNavigation.navigateToCommunities is PASSED

2018-06-26 16:44:42 - [TEST_STEP][FAILED] - com.arc.ReusableMethods.ReusableMethodsAddNewProject.addNewProjectCityORCom: Unable to get text of object 'Object Repository/Add_Project_Details/VerifyPaymentPage_ text' (Root cause: com.kms.katalon.core.webui.exception.WebElementNotFoundException: Web element with id: 'Object Repository/Add_Project_Details/VerifyPaymentPage_ text' located by 'By.xpath: //h4[@class = 'payment-label' and (text() = 'Payment type' or . = 'Payment type')]' not found)

2018-06-26 16:44:48 - [MESSAGE][PASSED] - Object: 'Object Repository/Add_Project_Details/button_ Add' is clicked on

2018-06-26 16:44:49 - [MESSAGE][PASSED] - Delayed 1 second(s)

2018-06-26 16:44:50 - [MESSAGE][PASSED] - Text of object 'Object Repository/Add_Project_Details/h1_Project Registration' is: 'Project Registration'

2018-06-26 16:44:50 - [MESSAGE][PASSED] - Actual text 'Project Registration' and expected text 'Project Registration' are matched  using regular expression

2018-06-26 16:44:50 - [MESSAGE][PASSED] - Text 'INDComOther 16:44:42' is set on object 'Object Repository/Add_Project_Details/input_name'

2018-06-26 16:44:50 - [MESSAGE][PASSED] - All options with label 'Communities' are selected in object 'Object Repository/Add_Project_Details/select_Select a Project TypeCo'  using regular expression

2018-06-26 16:44:50 - [MESSAGE][PASSED] - All options with label 'Other' are selected in object 'Object Repository/Add_Project_Details/select_Select a Rating SystemL'  using regular expression

2018-06-26 16:44:52 - [MESSAGE][PASSED] - All options with label 'Corporate: Publicly Traded' are selected in object 'Object Repository/Add_Project_Details/select_Select Owner Type'  using regular expression

2018-06-26 16:44:52 - [MESSAGE][PASSED] - Text 'Habitat for Humanity' is set on object 'Object Repository/Add_Project_Details/input_organization'

2018-06-26 16:44:57 - [MESSAGE][PASSED] - Object: 'Object Repository/Add_Project_Details/input_organization' is clicked on

2018-06-26 16:44:59 - [MESSAGE][PASSED] - Delayed 2 second(s)

2018-06-26 16:45:01 - [MESSAGE][PASSED] - Object: 'Object Repository/Add_Project_Details/span_Habitat for Humanity' is clicked on

2018-06-26 16:45:02 - [MESSAGE][PASSED] - Text 'abhishekkumar@groupten.com' is set on object 'Object Repository/Add_Project_Details/input_owner_email'

2018-06-26 16:45:02 - [MESSAGE][PASSED] - All options with label 'India' are selected in object 'Object Repository/Add_Project_Details/select_OwnerCountry' 

2018-06-26 16:45:02 - [MESSAGE][PASSED] - Text '450' is set on object 'Object Repository/Add_Project_Details/input_gross_area'

2018-06-26 16:45:03 - [MESSAGE][PASSED] - Text '23968' is set on object 'Object Repository/Add_Project_Details/input_occupancy'

2018-06-26 16:45:03 - [MESSAGE][PASSED] - Text '611-618, Tower A, Spaze I-Tech Park, Sohna Road, Sector 50' is set on object 'Object Repository/Add_Project_Details/input_street'

2018-06-26 16:45:04 - [MESSAGE][PASSED] - Text 'Gurgaon' is set on object 'Object Repository/Add_Project_Details/input_city'

2018-06-26 16:45:04 - [MESSAGE][PASSED] - All options with label 'India' are selected in object 'Object Repository/Add_Project_Details/country' 

2018-06-26 16:45:05 - [MESSAGE][PASSED] - All options with label 'Haryana' are selected in object 'Object Repository/Add_Project_Details/state'  using regular expression

2018-06-26 16:45:05 - [MESSAGE][PASSED] - Text '122018' is set on object 'Object Repository/Add_Project_Details/input_zip_code'

2018-06-26 16:45:05 - [MESSAGE][PASSED] - Object: 'Object Repository/Add_Project_Details/input_reg_agreement' is clicked on

2018-06-26 16:45:05 - [MESSAGE][PASSED] - Object: 'Object Repository/Add_Project_Details/button_Next' is clicked on

2018-06-26 16:45:10 - [MESSAGE][PASSED] - Delayed 5 second(s)

2018-06-26 16:45:42 - [MESSAGE][FAILED] - Unable to get text of object 'Object Repository/Add_Project_Details/VerifyPaymentPage_ text' (Root cause: com.kms.katalon.core.webui.exception.WebElementNotFoundException: Web element with id: 'Object Repository/Add_Project_Details/VerifyPaymentPage_ text' located by 'By.xpath: //h4[@class = 'payment-label' and (text() = 'Payment type' or . = 'Payment type')]' not found)
[[ATTACHMENT|C:\\Users\\Group10\\git\\KatalonStudio\\ArcWithKatalonStudio\\Reports\\Communities Suites\\CommunityIndiaTest Suite\\20180626_164357\\1530011742259.png]]

2018-06-26 16:45:42 - [MESSAGE][FAILED] - Unable to get text of object 'Object Repository/Add_Project_Details/VerifyPaymentPage_ text' (Root cause: com.kms.katalon.core.webui.exception.WebElementNotFoundException: Web element with id: 'Object Repository/Add_Project_Details/VerifyPaymentPage_ text' located by 'By.xpath: //h4[@class = 'payment-label' and (text() = 'Payment type' or . = 'Payment type')]' not found)

2018-06-26 16:45:42 - [TEST_STEP][PASSED] - Statement - Catch (Throwable t): null

2018-06-26 16:45:42 - [TEST_STEP][PASSED] - Statement - out.println(t.getLocalizedMessage()): null

2018-06-26 16:45:42 - [TEST_STEP][PASSED] - Statement - e1 = new java.lang.Error(t.getMessage()): null

2018-06-26 16:45:42 - [TEST_STEP][PASSED] - Statement - e1.setStackTrace(t.getStackTrace()): null

2018-06-26 16:45:42 - [TEST_STEP][PASSED] - Statement - e1.printStackTrace(): null

2018-06-26 16:45:42 - [TEST_STEP][PASSED] - Start listener action : afterTestCase: Browser is closed

2018-06-26 16:45:42 - [TEST_STEP][PASSED] - switchToDefaultContent: Switching to default content

2018-06-26 16:45:42 - [TEST_STEP][PASSED] - Statement - com.kms.katalon.core.util.KeywordUtil.markWarning("Test Case Name : " + testCase.getTestCaseId()): Test Case Name : Test Cases/MyCommunities/CommunitiesOther/AddNewProjectTest

2018-06-26 16:45:42 - [MESSAGE][WARNING] - Test Case Name : Test Cases/MyCommunities/CommunitiesOther/AddNewProjectTest

2018-06-26 16:45:42 - [TEST_STEP][PASSED] - Statement - com.kms.katalon.core.util.KeywordUtil.markWarning("Test Case Status : " + testCase.getTestCaseStatus()): Test Case Status : FAILED

2018-06-26 16:45:42 - [MESSAGE][WARNING] - Test Case Status : FAILED

2018-06-26 16:45:42 - [TEST_STEP][PASSED] - Statement - If ("FAILED".equalsIgnoreCase(testCase.getTestCaseStatus())): Taking screenshot successfully

2018-06-26 16:45:42 - [TEST_STEP][PASSED] - Statement - println("Test case Fail taking Screenshot"): null

2018-06-26 16:45:42 - [TEST_STEP][PASSED] - Statement - Try: Taking screenshot successfully

2018-06-26 16:45:42 - [TEST_STEP][PASSED] - Statement - data = new java.util.Date(java.lang.System.currentTimeMillis()): null

2018-06-26 16:45:42 - [TEST_STEP][PASSED] - Statement - formatarDate = new java.text.SimpleDateFormat(yyyyMMddHHmmss): null

2018-06-26 16:45:42 - [TEST_STEP][PASSED] - takeScreenshot: Taking screenshot successfully

2018-06-26 16:45:43 - [MESSAGE][PASSED] - Taking screenshot successfully
[[ATTACHMENT|C:\\Users\\Group10\\git\\KatalonStudio\\ArcWithKatalonStudio\\ScreenShot\\screenshot_20180626164542.png]]

2018-06-26 16:45:43 - [TEST_STEP][PASSED] - closeBrowser: Browser is closed

2018-06-26 16:45:43 - [MESSAGE][PASSED] - Browser is closed]]></system-out>
         <system-err><![CDATA[2018-06-26 16:44:02 - [TEST_CASE][FAILED] - Test Cases/MyCommunities/CommunitiesOther/AddNewProjectTest: Test Cases/MyCommunities/CommunitiesOther/AddNewProjectTest FAILED because (of) Unable to get text of object 'Object Repository/Add_Project_Details/VerifyPaymentPage_ text' (Root cause: com.kms.katalon.core.webui.exception.WebElementNotFoundException: Web element with id: 'Object Repository/Add_Project_Details/VerifyPaymentPage_ text' located by 'By.xpath: //h4[@class = 'payment-label' and (text() = 'Payment type' or . = 'Payment type')]' not found)]]></system-err>
      </testcase>
      <testcase name="Test Cases/MyCommunities/LEEDForCommunities/AddNewProjectTest" classname="Test Cases/MyCommunities/LEEDForCommunities/AddNewProjectTest" status="FAILED">
         <failure type="FAILED" message="Unable to get text of object 'Object Repository/Add_Project_Details/VerifyPaymentPage_ text' (Root cause: com.kms.katalon.core.webui.exception.WebElementNotFoundException: Web element with id: 'Object Repository/Add_Project_Details/VerifyPaymentPage_ text' located by 'By.xpath: //h4[@class = 'payment-label' and (text() = 'Payment type' or . = 'Payment type')]' not found)"/>
         <system-out><![CDATA[2018-06-26 16:45:43 - [TEST_CASE][FAILED] - Test Cases/MyCommunities/LEEDForCommunities/AddNewProjectTest: Test Cases/MyCommunities/LEEDForCommunities/AddNewProjectTest FAILED because (of) Unable to get text of object 'Object Repository/Add_Project_Details/VerifyPaymentPage_ text' (Root cause: com.kms.katalon.core.webui.exception.WebElementNotFoundException: Web element with id: 'Object Repository/Add_Project_Details/VerifyPaymentPage_ text' located by 'By.xpath: //h4[@class = 'payment-label' and (text() = 'Payment type' or . = 'Payment type')]' not found)

2018-06-26 16:45:43 - [TEST_STEP][PASSED] - Start listener action : beforeTestListener: com.arc.ReusableMethods.ReusableMethodsLogin.loginIntoArcWithGlobalVariable is PASSED

2018-06-26 16:45:43 - [TEST_STEP][PASSED] - com.arc.ReusableMethods.ReusableMethodsLogin.loginIntoArcWithGlobalVariable: com.arc.ReusableMethods.ReusableMethodsLogin.loginIntoArcWithGlobalVariable is PASSED

2018-06-26 16:45:51 - [MESSAGE][PASSED] - Browser is opened with url: 'http://www.qas.arconline.io/'

2018-06-26 16:45:52 - [MESSAGE][PASSED] - Current window maximized

2018-06-26 16:45:52 - [MESSAGE][PASSED] - Wait for page load successfully

2018-06-26 16:45:52 - [MESSAGE][PASSED] - Object: 'Object Repository/Page_Home  Arc/button_ACCEPT AND CLOSE' is clicked on

2018-06-26 16:45:52 - [MESSAGE][PASSED] - Object: 'Object Repository/Page_Home  Arc/Click_Log in' is clicked on

2018-06-26 16:45:53 - [MESSAGE][PASSED] - Text 'usgbcarc@gmail.com' is set on object 'Object Repository/Page_Home  Arc/input_name'

2018-06-26 16:45:53 - [MESSAGE][PASSED] - Text 'initpass' is set on object 'Object Repository/Page_Home  Arc/input_pass'

2018-06-26 16:45:53 - [MESSAGE][PASSED] - Object: 'Object Repository/Page_Home  Arc/input_field_policy_accept' is clicked on

2018-06-26 16:46:03 - [MESSAGE][PASSED] - Object: 'Object Repository/Page_Home  Arc/button_Log in' is clicked on

2018-06-26 16:46:08 - [MESSAGE][PASSED] - Delayed 5 second(s)

2018-06-26 16:46:08 - [MESSAGE][PASSED] - Text of object 'Object Repository/Page_Arc dashboard/span_My Projects' is: 'My Projects'

2018-06-26 16:46:08 - [MESSAGE][PASSED] - Actual text 'My Projects' and expected text 'My Projects' are matched  using regular expression

2018-06-26 16:46:11 - [MESSAGE][PASSED] - Delayed 3 second(s)

2018-06-26 16:46:11 - [MESSAGE][PASSED] - com.arc.ReusableMethods.ReusableMethodsLogin.loginIntoArcWithGlobalVariable is PASSED

2018-06-26 16:46:12 - [TEST_STEP][FAILED] - Statement - Try: Unable to get text of object 'Object Repository/Add_Project_Details/VerifyPaymentPage_ text' (Root cause: com.kms.katalon.core.webui.exception.WebElementNotFoundException: Web element with id: 'Object Repository/Add_Project_Details/VerifyPaymentPage_ text' located by 'By.xpath: //h4[@class = 'payment-label' and (text() = 'Payment type' or . = 'Payment type')]' not found)

2018-06-26 16:46:12 - [TEST_STEP][PASSED] - com.arc.ReusableMethods.ReusableMethodsNavigation.navigateToCommunities: com.arc.ReusableMethods.ReusableMethodsNavigation.navigateToCommunities is PASSED

2018-06-26 16:46:12 - [MESSAGE][PASSED] - Object: 'Object Repository/Page_Arc dashboard/a_ My Communities' is clicked on

2018-06-26 16:46:13 - [MESSAGE][PASSED] - Delayed 1 second(s)

2018-06-26 16:46:13 - [MESSAGE][PASSED] - Text of object 'Object Repository/Page_Arc dashboard/span_My Communities' is: 'My Communities'

2018-06-26 16:46:13 - [MESSAGE][PASSED] - Actual text 'My Communities' and expected text 'My Communities' are matched 

2018-06-26 16:46:13 - [MESSAGE][PASSED] - com.arc.ReusableMethods.ReusableMethodsNavigation.navigateToCommunities is PASSED

2018-06-26 16:46:13 - [TEST_STEP][FAILED] - com.arc.ReusableMethods.ReusableMethodsAddNewProject.addNewProjectCityORCom: Unable to get text of object 'Object Repository/Add_Project_Details/VerifyPaymentPage_ text' (Root cause: com.kms.katalon.core.webui.exception.WebElementNotFoundException: Web element with id: 'Object Repository/Add_Project_Details/VerifyPaymentPage_ text' located by 'By.xpath: //h4[@class = 'payment-label' and (text() = 'Payment type' or . = 'Payment type')]' not found)

2018-06-26 16:46:14 - [MESSAGE][PASSED] - Object: 'Object Repository/Add_Project_Details/button_ Add' is clicked on

2018-06-26 16:46:15 - [MESSAGE][PASSED] - Delayed 1 second(s)

2018-06-26 16:46:15 - [MESSAGE][PASSED] - Text of object 'Object Repository/Add_Project_Details/h1_Project Registration' is: 'Project Registration'

2018-06-26 16:46:15 - [MESSAGE][PASSED] - Actual text 'Project Registration' and expected text 'Project Registration' are matched  using regular expression

2018-06-26 16:46:16 - [MESSAGE][PASSED] - Text 'INDComLEED for Communities 16:46:13' is set on object 'Object Repository/Add_Project_Details/input_name'

2018-06-26 16:46:16 - [MESSAGE][PASSED] - All options with label 'Communities' are selected in object 'Object Repository/Add_Project_Details/select_Select a Project TypeCo'  using regular expression

2018-06-26 16:46:16 - [MESSAGE][PASSED] - All options with label 'LEED for Communities' are selected in object 'Object Repository/Add_Project_Details/select_Select a Rating SystemL'  using regular expression

2018-06-26 16:46:17 - [MESSAGE][PASSED] - All options with label 'Investor: Bank' are selected in object 'Object Repository/Add_Project_Details/select_Select Owner Type'  using regular expression

2018-06-26 16:46:18 - [MESSAGE][PASSED] - Text 'Habitat for Humanity' is set on object 'Object Repository/Add_Project_Details/input_organization'

2018-06-26 16:46:18 - [MESSAGE][PASSED] - Object: 'Object Repository/Add_Project_Details/input_organization' is clicked on

2018-06-26 16:46:20 - [MESSAGE][PASSED] - Delayed 2 second(s)

2018-06-26 16:46:20 - [MESSAGE][PASSED] - Object: 'Object Repository/Add_Project_Details/span_Habitat for Humanity' is clicked on

2018-06-26 16:46:21 - [MESSAGE][PASSED] - Text 'abhishekkumar@groupten.com' is set on object 'Object Repository/Add_Project_Details/input_owner_email'

2018-06-26 16:46:21 - [MESSAGE][PASSED] - All options with label 'India' are selected in object 'Object Repository/Add_Project_Details/select_OwnerCountry' 

2018-06-26 16:46:21 - [MESSAGE][PASSED] - Text '560' is set on object 'Object Repository/Add_Project_Details/input_gross_area'

2018-06-26 16:46:21 - [MESSAGE][PASSED] - Text '176000' is set on object 'Object Repository/Add_Project_Details/input_occupancy'

2018-06-26 16:46:22 - [MESSAGE][PASSED] - Text '611-618, Tower A, Spaze I-Tech Park, Sohna Road, Sector 49' is set on object 'Object Repository/Add_Project_Details/input_street'

2018-06-26 16:46:22 - [MESSAGE][PASSED] - Text 'Gurgaon' is set on object 'Object Repository/Add_Project_Details/input_city'

2018-06-26 16:46:22 - [MESSAGE][PASSED] - All options with label 'India' are selected in object 'Object Repository/Add_Project_Details/country' 

2018-06-26 16:46:23 - [MESSAGE][PASSED] - All options with label 'Haryana' are selected in object 'Object Repository/Add_Project_Details/state'  using regular expression

2018-06-26 16:46:24 - [MESSAGE][PASSED] - Text '122018' is set on object 'Object Repository/Add_Project_Details/input_zip_code'

2018-06-26 16:46:24 - [MESSAGE][PASSED] - Object: 'Object Repository/Add_Project_Details/input_reg_agreement' is clicked on

2018-06-26 16:46:24 - [MESSAGE][PASSED] - Object: 'Object Repository/Add_Project_Details/button_Next' is clicked on

2018-06-26 16:46:29 - [MESSAGE][PASSED] - Delayed 5 second(s)

2018-06-26 16:47:00 - [MESSAGE][FAILED] - Unable to get text of object 'Object Repository/Add_Project_Details/VerifyPaymentPage_ text' (Root cause: com.kms.katalon.core.webui.exception.WebElementNotFoundException: Web element with id: 'Object Repository/Add_Project_Details/VerifyPaymentPage_ text' located by 'By.xpath: //h4[@class = 'payment-label' and (text() = 'Payment type' or . = 'Payment type')]' not found)
[[ATTACHMENT|C:\\Users\\Group10\\git\\KatalonStudio\\ArcWithKatalonStudio\\Reports\\Communities Suites\\CommunityIndiaTest Suite\\20180626_164357\\1530011820638.png]]

2018-06-26 16:47:00 - [MESSAGE][FAILED] - Unable to get text of object 'Object Repository/Add_Project_Details/VerifyPaymentPage_ text' (Root cause: com.kms.katalon.core.webui.exception.WebElementNotFoundException: Web element with id: 'Object Repository/Add_Project_Details/VerifyPaymentPage_ text' located by 'By.xpath: //h4[@class = 'payment-label' and (text() = 'Payment type' or . = 'Payment type')]' not found)

2018-06-26 16:47:00 - [TEST_STEP][PASSED] - Statement - Catch (Throwable t): null

2018-06-26 16:47:00 - [TEST_STEP][PASSED] - Statement - out.println(t.getLocalizedMessage()): null

2018-06-26 16:47:00 - [TEST_STEP][PASSED] - Statement - e1 = new java.lang.Error(t.getMessage()): null

2018-06-26 16:47:00 - [TEST_STEP][PASSED] - Statement - e1.setStackTrace(t.getStackTrace()): null

2018-06-26 16:47:00 - [TEST_STEP][PASSED] - Statement - e1.printStackTrace(): null

2018-06-26 16:47:00 - [TEST_STEP][PASSED] - Start listener action : afterTestCase: Browser is closed

2018-06-26 16:47:00 - [TEST_STEP][PASSED] - switchToDefaultContent: Switching to default content

2018-06-26 16:47:00 - [TEST_STEP][PASSED] - Statement - com.kms.katalon.core.util.KeywordUtil.markWarning("Test Case Name : " + testCase.getTestCaseId()): Test Case Name : Test Cases/MyCommunities/LEEDForCommunities/AddNewProjectTest

2018-06-26 16:47:00 - [MESSAGE][WARNING] - Test Case Name : Test Cases/MyCommunities/LEEDForCommunities/AddNewProjectTest

2018-06-26 16:47:00 - [TEST_STEP][PASSED] - Statement - com.kms.katalon.core.util.KeywordUtil.markWarning("Test Case Status : " + testCase.getTestCaseStatus()): Test Case Status : FAILED

2018-06-26 16:47:00 - [MESSAGE][WARNING] - Test Case Status : FAILED

2018-06-26 16:47:00 - [TEST_STEP][PASSED] - Statement - If ("FAILED".equalsIgnoreCase(testCase.getTestCaseStatus())): Taking screenshot successfully

2018-06-26 16:47:00 - [TEST_STEP][PASSED] - Statement - println("Test case Fail taking Screenshot"): null

2018-06-26 16:47:00 - [TEST_STEP][PASSED] - Statement - Try: Taking screenshot successfully

2018-06-26 16:47:00 - [TEST_STEP][PASSED] - Statement - data = new java.util.Date(java.lang.System.currentTimeMillis()): null

2018-06-26 16:47:00 - [TEST_STEP][PASSED] - Statement - formatarDate = new java.text.SimpleDateFormat(yyyyMMddHHmmss): null

2018-06-26 16:47:00 - [TEST_STEP][PASSED] - takeScreenshot: Taking screenshot successfully

2018-06-26 16:47:01 - [MESSAGE][PASSED] - Taking screenshot successfully
[[ATTACHMENT|C:\\Users\\Group10\\git\\KatalonStudio\\ArcWithKatalonStudio\\ScreenShot\\screenshot_20180626164700.png]]

2018-06-26 16:47:01 - [TEST_STEP][PASSED] - closeBrowser: Browser is closed

2018-06-26 16:47:01 - [MESSAGE][PASSED] - Browser is closed]]></system-out>
         <system-err><![CDATA[2018-06-26 16:45:43 - [TEST_CASE][FAILED] - Test Cases/MyCommunities/LEEDForCommunities/AddNewProjectTest: Test Cases/MyCommunities/LEEDForCommunities/AddNewProjectTest FAILED because (of) Unable to get text of object 'Object Repository/Add_Project_Details/VerifyPaymentPage_ text' (Root cause: com.kms.katalon.core.webui.exception.WebElementNotFoundException: Web element with id: 'Object Repository/Add_Project_Details/VerifyPaymentPage_ text' located by 'By.xpath: //h4[@class = 'payment-label' and (text() = 'Payment type' or . = 'Payment type')]' not found)]]></system-err>
      </testcase>
      <system-out><![CDATA[2018-06-26 16:44:00 - [TEST_SUITE][FAILED] - CommunityIndiaTest Suite: Test Cases/MyCommunities/CommunitiesOther/AddNewProjectTest FAILED because (of) Unable to get text of object 'Object Repository/Add_Project_Details/VerifyPaymentPage_ text' (Root cause: com.kms.katalon.core.webui.exception.WebElementNotFoundException: Web element with id: 'Object Repository/Add_Project_Details/VerifyPaymentPage_ text' located by 'By.xpath: //h4[@class = 'payment-label' and (text() = 'Payment type' or . = 'Payment type')]' not found)]]></system-out>
      <system-err><![CDATA[2018-06-26 16:44:00 - [TEST_SUITE][FAILED] - CommunityIndiaTest Suite: Test Cases/MyCommunities/CommunitiesOther/AddNewProjectTest FAILED because (of) Unable to get text of object 'Object Repository/Add_Project_Details/VerifyPaymentPage_ text' (Root cause: com.kms.katalon.core.webui.exception.WebElementNotFoundException: Web element with id: 'Object Repository/Add_Project_Details/VerifyPaymentPage_ text' located by 'By.xpath: //h4[@class = 'payment-label' and (text() = 'Payment type' or . = 'Payment type')]' not found)]]></system-err>
   </testsuite>
</testsuites>
