<?xml version="1.0" encoding="UTF-8"?>
<testsuites name="CommunityIndiaTest Suite" time="230" tests="0" failures="2" errors="0">
   <testsuite name="CommunityIndiaTest Suite" tests="0" failures="2" errors="0" time="230" timestamp="2018-06-26 16:47:10" hostname="Group10 - G10CHLT003" id="Test Suites/Communities Suites/CommunityIndiaTest Suite">
      <properties>
         <property name="deviceName" value=""/>
         <property name="devicePlatform" value=""/>
         <property name="logFolder" value="C:\\Users\\Group10\\git\\KatalonStudio\\ArcWithKatalonStudio\\Reports\\Communities Suites\\CommunityIndiaTest Suite\\20180626_164708"/>
         <property name="logFiles" value="C:\\Users\\Group10\\git\\KatalonStudio\\ArcWithKatalonStudio\\Reports\\Communities Suites\\CommunityIndiaTest Suite\\20180626_164708\\execution0.log"/>
         <property name="attachments" value="C:\\Users\\Group10\\git\\KatalonStudio\\ArcWithKatalonStudio\\Reports\\Communities Suites\\CommunityIndiaTest Suite\\20180626_164708\\1530011882918.png, C:\\Users\\Group10\\git\\KatalonStudio\\ArcWithKatalonStudio\\Reports\\Communities Suites\\CommunityIndiaTest Suite\\20180626_164708\\1530011963394.png, C:\\Users\\Group10\\git\\KatalonStudio\\ArcWithKatalonStudio\\ScreenShot\\screenshot_20180626164923.png, C:\\Users\\Group10\\git\\KatalonStudio\\ArcWithKatalonStudio\\Reports\\Communities Suites\\CommunityIndiaTest Suite\\20180626_164708\\1530012012438.png, C:\\Users\\Group10\\git\\KatalonStudio\\ArcWithKatalonStudio\\Reports\\Communities Suites\\CommunityIndiaTest Suite\\20180626_164708\\1530012044075.png, C:\\Users\\Group10\\git\\KatalonStudio\\ArcWithKatalonStudio\\ScreenShot\\screenshot_20180626165044.png"/>
         <property name="hostName" value="Group10 - G10CHLT003"/>
         <property name="os" value="Windows 7 64bit"/>
         <property name="katalonVersion" value="5.4.2.1"/>
         <property name="browser" value="Chrome 67.0.3396.99"/>
         <property name="hostAddress" value="172.18.0.84"/>
         <property name="sessionId" value="1e23638fde205f49745fc0fbd9349a9d"/>
         <property name="seleniumVersion" value="3.7.1"/>
         <property name="proxyInformation" value="ProxyInformation{proxyOption=NO_PROXY, proxyServerType=HTTP, password=, proxyServerAddress=, proxyServerPort=0}"/>
         <property name="platform" value="Windows 7"/>
      </properties>
      <testcase name="Test Cases/MyCommunities/CommunitiesNone/AddNewProjectTest" classname="Test Cases/MyCommunities/CommunitiesNone/AddNewProjectTest" status="FAILED">
         <failure type="FAILED" message="Unable to get text of object 'Object Repository/Add_Project_Details/VerifyPaymentPage_ text' (Root cause: com.kms.katalon.core.webui.exception.WebElementNotFoundException: Web element with id: 'Object Repository/Add_Project_Details/VerifyPaymentPage_ text' located by 'By.xpath: //h4[@class = 'payment-label' and (text() = 'Payment type' or . = 'Payment type')]' not found)"/>
         <system-out><![CDATA[2018-06-26 16:47:13 - [TEST_CASE][FAILED] - Test Cases/MyCommunities/CommunitiesNone/AddNewProjectTest: Test Cases/MyCommunities/CommunitiesNone/AddNewProjectTest FAILED because (of) Unable to get text of object 'Object Repository/Add_Project_Details/VerifyPaymentPage_ text' (Root cause: com.kms.katalon.core.webui.exception.WebElementNotFoundException: Web element with id: 'Object Repository/Add_Project_Details/VerifyPaymentPage_ text' located by 'By.xpath: //h4[@class = 'payment-label' and (text() = 'Payment type' or . = 'Payment type')]' not found)

2018-06-26 16:47:13 - [TEST_STEP][ERROR] - Start listener action : beforeTestListener: Unable to get text of object 'Object Repository/Page_Arc dashboard/span_My Projects' (Root cause: com.kms.katalon.core.webui.exception.WebElementNotFoundException: Web element with id: 'Object Repository/Page_Arc dashboard/span_My Projects' located by 'By.xpath: //*[(text() = 'My Projects' or . = 'My Projects')]' not found)

2018-06-26 16:47:13 - [TEST_STEP][ERROR] - com.arc.ReusableMethods.ReusableMethodsLogin.loginIntoArcWithGlobalVariable: Unable to get text of object 'Object Repository/Page_Arc dashboard/span_My Projects' (Root cause: com.kms.katalon.core.webui.exception.WebElementNotFoundException: Web element with id: 'Object Repository/Page_Arc dashboard/span_My Projects' located by 'By.xpath: //*[(text() = 'My Projects' or . = 'My Projects')]' not found)

2018-06-26 16:47:22 - [MESSAGE][PASSED] - Browser is opened with url: 'http://www.qas.arconline.io/'

2018-06-26 16:47:23 - [MESSAGE][PASSED] - Current window maximized

2018-06-26 16:47:23 - [MESSAGE][PASSED] - Wait for page load successfully

2018-06-26 16:47:23 - [MESSAGE][PASSED] - Object: 'Object Repository/Page_Home  Arc/button_ACCEPT AND CLOSE' is clicked on

2018-06-26 16:47:23 - [MESSAGE][PASSED] - Object: 'Object Repository/Page_Home  Arc/Click_Log in' is clicked on

2018-06-26 16:47:24 - [MESSAGE][PASSED] - Text 'newserver4@gmail.com' is set on object 'Object Repository/Page_Home  Arc/input_name'

2018-06-26 16:47:24 - [MESSAGE][PASSED] - Text 'initpass' is set on object 'Object Repository/Page_Home  Arc/input_pass'

2018-06-26 16:47:24 - [MESSAGE][PASSED] - Object: 'Object Repository/Page_Home  Arc/input_field_policy_accept' is clicked on

2018-06-26 16:47:26 - [MESSAGE][PASSED] - Object: 'Object Repository/Page_Home  Arc/button_Log in' is clicked on

2018-06-26 16:47:31 - [MESSAGE][PASSED] - Delayed 5 second(s)

2018-06-26 16:48:03 - [MESSAGE][FAILED] - Unable to get text of object 'Object Repository/Page_Arc dashboard/span_My Projects' (Root cause: com.kms.katalon.core.webui.exception.WebElementNotFoundException: Web element with id: 'Object Repository/Page_Arc dashboard/span_My Projects' located by 'By.xpath: //*[(text() = 'My Projects' or . = 'My Projects')]' not found)
[[ATTACHMENT|C:\\Users\\Group10\\git\\KatalonStudio\\ArcWithKatalonStudio\\Reports\\Communities Suites\\CommunityIndiaTest Suite\\20180626_164708\\1530011882918.png]]

2018-06-26 16:48:03 - [MESSAGE][FAILED] - Unable to get text of object 'Object Repository/Page_Arc dashboard/span_My Projects' (Root cause: com.kms.katalon.core.webui.exception.WebElementNotFoundException: Web element with id: 'Object Repository/Page_Arc dashboard/span_My Projects' located by 'By.xpath: //*[(text() = 'My Projects' or . = 'My Projects')]' not found)

2018-06-26 16:48:03 - [MESSAGE][ERROR] - Unable to get text of object 'Object Repository/Page_Arc dashboard/span_My Projects' (Root cause: com.kms.katalon.core.webui.exception.WebElementNotFoundException: Web element with id: 'Object Repository/Page_Arc dashboard/span_My Projects' located by 'By.xpath: //*[(text() = 'My Projects' or . = 'My Projects')]' not found)

2018-06-26 16:48:03 - [TEST_STEP][FAILED] - Statement - Try: Unable to get text of object 'Object Repository/Add_Project_Details/VerifyPaymentPage_ text' (Root cause: com.kms.katalon.core.webui.exception.WebElementNotFoundException: Web element with id: 'Object Repository/Add_Project_Details/VerifyPaymentPage_ text' located by 'By.xpath: //h4[@class = 'payment-label' and (text() = 'Payment type' or . = 'Payment type')]' not found)

2018-06-26 16:48:03 - [TEST_STEP][PASSED] - com.arc.ReusableMethods.ReusableMethodsNavigation.navigateToCommunities: com.arc.ReusableMethods.ReusableMethodsNavigation.navigateToCommunities is PASSED

2018-06-26 16:48:34 - [MESSAGE][PASSED] - Object: 'Object Repository/Page_Arc dashboard/a_ My Communities' is clicked on

2018-06-26 16:48:35 - [MESSAGE][PASSED] - Delayed 1 second(s)

2018-06-26 16:48:35 - [MESSAGE][PASSED] - Text of object 'Object Repository/Page_Arc dashboard/span_My Communities' is: 'My Communities'

2018-06-26 16:48:35 - [MESSAGE][PASSED] - Actual text 'My Communities' and expected text 'My Communities' are matched 

2018-06-26 16:48:35 - [MESSAGE][PASSED] - com.arc.ReusableMethods.ReusableMethodsNavigation.navigateToCommunities is PASSED

2018-06-26 16:48:35 - [TEST_STEP][FAILED] - com.arc.ReusableMethods.ReusableMethodsAddNewProject.addNewProjectCityORCom: Unable to get text of object 'Object Repository/Add_Project_Details/VerifyPaymentPage_ text' (Root cause: com.kms.katalon.core.webui.exception.WebElementNotFoundException: Web element with id: 'Object Repository/Add_Project_Details/VerifyPaymentPage_ text' located by 'By.xpath: //h4[@class = 'payment-label' and (text() = 'Payment type' or . = 'Payment type')]' not found)

2018-06-26 16:48:37 - [MESSAGE][PASSED] - Object: 'Object Repository/Add_Project_Details/button_ Add' is clicked on

2018-06-26 16:48:38 - [MESSAGE][PASSED] - Delayed 1 second(s)

2018-06-26 16:48:38 - [MESSAGE][PASSED] - Text of object 'Object Repository/Add_Project_Details/h1_Project Registration' is: 'Project Registration'

2018-06-26 16:48:38 - [MESSAGE][PASSED] - Actual text 'Project Registration' and expected text 'Project Registration' are matched  using regular expression

2018-06-26 16:48:39 - [MESSAGE][PASSED] - Text 'INDComNone 16:48:35' is set on object 'Object Repository/Add_Project_Details/input_name'

2018-06-26 16:48:39 - [MESSAGE][PASSED] - All options with label 'Communities' are selected in object 'Object Repository/Add_Project_Details/select_Select a Project TypeCo'  using regular expression

2018-06-26 16:48:39 - [MESSAGE][PASSED] - All options with label 'None' are selected in object 'Object Repository/Add_Project_Details/select_Select a Rating SystemL'  using regular expression

2018-06-26 16:48:40 - [MESSAGE][PASSED] - All options with label 'Religious' are selected in object 'Object Repository/Add_Project_Details/select_Select Owner Type'  using regular expression

2018-06-26 16:48:40 - [MESSAGE][PASSED] - Text 'Habitat for Humanity' is set on object 'Object Repository/Add_Project_Details/input_organization'

2018-06-26 16:48:41 - [MESSAGE][PASSED] - Object: 'Object Repository/Add_Project_Details/input_organization' is clicked on

2018-06-26 16:48:43 - [MESSAGE][PASSED] - Delayed 2 second(s)

2018-06-26 16:48:43 - [MESSAGE][PASSED] - Object: 'Object Repository/Add_Project_Details/span_Habitat for Humanity' is clicked on

2018-06-26 16:48:43 - [MESSAGE][PASSED] - Text 'abhishekkumar@groupten.com' is set on object 'Object Repository/Add_Project_Details/input_owner_email'

2018-06-26 16:48:43 - [MESSAGE][PASSED] - All options with label 'India' are selected in object 'Object Repository/Add_Project_Details/select_OwnerCountry' 

2018-06-26 16:48:44 - [MESSAGE][PASSED] - Text '338' is set on object 'Object Repository/Add_Project_Details/input_gross_area'

2018-06-26 16:48:44 - [MESSAGE][PASSED] - Text '17899' is set on object 'Object Repository/Add_Project_Details/input_occupancy'

2018-06-26 16:48:45 - [MESSAGE][PASSED] - Text '611-618, Tower A, Spaze I-Tech Park, Sohna Road, Sector 51' is set on object 'Object Repository/Add_Project_Details/input_street'

2018-06-26 16:48:45 - [MESSAGE][PASSED] - Text 'Gurgaon' is set on object 'Object Repository/Add_Project_Details/input_city'

2018-06-26 16:48:45 - [MESSAGE][PASSED] - All options with label 'India' are selected in object 'Object Repository/Add_Project_Details/country' 

2018-06-26 16:48:46 - [MESSAGE][PASSED] - All options with label 'Haryana' are selected in object 'Object Repository/Add_Project_Details/state'  using regular expression

2018-06-26 16:48:46 - [MESSAGE][PASSED] - Text '122018' is set on object 'Object Repository/Add_Project_Details/input_zip_code'

2018-06-26 16:48:46 - [MESSAGE][PASSED] - Object: 'Object Repository/Add_Project_Details/input_reg_agreement' is clicked on

2018-06-26 16:48:46 - [MESSAGE][PASSED] - Object: 'Object Repository/Add_Project_Details/button_Next' is clicked on

2018-06-26 16:48:51 - [MESSAGE][PASSED] - Delayed 5 second(s)

2018-06-26 16:49:23 - [MESSAGE][FAILED] - Unable to get text of object 'Object Repository/Add_Project_Details/VerifyPaymentPage_ text' (Root cause: com.kms.katalon.core.webui.exception.WebElementNotFoundException: Web element with id: 'Object Repository/Add_Project_Details/VerifyPaymentPage_ text' located by 'By.xpath: //h4[@class = 'payment-label' and (text() = 'Payment type' or . = 'Payment type')]' not found)
[[ATTACHMENT|C:\\Users\\Group10\\git\\KatalonStudio\\ArcWithKatalonStudio\\Reports\\Communities Suites\\CommunityIndiaTest Suite\\20180626_164708\\1530011963394.png]]

2018-06-26 16:49:23 - [MESSAGE][FAILED] - Unable to get text of object 'Object Repository/Add_Project_Details/VerifyPaymentPage_ text' (Root cause: com.kms.katalon.core.webui.exception.WebElementNotFoundException: Web element with id: 'Object Repository/Add_Project_Details/VerifyPaymentPage_ text' located by 'By.xpath: //h4[@class = 'payment-label' and (text() = 'Payment type' or . = 'Payment type')]' not found)

2018-06-26 16:49:23 - [TEST_STEP][PASSED] - Statement - Catch (Throwable t): null

2018-06-26 16:49:23 - [TEST_STEP][PASSED] - Statement - out.println(t.getLocalizedMessage()): null

2018-06-26 16:49:23 - [TEST_STEP][PASSED] - Statement - e1 = new java.lang.Error(t.getMessage()): null

2018-06-26 16:49:23 - [TEST_STEP][PASSED] - Statement - e1.setStackTrace(t.getStackTrace()): null

2018-06-26 16:49:23 - [TEST_STEP][PASSED] - Statement - e1.printStackTrace(): null

2018-06-26 16:49:23 - [TEST_STEP][PASSED] - Start listener action : afterTestCase: Browser is closed

2018-06-26 16:49:23 - [TEST_STEP][PASSED] - switchToDefaultContent: Switching to default content

2018-06-26 16:49:23 - [TEST_STEP][PASSED] - Statement - com.kms.katalon.core.util.KeywordUtil.markWarning("Test Case Name : " + testCase.getTestCaseId()): Test Case Name : Test Cases/MyCommunities/CommunitiesNone/AddNewProjectTest

2018-06-26 16:49:23 - [MESSAGE][WARNING] - Test Case Name : Test Cases/MyCommunities/CommunitiesNone/AddNewProjectTest

2018-06-26 16:49:23 - [TEST_STEP][PASSED] - Statement - com.kms.katalon.core.util.KeywordUtil.markWarning("Test Case Status : " + testCase.getTestCaseStatus()): Test Case Status : FAILED

2018-06-26 16:49:23 - [MESSAGE][WARNING] - Test Case Status : FAILED

2018-06-26 16:49:23 - [TEST_STEP][PASSED] - Statement - If ("FAILED".equalsIgnoreCase(testCase.getTestCaseStatus())): Taking screenshot successfully

2018-06-26 16:49:23 - [TEST_STEP][PASSED] - Statement - println("Test case Fail taking Screenshot"): null

2018-06-26 16:49:23 - [TEST_STEP][PASSED] - Statement - Try: Taking screenshot successfully

2018-06-26 16:49:23 - [TEST_STEP][PASSED] - Statement - data = new java.util.Date(java.lang.System.currentTimeMillis()): null

2018-06-26 16:49:23 - [TEST_STEP][PASSED] - Statement - formatarDate = new java.text.SimpleDateFormat(yyyyMMddHHmmss): null

2018-06-26 16:49:23 - [TEST_STEP][PASSED] - takeScreenshot: Taking screenshot successfully

2018-06-26 16:49:24 - [MESSAGE][PASSED] - Taking screenshot successfully
[[ATTACHMENT|C:\\Users\\Group10\\git\\KatalonStudio\\ArcWithKatalonStudio\\ScreenShot\\screenshot_20180626164923.png]]

2018-06-26 16:49:24 - [TEST_STEP][PASSED] - closeBrowser: Browser is closed

2018-06-26 16:49:24 - [MESSAGE][PASSED] - Browser is closed]]></system-out>
         <system-err><![CDATA[2018-06-26 16:47:13 - [TEST_CASE][FAILED] - Test Cases/MyCommunities/CommunitiesNone/AddNewProjectTest: Test Cases/MyCommunities/CommunitiesNone/AddNewProjectTest FAILED because (of) Unable to get text of object 'Object Repository/Add_Project_Details/VerifyPaymentPage_ text' (Root cause: com.kms.katalon.core.webui.exception.WebElementNotFoundException: Web element with id: 'Object Repository/Add_Project_Details/VerifyPaymentPage_ text' located by 'By.xpath: //h4[@class = 'payment-label' and (text() = 'Payment type' or . = 'Payment type')]' not found)]]></system-err>
      </testcase>
      <testcase name="Test Cases/MyCommunities/CommunitiesOther/AddNewProjectTest" classname="Test Cases/MyCommunities/CommunitiesOther/AddNewProjectTest" status="FAILED">
         <failure type="FAILED" message="Unable to click on object 'Object Repository/Page_Arc dashboard/a_ My Communities' (Root cause: com.kms.katalon.core.webui.exception.WebElementNotFoundException: Web element with id: 'Object Repository/Page_Arc dashboard/a_ My Communities' located by 'By.xpath: //a[@href = '/app/projects/my-projects/?project-type=community' and (text() = '  My Communities' or . = '  My Communities')]' not found)"/>
         <system-out><![CDATA[2018-06-26 16:49:24 - [TEST_CASE][FAILED] - Test Cases/MyCommunities/CommunitiesOther/AddNewProjectTest: Test Cases/MyCommunities/CommunitiesOther/AddNewProjectTest FAILED because (of) Unable to click on object 'Object Repository/Page_Arc dashboard/a_ My Communities' (Root cause: com.kms.katalon.core.webui.exception.WebElementNotFoundException: Web element with id: 'Object Repository/Page_Arc dashboard/a_ My Communities' located by 'By.xpath: //a[@href = '/app/projects/my-projects/?project-type=community' and (text() = '  My Communities' or . = '  My Communities')]' not found)

2018-06-26 16:49:24 - [TEST_STEP][ERROR] - Start listener action : beforeTestListener: Unable to get text of object 'Object Repository/Page_Arc dashboard/span_My Projects' (Root cause: com.kms.katalon.core.webui.exception.WebElementNotFoundException: Web element with id: 'Object Repository/Page_Arc dashboard/span_My Projects' located by 'By.xpath: //*[(text() = 'My Projects' or . = 'My Projects')]' not found)

2018-06-26 16:49:24 - [TEST_STEP][ERROR] - com.arc.ReusableMethods.ReusableMethodsLogin.loginIntoArcWithGlobalVariable: Unable to get text of object 'Object Repository/Page_Arc dashboard/span_My Projects' (Root cause: com.kms.katalon.core.webui.exception.WebElementNotFoundException: Web element with id: 'Object Repository/Page_Arc dashboard/span_My Projects' located by 'By.xpath: //*[(text() = 'My Projects' or . = 'My Projects')]' not found)

2018-06-26 16:49:32 - [MESSAGE][PASSED] - Browser is opened with url: 'http://www.qas.arconline.io/'

2018-06-26 16:49:33 - [MESSAGE][PASSED] - Current window maximized

2018-06-26 16:49:33 - [MESSAGE][PASSED] - Wait for page load successfully

2018-06-26 16:49:33 - [MESSAGE][PASSED] - Object: 'Object Repository/Page_Home  Arc/button_ACCEPT AND CLOSE' is clicked on

2018-06-26 16:49:33 - [MESSAGE][PASSED] - Object: 'Object Repository/Page_Home  Arc/Click_Log in' is clicked on

2018-06-26 16:49:34 - [MESSAGE][PASSED] - Text 'newserver4@gmail.com' is set on object 'Object Repository/Page_Home  Arc/input_name'

2018-06-26 16:49:34 - [MESSAGE][PASSED] - Text 'initpass' is set on object 'Object Repository/Page_Home  Arc/input_pass'

2018-06-26 16:49:34 - [MESSAGE][PASSED] - Object: 'Object Repository/Page_Home  Arc/input_field_policy_accept' is clicked on

2018-06-26 16:49:36 - [MESSAGE][PASSED] - Object: 'Object Repository/Page_Home  Arc/button_Log in' is clicked on

2018-06-26 16:49:41 - [MESSAGE][PASSED] - Delayed 5 second(s)

2018-06-26 16:50:12 - [MESSAGE][FAILED] - Unable to get text of object 'Object Repository/Page_Arc dashboard/span_My Projects' (Root cause: com.kms.katalon.core.webui.exception.WebElementNotFoundException: Web element with id: 'Object Repository/Page_Arc dashboard/span_My Projects' located by 'By.xpath: //*[(text() = 'My Projects' or . = 'My Projects')]' not found)
[[ATTACHMENT|C:\\Users\\Group10\\git\\KatalonStudio\\ArcWithKatalonStudio\\Reports\\Communities Suites\\CommunityIndiaTest Suite\\20180626_164708\\1530012012438.png]]

2018-06-26 16:50:12 - [MESSAGE][FAILED] - Unable to get text of object 'Object Repository/Page_Arc dashboard/span_My Projects' (Root cause: com.kms.katalon.core.webui.exception.WebElementNotFoundException: Web element with id: 'Object Repository/Page_Arc dashboard/span_My Projects' located by 'By.xpath: //*[(text() = 'My Projects' or . = 'My Projects')]' not found)

2018-06-26 16:50:12 - [MESSAGE][ERROR] - Unable to get text of object 'Object Repository/Page_Arc dashboard/span_My Projects' (Root cause: com.kms.katalon.core.webui.exception.WebElementNotFoundException: Web element with id: 'Object Repository/Page_Arc dashboard/span_My Projects' located by 'By.xpath: //*[(text() = 'My Projects' or . = 'My Projects')]' not found)

2018-06-26 16:50:12 - [TEST_STEP][FAILED] - Statement - Try: Unable to click on object 'Object Repository/Page_Arc dashboard/a_ My Communities' (Root cause: com.kms.katalon.core.webui.exception.WebElementNotFoundException: Web element with id: 'Object Repository/Page_Arc dashboard/a_ My Communities' located by 'By.xpath: //a[@href = '/app/projects/my-projects/?project-type=community' and (text() = '  My Communities' or . = '  My Communities')]' not found)

2018-06-26 16:50:12 - [TEST_STEP][FAILED] - com.arc.ReusableMethods.ReusableMethodsNavigation.navigateToCommunities: Unable to click on object 'Object Repository/Page_Arc dashboard/a_ My Communities' (Root cause: com.kms.katalon.core.webui.exception.WebElementNotFoundException: Web element with id: 'Object Repository/Page_Arc dashboard/a_ My Communities' located by 'By.xpath: //a[@href = '/app/projects/my-projects/?project-type=community' and (text() = '  My Communities' or . = '  My Communities')]' not found)

2018-06-26 16:50:44 - [MESSAGE][FAILED] - Unable to click on object 'Object Repository/Page_Arc dashboard/a_ My Communities' (Root cause: com.kms.katalon.core.webui.exception.WebElementNotFoundException: Web element with id: 'Object Repository/Page_Arc dashboard/a_ My Communities' located by 'By.xpath: //a[@href = '/app/projects/my-projects/?project-type=community' and (text() = '  My Communities' or . = '  My Communities')]' not found)
[[ATTACHMENT|C:\\Users\\Group10\\git\\KatalonStudio\\ArcWithKatalonStudio\\Reports\\Communities Suites\\CommunityIndiaTest Suite\\20180626_164708\\1530012044075.png]]

2018-06-26 16:50:44 - [MESSAGE][FAILED] - Unable to click on object 'Object Repository/Page_Arc dashboard/a_ My Communities' (Root cause: com.kms.katalon.core.webui.exception.WebElementNotFoundException: Web element with id: 'Object Repository/Page_Arc dashboard/a_ My Communities' located by 'By.xpath: //a[@href = '/app/projects/my-projects/?project-type=community' and (text() = '  My Communities' or . = '  My Communities')]' not found)

2018-06-26 16:50:44 - [TEST_STEP][PASSED] - Statement - Catch (Throwable t): null

2018-06-26 16:50:44 - [TEST_STEP][PASSED] - Statement - out.println(t.getLocalizedMessage()): null

2018-06-26 16:50:44 - [TEST_STEP][PASSED] - Statement - e1 = new java.lang.Error(t.getMessage()): null

2018-06-26 16:50:44 - [TEST_STEP][PASSED] - Statement - e1.setStackTrace(t.getStackTrace()): null

2018-06-26 16:50:44 - [TEST_STEP][PASSED] - Statement - e1.printStackTrace(): null

2018-06-26 16:50:44 - [TEST_STEP][PASSED] - Start listener action : afterTestCase: Browser is closed

2018-06-26 16:50:44 - [TEST_STEP][PASSED] - switchToDefaultContent: Switching to default content

2018-06-26 16:50:44 - [TEST_STEP][PASSED] - Statement - com.kms.katalon.core.util.KeywordUtil.markWarning("Test Case Name : " + testCase.getTestCaseId()): Test Case Name : Test Cases/MyCommunities/CommunitiesOther/AddNewProjectTest

2018-06-26 16:50:44 - [MESSAGE][WARNING] - Test Case Name : Test Cases/MyCommunities/CommunitiesOther/AddNewProjectTest

2018-06-26 16:50:44 - [TEST_STEP][PASSED] - Statement - com.kms.katalon.core.util.KeywordUtil.markWarning("Test Case Status : " + testCase.getTestCaseStatus()): Test Case Status : FAILED

2018-06-26 16:50:44 - [MESSAGE][WARNING] - Test Case Status : FAILED

2018-06-26 16:50:44 - [TEST_STEP][PASSED] - Statement - If ("FAILED".equalsIgnoreCase(testCase.getTestCaseStatus())): Taking screenshot successfully

2018-06-26 16:50:44 - [TEST_STEP][PASSED] - Statement - println("Test case Fail taking Screenshot"): null

2018-06-26 16:50:44 - [TEST_STEP][PASSED] - Statement - Try: Taking screenshot successfully

2018-06-26 16:50:44 - [TEST_STEP][PASSED] - Statement - data = new java.util.Date(java.lang.System.currentTimeMillis()): null

2018-06-26 16:50:44 - [TEST_STEP][PASSED] - Statement - formatarDate = new java.text.SimpleDateFormat(yyyyMMddHHmmss): null

2018-06-26 16:50:44 - [TEST_STEP][PASSED] - takeScreenshot: Taking screenshot successfully

2018-06-26 16:50:44 - [MESSAGE][PASSED] - Taking screenshot successfully
[[ATTACHMENT|C:\\Users\\Group10\\git\\KatalonStudio\\ArcWithKatalonStudio\\ScreenShot\\screenshot_20180626165044.png]]

2018-06-26 16:50:44 - [TEST_STEP][PASSED] - closeBrowser: Browser is closed

2018-06-26 16:50:45 - [MESSAGE][PASSED] - Browser is closed]]></system-out>
         <system-err><![CDATA[2018-06-26 16:49:24 - [TEST_CASE][FAILED] - Test Cases/MyCommunities/CommunitiesOther/AddNewProjectTest: Test Cases/MyCommunities/CommunitiesOther/AddNewProjectTest FAILED because (of) Unable to click on object 'Object Repository/Page_Arc dashboard/a_ My Communities' (Root cause: com.kms.katalon.core.webui.exception.WebElementNotFoundException: Web element with id: 'Object Repository/Page_Arc dashboard/a_ My Communities' located by 'By.xpath: //a[@href = '/app/projects/my-projects/?project-type=community' and (text() = '  My Communities' or . = '  My Communities')]' not found)]]></system-err>
      </testcase>
      <testcase name="Test Cases/MyCommunities/LEEDForCommunities/AddNewProjectTest" classname="Test Cases/MyCommunities/LEEDForCommunities/AddNewProjectTest" status="INCOMPLETE">
         <system-out><![CDATA[2018-06-26 16:50:45 - [TEST_CASE][INCOMPLETE] - Test Cases/MyCommunities/LEEDForCommunities/AddNewProjectTest: null

2018-06-26 16:50:45 - [TEST_STEP][INCOMPLETE] - Start listener action : beforeTestListener: Delayed 5 second(s)

2018-06-26 16:50:45 - [TEST_STEP][INCOMPLETE] - com.arc.ReusableMethods.ReusableMethodsLogin.loginIntoArcWithGlobalVariable: Delayed 5 second(s)

2018-06-26 16:50:51 - [MESSAGE][PASSED] - Browser is opened with url: 'http://www.qas.arconline.io/'

2018-06-26 16:50:53 - [MESSAGE][PASSED] - Current window maximized

2018-06-26 16:50:53 - [MESSAGE][PASSED] - Wait for page load successfully

2018-06-26 16:50:53 - [MESSAGE][PASSED] - Object: 'Object Repository/Page_Home  Arc/button_ACCEPT AND CLOSE' is clicked on

2018-06-26 16:50:53 - [MESSAGE][PASSED] - Object: 'Object Repository/Page_Home  Arc/Click_Log in' is clicked on

2018-06-26 16:50:53 - [MESSAGE][PASSED] - Text 'newserver4@gmail.com' is set on object 'Object Repository/Page_Home  Arc/input_name'

2018-06-26 16:50:54 - [MESSAGE][PASSED] - Text 'initpass' is set on object 'Object Repository/Page_Home  Arc/input_pass'

2018-06-26 16:50:54 - [MESSAGE][PASSED] - Object: 'Object Repository/Page_Home  Arc/input_field_policy_accept' is clicked on

2018-06-26 16:50:55 - [MESSAGE][PASSED] - Object: 'Object Repository/Page_Home  Arc/button_Log in' is clicked on

2018-06-26 16:51:00 - [MESSAGE][PASSED] - Delayed 5 second(s)]]></system-out>
         <system-err><![CDATA[2018-06-26 16:50:45 - [TEST_CASE][INCOMPLETE] - Test Cases/MyCommunities/LEEDForCommunities/AddNewProjectTest: null]]></system-err>
      </testcase>
      <system-out><![CDATA[2018-06-26 16:47:10 - [TEST_SUITE][INCOMPLETE] - CommunityIndiaTest Suite: null]]></system-out>
      <system-err><![CDATA[2018-06-26 16:47:10 - [TEST_SUITE][INCOMPLETE] - CommunityIndiaTest Suite: null]]></system-err>
   </testsuite>
</testsuites>
