<?xml version="1.0" encoding="UTF-8"?>
<testsuites name="BuildingOther TestSuite" time="121" tests="0" failures="1" errors="1">
   <testsuite name="BuildingOther TestSuite" tests="0" failures="1" errors="1" time="121" timestamp="2018-06-27 13:25:14" hostname="Group10 - G10CHLT003" id="Test Suites/Building Suites/IND Building Suite/BuildingOther TestSuite">
      <properties>
         <property name="deviceName" value=""/>
         <property name="devicePlatform" value=""/>
         <property name="logFolder" value="C:\\Users\\Group10\\git\\KatalonStudio\\ArcWithKatalonStudio\\Reports\\Building Suites\\IND Building Suite\\BuildingOther TestSuite\\20180627_132508"/>
         <property name="logFiles" value="C:\\Users\\Group10\\git\\KatalonStudio\\ArcWithKatalonStudio\\Reports\\Building Suites\\IND Building Suite\\BuildingOther TestSuite\\20180627_132508\\execution0.log"/>
         <property name="attachments" value="C:\\Users\\Group10\\git\\KatalonStudio\\ArcWithKatalonStudio\\Reports\\Building Suites\\IND Building Suite\\BuildingOther TestSuite\\20180627_132508\\1530086233182.png, C:\\Users\\Group10\\git\\KatalonStudio\\ArcWithKatalonStudio\\ScreenShot\\screenshot_20180627132714.png"/>
         <property name="hostName" value="Group10 - G10CHLT003"/>
         <property name="os" value="Windows 7 64bit"/>
         <property name="katalonVersion" value="5.4.2.1"/>
         <property name="browser" value="Chrome 67.0.3396.99"/>
         <property name="hostAddress" value="172.18.0.84"/>
         <property name="sessionId" value="1994e47c75d8abd4f98332e44700972f"/>
         <property name="seleniumVersion" value="3.7.1"/>
         <property name="proxyInformation" value="ProxyInformation{proxyOption=NO_PROXY, proxyServerType=HTTP, password=, proxyServerAddress=, proxyServerPort=0}"/>
         <property name="platform" value="Windows 7"/>
      </properties>
      <testcase name="Test Cases/Buildings/MyBuildings/BuildingOther/AddNewProjectTest" classname="Test Cases/Buildings/MyBuildings/BuildingOther/AddNewProjectTest" status="ERROR">
         <error type="ERROR" message="Test Cases/Buildings/MyBuildings/BuildingOther/AddNewProjectTest FAILED because (of) org.codehaus.groovy.runtime.metaclass.MissingMethodExceptionNoStack: No signature of method: com.arc.ReusableMethods.ReusableMethodsAddNewProject.USBuildingAddNewProject() is applicable for argument types: (java.lang.String, java.lang.Integer) values: [BuildingIndiaProject, 5]
Possible solutions: buildingAddNewProject(java.lang.String, int)"/>
         <system-out><![CDATA[2018-06-27 13:25:18 - [TEST_CASE][ERROR] - Test Cases/Buildings/MyBuildings/BuildingOther/AddNewProjectTest: Test Cases/Buildings/MyBuildings/BuildingOther/AddNewProjectTest FAILED because (of) org.codehaus.groovy.runtime.metaclass.MissingMethodExceptionNoStack: No signature of method: com.arc.ReusableMethods.ReusableMethodsAddNewProject.USBuildingAddNewProject() is applicable for argument types: (java.lang.String, java.lang.Integer) values: [BuildingIndiaProject, 5]
Possible solutions: buildingAddNewProject(java.lang.String, int)

2018-06-27 13:25:18 - [TEST_STEP][PASSED] - Start listener action : beforeTestListener: com.arc.ReusableMethods.ReusableMethodsLogin.loginIntoArcWithGlobalVariable is PASSED

2018-06-27 13:25:18 - [TEST_STEP][PASSED] - com.arc.ReusableMethods.ReusableMethodsLogin.loginIntoArcWithGlobalVariable: com.arc.ReusableMethods.ReusableMethodsLogin.loginIntoArcWithGlobalVariable is PASSED

2018-06-27 13:25:30 - [MESSAGE][PASSED] - Browser is opened with url: 'http://www.qas.arconline.io/'

2018-06-27 13:25:31 - [MESSAGE][PASSED] - Current window maximized

2018-06-27 13:25:31 - [MESSAGE][PASSED] - Wait for page load successfully

2018-06-27 13:25:31 - [MESSAGE][PASSED] - Object: 'Object Repository/Page_Home  Arc/button_ACCEPT AND CLOSE' is clicked on

2018-06-27 13:25:31 - [MESSAGE][PASSED] - Object: 'Object Repository/Page_Home  Arc/Click_Log in' is clicked on

2018-06-27 13:25:32 - [MESSAGE][PASSED] - Text 'usgbcarc@gmail.com' is set on object 'Object Repository/Page_Home  Arc/input_name'

2018-06-27 13:25:32 - [MESSAGE][PASSED] - Text 'initpass' is set on object 'Object Repository/Page_Home  Arc/input_pass'

2018-06-27 13:25:32 - [MESSAGE][PASSED] - Object: 'Object Repository/Page_Home  Arc/input_field_policy_accept' is clicked on

2018-06-27 13:25:48 - [MESSAGE][PASSED] - Object: 'Object Repository/Page_Home  Arc/button_Log in' is clicked on

2018-06-27 13:25:53 - [MESSAGE][PASSED] - Delayed 5 second(s)

2018-06-27 13:25:53 - [MESSAGE][PASSED] - Text of object 'Object Repository/Page_Arc dashboard/span_My Projects' is: 'My Projects'

2018-06-27 13:25:53 - [MESSAGE][PASSED] - Actual text 'My Projects' and expected text 'My Projects' are matched  using regular expression

2018-06-27 13:25:56 - [MESSAGE][PASSED] - Delayed 3 second(s)

2018-06-27 13:25:56 - [MESSAGE][PASSED] - com.arc.ReusableMethods.ReusableMethodsLogin.loginIntoArcWithGlobalVariable is PASSED

2018-06-27 13:25:56 - [TEST_STEP][ERROR] - Statement - Try: No signature of method: com.arc.ReusableMethods.ReusableMethodsAddNewProject.USBuildingAddNewProject() is applicable for argument types: (java.lang.String, java.lang.Integer) values: [BuildingIndiaProject, 5]
Possible solutions: buildingAddNewProject(java.lang.String, int)

2018-06-27 13:25:56 - [TEST_STEP][PASSED] - com.arc.ReusableMethods.ReusableMethodsNavigation.navigateToBuilding: com.arc.ReusableMethods.ReusableMethodsNavigation.navigateToBuilding is PASSED

2018-06-27 13:25:57 - [MESSAGE][PASSED] - Object: 'Object Repository/Page_Arc dashboard/a_ Buildings' is clicked on

2018-06-27 13:25:59 - [MESSAGE][PASSED] - Delayed 2 second(s)

2018-06-27 13:26:00 - [MESSAGE][PASSED] - Object: 'Object Repository/Page_Arc dashboard/a_ My Buildings' is clicked on

2018-06-27 13:26:00 - [MESSAGE][PASSED] - Object: 'Object Repository/Page_Arc dashboard/i_fa fa-bars fa-lg' is clicked on

2018-06-27 13:26:00 - [MESSAGE][PASSED] - Text of object 'Object Repository/Page_Arc dashboard/span_My Buildings' is: 'My Buildings'

2018-06-27 13:26:00 - [MESSAGE][PASSED] - Actual text 'My Buildings' and expected text 'My Buildings' are matched  using regular expression

2018-06-27 13:26:00 - [MESSAGE][PASSED] - com.arc.ReusableMethods.ReusableMethodsNavigation.navigateToBuilding is PASSED

2018-06-27 13:26:00 - [TEST_STEP][ERROR] - com.arc.ReusableMethods.ReusableMethodsAddNewProject.USBuildingAddNewProject: No signature of method: com.arc.ReusableMethods.ReusableMethodsAddNewProject.USBuildingAddNewProject() is applicable for argument types: (java.lang.String, java.lang.Integer) values: [BuildingIndiaProject, 5]
Possible solutions: buildingAddNewProject(java.lang.String, int)

2018-06-27 13:26:00 - [MESSAGE][ERROR] - No signature of method: com.arc.ReusableMethods.ReusableMethodsAddNewProject.USBuildingAddNewProject() is applicable for argument types: (java.lang.String, java.lang.Integer) values: [BuildingIndiaProject, 5]
Possible solutions: buildingAddNewProject(java.lang.String, int)

2018-06-27 13:26:00 - [TEST_STEP][PASSED] - Statement - Catch (Throwable t): null

2018-06-27 13:26:00 - [TEST_STEP][PASSED] - Statement - out.println(t.getLocalizedMessage()): null

2018-06-27 13:26:00 - [TEST_STEP][PASSED] - Statement - e1 = new java.lang.Error(t.getMessage()): null

2018-06-27 13:26:00 - [TEST_STEP][PASSED] - Statement - e1.setStackTrace(t.getStackTrace()): null

2018-06-27 13:26:00 - [TEST_STEP][PASSED] - Statement - e1.printStackTrace(): null

2018-06-27 13:26:00 - [TEST_STEP][PASSED] - Start listener action : afterTestCase: Browser is closed

2018-06-27 13:26:00 - [TEST_STEP][PASSED] - switchToDefaultContent: Switching to default content

2018-06-27 13:26:00 - [TEST_STEP][PASSED] - Statement - com.kms.katalon.core.util.KeywordUtil.markWarning("Test Case Name : " + testCase.getTestCaseId()): Test Case Name : Test Cases/Buildings/MyBuildings/BuildingOther/AddNewProjectTest

2018-06-27 13:26:00 - [MESSAGE][WARNING] - Test Case Name : Test Cases/Buildings/MyBuildings/BuildingOther/AddNewProjectTest

2018-06-27 13:26:00 - [TEST_STEP][PASSED] - Statement - com.kms.katalon.core.util.KeywordUtil.markWarning("Test Case Status : " + testCase.getTestCaseStatus()): Test Case Status : ERROR

2018-06-27 13:26:00 - [MESSAGE][WARNING] - Test Case Status : ERROR

2018-06-27 13:26:00 - [TEST_STEP][PASSED] - Statement - If ("FAILED".equalsIgnoreCase(testCase.getTestCaseStatus())): null

2018-06-27 13:26:00 - [TEST_STEP][PASSED] - closeBrowser: Browser is closed

2018-06-27 13:26:01 - [MESSAGE][PASSED] - Browser is closed]]></system-out>
         <system-err><![CDATA[2018-06-27 13:25:18 - [TEST_CASE][ERROR] - Test Cases/Buildings/MyBuildings/BuildingOther/AddNewProjectTest: Test Cases/Buildings/MyBuildings/BuildingOther/AddNewProjectTest FAILED because (of) org.codehaus.groovy.runtime.metaclass.MissingMethodExceptionNoStack: No signature of method: com.arc.ReusableMethods.ReusableMethodsAddNewProject.USBuildingAddNewProject() is applicable for argument types: (java.lang.String, java.lang.Integer) values: [BuildingIndiaProject, 5]
Possible solutions: buildingAddNewProject(java.lang.String, int)]]></system-err>
      </testcase>
      <testcase name="Test Cases/Buildings/MyBuildings/BuildingOther/RegPaymentByCheckTest" classname="Test Cases/Buildings/MyBuildings/BuildingOther/RegPaymentByCheckTest" status="FAILED">
         <failure type="FAILED" message="Unable to get text of object 'Object Repository/Page_Arc dashboard/no_Project (1 project)' (Root cause: com.kms.katalon.core.webui.exception.WebElementNotFoundException: Web element with id: 'Object Repository/Page_Arc dashboard/no_Project (1 project)' located by 'By.xpath: //div[@class = 'searchLabels ng-binding' and (text() = ' Project (1 project)' or . = ' Project (1 project)')]' not found)"/>
         <system-out><![CDATA[2018-06-27 13:26:01 - [TEST_CASE][FAILED] - Test Cases/Buildings/MyBuildings/BuildingOther/RegPaymentByCheckTest: Test Cases/Buildings/MyBuildings/BuildingOther/RegPaymentByCheckTest FAILED because (of) Unable to get text of object 'Object Repository/Page_Arc dashboard/no_Project (1 project)' (Root cause: com.kms.katalon.core.webui.exception.WebElementNotFoundException: Web element with id: 'Object Repository/Page_Arc dashboard/no_Project (1 project)' located by 'By.xpath: //div[@class = 'searchLabels ng-binding' and (text() = ' Project (1 project)' or . = ' Project (1 project)')]' not found)

2018-06-27 13:26:01 - [TEST_STEP][PASSED] - Start listener action : beforeTestListener: com.arc.ReusableMethods.ReusableMethodsLogin.loginIntoArcWithGlobalVariable is PASSED

2018-06-27 13:26:01 - [TEST_STEP][PASSED] - com.arc.ReusableMethods.ReusableMethodsLogin.loginIntoArcWithGlobalVariable: com.arc.ReusableMethods.ReusableMethodsLogin.loginIntoArcWithGlobalVariable is PASSED

2018-06-27 13:26:10 - [MESSAGE][PASSED] - Browser is opened with url: 'http://www.qas.arconline.io/'

2018-06-27 13:26:12 - [MESSAGE][PASSED] - Current window maximized

2018-06-27 13:26:12 - [MESSAGE][PASSED] - Wait for page load successfully

2018-06-27 13:26:12 - [MESSAGE][PASSED] - Object: 'Object Repository/Page_Home  Arc/button_ACCEPT AND CLOSE' is clicked on

2018-06-27 13:26:12 - [MESSAGE][PASSED] - Object: 'Object Repository/Page_Home  Arc/Click_Log in' is clicked on

2018-06-27 13:26:13 - [MESSAGE][PASSED] - Text 'usgbcarc@gmail.com' is set on object 'Object Repository/Page_Home  Arc/input_name'

2018-06-27 13:26:13 - [MESSAGE][PASSED] - Text 'initpass' is set on object 'Object Repository/Page_Home  Arc/input_pass'

2018-06-27 13:26:14 - [MESSAGE][PASSED] - Object: 'Object Repository/Page_Home  Arc/input_field_policy_accept' is clicked on

2018-06-27 13:26:26 - [MESSAGE][PASSED] - Object: 'Object Repository/Page_Home  Arc/button_Log in' is clicked on

2018-06-27 13:26:31 - [MESSAGE][PASSED] - Delayed 5 second(s)

2018-06-27 13:26:31 - [MESSAGE][PASSED] - Text of object 'Object Repository/Page_Arc dashboard/span_My Projects' is: 'My Projects'

2018-06-27 13:26:31 - [MESSAGE][PASSED] - Actual text 'My Projects' and expected text 'My Projects' are matched  using regular expression

2018-06-27 13:26:34 - [MESSAGE][PASSED] - Delayed 3 second(s)

2018-06-27 13:26:34 - [MESSAGE][PASSED] - com.arc.ReusableMethods.ReusableMethodsLogin.loginIntoArcWithGlobalVariable is PASSED

2018-06-27 13:26:35 - [TEST_STEP][FAILED] - Statement - Try: Unable to get text of object 'Object Repository/Page_Arc dashboard/no_Project (1 project)' (Root cause: com.kms.katalon.core.webui.exception.WebElementNotFoundException: Web element with id: 'Object Repository/Page_Arc dashboard/no_Project (1 project)' located by 'By.xpath: //div[@class = 'searchLabels ng-binding' and (text() = ' Project (1 project)' or . = ' Project (1 project)')]' not found)

2018-06-27 13:26:35 - [TEST_STEP][FAILED] - com.arc.ReusableMethods.ReusableMethodsSearch.searchProgram: Unable to get text of object 'Object Repository/Page_Arc dashboard/no_Project (1 project)' (Root cause: com.kms.katalon.core.webui.exception.WebElementNotFoundException: Web element with id: 'Object Repository/Page_Arc dashboard/no_Project (1 project)' located by 'By.xpath: //div[@class = 'searchLabels ng-binding' and (text() = ' Project (1 project)' or . = ' Project (1 project)')]' not found)

2018-06-27 13:26:35 - [MESSAGE][PASSED] - Object: 'Object Repository/Page_Arc dashboard/sideBar' is clicked on

2018-06-27 13:26:37 - [MESSAGE][PASSED] - Delayed 2 second(s)

2018-06-27 13:26:38 - [MESSAGE][PASSED] - Object: 'Object Repository/Page_Arc dashboard/input_searchBar1' is clicked on

2018-06-27 13:26:38 - [MESSAGE][PASSED] - Text '' is set on object 'Object Repository/Page_Arc dashboard/input_searchBar1'

2018-06-27 13:26:38 - [MESSAGE][PASSED] - Object: 'Object Repository/Page_Arc dashboard/input_searchBar1' is clicked on

2018-06-27 13:26:41 - [MESSAGE][PASSED] - Delayed 3 second(s)

2018-06-27 13:27:14 - [MESSAGE][FAILED] - Unable to get text of object 'Object Repository/Page_Arc dashboard/no_Project (1 project)' (Root cause: com.kms.katalon.core.webui.exception.WebElementNotFoundException: Web element with id: 'Object Repository/Page_Arc dashboard/no_Project (1 project)' located by 'By.xpath: //div[@class = 'searchLabels ng-binding' and (text() = ' Project (1 project)' or . = ' Project (1 project)')]' not found)
[[ATTACHMENT|C:\\Users\\Group10\\git\\KatalonStudio\\ArcWithKatalonStudio\\Reports\\Building Suites\\IND Building Suite\\BuildingOther TestSuite\\20180627_132508\\1530086233182.png]]

2018-06-27 13:27:14 - [MESSAGE][FAILED] - Unable to get text of object 'Object Repository/Page_Arc dashboard/no_Project (1 project)' (Root cause: com.kms.katalon.core.webui.exception.WebElementNotFoundException: Web element with id: 'Object Repository/Page_Arc dashboard/no_Project (1 project)' located by 'By.xpath: //div[@class = 'searchLabels ng-binding' and (text() = ' Project (1 project)' or . = ' Project (1 project)')]' not found)

2018-06-27 13:27:14 - [TEST_STEP][PASSED] - Statement - Catch (Throwable t): null

2018-06-27 13:27:14 - [TEST_STEP][PASSED] - Statement - out.println(t.getLocalizedMessage()): null

2018-06-27 13:27:14 - [TEST_STEP][PASSED] - Statement - e1 = new java.lang.Error(t.getMessage()): null

2018-06-27 13:27:14 - [TEST_STEP][PASSED] - Statement - e1.setStackTrace(t.getStackTrace()): null

2018-06-27 13:27:14 - [TEST_STEP][PASSED] - Statement - e1.printStackTrace(): null

2018-06-27 13:27:14 - [TEST_STEP][PASSED] - Start listener action : afterTestCase: Browser is closed

2018-06-27 13:27:14 - [TEST_STEP][PASSED] - switchToDefaultContent: Switching to default content

2018-06-27 13:27:14 - [TEST_STEP][PASSED] - Statement - com.kms.katalon.core.util.KeywordUtil.markWarning("Test Case Name : " + testCase.getTestCaseId()): Test Case Name : Test Cases/Buildings/MyBuildings/BuildingOther/RegPaymentByCheckTest

2018-06-27 13:27:14 - [MESSAGE][WARNING] - Test Case Name : Test Cases/Buildings/MyBuildings/BuildingOther/RegPaymentByCheckTest

2018-06-27 13:27:14 - [TEST_STEP][PASSED] - Statement - com.kms.katalon.core.util.KeywordUtil.markWarning("Test Case Status : " + testCase.getTestCaseStatus()): Test Case Status : FAILED

2018-06-27 13:27:14 - [MESSAGE][WARNING] - Test Case Status : FAILED

2018-06-27 13:27:14 - [TEST_STEP][PASSED] - Statement - If ("FAILED".equalsIgnoreCase(testCase.getTestCaseStatus())): Taking screenshot successfully

2018-06-27 13:27:14 - [TEST_STEP][PASSED] - Statement - println("Test case Fail taking Screenshot"): null

2018-06-27 13:27:14 - [TEST_STEP][PASSED] - Statement - Try: Taking screenshot successfully

2018-06-27 13:27:14 - [TEST_STEP][PASSED] - Statement - data = new java.util.Date(java.lang.System.currentTimeMillis()): null

2018-06-27 13:27:14 - [TEST_STEP][PASSED] - Statement - formatarDate = new java.text.SimpleDateFormat(yyyyMMddHHmmss): null

2018-06-27 13:27:14 - [TEST_STEP][PASSED] - takeScreenshot: Taking screenshot successfully

2018-06-27 13:27:14 - [MESSAGE][PASSED] - Taking screenshot successfully
[[ATTACHMENT|C:\\Users\\Group10\\git\\KatalonStudio\\ArcWithKatalonStudio\\ScreenShot\\screenshot_20180627132714.png]]

2018-06-27 13:27:14 - [TEST_STEP][PASSED] - closeBrowser: Browser is closed

2018-06-27 13:27:15 - [MESSAGE][PASSED] - Browser is closed]]></system-out>
         <system-err><![CDATA[2018-06-27 13:26:01 - [TEST_CASE][FAILED] - Test Cases/Buildings/MyBuildings/BuildingOther/RegPaymentByCheckTest: Test Cases/Buildings/MyBuildings/BuildingOther/RegPaymentByCheckTest FAILED because (of) Unable to get text of object 'Object Repository/Page_Arc dashboard/no_Project (1 project)' (Root cause: com.kms.katalon.core.webui.exception.WebElementNotFoundException: Web element with id: 'Object Repository/Page_Arc dashboard/no_Project (1 project)' located by 'By.xpath: //div[@class = 'searchLabels ng-binding' and (text() = ' Project (1 project)' or . = ' Project (1 project)')]' not found)]]></system-err>
      </testcase>
      <system-out><![CDATA[2018-06-27 13:25:14 - [TEST_SUITE][ERROR] - BuildingOther TestSuite: Test Cases/Buildings/MyBuildings/BuildingOther/AddNewProjectTest FAILED because (of) org.codehaus.groovy.runtime.metaclass.MissingMethodExceptionNoStack: No signature of method: com.arc.ReusableMethods.ReusableMethodsAddNewProject.USBuildingAddNewProject() is applicable for argument types: (java.lang.String, java.lang.Integer) values: [BuildingIndiaProject, 5]
Possible solutions: buildingAddNewProject(java.lang.String, int)]]></system-out>
      <system-err><![CDATA[2018-06-27 13:25:14 - [TEST_SUITE][ERROR] - BuildingOther TestSuite: Test Cases/Buildings/MyBuildings/BuildingOther/AddNewProjectTest FAILED because (of) org.codehaus.groovy.runtime.metaclass.MissingMethodExceptionNoStack: No signature of method: com.arc.ReusableMethods.ReusableMethodsAddNewProject.USBuildingAddNewProject() is applicable for argument types: (java.lang.String, java.lang.Integer) values: [BuildingIndiaProject, 5]
Possible solutions: buildingAddNewProject(java.lang.String, int)]]></system-err>
   </testsuite>
</testsuites>
