<?xml version="1.0" encoding="UTF-8"?>
<testsuites name="LEEDForCommunities TestSuite" time="140" tests="1" failures="1" errors="0">
   <testsuite name="LEEDForCommunities TestSuite" tests="1" failures="1" errors="0" time="140" timestamp="2018-06-19 16:48:20" hostname="Group10 - G10CHLT003" id="Test Suites/Communities Suites/LEEDForCommunities TestSuite">
      <properties>
         <property name="deviceName" value=""/>
         <property name="devicePlatform" value=""/>
         <property name="logFolder" value="C:\\Users\\Group10\\git\\KatalonStudio\\ArcWithKatalonStudio\\Reports\\Communities Suites\\LEEDForCommunities TestSuite\\20180619_164818"/>
         <property name="logFiles" value="C:\\Users\\Group10\\git\\KatalonStudio\\ArcWithKatalonStudio\\Reports\\Communities Suites\\LEEDForCommunities TestSuite\\20180619_164818\\execution0.log"/>
         <property name="attachments" value="C:\\Users\\Group10\\git\\KatalonStudio\\ArcWithKatalonStudio\\Reports\\Communities Suites\\LEEDForCommunities TestSuite\\20180619_164818\\1529407240324.png, C:\\Users\\Group10\\git\\KatalonStudio\\ArcWithKatalonStudio\\ScreenShot\\screenshot_20180619165040.png"/>
         <property name="hostName" value="Group10 - G10CHLT003"/>
         <property name="os" value="Windows 7 64bit"/>
         <property name="katalonVersion" value="5.4.2.1"/>
         <property name="browser" value="Chrome 67.0.3396.87"/>
         <property name="hostAddress" value="172.18.0.24"/>
         <property name="sessionId" value="313f0d9c0263d56927067bfb814dac14"/>
         <property name="seleniumVersion" value="3.7.1"/>
         <property name="proxyInformation" value="ProxyInformation{proxyOption=NO_PROXY, proxyServerType=HTTP, password=, proxyServerAddress=, proxyServerPort=0}"/>
         <property name="platform" value="Windows 7"/>
      </properties>
      <testcase name="Test Cases/MyCommunities/LEEDForCommunities/AddNewProjectTest" classname="Test Cases/MyCommunities/LEEDForCommunities/AddNewProjectTest" status="PASSED">
         <system-out><![CDATA[2018-06-19 16:48:22 - [TEST_CASE][PASSED] - Test Cases/MyCommunities/LEEDForCommunities/AddNewProjectTest: Test Cases/MyCommunities/LEEDForCommunities/AddNewProjectTest

2018-06-19 16:48:22 - [TEST_STEP][PASSED] - Start listener action : beforeTestListener: com.arc.ReusableMethods.ReusableMethodsLogin.loginIntoArcWithGlobalVariable is PASSED

2018-06-19 16:48:22 - [TEST_STEP][PASSED] - com.arc.ReusableMethods.ReusableMethodsLogin.loginIntoArcWithGlobalVariable: com.arc.ReusableMethods.ReusableMethodsLogin.loginIntoArcWithGlobalVariable is PASSED

2018-06-19 16:48:31 - [MESSAGE][PASSED] - Browser is opened with url: 'http://www.stg.arconline.io/'

2018-06-19 16:48:32 - [MESSAGE][PASSED] - Current window maximized

2018-06-19 16:48:32 - [MESSAGE][PASSED] - Wait for page load successfully

2018-06-19 16:48:32 - [MESSAGE][PASSED] - Object: 'Object Repository/Page_Home  Arc/button_ACCEPT AND CLOSE' is clicked on

2018-06-19 16:48:32 - [MESSAGE][PASSED] - Object: 'Object Repository/Page_Home  Arc/Click_Log in' is clicked on

2018-06-19 16:48:33 - [MESSAGE][PASSED] - Text 'Saurav@groupten.com' is set on object 'Object Repository/Page_Home  Arc/input_name'

2018-06-19 16:48:33 - [MESSAGE][PASSED] - Text 'LEEDg10' is set on object 'Object Repository/Page_Home  Arc/input_pass'

2018-06-19 16:48:33 - [MESSAGE][PASSED] - Object: 'Object Repository/Page_Home  Arc/input_field_policy_accept' is clicked on

2018-06-19 16:49:01 - [MESSAGE][PASSED] - Object: 'Object Repository/Page_Home  Arc/button_Log in' is clicked on

2018-06-19 16:49:06 - [MESSAGE][PASSED] - Delayed 5 second(s)

2018-06-19 16:49:06 - [MESSAGE][PASSED] - Text of object 'Object Repository/Page_Arc dashboard/span_My Projects' is: 'My Projects'

2018-06-19 16:49:06 - [MESSAGE][PASSED] - Actual text 'My Projects' and expected text 'My Projects' are matched  using regular expression

2018-06-19 16:49:09 - [MESSAGE][PASSED] - Delayed 3 second(s)

2018-06-19 16:49:09 - [MESSAGE][PASSED] - com.arc.ReusableMethods.ReusableMethodsLogin.loginIntoArcWithGlobalVariable is PASSED

2018-06-19 16:49:10 - [TEST_STEP][PASSED] - Statement - Try: com.arc.ReusableMethods.ReusableMethodsAddNewProject.USCommunitiesAddNewProject is PASSED

2018-06-19 16:49:10 - [TEST_STEP][PASSED] - com.arc.ReusableMethods.ReusableMethodsAddNewProject.USCommunitiesAddNewProject: com.arc.ReusableMethods.ReusableMethodsAddNewProject.USCommunitiesAddNewProject is PASSED

2018-06-19 16:49:11 - [MESSAGE][PASSED] - Object: 'Object Repository/Add_Project_Details/button_ Add' is clicked on

2018-06-19 16:49:12 - [MESSAGE][PASSED] - Delayed 1 second(s)

2018-06-19 16:49:12 - [MESSAGE][PASSED] - Text of object 'Object Repository/Add_Project_Details/h1_Project Registration' is: 'Project Registration'

2018-06-19 16:49:12 - [MESSAGE][PASSED] - Actual text 'Project Registration' and expected text 'Project Registration' are matched  using regular expression

2018-06-19 16:49:13 - [MESSAGE][PASSED] - Text 'USComLEED for Communities164910 19062018' is set on object 'Object Repository/Add_Project_Details/input_name'

2018-06-19 16:49:13 - [MESSAGE][PASSED] - All options with label 'Communities' are selected in object 'Object Repository/Add_Project_Details/select_Select a Project TypeCo'  using regular expression

2018-06-19 16:49:13 - [MESSAGE][PASSED] - All options with label 'LEED for Communities' are selected in object 'Object Repository/Add_Project_Details/select_Select a Rating SystemL'  using regular expression

2018-06-19 16:49:14 - [MESSAGE][PASSED] - All options with label 'Government Use: State' are selected in object 'Object Repository/Add_Project_Details/select_Select Owner Type'  using regular expression

2018-06-19 16:49:14 - [MESSAGE][PASSED] - Text 'Habitat for Humanity' is set on object 'Object Repository/Add_Project_Details/input_organization'

2018-06-19 16:49:15 - [MESSAGE][PASSED] - Object: 'Object Repository/Add_Project_Details/input_organization' is clicked on

2018-06-19 16:49:17 - [MESSAGE][PASSED] - Delayed 2 second(s)

2018-06-19 16:49:17 - [MESSAGE][PASSED] - Object: 'Object Repository/Add_Project_Details/span_Habitat for Humanity' is clicked on

2018-06-19 16:49:17 - [MESSAGE][PASSED] - Text 'usgbcarc@gmail.com' is set on object 'Object Repository/Add_Project_Details/input_owner_email'

2018-06-19 16:49:17 - [MESSAGE][PASSED] - All options with label 'Ukraine' are selected in object 'Object Repository/Add_Project_Details/select_OwnerCountry' 

2018-06-19 16:49:17 - [MESSAGE][PASSED] - Text '655' is set on object 'Object Repository/Add_Project_Details/input_gross_area'

2018-06-19 16:49:18 - [MESSAGE][PASSED] - Text '32567' is set on object 'Object Repository/Add_Project_Details/input_occupancy'

2018-06-19 16:49:18 - [MESSAGE][PASSED] - Text 'Monto Street' is set on object 'Object Repository/Add_Project_Details/input_street'

2018-06-19 16:49:18 - [MESSAGE][PASSED] - Text 'Lviv' is set on object 'Object Repository/Add_Project_Details/input_city'

2018-06-19 16:49:18 - [MESSAGE][PASSED] - All options with label 'United States' are selected in object 'Object Repository/Add_Project_Details/select_AfghanistanAland Island (1)' 

2018-06-19 16:49:20 - [MESSAGE][PASSED] - All options with label 'California' are selected in object 'Object Repository/Add_Project_Details/select_Select StateAlabamaAlas (1)'  using regular expression

2018-06-19 16:49:20 - [MESSAGE][PASSED] - Text '67909' is set on object 'Object Repository/Add_Project_Details/input_zip_code'

2018-06-19 16:49:20 - [MESSAGE][PASSED] - Object: 'Object Repository/Add_Project_Details/input_reg_agreement' is clicked on

2018-06-19 16:49:20 - [MESSAGE][PASSED] - Object: 'Object Repository/Add_Project_Details/button_Next' is clicked on

2018-06-19 16:49:25 - [MESSAGE][PASSED] - Delayed 5 second(s)

2018-06-19 16:49:29 - [MESSAGE][PASSED] - Text of object 'Object Repository/Add_Project_Details/VerifyPaymentPage_ text' is: 'Payment type'

2018-06-19 16:49:29 - [MESSAGE][PASSED] - Actual text 'Payment type' and expected text 'Payment type' are matched  using regular expression

2018-06-19 16:49:29 - [MESSAGE][PASSED] - Text of object 'Object Repository/Add_Project_Details/td_BuildingID' is: '1000151268'

2018-06-19 16:49:35 - [MESSAGE][PASSED] - Delayed 5 second(s)

2018-06-19 16:49:35 - [MESSAGE][PASSED] - com.arc.ReusableMethods.ReusableMethodsAddNewProject.USCommunitiesAddNewProject is PASSED

2018-06-19 16:49:35 - [TEST_STEP][PASSED] - Start listener action : afterTestCase: Invoke 'com.kms.katalon.core.annotation.AfterTestCase' method: 'MasterTestListener.afterTestCase(...)' completed.

2018-06-19 16:49:35 - [TEST_STEP][PASSED] - switchToDefaultContent: Switching to default content

2018-06-19 16:49:35 - [TEST_STEP][PASSED] - Statement - com.kms.katalon.core.util.KeywordUtil.markWarning("Test Case Name : " + testCase.getTestCaseId()): Test Case Name : Test Cases/MyCommunities/LEEDForCommunities/AddNewProjectTest

2018-06-19 16:49:35 - [MESSAGE][WARNING] - Test Case Name : Test Cases/MyCommunities/LEEDForCommunities/AddNewProjectTest

2018-06-19 16:49:35 - [TEST_STEP][PASSED] - Statement - com.kms.katalon.core.util.KeywordUtil.markWarning("Test Case Status : " + testCase.getTestCaseStatus()): Test Case Status : PASSED

2018-06-19 16:49:35 - [MESSAGE][WARNING] - Test Case Status : PASSED

2018-06-19 16:49:35 - [TEST_STEP][PASSED] - Statement - If ("FAILED".equalsIgnoreCase(testCase.getTestCaseStatus())): Invoke 'com.kms.katalon.core.annotation.AfterTestCase' method: 'MasterTestListener.afterTestCase(...)' completed.]]></system-out>
         <system-err><![CDATA[]]></system-err>
      </testcase>
      <testcase name="Test Cases/MyCommunities/LEEDForCommunities/PaymentByCreditCardTest" classname="Test Cases/MyCommunities/LEEDForCommunities/PaymentByCreditCardTest" status="FAILED">
         <failure type="FAILED" message="Unable to get text of object 'Object Repository/Page_Arc dashboard/no_Project (1 project)' (Root cause: com.kms.katalon.core.webui.exception.WebElementNotFoundException: Web element with id: 'Object Repository/Page_Arc dashboard/no_Project (1 project)' located by 'By.xpath: //div[@class = 'searchLabels ng-binding' and (text() = ' Project (1 project)' or . = ' Project (1 project)')]' not found)"/>
         <system-out><![CDATA[2018-06-19 16:49:35 - [TEST_CASE][FAILED] - Test Cases/MyCommunities/LEEDForCommunities/PaymentByCreditCardTest: Test Cases/MyCommunities/LEEDForCommunities/PaymentByCreditCardTest FAILED because (of) Unable to get text of object 'Object Repository/Page_Arc dashboard/no_Project (1 project)' (Root cause: com.kms.katalon.core.webui.exception.WebElementNotFoundException: Web element with id: 'Object Repository/Page_Arc dashboard/no_Project (1 project)' located by 'By.xpath: //div[@class = 'searchLabels ng-binding' and (text() = ' Project (1 project)' or . = ' Project (1 project)')]' not found)

2018-06-19 16:49:35 - [TEST_STEP][PASSED] - Start listener action : beforeTestListener: com.arc.ReusableMethods.ReusableMethodsLogin.loginIntoArcWithGlobalVariable is PASSED

2018-06-19 16:49:35 - [TEST_STEP][PASSED] - com.arc.ReusableMethods.ReusableMethodsLogin.loginIntoArcWithGlobalVariable: com.arc.ReusableMethods.ReusableMethodsLogin.loginIntoArcWithGlobalVariable is PASSED

2018-06-19 16:49:35 - [MESSAGE][WARNING] - A browser is already opened. Closing browser and opening a new one

2018-06-19 16:49:43 - [MESSAGE][PASSED] - Browser is opened with url: 'http://www.stg.arconline.io/'

2018-06-19 16:49:44 - [MESSAGE][PASSED] - Current window maximized

2018-06-19 16:49:44 - [MESSAGE][PASSED] - Wait for page load successfully

2018-06-19 16:49:44 - [MESSAGE][PASSED] - Object: 'Object Repository/Page_Home  Arc/button_ACCEPT AND CLOSE' is clicked on

2018-06-19 16:49:44 - [MESSAGE][PASSED] - Object: 'Object Repository/Page_Home  Arc/Click_Log in' is clicked on

2018-06-19 16:49:45 - [MESSAGE][PASSED] - Text 'Saurav@groupten.com' is set on object 'Object Repository/Page_Home  Arc/input_name'

2018-06-19 16:49:45 - [MESSAGE][PASSED] - Text 'LEEDg10' is set on object 'Object Repository/Page_Home  Arc/input_pass'

2018-06-19 16:49:45 - [MESSAGE][PASSED] - Object: 'Object Repository/Page_Home  Arc/input_field_policy_accept' is clicked on

2018-06-19 16:49:57 - [MESSAGE][PASSED] - Object: 'Object Repository/Page_Home  Arc/button_Log in' is clicked on

2018-06-19 16:50:02 - [MESSAGE][PASSED] - Delayed 5 second(s)

2018-06-19 16:50:02 - [MESSAGE][PASSED] - Text of object 'Object Repository/Page_Arc dashboard/span_My Projects' is: 'My Projects'

2018-06-19 16:50:02 - [MESSAGE][PASSED] - Actual text 'My Projects' and expected text 'My Projects' are matched  using regular expression

2018-06-19 16:50:05 - [MESSAGE][PASSED] - Delayed 3 second(s)

2018-06-19 16:50:05 - [MESSAGE][PASSED] - com.arc.ReusableMethods.ReusableMethodsLogin.loginIntoArcWithGlobalVariable is PASSED

2018-06-19 16:50:05 - [TEST_STEP][FAILED] - Statement - Try: Unable to get text of object 'Object Repository/Page_Arc dashboard/no_Project (1 project)' (Root cause: com.kms.katalon.core.webui.exception.WebElementNotFoundException: Web element with id: 'Object Repository/Page_Arc dashboard/no_Project (1 project)' located by 'By.xpath: //div[@class = 'searchLabels ng-binding' and (text() = ' Project (1 project)' or . = ' Project (1 project)')]' not found)

2018-06-19 16:50:05 - [TEST_STEP][FAILED] - com.arc.ReusableMethods.ReusableMethodsSearch.searchProgram: Unable to get text of object 'Object Repository/Page_Arc dashboard/no_Project (1 project)' (Root cause: com.kms.katalon.core.webui.exception.WebElementNotFoundException: Web element with id: 'Object Repository/Page_Arc dashboard/no_Project (1 project)' located by 'By.xpath: //div[@class = 'searchLabels ng-binding' and (text() = ' Project (1 project)' or . = ' Project (1 project)')]' not found)

2018-06-19 16:50:05 - [MESSAGE][PASSED] - Object: 'Object Repository/Page_Arc dashboard/input_searchBar1' is clicked on

2018-06-19 16:50:05 - [MESSAGE][PASSED] - Text 'row 2 or column Project ID does not exist in xls' is set on object 'Object Repository/Page_Arc dashboard/input_searchBar1'

2018-06-19 16:50:05 - [MESSAGE][PASSED] - Object: 'Object Repository/Page_Arc dashboard/input_searchBar1' is clicked on

2018-06-19 16:50:08 - [MESSAGE][PASSED] - Delayed 3 second(s)

2018-06-19 16:50:40 - [MESSAGE][FAILED] - Unable to get text of object 'Object Repository/Page_Arc dashboard/no_Project (1 project)' (Root cause: com.kms.katalon.core.webui.exception.WebElementNotFoundException: Web element with id: 'Object Repository/Page_Arc dashboard/no_Project (1 project)' located by 'By.xpath: //div[@class = 'searchLabels ng-binding' and (text() = ' Project (1 project)' or . = ' Project (1 project)')]' not found)
[[ATTACHMENT|C:\\Users\\Group10\\git\\KatalonStudio\\ArcWithKatalonStudio\\Reports\\Communities Suites\\LEEDForCommunities TestSuite\\20180619_164818\\1529407240324.png]]

2018-06-19 16:50:40 - [MESSAGE][FAILED] - Unable to get text of object 'Object Repository/Page_Arc dashboard/no_Project (1 project)' (Root cause: com.kms.katalon.core.webui.exception.WebElementNotFoundException: Web element with id: 'Object Repository/Page_Arc dashboard/no_Project (1 project)' located by 'By.xpath: //div[@class = 'searchLabels ng-binding' and (text() = ' Project (1 project)' or . = ' Project (1 project)')]' not found)

2018-06-19 16:50:40 - [TEST_STEP][PASSED] - Statement - Catch (Throwable t): null

2018-06-19 16:50:40 - [TEST_STEP][PASSED] - Statement - out.println(t.getLocalizedMessage()): null

2018-06-19 16:50:40 - [TEST_STEP][PASSED] - Statement - e1 = new java.lang.Error(t.getMessage()): null

2018-06-19 16:50:40 - [TEST_STEP][PASSED] - Statement - e1.setStackTrace(t.getStackTrace()): null

2018-06-19 16:50:40 - [TEST_STEP][PASSED] - Statement - e1.printStackTrace(): null

2018-06-19 16:50:40 - [TEST_STEP][PASSED] - Start listener action : afterTestCase: Taking screenshot successfully

2018-06-19 16:50:40 - [TEST_STEP][PASSED] - switchToDefaultContent: Switching to default content

2018-06-19 16:50:40 - [TEST_STEP][PASSED] - Statement - com.kms.katalon.core.util.KeywordUtil.markWarning("Test Case Name : " + testCase.getTestCaseId()): Test Case Name : Test Cases/MyCommunities/LEEDForCommunities/PaymentByCreditCardTest

2018-06-19 16:50:40 - [MESSAGE][WARNING] - Test Case Name : Test Cases/MyCommunities/LEEDForCommunities/PaymentByCreditCardTest

2018-06-19 16:50:40 - [TEST_STEP][PASSED] - Statement - com.kms.katalon.core.util.KeywordUtil.markWarning("Test Case Status : " + testCase.getTestCaseStatus()): Test Case Status : FAILED

2018-06-19 16:50:40 - [MESSAGE][WARNING] - Test Case Status : FAILED

2018-06-19 16:50:40 - [TEST_STEP][PASSED] - Statement - If ("FAILED".equalsIgnoreCase(testCase.getTestCaseStatus())): Taking screenshot successfully

2018-06-19 16:50:40 - [TEST_STEP][PASSED] - Statement - println("Test case Fail taking Screenshot"): null

2018-06-19 16:50:40 - [TEST_STEP][PASSED] - Statement - Try: Taking screenshot successfully

2018-06-19 16:50:40 - [TEST_STEP][PASSED] - Statement - data = new java.util.Date(java.lang.System.currentTimeMillis()): null

2018-06-19 16:50:40 - [TEST_STEP][PASSED] - Statement - formatarDate = new java.text.SimpleDateFormat(yyyyMMddHHmmss): null

2018-06-19 16:50:40 - [TEST_STEP][PASSED] - takeScreenshot: Taking screenshot successfully

2018-06-19 16:50:41 - [MESSAGE][PASSED] - Taking screenshot successfully
[[ATTACHMENT|C:\\Users\\Group10\\git\\KatalonStudio\\ArcWithKatalonStudio\\ScreenShot\\screenshot_20180619165040.png]]]]></system-out>
         <system-err><![CDATA[2018-06-19 16:49:35 - [TEST_CASE][FAILED] - Test Cases/MyCommunities/LEEDForCommunities/PaymentByCreditCardTest: Test Cases/MyCommunities/LEEDForCommunities/PaymentByCreditCardTest FAILED because (of) Unable to get text of object 'Object Repository/Page_Arc dashboard/no_Project (1 project)' (Root cause: com.kms.katalon.core.webui.exception.WebElementNotFoundException: Web element with id: 'Object Repository/Page_Arc dashboard/no_Project (1 project)' located by 'By.xpath: //div[@class = 'searchLabels ng-binding' and (text() = ' Project (1 project)' or . = ' Project (1 project)')]' not found)]]></system-err>
      </testcase>
      <system-out><![CDATA[2018-06-19 16:48:20 - [TEST_SUITE][FAILED] - LEEDForCommunities TestSuite: Test Cases/MyCommunities/LEEDForCommunities/PaymentByCreditCardTest FAILED because (of) Unable to get text of object 'Object Repository/Page_Arc dashboard/no_Project (1 project)' (Root cause: com.kms.katalon.core.webui.exception.WebElementNotFoundException: Web element with id: 'Object Repository/Page_Arc dashboard/no_Project (1 project)' located by 'By.xpath: //div[@class = 'searchLabels ng-binding' and (text() = ' Project (1 project)' or . = ' Project (1 project)')]' not found)]]></system-out>
      <system-err><![CDATA[2018-06-19 16:48:20 - [TEST_SUITE][FAILED] - LEEDForCommunities TestSuite: Test Cases/MyCommunities/LEEDForCommunities/PaymentByCreditCardTest FAILED because (of) Unable to get text of object 'Object Repository/Page_Arc dashboard/no_Project (1 project)' (Root cause: com.kms.katalon.core.webui.exception.WebElementNotFoundException: Web element with id: 'Object Repository/Page_Arc dashboard/no_Project (1 project)' located by 'By.xpath: //div[@class = 'searchLabels ng-binding' and (text() = ' Project (1 project)' or . = ' Project (1 project)')]' not found)]]></system-err>
   </testsuite>
</testsuites>
