<?xml version="1.0" encoding="UTF-8"?>
<testsuites name="CommunityIndiaTest Suite" time="80" tests="0" failures="1" errors="0">
   <testsuite name="CommunityIndiaTest Suite" tests="0" failures="1" errors="0" time="80" timestamp="2018-06-26 17:00:06" hostname="Group10 - G10CHLT003" id="Test Suites/Communities Suites/CommunityIndiaTest Suite">
      <properties>
         <property name="deviceName" value=""/>
         <property name="devicePlatform" value=""/>
         <property name="logFolder" value="C:\\Users\\Group10\\git\\KatalonStudio\\ArcWithKatalonStudio\\Reports\\Communities Suites\\CommunityIndiaTest Suite\\20180626_170003"/>
         <property name="logFiles" value="C:\\Users\\Group10\\git\\KatalonStudio\\ArcWithKatalonStudio\\Reports\\Communities Suites\\CommunityIndiaTest Suite\\20180626_170003\\execution0.log"/>
         <property name="attachments" value="C:\\Users\\Group10\\git\\KatalonStudio\\ArcWithKatalonStudio\\Reports\\Communities Suites\\CommunityIndiaTest Suite\\20180626_170003\\1530012684835.png, C:\\Users\\Group10\\git\\KatalonStudio\\ArcWithKatalonStudio\\ScreenShot\\screenshot_20180626170125.png"/>
         <property name="hostName" value="Group10 - G10CHLT003"/>
         <property name="os" value="Windows 7 64bit"/>
         <property name="katalonVersion" value="5.4.2.1"/>
         <property name="browser" value="Chrome 67.0.3396.99"/>
         <property name="hostAddress" value="172.18.0.84"/>
         <property name="sessionId" value="85b701cff2b970411a1f169874667891"/>
         <property name="seleniumVersion" value="3.7.1"/>
         <property name="proxyInformation" value="ProxyInformation{proxyOption=NO_PROXY, proxyServerType=HTTP, password=, proxyServerAddress=, proxyServerPort=0}"/>
         <property name="platform" value="Windows 7"/>
      </properties>
      <testcase name="Test Cases/MyCommunities/LEEDForCommunities/AddNewProjectTest" classname="Test Cases/MyCommunities/LEEDForCommunities/AddNewProjectTest" status="FAILED">
         <failure type="FAILED" message="Unable to get text of object 'Object Repository/Add_Project_Details/VerifyPaymentPage_ text' (Root cause: com.kms.katalon.core.webui.exception.WebElementNotFoundException: Web element with id: 'Object Repository/Add_Project_Details/VerifyPaymentPage_ text' located by 'By.xpath: //h4[@class = 'payment-label' and (text() = 'Payment type' or . = 'Payment type')]' not found)"/>
         <system-out><![CDATA[2018-06-26 17:00:08 - [TEST_CASE][FAILED] - Test Cases/MyCommunities/LEEDForCommunities/AddNewProjectTest: Test Cases/MyCommunities/LEEDForCommunities/AddNewProjectTest FAILED because (of) Unable to get text of object 'Object Repository/Add_Project_Details/VerifyPaymentPage_ text' (Root cause: com.kms.katalon.core.webui.exception.WebElementNotFoundException: Web element with id: 'Object Repository/Add_Project_Details/VerifyPaymentPage_ text' located by 'By.xpath: //h4[@class = 'payment-label' and (text() = 'Payment type' or . = 'Payment type')]' not found)

2018-06-26 17:00:08 - [TEST_STEP][PASSED] - Start listener action : beforeTestListener: com.arc.ReusableMethods.ReusableMethodsLogin.loginIntoArcWithGlobalVariable is PASSED

2018-06-26 17:00:08 - [TEST_STEP][PASSED] - com.arc.ReusableMethods.ReusableMethodsLogin.loginIntoArcWithGlobalVariable: com.arc.ReusableMethods.ReusableMethodsLogin.loginIntoArcWithGlobalVariable is PASSED

2018-06-26 17:00:15 - [MESSAGE][PASSED] - Browser is opened with url: 'http://www.qas.arconline.io/'

2018-06-26 17:00:17 - [MESSAGE][PASSED] - Current window maximized

2018-06-26 17:00:17 - [MESSAGE][PASSED] - Wait for page load successfully

2018-06-26 17:00:17 - [MESSAGE][PASSED] - Object: 'Object Repository/Page_Home  Arc/button_ACCEPT AND CLOSE' is clicked on

2018-06-26 17:00:18 - [MESSAGE][PASSED] - Object: 'Object Repository/Page_Home  Arc/Click_Log in' is clicked on

2018-06-26 17:00:18 - [MESSAGE][PASSED] - Text 'testleed1@gmail.com' is set on object 'Object Repository/Page_Home  Arc/input_name'

2018-06-26 17:00:19 - [MESSAGE][PASSED] - Text 'initpass' is set on object 'Object Repository/Page_Home  Arc/input_pass'

2018-06-26 17:00:19 - [MESSAGE][PASSED] - Object: 'Object Repository/Page_Home  Arc/input_field_policy_accept' is clicked on

2018-06-26 17:00:27 - [MESSAGE][PASSED] - Object: 'Object Repository/Page_Home  Arc/button_Log in' is clicked on

2018-06-26 17:00:32 - [MESSAGE][PASSED] - Delayed 5 second(s)

2018-06-26 17:00:32 - [MESSAGE][PASSED] - Text of object 'Object Repository/Page_Arc dashboard/span_My Projects' is: 'My Projects'

2018-06-26 17:00:32 - [MESSAGE][PASSED] - Actual text 'My Projects' and expected text 'My Projects' are matched  using regular expression

2018-06-26 17:00:35 - [MESSAGE][PASSED] - Delayed 3 second(s)

2018-06-26 17:00:35 - [MESSAGE][PASSED] - com.arc.ReusableMethods.ReusableMethodsLogin.loginIntoArcWithGlobalVariable is PASSED

2018-06-26 17:00:36 - [TEST_STEP][FAILED] - Statement - Try: Unable to get text of object 'Object Repository/Add_Project_Details/VerifyPaymentPage_ text' (Root cause: com.kms.katalon.core.webui.exception.WebElementNotFoundException: Web element with id: 'Object Repository/Add_Project_Details/VerifyPaymentPage_ text' located by 'By.xpath: //h4[@class = 'payment-label' and (text() = 'Payment type' or . = 'Payment type')]' not found)

2018-06-26 17:00:36 - [TEST_STEP][PASSED] - com.arc.ReusableMethods.ReusableMethodsNavigation.navigateToCommunities: com.arc.ReusableMethods.ReusableMethodsNavigation.navigateToCommunities is PASSED

2018-06-26 17:00:36 - [MESSAGE][PASSED] - Object: 'Object Repository/Page_Arc dashboard/a_ My Communities' is clicked on

2018-06-26 17:00:37 - [MESSAGE][PASSED] - Delayed 1 second(s)

2018-06-26 17:00:37 - [MESSAGE][PASSED] - Text of object 'Object Repository/Page_Arc dashboard/span_My Communities' is: 'My Communities'

2018-06-26 17:00:37 - [MESSAGE][PASSED] - Actual text 'My Communities' and expected text 'My Communities' are matched 

2018-06-26 17:00:37 - [MESSAGE][PASSED] - com.arc.ReusableMethods.ReusableMethodsNavigation.navigateToCommunities is PASSED

2018-06-26 17:00:37 - [TEST_STEP][FAILED] - com.arc.ReusableMethods.ReusableMethodsAddNewProject.addNewProjectCityORCom: Unable to get text of object 'Object Repository/Add_Project_Details/VerifyPaymentPage_ text' (Root cause: com.kms.katalon.core.webui.exception.WebElementNotFoundException: Web element with id: 'Object Repository/Add_Project_Details/VerifyPaymentPage_ text' located by 'By.xpath: //h4[@class = 'payment-label' and (text() = 'Payment type' or . = 'Payment type')]' not found)

2018-06-26 17:00:38 - [MESSAGE][PASSED] - Object: 'Object Repository/Add_Project_Details/button_ Add' is clicked on

2018-06-26 17:00:39 - [MESSAGE][PASSED] - Delayed 1 second(s)

2018-06-26 17:00:39 - [MESSAGE][PASSED] - Text of object 'Object Repository/Add_Project_Details/h1_Project Registration' is: 'Project Registration'

2018-06-26 17:00:39 - [MESSAGE][PASSED] - Actual text 'Project Registration' and expected text 'Project Registration' are matched  using regular expression

2018-06-26 17:00:40 - [MESSAGE][PASSED] - Text 'INDComLEED for Communities 17:00:37' is set on object 'Object Repository/Add_Project_Details/input_name'

2018-06-26 17:00:40 - [MESSAGE][PASSED] - All options with label 'Communities' are selected in object 'Object Repository/Add_Project_Details/select_Select a Project TypeCo'  using regular expression

2018-06-26 17:00:40 - [MESSAGE][PASSED] - All options with label 'LEED for Communities' are selected in object 'Object Repository/Add_Project_Details/select_Select a Rating SystemL'  using regular expression

2018-06-26 17:00:41 - [MESSAGE][PASSED] - All options with label 'Investor: Bank' are selected in object 'Object Repository/Add_Project_Details/select_Select Owner Type'  using regular expression

2018-06-26 17:00:42 - [MESSAGE][PASSED] - Text 'Habitat for Humanity' is set on object 'Object Repository/Add_Project_Details/input_organization'

2018-06-26 17:00:42 - [MESSAGE][PASSED] - Object: 'Object Repository/Add_Project_Details/input_organization' is clicked on

2018-06-26 17:00:44 - [MESSAGE][PASSED] - Delayed 2 second(s)

2018-06-26 17:00:44 - [MESSAGE][PASSED] - Object: 'Object Repository/Add_Project_Details/span_Habitat for Humanity' is clicked on

2018-06-26 17:00:45 - [MESSAGE][PASSED] - Text 'abhishekkumar@groupten.com' is set on object 'Object Repository/Add_Project_Details/input_owner_email'

2018-06-26 17:00:45 - [MESSAGE][PASSED] - All options with label 'India' are selected in object 'Object Repository/Add_Project_Details/select_OwnerCountry' 

2018-06-26 17:00:45 - [MESSAGE][PASSED] - Text '560' is set on object 'Object Repository/Add_Project_Details/input_gross_area'

2018-06-26 17:00:45 - [MESSAGE][PASSED] - Text '176000' is set on object 'Object Repository/Add_Project_Details/input_occupancy'

2018-06-26 17:00:46 - [MESSAGE][PASSED] - Text '611-618, Tower A, Spaze I-Tech Park, Sohna Road, Sector 49' is set on object 'Object Repository/Add_Project_Details/input_street'

2018-06-26 17:00:46 - [MESSAGE][PASSED] - Text 'Gurgaon' is set on object 'Object Repository/Add_Project_Details/input_city'

2018-06-26 17:00:46 - [MESSAGE][PASSED] - All options with label 'India' are selected in object 'Object Repository/Add_Project_Details/country' 

2018-06-26 17:00:47 - [MESSAGE][PASSED] - All options with label 'Haryana' are selected in object 'Object Repository/Add_Project_Details/state'  using regular expression

2018-06-26 17:00:48 - [MESSAGE][PASSED] - Text '122018' is set on object 'Object Repository/Add_Project_Details/input_zip_code'

2018-06-26 17:00:48 - [MESSAGE][PASSED] - Object: 'Object Repository/Add_Project_Details/input_reg_agreement' is clicked on

2018-06-26 17:00:48 - [MESSAGE][PASSED] - Object: 'Object Repository/Add_Project_Details/button_Next' is clicked on

2018-06-26 17:00:53 - [MESSAGE][PASSED] - Delayed 5 second(s)

2018-06-26 17:01:25 - [MESSAGE][FAILED] - Unable to get text of object 'Object Repository/Add_Project_Details/VerifyPaymentPage_ text' (Root cause: com.kms.katalon.core.webui.exception.WebElementNotFoundException: Web element with id: 'Object Repository/Add_Project_Details/VerifyPaymentPage_ text' located by 'By.xpath: //h4[@class = 'payment-label' and (text() = 'Payment type' or . = 'Payment type')]' not found)
[[ATTACHMENT|C:\\Users\\Group10\\git\\KatalonStudio\\ArcWithKatalonStudio\\Reports\\Communities Suites\\CommunityIndiaTest Suite\\20180626_170003\\1530012684835.png]]

2018-06-26 17:01:25 - [MESSAGE][FAILED] - Unable to get text of object 'Object Repository/Add_Project_Details/VerifyPaymentPage_ text' (Root cause: com.kms.katalon.core.webui.exception.WebElementNotFoundException: Web element with id: 'Object Repository/Add_Project_Details/VerifyPaymentPage_ text' located by 'By.xpath: //h4[@class = 'payment-label' and (text() = 'Payment type' or . = 'Payment type')]' not found)

2018-06-26 17:01:25 - [TEST_STEP][PASSED] - Statement - Catch (Throwable t): null

2018-06-26 17:01:25 - [TEST_STEP][PASSED] - Statement - out.println(t.getLocalizedMessage()): null

2018-06-26 17:01:25 - [TEST_STEP][PASSED] - Statement - e1 = new java.lang.Error(t.getMessage()): null

2018-06-26 17:01:25 - [TEST_STEP][PASSED] - Statement - e1.setStackTrace(t.getStackTrace()): null

2018-06-26 17:01:25 - [TEST_STEP][PASSED] - Statement - e1.printStackTrace(): null

2018-06-26 17:01:25 - [TEST_STEP][PASSED] - Start listener action : afterTestCase: Browser is closed

2018-06-26 17:01:25 - [TEST_STEP][PASSED] - switchToDefaultContent: Switching to default content

2018-06-26 17:01:25 - [TEST_STEP][PASSED] - Statement - com.kms.katalon.core.util.KeywordUtil.markWarning("Test Case Name : " + testCase.getTestCaseId()): Test Case Name : Test Cases/MyCommunities/LEEDForCommunities/AddNewProjectTest

2018-06-26 17:01:25 - [MESSAGE][WARNING] - Test Case Name : Test Cases/MyCommunities/LEEDForCommunities/AddNewProjectTest

2018-06-26 17:01:25 - [TEST_STEP][PASSED] - Statement - com.kms.katalon.core.util.KeywordUtil.markWarning("Test Case Status : " + testCase.getTestCaseStatus()): Test Case Status : FAILED

2018-06-26 17:01:25 - [MESSAGE][WARNING] - Test Case Status : FAILED

2018-06-26 17:01:25 - [TEST_STEP][PASSED] - Statement - If ("FAILED".equalsIgnoreCase(testCase.getTestCaseStatus())): Taking screenshot successfully

2018-06-26 17:01:25 - [TEST_STEP][PASSED] - Statement - println("Test case Fail taking Screenshot"): null

2018-06-26 17:01:25 - [TEST_STEP][PASSED] - Statement - Try: Taking screenshot successfully

2018-06-26 17:01:25 - [TEST_STEP][PASSED] - Statement - data = new java.util.Date(java.lang.System.currentTimeMillis()): null

2018-06-26 17:01:25 - [TEST_STEP][PASSED] - Statement - formatarDate = new java.text.SimpleDateFormat(yyyyMMddHHmmss): null

2018-06-26 17:01:25 - [TEST_STEP][PASSED] - takeScreenshot: Taking screenshot successfully

2018-06-26 17:01:25 - [MESSAGE][PASSED] - Taking screenshot successfully
[[ATTACHMENT|C:\\Users\\Group10\\git\\KatalonStudio\\ArcWithKatalonStudio\\ScreenShot\\screenshot_20180626170125.png]]

2018-06-26 17:01:25 - [TEST_STEP][PASSED] - closeBrowser: Browser is closed

2018-06-26 17:01:26 - [MESSAGE][PASSED] - Browser is closed]]></system-out>
         <system-err><![CDATA[2018-06-26 17:00:08 - [TEST_CASE][FAILED] - Test Cases/MyCommunities/LEEDForCommunities/AddNewProjectTest: Test Cases/MyCommunities/LEEDForCommunities/AddNewProjectTest FAILED because (of) Unable to get text of object 'Object Repository/Add_Project_Details/VerifyPaymentPage_ text' (Root cause: com.kms.katalon.core.webui.exception.WebElementNotFoundException: Web element with id: 'Object Repository/Add_Project_Details/VerifyPaymentPage_ text' located by 'By.xpath: //h4[@class = 'payment-label' and (text() = 'Payment type' or . = 'Payment type')]' not found)]]></system-err>
      </testcase>
      <system-out><![CDATA[2018-06-26 17:00:06 - [TEST_SUITE][FAILED] - CommunityIndiaTest Suite: Test Cases/MyCommunities/LEEDForCommunities/AddNewProjectTest FAILED because (of) Unable to get text of object 'Object Repository/Add_Project_Details/VerifyPaymentPage_ text' (Root cause: com.kms.katalon.core.webui.exception.WebElementNotFoundException: Web element with id: 'Object Repository/Add_Project_Details/VerifyPaymentPage_ text' located by 'By.xpath: //h4[@class = 'payment-label' and (text() = 'Payment type' or . = 'Payment type')]' not found)]]></system-out>
      <system-err><![CDATA[2018-06-26 17:00:06 - [TEST_SUITE][FAILED] - CommunityIndiaTest Suite: Test Cases/MyCommunities/LEEDForCommunities/AddNewProjectTest FAILED because (of) Unable to get text of object 'Object Repository/Add_Project_Details/VerifyPaymentPage_ text' (Root cause: com.kms.katalon.core.webui.exception.WebElementNotFoundException: Web element with id: 'Object Repository/Add_Project_Details/VerifyPaymentPage_ text' located by 'By.xpath: //h4[@class = 'payment-label' and (text() = 'Payment type' or . = 'Payment type')]' not found)]]></system-err>
   </testsuite>
</testsuites>
