<?xml version="1.0" encoding="UTF-8"?>
<testsuites name="LEEDForCommunities TestSuite" time="166" tests="2" failures="0" errors="0">
   <testsuite name="LEEDForCommunities TestSuite" tests="2" failures="0" errors="0" time="166" timestamp="2018-06-27 14:23:06" hostname="Group10 - G10CHLT003" id="Test Suites/Communities Suites/IND Communities Suite/LEEDForCommunities TestSuite">
      <properties>
         <property name="deviceName" value=""/>
         <property name="devicePlatform" value=""/>
         <property name="logFolder" value="C:\\Users\\Group10\\git\\KatalonStudio\\ArcWithKatalonStudio\\Reports\\Communities Suites\\IND Communities Suite\\LEEDForCommunities TestSuite\\20180627_142257"/>
         <property name="logFiles" value="C:\\Users\\Group10\\git\\KatalonStudio\\ArcWithKatalonStudio\\Reports\\Communities Suites\\IND Communities Suite\\LEEDForCommunities TestSuite\\20180627_142257\\execution0.log"/>
         <property name="attachments" value=""/>
         <property name="hostName" value="Group10 - G10CHLT003"/>
         <property name="os" value="Windows 7 64bit"/>
         <property name="katalonVersion" value="5.4.2.1"/>
         <property name="browser" value="Chrome 67.0.3396.99"/>
         <property name="hostAddress" value="172.18.0.84"/>
         <property name="sessionId" value="25db5a241d83e58b450f8cbe089bcf63"/>
         <property name="seleniumVersion" value="3.7.1"/>
         <property name="proxyInformation" value="ProxyInformation{proxyOption=NO_PROXY, proxyServerType=HTTP, password=, proxyServerAddress=, proxyServerPort=0}"/>
         <property name="platform" value="Windows 7"/>
      </properties>
      <testcase name="Test Cases/MyCommunities/LEEDForCommunities/AddNewProjectTest" classname="Test Cases/MyCommunities/LEEDForCommunities/AddNewProjectTest" status="PASSED">
         <system-out><![CDATA[2018-06-27 14:23:12 - [TEST_CASE][PASSED] - Test Cases/MyCommunities/LEEDForCommunities/AddNewProjectTest: Test Cases/MyCommunities/LEEDForCommunities/AddNewProjectTest

2018-06-27 14:23:12 - [TEST_STEP][PASSED] - Start listener action : beforeTestListener: com.arc.ReusableMethods.ReusableMethodsLogin.loginIntoArcWithGlobalVariable is PASSED

2018-06-27 14:23:12 - [TEST_STEP][PASSED] - com.arc.ReusableMethods.ReusableMethodsLogin.loginIntoArcWithGlobalVariable: com.arc.ReusableMethods.ReusableMethodsLogin.loginIntoArcWithGlobalVariable is PASSED

2018-06-27 14:23:29 - [MESSAGE][PASSED] - Browser is opened with url: 'http://www.qas.arconline.io/'

2018-06-27 14:23:31 - [MESSAGE][PASSED] - Current window maximized

2018-06-27 14:23:31 - [MESSAGE][PASSED] - Wait for page load successfully

2018-06-27 14:23:33 - [MESSAGE][PASSED] - Object: 'Object Repository/Page_Home  Arc/button_ACCEPT AND CLOSE' is clicked on

2018-06-27 14:23:33 - [MESSAGE][PASSED] - Object: 'Object Repository/Page_Home  Arc/Click_Log in' is clicked on

2018-06-27 14:23:35 - [MESSAGE][PASSED] - Text 'testleed1@gmail.com' is set on object 'Object Repository/Page_Home  Arc/input_name'

2018-06-27 14:23:35 - [MESSAGE][PASSED] - Text 'initpass' is set on object 'Object Repository/Page_Home  Arc/input_pass'

2018-06-27 14:23:35 - [MESSAGE][PASSED] - Object: 'Object Repository/Page_Home  Arc/input_field_policy_accept' is clicked on

2018-06-27 14:23:57 - [MESSAGE][PASSED] - Object: 'Object Repository/Page_Home  Arc/button_Log in' is clicked on

2018-06-27 14:24:02 - [MESSAGE][PASSED] - Delayed 5 second(s)

2018-06-27 14:24:02 - [MESSAGE][PASSED] - Text of object 'Object Repository/Page_Arc dashboard/span_My Projects' is: 'My Projects'

2018-06-27 14:24:02 - [MESSAGE][PASSED] - Actual text 'My Projects' and expected text 'My Projects' are matched  using regular expression

2018-06-27 14:24:05 - [MESSAGE][PASSED] - Delayed 3 second(s)

2018-06-27 14:24:05 - [MESSAGE][PASSED] - com.arc.ReusableMethods.ReusableMethodsLogin.loginIntoArcWithGlobalVariable is PASSED

2018-06-27 14:24:06 - [TEST_STEP][PASSED] - Statement - Try: com.arc.ReusableMethods.ReusableMethodsAddNewProject.addNewProjectCityORCom is PASSED

2018-06-27 14:24:06 - [TEST_STEP][PASSED] - com.arc.ReusableMethods.ReusableMethodsNavigation.navigateToCommunities: com.arc.ReusableMethods.ReusableMethodsNavigation.navigateToCommunities is PASSED

2018-06-27 14:24:06 - [MESSAGE][PASSED] - Object: 'Object Repository/Page_Arc dashboard/a_ My Communities' is clicked on

2018-06-27 14:24:07 - [MESSAGE][PASSED] - Delayed 1 second(s)

2018-06-27 14:24:08 - [MESSAGE][PASSED] - Text of object 'Object Repository/Page_Arc dashboard/span_My Communities' is: 'My Communities'

2018-06-27 14:24:08 - [MESSAGE][PASSED] - Actual text 'My Communities' and expected text 'My Communities' are matched 

2018-06-27 14:24:08 - [MESSAGE][PASSED] - com.arc.ReusableMethods.ReusableMethodsNavigation.navigateToCommunities is PASSED

2018-06-27 14:24:08 - [TEST_STEP][PASSED] - com.arc.ReusableMethods.ReusableMethodsAddNewProject.addNewProjectCityORCom: com.arc.ReusableMethods.ReusableMethodsAddNewProject.addNewProjectCityORCom is PASSED

2018-06-27 14:24:11 - [MESSAGE][PASSED] - Object: 'Object Repository/Add_Project_Details/button_ Add' is clicked on

2018-06-27 14:24:12 - [MESSAGE][PASSED] - Delayed 1 second(s)

2018-06-27 14:24:12 - [MESSAGE][PASSED] - Text of object 'Object Repository/Add_Project_Details/h1_Project Registration' is: 'Project Registration'

2018-06-27 14:24:12 - [MESSAGE][PASSED] - Actual text 'Project Registration' and expected text 'Project Registration' are matched  using regular expression

2018-06-27 14:24:13 - [MESSAGE][PASSED] - Text 'INDComLEED for Communities 14:24:08' is set on object 'Object Repository/Add_Project_Details/input_name'

2018-06-27 14:24:13 - [MESSAGE][PASSED] - All options with label 'Communities' are selected in object 'Object Repository/Add_Project_Details/select_Select a Project TypeCo'  using regular expression

2018-06-27 14:24:14 - [MESSAGE][PASSED] - All options with label 'LEED for Communities' are selected in object 'Object Repository/Add_Project_Details/select_Select a Rating SystemL'  using regular expression

2018-06-27 14:24:15 - [MESSAGE][PASSED] - All options with label 'Investor: Bank' are selected in object 'Object Repository/Add_Project_Details/select_Select Owner Type'  using regular expression

2018-06-27 14:24:16 - [MESSAGE][PASSED] - Text 'Habitat for Humanity' is set on object 'Object Repository/Add_Project_Details/input_organization'

2018-06-27 14:24:16 - [MESSAGE][PASSED] - Object: 'Object Repository/Add_Project_Details/input_organization' is clicked on

2018-06-27 14:24:18 - [MESSAGE][PASSED] - Delayed 2 second(s)

2018-06-27 14:24:18 - [MESSAGE][PASSED] - Object: 'Object Repository/Add_Project_Details/span_Habitat for Humanity' is clicked on

2018-06-27 14:24:19 - [MESSAGE][PASSED] - Text 'abhishekkumar@groupten.com' is set on object 'Object Repository/Add_Project_Details/input_owner_email'

2018-06-27 14:24:19 - [MESSAGE][PASSED] - All options with label 'India' are selected in object 'Object Repository/Add_Project_Details/select_OwnerCountry' 

2018-06-27 14:24:20 - [MESSAGE][PASSED] - Text '560' is set on object 'Object Repository/Add_Project_Details/input_gross_area'

2018-06-27 14:24:20 - [MESSAGE][PASSED] - Text '176000' is set on object 'Object Repository/Add_Project_Details/input_occupancy'

2018-06-27 14:24:21 - [MESSAGE][PASSED] - Text '611-618, Tower A, Spaze I-Tech Park, Sohna Road, Sector 49' is set on object 'Object Repository/Add_Project_Details/input_street'

2018-06-27 14:24:21 - [MESSAGE][PASSED] - Text 'Gurgaon' is set on object 'Object Repository/Add_Project_Details/input_city'

2018-06-27 14:24:22 - [MESSAGE][PASSED] - All options with label 'India' are selected in object 'Object Repository/Add_Project_Details/country' 

2018-06-27 14:24:23 - [MESSAGE][PASSED] - All options with label 'Haryana' are selected in object 'Object Repository/Add_Project_Details/state'  using regular expression

2018-06-27 14:24:24 - [MESSAGE][PASSED] - Text '122018' is set on object 'Object Repository/Add_Project_Details/input_zip_code'

2018-06-27 14:24:24 - [MESSAGE][PASSED] - Object: 'Object Repository/Add_Project_Details/input_reg_agreement' is clicked on

2018-06-27 14:24:24 - [MESSAGE][PASSED] - Object: 'Object Repository/Add_Project_Details/button_Next' is clicked on

2018-06-27 14:24:29 - [MESSAGE][PASSED] - Delayed 5 second(s)

2018-06-27 14:24:33 - [MESSAGE][PASSED] - Text of object 'Object Repository/Add_Project_Details/strong_Promotional Code' is: 'Promotional Code'

2018-06-27 14:24:33 - [MESSAGE][PASSED] - Actual text 'Promotional Code' and expected text 'Promotional Code' are matched  using regular expression

2018-06-27 14:24:33 - [MESSAGE][PASSED] - Text of object 'Object Repository/Add_Project_Details/td_BuildingID' is: '1000073621'

2018-06-27 14:24:39 - [MESSAGE][PASSED] - Delayed 5 second(s)

2018-06-27 14:24:39 - [MESSAGE][PASSED] - com.arc.ReusableMethods.ReusableMethodsAddNewProject.addNewProjectCityORCom is PASSED

2018-06-27 14:24:39 - [TEST_STEP][PASSED] - Start listener action : afterTestCase: Browser is closed

2018-06-27 14:24:39 - [TEST_STEP][PASSED] - switchToDefaultContent: Switching to default content

2018-06-27 14:24:39 - [TEST_STEP][PASSED] - Statement - com.kms.katalon.core.util.KeywordUtil.markWarning("Test Case Name : " + testCase.getTestCaseId()): Test Case Name : Test Cases/MyCommunities/LEEDForCommunities/AddNewProjectTest

2018-06-27 14:24:39 - [MESSAGE][WARNING] - Test Case Name : Test Cases/MyCommunities/LEEDForCommunities/AddNewProjectTest

2018-06-27 14:24:39 - [TEST_STEP][PASSED] - Statement - com.kms.katalon.core.util.KeywordUtil.markWarning("Test Case Status : " + testCase.getTestCaseStatus()): Test Case Status : PASSED

2018-06-27 14:24:39 - [MESSAGE][WARNING] - Test Case Status : PASSED

2018-06-27 14:24:39 - [TEST_STEP][PASSED] - Statement - If ("FAILED".equalsIgnoreCase(testCase.getTestCaseStatus())): null

2018-06-27 14:24:39 - [TEST_STEP][PASSED] - closeBrowser: Browser is closed

2018-06-27 14:24:40 - [MESSAGE][PASSED] - Browser is closed]]></system-out>
         <system-err><![CDATA[]]></system-err>
      </testcase>
      <testcase name="Test Cases/MyCommunities/LEEDForCommunities/RegPaymentByCheckTest" classname="Test Cases/MyCommunities/LEEDForCommunities/RegPaymentByCheckTest" status="PASSED">
         <system-out><![CDATA[2018-06-27 14:24:40 - [TEST_CASE][PASSED] - Test Cases/MyCommunities/LEEDForCommunities/RegPaymentByCheckTest: Test Cases/MyCommunities/LEEDForCommunities/RegPaymentByCheckTest

2018-06-27 14:24:40 - [TEST_STEP][PASSED] - Start listener action : beforeTestListener: com.arc.ReusableMethods.ReusableMethodsLogin.loginIntoArcWithGlobalVariable is PASSED

2018-06-27 14:24:40 - [TEST_STEP][PASSED] - com.arc.ReusableMethods.ReusableMethodsLogin.loginIntoArcWithGlobalVariable: com.arc.ReusableMethods.ReusableMethodsLogin.loginIntoArcWithGlobalVariable is PASSED

2018-06-27 14:24:51 - [MESSAGE][PASSED] - Browser is opened with url: 'http://www.qas.arconline.io/'

2018-06-27 14:24:52 - [MESSAGE][PASSED] - Current window maximized

2018-06-27 14:24:53 - [MESSAGE][PASSED] - Wait for page load successfully

2018-06-27 14:24:53 - [MESSAGE][PASSED] - Object: 'Object Repository/Page_Home  Arc/button_ACCEPT AND CLOSE' is clicked on

2018-06-27 14:24:53 - [MESSAGE][PASSED] - Object: 'Object Repository/Page_Home  Arc/Click_Log in' is clicked on

2018-06-27 14:24:55 - [MESSAGE][PASSED] - Text 'testleed1@gmail.com' is set on object 'Object Repository/Page_Home  Arc/input_name'

2018-06-27 14:24:55 - [MESSAGE][PASSED] - Text 'initpass' is set on object 'Object Repository/Page_Home  Arc/input_pass'

2018-06-27 14:24:55 - [MESSAGE][PASSED] - Object: 'Object Repository/Page_Home  Arc/input_field_policy_accept' is clicked on

2018-06-27 14:25:10 - [MESSAGE][PASSED] - Object: 'Object Repository/Page_Home  Arc/button_Log in' is clicked on

2018-06-27 14:25:15 - [MESSAGE][PASSED] - Delayed 5 second(s)

2018-06-27 14:25:16 - [MESSAGE][PASSED] - Text of object 'Object Repository/Page_Arc dashboard/span_My Projects' is: 'My Projects'

2018-06-27 14:25:16 - [MESSAGE][PASSED] - Actual text 'My Projects' and expected text 'My Projects' are matched  using regular expression

2018-06-27 14:25:19 - [MESSAGE][PASSED] - Delayed 3 second(s)

2018-06-27 14:25:19 - [MESSAGE][PASSED] - com.arc.ReusableMethods.ReusableMethodsLogin.loginIntoArcWithGlobalVariable is PASSED

2018-06-27 14:25:19 - [TEST_STEP][PASSED] - Statement - Try: com.arc.ReusableMethods.ReusableMethodsPayment.paymentByCheck is PASSED

2018-06-27 14:25:19 - [TEST_STEP][PASSED] - com.arc.ReusableMethods.ReusableMethodsSearch.searchProgram: com.arc.ReusableMethods.ReusableMethodsSearch.searchProgram is PASSED

2018-06-27 14:25:20 - [MESSAGE][PASSED] - Object: 'Object Repository/Page_Arc dashboard/sideBar' is clicked on

2018-06-27 14:25:22 - [MESSAGE][PASSED] - Delayed 2 second(s)

2018-06-27 14:25:23 - [MESSAGE][PASSED] - Object: 'Object Repository/Page_Arc dashboard/input_searchBar1' is clicked on

2018-06-27 14:25:23 - [MESSAGE][PASSED] - Text '1000073621' is set on object 'Object Repository/Page_Arc dashboard/input_searchBar1'

2018-06-27 14:25:24 - [MESSAGE][PASSED] - Object: 'Object Repository/Page_Arc dashboard/input_searchBar1' is clicked on

2018-06-27 14:25:27 - [MESSAGE][PASSED] - Delayed 3 second(s)

2018-06-27 14:25:27 - [MESSAGE][PASSED] - Text of object 'Object Repository/Page_Arc dashboard/no_Project (1 project)' is: 'Project (1 project)'

2018-06-27 14:25:27 - [MESSAGE][PASSED] - Actual text 'Project (1 project)' and expected text 'Project (1 project)' are matched 

2018-06-27 14:25:28 - [MESSAGE][PASSED] - Object: 'Object Repository/Page_Arc dashboard/search_Result' is clicked on

2018-06-27 14:25:35 - [MESSAGE][PASSED] - Delayed 7 second(s)

2018-06-27 14:25:35 - [MESSAGE][PASSED] - com.arc.ReusableMethods.ReusableMethodsSearch.searchProgram is PASSED

2018-06-27 14:25:35 - [TEST_STEP][PASSED] - com.arc.ReusableMethods.ReusableMethodsPayment.paymentByCheck: com.arc.ReusableMethods.ReusableMethodsPayment.paymentByCheck is PASSED

2018-06-27 14:25:35 - [MESSAGE][PASSED] - Text of object 'Object Repository/PaymenntLocator/input_party_name' is cleared

2018-06-27 14:25:36 - [MESSAGE][PASSED] - Text 'J R Gems' is set on object 'Object Repository/PaymenntLocator/input_party_name'

2018-06-27 14:25:36 - [MESSAGE][PASSED] - Text of object 'Object Repository/PaymenntLocator/input_email' is cleared

2018-06-27 14:25:37 - [MESSAGE][PASSED] - Text 'usgbcarc@gmail.com' is set on object 'Object Repository/PaymenntLocator/input_email'

2018-06-27 14:25:37 - [MESSAGE][PASSED] - Text of object 'Object Repository/PaymenntLocator/input_street' is cleared

2018-06-27 14:25:38 - [MESSAGE][PASSED] - Text '611-618, Tower A, Spaze I-Tech Park, Sohna Road, Sector 51' is set on object 'Object Repository/PaymenntLocator/input_street'

2018-06-27 14:25:38 - [MESSAGE][PASSED] - Text of object 'Object Repository/PaymenntLocator/input_city' is cleared

2018-06-27 14:25:39 - [MESSAGE][PASSED] - Text 'Gurgaon' is set on object 'Object Repository/PaymenntLocator/input_city'

2018-06-27 14:25:39 - [MESSAGE][PASSED] - All options with label 'India' are selected in object 'Object Repository/PaymenntLocator/Country' 

2018-06-27 14:25:41 - [MESSAGE][PASSED] - All options with label 'Haryana' are selected in object 'Object Repository/PaymenntLocator/Select_State'  using regular expression

2018-06-27 14:25:41 - [MESSAGE][PASSED] - Text of object 'Object Repository/PaymenntLocator/input_zip_code' is cleared

2018-06-27 14:25:41 - [MESSAGE][PASSED] - Text '122020' is set on object 'Object Repository/PaymenntLocator/input_zip_code'

2018-06-27 14:25:41 - [MESSAGE][PASSED] - Object: 'Object Repository/PaymenntLocator/button_Next' is clicked on

2018-06-27 14:25:46 - [MESSAGE][PASSED] - Delayed 5 second(s)

2018-06-27 14:25:46 - [MESSAGE][PASSED] - Object: 'Object Repository/PaymenntLocator/button_Continue' is clicked on

2018-06-27 14:25:51 - [MESSAGE][PASSED] - Delayed 5 second(s)

2018-06-27 14:25:52 - [MESSAGE][PASSED] - Text of object 'Object Repository/PaymenntLocator/h2_Congratulations' is: 'Congratulations!'

2018-06-27 14:25:52 - [MESSAGE][PASSED] - Actual text 'Congratulations!' and expected text 'Congratulations!' are matched  using regular expression

2018-06-27 14:25:52 - [MESSAGE][PASSED] - com.arc.ReusableMethods.ReusableMethodsPayment.paymentByCheck is PASSED

2018-06-27 14:25:52 - [TEST_STEP][PASSED] - Start listener action : afterTestCase: Browser is closed

2018-06-27 14:25:52 - [TEST_STEP][PASSED] - switchToDefaultContent: Switching to default content

2018-06-27 14:25:52 - [TEST_STEP][PASSED] - Statement - com.kms.katalon.core.util.KeywordUtil.markWarning("Test Case Name : " + testCase.getTestCaseId()): Test Case Name : Test Cases/MyCommunities/LEEDForCommunities/RegPaymentByCheckTest

2018-06-27 14:25:52 - [MESSAGE][WARNING] - Test Case Name : Test Cases/MyCommunities/LEEDForCommunities/RegPaymentByCheckTest

2018-06-27 14:25:52 - [TEST_STEP][PASSED] - Statement - com.kms.katalon.core.util.KeywordUtil.markWarning("Test Case Status : " + testCase.getTestCaseStatus()): Test Case Status : PASSED

2018-06-27 14:25:52 - [MESSAGE][WARNING] - Test Case Status : PASSED

2018-06-27 14:25:52 - [TEST_STEP][PASSED] - Statement - If ("FAILED".equalsIgnoreCase(testCase.getTestCaseStatus())): null

2018-06-27 14:25:52 - [TEST_STEP][PASSED] - closeBrowser: Browser is closed

2018-06-27 14:25:53 - [MESSAGE][PASSED] - Browser is closed]]></system-out>
         <system-err><![CDATA[]]></system-err>
      </testcase>
      <system-out><![CDATA[2018-06-27 14:23:06 - [TEST_SUITE][PASSED] - LEEDForCommunities TestSuite: Test Cases/MyCommunities/LEEDForCommunities/RegPaymentByCheckTest]]></system-out>
      <system-err><![CDATA[]]></system-err>
   </testsuite>
</testsuites>
