<?xml version="1.0" encoding="UTF-8"?>
<testsuites name="CommunitiesOther TestSuite" time="185" tests="0" failures="2" errors="0">
   <testsuite name="CommunitiesOther TestSuite" tests="0" failures="2" errors="0" time="185" timestamp="2018-06-27 14:28:10" hostname="Group10 - G10CHLT003" id="Test Suites/Communities Suites/IND Communities Suite/CommunitiesOther TestSuite">
      <properties>
         <property name="deviceName" value=""/>
         <property name="devicePlatform" value=""/>
         <property name="logFolder" value="C:\\Users\\Group10\\git\\KatalonStudio\\ArcWithKatalonStudio\\Reports\\Communities Suites\\IND Communities Suite\\CommunitiesOther TestSuite\\20180627_142801"/>
         <property name="logFiles" value="C:\\Users\\Group10\\git\\KatalonStudio\\ArcWithKatalonStudio\\Reports\\Communities Suites\\IND Communities Suite\\CommunitiesOther TestSuite\\20180627_142801\\execution0.log"/>
         <property name="attachments" value="C:\\Users\\Group10\\git\\KatalonStudio\\ArcWithKatalonStudio\\Reports\\Communities Suites\\IND Communities Suite\\CommunitiesOther TestSuite\\20180627_142801\\1530089996216.png, C:\\Users\\Group10\\git\\KatalonStudio\\ArcWithKatalonStudio\\ScreenShot\\screenshot_20180627142956.png, C:\\Users\\Group10\\git\\KatalonStudio\\ArcWithKatalonStudio\\Reports\\Communities Suites\\IND Communities Suite\\CommunitiesOther TestSuite\\20180627_142801\\1530090074039.png, C:\\Users\\Group10\\git\\KatalonStudio\\ArcWithKatalonStudio\\ScreenShot\\screenshot_20180627143114.png"/>
         <property name="hostName" value="Group10 - G10CHLT003"/>
         <property name="os" value="Windows 7 64bit"/>
         <property name="katalonVersion" value="5.4.2.1"/>
         <property name="browser" value="Chrome 67.0.3396.99"/>
         <property name="hostAddress" value="172.18.0.84"/>
         <property name="sessionId" value="c22f58521c5217952803a4700e086466"/>
         <property name="seleniumVersion" value="3.7.1"/>
         <property name="proxyInformation" value="ProxyInformation{proxyOption=NO_PROXY, proxyServerType=HTTP, password=, proxyServerAddress=, proxyServerPort=0}"/>
         <property name="platform" value="Windows 7"/>
      </properties>
      <testcase name="Test Cases/MyCommunities/CommunitiesOther/AddNewProjectTest" classname="Test Cases/MyCommunities/CommunitiesOther/AddNewProjectTest" status="FAILED">
         <failure type="FAILED" message="Unable to get text of object 'Object Repository/Add_Project_Details/strong_Promotional Code' (Root cause: com.kms.katalon.core.webui.exception.WebElementNotFoundException: Web element with id: 'Object Repository/Add_Project_Details/strong_Promotional Code' located by 'By.xpath: //strong[(text() = 'Promotional Code' or . = 'Promotional Code')]' not found)"/>
         <system-out><![CDATA[2018-06-27 14:28:15 - [TEST_CASE][FAILED] - Test Cases/MyCommunities/CommunitiesOther/AddNewProjectTest: Test Cases/MyCommunities/CommunitiesOther/AddNewProjectTest FAILED because (of) Unable to get text of object 'Object Repository/Add_Project_Details/strong_Promotional Code' (Root cause: com.kms.katalon.core.webui.exception.WebElementNotFoundException: Web element with id: 'Object Repository/Add_Project_Details/strong_Promotional Code' located by 'By.xpath: //strong[(text() = 'Promotional Code' or . = 'Promotional Code')]' not found)

2018-06-27 14:28:15 - [TEST_STEP][PASSED] - Start listener action : beforeTestListener: com.arc.ReusableMethods.ReusableMethodsLogin.loginIntoArcWithGlobalVariable is PASSED

2018-06-27 14:28:15 - [TEST_STEP][PASSED] - com.arc.ReusableMethods.ReusableMethodsLogin.loginIntoArcWithGlobalVariable: com.arc.ReusableMethods.ReusableMethodsLogin.loginIntoArcWithGlobalVariable is PASSED

2018-06-27 14:28:31 - [MESSAGE][PASSED] - Browser is opened with url: 'http://www.qas.arconline.io/'

2018-06-27 14:28:32 - [MESSAGE][PASSED] - Current window maximized

2018-06-27 14:28:33 - [MESSAGE][PASSED] - Wait for page load successfully

2018-06-27 14:28:33 - [MESSAGE][PASSED] - Object: 'Object Repository/Page_Home  Arc/button_ACCEPT AND CLOSE' is clicked on

2018-06-27 14:28:34 - [MESSAGE][PASSED] - Object: 'Object Repository/Page_Home  Arc/Click_Log in' is clicked on

2018-06-27 14:28:35 - [MESSAGE][PASSED] - Text 'testleed1@gmail.com' is set on object 'Object Repository/Page_Home  Arc/input_name'

2018-06-27 14:28:35 - [MESSAGE][PASSED] - Text 'initpass' is set on object 'Object Repository/Page_Home  Arc/input_pass'

2018-06-27 14:28:35 - [MESSAGE][PASSED] - Object: 'Object Repository/Page_Home  Arc/input_field_policy_accept' is clicked on

2018-06-27 14:28:47 - [MESSAGE][PASSED] - Object: 'Object Repository/Page_Home  Arc/button_Log in' is clicked on

2018-06-27 14:28:52 - [MESSAGE][PASSED] - Delayed 5 second(s)

2018-06-27 14:28:52 - [MESSAGE][PASSED] - Text of object 'Object Repository/Page_Arc dashboard/span_My Projects' is: 'My Projects'

2018-06-27 14:28:52 - [MESSAGE][PASSED] - Actual text 'My Projects' and expected text 'My Projects' are matched  using regular expression

2018-06-27 14:28:55 - [MESSAGE][PASSED] - Delayed 3 second(s)

2018-06-27 14:28:55 - [MESSAGE][PASSED] - com.arc.ReusableMethods.ReusableMethodsLogin.loginIntoArcWithGlobalVariable is PASSED

2018-06-27 14:28:56 - [TEST_STEP][FAILED] - Statement - Try: Unable to get text of object 'Object Repository/Add_Project_Details/strong_Promotional Code' (Root cause: com.kms.katalon.core.webui.exception.WebElementNotFoundException: Web element with id: 'Object Repository/Add_Project_Details/strong_Promotional Code' located by 'By.xpath: //strong[(text() = 'Promotional Code' or . = 'Promotional Code')]' not found)

2018-06-27 14:28:56 - [TEST_STEP][PASSED] - com.arc.ReusableMethods.ReusableMethodsNavigation.navigateToCommunities: com.arc.ReusableMethods.ReusableMethodsNavigation.navigateToCommunities is PASSED

2018-06-27 14:28:57 - [MESSAGE][PASSED] - Object: 'Object Repository/Page_Arc dashboard/a_ My Communities' is clicked on

2018-06-27 14:28:58 - [MESSAGE][PASSED] - Delayed 1 second(s)

2018-06-27 14:28:58 - [MESSAGE][PASSED] - Text of object 'Object Repository/Page_Arc dashboard/span_My Communities' is: 'My Communities'

2018-06-27 14:28:58 - [MESSAGE][PASSED] - Actual text 'My Communities' and expected text 'My Communities' are matched 

2018-06-27 14:28:58 - [MESSAGE][PASSED] - com.arc.ReusableMethods.ReusableMethodsNavigation.navigateToCommunities is PASSED

2018-06-27 14:28:58 - [TEST_STEP][FAILED] - com.arc.ReusableMethods.ReusableMethodsAddNewProject.addNewProjectCityORCom: Unable to get text of object 'Object Repository/Add_Project_Details/strong_Promotional Code' (Root cause: com.kms.katalon.core.webui.exception.WebElementNotFoundException: Web element with id: 'Object Repository/Add_Project_Details/strong_Promotional Code' located by 'By.xpath: //strong[(text() = 'Promotional Code' or . = 'Promotional Code')]' not found)

2018-06-27 14:29:00 - [MESSAGE][PASSED] - Object: 'Object Repository/Add_Project_Details/button_ Add' is clicked on

2018-06-27 14:29:01 - [MESSAGE][PASSED] - Delayed 1 second(s)

2018-06-27 14:29:01 - [MESSAGE][PASSED] - Text of object 'Object Repository/Add_Project_Details/h1_Project Registration' is: 'Project Registration'

2018-06-27 14:29:01 - [MESSAGE][PASSED] - Actual text 'Project Registration' and expected text 'Project Registration' are matched  using regular expression

2018-06-27 14:29:02 - [MESSAGE][PASSED] - Text 'INDComOther 14:28:58' is set on object 'Object Repository/Add_Project_Details/input_name'

2018-06-27 14:29:02 - [MESSAGE][PASSED] - All options with label 'Communities' are selected in object 'Object Repository/Add_Project_Details/select_Select a Project TypeCo'  using regular expression

2018-06-27 14:29:03 - [MESSAGE][PASSED] - All options with label 'Other' are selected in object 'Object Repository/Add_Project_Details/select_Select a Rating SystemL'  using regular expression

2018-06-27 14:29:06 - [MESSAGE][PASSED] - All options with label 'Corporate: Publicly Traded' are selected in object 'Object Repository/Add_Project_Details/select_Select Owner Type'  using regular expression

2018-06-27 14:29:06 - [MESSAGE][PASSED] - Text 'Habitat for Humanity' is set on object 'Object Repository/Add_Project_Details/input_organization'

2018-06-27 14:29:07 - [MESSAGE][PASSED] - Object: 'Object Repository/Add_Project_Details/input_organization' is clicked on

2018-06-27 14:29:09 - [MESSAGE][PASSED] - Delayed 2 second(s)

2018-06-27 14:29:10 - [MESSAGE][PASSED] - Object: 'Object Repository/Add_Project_Details/span_Habitat for Humanity' is clicked on

2018-06-27 14:29:11 - [MESSAGE][PASSED] - Text 'abhishekkumar@groupten.com' is set on object 'Object Repository/Add_Project_Details/input_owner_email'

2018-06-27 14:29:11 - [MESSAGE][PASSED] - All options with label 'India' are selected in object 'Object Repository/Add_Project_Details/select_OwnerCountry' 

2018-06-27 14:29:12 - [MESSAGE][PASSED] - Text '450' is set on object 'Object Repository/Add_Project_Details/input_gross_area'

2018-06-27 14:29:12 - [MESSAGE][PASSED] - Text '23968' is set on object 'Object Repository/Add_Project_Details/input_occupancy'

2018-06-27 14:29:14 - [MESSAGE][PASSED] - Text '611-618, Tower A, Spaze I-Tech Park, Sohna Road, Sector 50' is set on object 'Object Repository/Add_Project_Details/input_street'

2018-06-27 14:29:14 - [MESSAGE][PASSED] - Text 'Gurgaon' is set on object 'Object Repository/Add_Project_Details/input_city'

2018-06-27 14:29:15 - [MESSAGE][PASSED] - All options with label 'India' are selected in object 'Object Repository/Add_Project_Details/country' 

2018-06-27 14:29:16 - [MESSAGE][PASSED] - All options with label 'Haryana' are selected in object 'Object Repository/Add_Project_Details/state'  using regular expression

2018-06-27 14:29:17 - [MESSAGE][PASSED] - Text '122018' is set on object 'Object Repository/Add_Project_Details/input_zip_code'

2018-06-27 14:29:17 - [MESSAGE][PASSED] - Object: 'Object Repository/Add_Project_Details/input_reg_agreement' is clicked on

2018-06-27 14:29:17 - [MESSAGE][PASSED] - Object: 'Object Repository/Add_Project_Details/button_Next' is clicked on

2018-06-27 14:29:22 - [MESSAGE][PASSED] - Delayed 5 second(s)

2018-06-27 14:29:56 - [MESSAGE][FAILED] - Unable to get text of object 'Object Repository/Add_Project_Details/strong_Promotional Code' (Root cause: com.kms.katalon.core.webui.exception.WebElementNotFoundException: Web element with id: 'Object Repository/Add_Project_Details/strong_Promotional Code' located by 'By.xpath: //strong[(text() = 'Promotional Code' or . = 'Promotional Code')]' not found)
[[ATTACHMENT|C:\\Users\\Group10\\git\\KatalonStudio\\ArcWithKatalonStudio\\Reports\\Communities Suites\\IND Communities Suite\\CommunitiesOther TestSuite\\20180627_142801\\1530089996216.png]]

2018-06-27 14:29:56 - [MESSAGE][FAILED] - Unable to get text of object 'Object Repository/Add_Project_Details/strong_Promotional Code' (Root cause: com.kms.katalon.core.webui.exception.WebElementNotFoundException: Web element with id: 'Object Repository/Add_Project_Details/strong_Promotional Code' located by 'By.xpath: //strong[(text() = 'Promotional Code' or . = 'Promotional Code')]' not found)

2018-06-27 14:29:56 - [TEST_STEP][PASSED] - Statement - Catch (Throwable t): null

2018-06-27 14:29:56 - [TEST_STEP][PASSED] - Statement - out.println(t.getLocalizedMessage()): null

2018-06-27 14:29:56 - [TEST_STEP][PASSED] - Statement - e1 = new java.lang.Error(t.getMessage()): null

2018-06-27 14:29:56 - [TEST_STEP][PASSED] - Statement - e1.setStackTrace(t.getStackTrace()): null

2018-06-27 14:29:56 - [TEST_STEP][PASSED] - Statement - e1.printStackTrace(): null

2018-06-27 14:29:56 - [TEST_STEP][PASSED] - Start listener action : afterTestCase: Browser is closed

2018-06-27 14:29:56 - [TEST_STEP][PASSED] - switchToDefaultContent: Switching to default content

2018-06-27 14:29:56 - [TEST_STEP][PASSED] - Statement - com.kms.katalon.core.util.KeywordUtil.markWarning("Test Case Name : " + testCase.getTestCaseId()): Test Case Name : Test Cases/MyCommunities/CommunitiesOther/AddNewProjectTest

2018-06-27 14:29:56 - [MESSAGE][WARNING] - Test Case Name : Test Cases/MyCommunities/CommunitiesOther/AddNewProjectTest

2018-06-27 14:29:56 - [TEST_STEP][PASSED] - Statement - com.kms.katalon.core.util.KeywordUtil.markWarning("Test Case Status : " + testCase.getTestCaseStatus()): Test Case Status : FAILED

2018-06-27 14:29:56 - [MESSAGE][WARNING] - Test Case Status : FAILED

2018-06-27 14:29:56 - [TEST_STEP][PASSED] - Statement - If ("FAILED".equalsIgnoreCase(testCase.getTestCaseStatus())): Taking screenshot successfully

2018-06-27 14:29:56 - [TEST_STEP][PASSED] - Statement - println("Test case Fail taking Screenshot"): null

2018-06-27 14:29:56 - [TEST_STEP][PASSED] - Statement - Try: Taking screenshot successfully

2018-06-27 14:29:56 - [TEST_STEP][PASSED] - Statement - data = new java.util.Date(java.lang.System.currentTimeMillis()): null

2018-06-27 14:29:56 - [TEST_STEP][PASSED] - Statement - formatarDate = new java.text.SimpleDateFormat(yyyyMMddHHmmss): null

2018-06-27 14:29:56 - [TEST_STEP][PASSED] - takeScreenshot: Taking screenshot successfully

2018-06-27 14:29:57 - [MESSAGE][PASSED] - Taking screenshot successfully
[[ATTACHMENT|C:\\Users\\Group10\\git\\KatalonStudio\\ArcWithKatalonStudio\\ScreenShot\\screenshot_20180627142956.png]]

2018-06-27 14:29:57 - [TEST_STEP][PASSED] - closeBrowser: Browser is closed

2018-06-27 14:29:57 - [MESSAGE][PASSED] - Browser is closed]]></system-out>
         <system-err><![CDATA[2018-06-27 14:28:15 - [TEST_CASE][FAILED] - Test Cases/MyCommunities/CommunitiesOther/AddNewProjectTest: Test Cases/MyCommunities/CommunitiesOther/AddNewProjectTest FAILED because (of) Unable to get text of object 'Object Repository/Add_Project_Details/strong_Promotional Code' (Root cause: com.kms.katalon.core.webui.exception.WebElementNotFoundException: Web element with id: 'Object Repository/Add_Project_Details/strong_Promotional Code' located by 'By.xpath: //strong[(text() = 'Promotional Code' or . = 'Promotional Code')]' not found)]]></system-err>
      </testcase>
      <testcase name="Test Cases/MyCommunities/CommunitiesOther/RegPaymentByCheckTest" classname="Test Cases/MyCommunities/CommunitiesOther/RegPaymentByCheckTest" status="FAILED">
         <failure type="FAILED" message="Unable to get text of object 'Object Repository/Page_Arc dashboard/no_Project (1 project)' (Root cause: com.kms.katalon.core.webui.exception.WebElementNotFoundException: Web element with id: 'Object Repository/Page_Arc dashboard/no_Project (1 project)' located by 'By.xpath: //div[@class = 'searchLabels ng-binding' and (text() = ' Project (1 project)' or . = ' Project (1 project)')]' not found)"/>
         <system-out><![CDATA[2018-06-27 14:29:57 - [TEST_CASE][FAILED] - Test Cases/MyCommunities/CommunitiesOther/RegPaymentByCheckTest: Test Cases/MyCommunities/CommunitiesOther/RegPaymentByCheckTest FAILED because (of) Unable to get text of object 'Object Repository/Page_Arc dashboard/no_Project (1 project)' (Root cause: com.kms.katalon.core.webui.exception.WebElementNotFoundException: Web element with id: 'Object Repository/Page_Arc dashboard/no_Project (1 project)' located by 'By.xpath: //div[@class = 'searchLabels ng-binding' and (text() = ' Project (1 project)' or . = ' Project (1 project)')]' not found)

2018-06-27 14:29:57 - [TEST_STEP][PASSED] - Start listener action : beforeTestListener: com.arc.ReusableMethods.ReusableMethodsLogin.loginIntoArcWithGlobalVariable is PASSED

2018-06-27 14:29:57 - [TEST_STEP][PASSED] - com.arc.ReusableMethods.ReusableMethodsLogin.loginIntoArcWithGlobalVariable: com.arc.ReusableMethods.ReusableMethodsLogin.loginIntoArcWithGlobalVariable is PASSED

2018-06-27 14:30:10 - [MESSAGE][PASSED] - Browser is opened with url: 'http://www.qas.arconline.io/'

2018-06-27 14:30:12 - [MESSAGE][PASSED] - Current window maximized

2018-06-27 14:30:12 - [MESSAGE][PASSED] - Wait for page load successfully

2018-06-27 14:30:13 - [MESSAGE][PASSED] - Object: 'Object Repository/Page_Home  Arc/button_ACCEPT AND CLOSE' is clicked on

2018-06-27 14:30:13 - [MESSAGE][PASSED] - Object: 'Object Repository/Page_Home  Arc/Click_Log in' is clicked on

2018-06-27 14:30:14 - [MESSAGE][PASSED] - Text 'testleed1@gmail.com' is set on object 'Object Repository/Page_Home  Arc/input_name'

2018-06-27 14:30:15 - [MESSAGE][PASSED] - Text 'initpass' is set on object 'Object Repository/Page_Home  Arc/input_pass'

2018-06-27 14:30:15 - [MESSAGE][PASSED] - Object: 'Object Repository/Page_Home  Arc/input_field_policy_accept' is clicked on

2018-06-27 14:30:26 - [MESSAGE][PASSED] - Object: 'Object Repository/Page_Home  Arc/button_Log in' is clicked on

2018-06-27 14:30:31 - [MESSAGE][PASSED] - Delayed 5 second(s)

2018-06-27 14:30:31 - [MESSAGE][PASSED] - Text of object 'Object Repository/Page_Arc dashboard/span_My Projects' is: 'My Projects'

2018-06-27 14:30:31 - [MESSAGE][PASSED] - Actual text 'My Projects' and expected text 'My Projects' are matched  using regular expression

2018-06-27 14:30:34 - [MESSAGE][PASSED] - Delayed 3 second(s)

2018-06-27 14:30:34 - [MESSAGE][PASSED] - com.arc.ReusableMethods.ReusableMethodsLogin.loginIntoArcWithGlobalVariable is PASSED

2018-06-27 14:30:35 - [TEST_STEP][FAILED] - Statement - Try: Unable to get text of object 'Object Repository/Page_Arc dashboard/no_Project (1 project)' (Root cause: com.kms.katalon.core.webui.exception.WebElementNotFoundException: Web element with id: 'Object Repository/Page_Arc dashboard/no_Project (1 project)' located by 'By.xpath: //div[@class = 'searchLabels ng-binding' and (text() = ' Project (1 project)' or . = ' Project (1 project)')]' not found)

2018-06-27 14:30:35 - [TEST_STEP][FAILED] - com.arc.ReusableMethods.ReusableMethodsSearch.searchProgram: Unable to get text of object 'Object Repository/Page_Arc dashboard/no_Project (1 project)' (Root cause: com.kms.katalon.core.webui.exception.WebElementNotFoundException: Web element with id: 'Object Repository/Page_Arc dashboard/no_Project (1 project)' located by 'By.xpath: //div[@class = 'searchLabels ng-binding' and (text() = ' Project (1 project)' or . = ' Project (1 project)')]' not found)

2018-06-27 14:30:35 - [MESSAGE][PASSED] - Object: 'Object Repository/Page_Arc dashboard/sideBar' is clicked on

2018-06-27 14:30:37 - [MESSAGE][PASSED] - Delayed 2 second(s)

2018-06-27 14:30:38 - [MESSAGE][PASSED] - Object: 'Object Repository/Page_Arc dashboard/input_searchBar1' is clicked on

2018-06-27 14:30:38 - [MESSAGE][PASSED] - Text '1000073603' is set on object 'Object Repository/Page_Arc dashboard/input_searchBar1'

2018-06-27 14:30:38 - [MESSAGE][PASSED] - Object: 'Object Repository/Page_Arc dashboard/input_searchBar1' is clicked on

2018-06-27 14:30:41 - [MESSAGE][PASSED] - Delayed 3 second(s)

2018-06-27 14:31:14 - [MESSAGE][FAILED] - Unable to get text of object 'Object Repository/Page_Arc dashboard/no_Project (1 project)' (Root cause: com.kms.katalon.core.webui.exception.WebElementNotFoundException: Web element with id: 'Object Repository/Page_Arc dashboard/no_Project (1 project)' located by 'By.xpath: //div[@class = 'searchLabels ng-binding' and (text() = ' Project (1 project)' or . = ' Project (1 project)')]' not found)
[[ATTACHMENT|C:\\Users\\Group10\\git\\KatalonStudio\\ArcWithKatalonStudio\\Reports\\Communities Suites\\IND Communities Suite\\CommunitiesOther TestSuite\\20180627_142801\\1530090074039.png]]

2018-06-27 14:31:14 - [MESSAGE][FAILED] - Unable to get text of object 'Object Repository/Page_Arc dashboard/no_Project (1 project)' (Root cause: com.kms.katalon.core.webui.exception.WebElementNotFoundException: Web element with id: 'Object Repository/Page_Arc dashboard/no_Project (1 project)' located by 'By.xpath: //div[@class = 'searchLabels ng-binding' and (text() = ' Project (1 project)' or . = ' Project (1 project)')]' not found)

2018-06-27 14:31:14 - [TEST_STEP][PASSED] - Statement - Catch (Throwable t): null

2018-06-27 14:31:14 - [TEST_STEP][PASSED] - Statement - out.println(t.getLocalizedMessage()): null

2018-06-27 14:31:14 - [TEST_STEP][PASSED] - Statement - e1 = new java.lang.Error(t.getMessage()): null

2018-06-27 14:31:14 - [TEST_STEP][PASSED] - Statement - e1.setStackTrace(t.getStackTrace()): null

2018-06-27 14:31:14 - [TEST_STEP][PASSED] - Statement - e1.printStackTrace(): null

2018-06-27 14:31:14 - [TEST_STEP][PASSED] - Start listener action : afterTestCase: Browser is closed

2018-06-27 14:31:14 - [TEST_STEP][PASSED] - switchToDefaultContent: Switching to default content

2018-06-27 14:31:14 - [TEST_STEP][PASSED] - Statement - com.kms.katalon.core.util.KeywordUtil.markWarning("Test Case Name : " + testCase.getTestCaseId()): Test Case Name : Test Cases/MyCommunities/CommunitiesOther/RegPaymentByCheckTest

2018-06-27 14:31:14 - [MESSAGE][WARNING] - Test Case Name : Test Cases/MyCommunities/CommunitiesOther/RegPaymentByCheckTest

2018-06-27 14:31:14 - [TEST_STEP][PASSED] - Statement - com.kms.katalon.core.util.KeywordUtil.markWarning("Test Case Status : " + testCase.getTestCaseStatus()): Test Case Status : FAILED

2018-06-27 14:31:14 - [MESSAGE][WARNING] - Test Case Status : FAILED

2018-06-27 14:31:14 - [TEST_STEP][PASSED] - Statement - If ("FAILED".equalsIgnoreCase(testCase.getTestCaseStatus())): Taking screenshot successfully

2018-06-27 14:31:14 - [TEST_STEP][PASSED] - Statement - println("Test case Fail taking Screenshot"): null

2018-06-27 14:31:14 - [TEST_STEP][PASSED] - Statement - Try: Taking screenshot successfully

2018-06-27 14:31:14 - [TEST_STEP][PASSED] - Statement - data = new java.util.Date(java.lang.System.currentTimeMillis()): null

2018-06-27 14:31:14 - [TEST_STEP][PASSED] - Statement - formatarDate = new java.text.SimpleDateFormat(yyyyMMddHHmmss): null

2018-06-27 14:31:14 - [TEST_STEP][PASSED] - takeScreenshot: Taking screenshot successfully

2018-06-27 14:31:15 - [MESSAGE][PASSED] - Taking screenshot successfully
[[ATTACHMENT|C:\\Users\\Group10\\git\\KatalonStudio\\ArcWithKatalonStudio\\ScreenShot\\screenshot_20180627143114.png]]

2018-06-27 14:31:15 - [TEST_STEP][PASSED] - closeBrowser: Browser is closed

2018-06-27 14:31:15 - [MESSAGE][PASSED] - Browser is closed]]></system-out>
         <system-err><![CDATA[2018-06-27 14:29:57 - [TEST_CASE][FAILED] - Test Cases/MyCommunities/CommunitiesOther/RegPaymentByCheckTest: Test Cases/MyCommunities/CommunitiesOther/RegPaymentByCheckTest FAILED because (of) Unable to get text of object 'Object Repository/Page_Arc dashboard/no_Project (1 project)' (Root cause: com.kms.katalon.core.webui.exception.WebElementNotFoundException: Web element with id: 'Object Repository/Page_Arc dashboard/no_Project (1 project)' located by 'By.xpath: //div[@class = 'searchLabels ng-binding' and (text() = ' Project (1 project)' or . = ' Project (1 project)')]' not found)]]></system-err>
      </testcase>
      <system-out><![CDATA[2018-06-27 14:28:10 - [TEST_SUITE][FAILED] - CommunitiesOther TestSuite: Test Cases/MyCommunities/CommunitiesOther/AddNewProjectTest FAILED because (of) Unable to get text of object 'Object Repository/Add_Project_Details/strong_Promotional Code' (Root cause: com.kms.katalon.core.webui.exception.WebElementNotFoundException: Web element with id: 'Object Repository/Add_Project_Details/strong_Promotional Code' located by 'By.xpath: //strong[(text() = 'Promotional Code' or . = 'Promotional Code')]' not found)]]></system-out>
      <system-err><![CDATA[2018-06-27 14:28:10 - [TEST_SUITE][FAILED] - CommunitiesOther TestSuite: Test Cases/MyCommunities/CommunitiesOther/AddNewProjectTest FAILED because (of) Unable to get text of object 'Object Repository/Add_Project_Details/strong_Promotional Code' (Root cause: com.kms.katalon.core.webui.exception.WebElementNotFoundException: Web element with id: 'Object Repository/Add_Project_Details/strong_Promotional Code' located by 'By.xpath: //strong[(text() = 'Promotional Code' or . = 'Promotional Code')]' not found)]]></system-err>
   </testsuite>
</testsuites>
