<?xml version="1.0" encoding="UTF-8"?>
<testsuites name="CitiesNone TestSuite" time="134" tests="1" failures="1" errors="0">
   <testsuite name="CitiesNone TestSuite" tests="1" failures="1" errors="0" time="134" timestamp="2018-06-27 14:17:39" hostname="Group10 - G10CHLT003" id="Test Suites/Cities Suites/CitiesIndiaSutes/CitiesNone TestSuite">
      <properties>
         <property name="deviceName" value=""/>
         <property name="devicePlatform" value=""/>
         <property name="logFolder" value="C:\\Users\\Group10\\git\\KatalonStudio\\ArcWithKatalonStudio\\Reports\\Cities Suites\\CitiesIndiaSutes\\CitiesNone TestSuite\\20180627_141730"/>
         <property name="logFiles" value="C:\\Users\\Group10\\git\\KatalonStudio\\ArcWithKatalonStudio\\Reports\\Cities Suites\\CitiesIndiaSutes\\CitiesNone TestSuite\\20180627_141730\\execution0.log"/>
         <property name="attachments" value="C:\\Users\\Group10\\git\\KatalonStudio\\ArcWithKatalonStudio\\Reports\\Cities Suites\\CitiesIndiaSutes\\CitiesNone TestSuite\\20180627_141730\\1530089392594.png, C:\\Users\\Group10\\git\\KatalonStudio\\ArcWithKatalonStudio\\ScreenShot\\screenshot_20180627141953.png"/>
         <property name="hostName" value="Group10 - G10CHLT003"/>
         <property name="os" value="Windows 7 64bit"/>
         <property name="katalonVersion" value="5.4.2.1"/>
         <property name="browser" value="Chrome 67.0.3396.99"/>
         <property name="hostAddress" value="172.18.0.84"/>
         <property name="sessionId" value="55760834fbb4c3503d71cbe06590c3ea"/>
         <property name="seleniumVersion" value="3.7.1"/>
         <property name="proxyInformation" value="ProxyInformation{proxyOption=NO_PROXY, proxyServerType=HTTP, password=, proxyServerAddress=, proxyServerPort=0}"/>
         <property name="platform" value="Windows 7"/>
      </properties>
      <testcase name="Test Cases/MyCities/CitiesNone/AddNewProjectTest" classname="Test Cases/MyCities/CitiesNone/AddNewProjectTest" status="PASSED">
         <system-out><![CDATA[2018-06-27 14:17:43 - [TEST_CASE][PASSED] - Test Cases/MyCities/CitiesNone/AddNewProjectTest: Test Cases/MyCities/CitiesNone/AddNewProjectTest

2018-06-27 14:17:44 - [TEST_STEP][PASSED] - Start listener action : beforeTestListener: com.arc.ReusableMethods.ReusableMethodsLogin.loginIntoArcWithGlobalVariable is PASSED

2018-06-27 14:17:44 - [TEST_STEP][PASSED] - com.arc.ReusableMethods.ReusableMethodsLogin.loginIntoArcWithGlobalVariable: com.arc.ReusableMethods.ReusableMethodsLogin.loginIntoArcWithGlobalVariable is PASSED

2018-06-27 14:18:00 - [MESSAGE][PASSED] - Browser is opened with url: 'http://www.qas.arconline.io/'

2018-06-27 14:18:02 - [MESSAGE][PASSED] - Current window maximized

2018-06-27 14:18:02 - [MESSAGE][PASSED] - Wait for page load successfully

2018-06-27 14:18:02 - [MESSAGE][PASSED] - Object: 'Object Repository/Page_Home  Arc/button_ACCEPT AND CLOSE' is clicked on

2018-06-27 14:18:02 - [MESSAGE][PASSED] - Object: 'Object Repository/Page_Home  Arc/Click_Log in' is clicked on

2018-06-27 14:18:04 - [MESSAGE][PASSED] - Text 'testleed1@gmail.com' is set on object 'Object Repository/Page_Home  Arc/input_name'

2018-06-27 14:18:04 - [MESSAGE][PASSED] - Text 'initpass' is set on object 'Object Repository/Page_Home  Arc/input_pass'

2018-06-27 14:18:04 - [MESSAGE][PASSED] - Object: 'Object Repository/Page_Home  Arc/input_field_policy_accept' is clicked on

2018-06-27 14:18:17 - [MESSAGE][PASSED] - Object: 'Object Repository/Page_Home  Arc/button_Log in' is clicked on

2018-06-27 14:18:22 - [MESSAGE][PASSED] - Delayed 5 second(s)

2018-06-27 14:18:22 - [MESSAGE][PASSED] - Text of object 'Object Repository/Page_Arc dashboard/span_My Projects' is: 'My Projects'

2018-06-27 14:18:22 - [MESSAGE][PASSED] - Actual text 'My Projects' and expected text 'My Projects' are matched  using regular expression

2018-06-27 14:18:25 - [MESSAGE][PASSED] - Delayed 3 second(s)

2018-06-27 14:18:25 - [MESSAGE][PASSED] - com.arc.ReusableMethods.ReusableMethodsLogin.loginIntoArcWithGlobalVariable is PASSED

2018-06-27 14:18:25 - [TEST_STEP][PASSED] - Statement - Try: com.arc.ReusableMethods.ReusableMethodsAddNewProject.addNewProjectCityORCom is PASSED

2018-06-27 14:18:25 - [TEST_STEP][PASSED] - com.arc.ReusableMethods.ReusableMethodsNavigation.navigateToCities: com.arc.ReusableMethods.ReusableMethodsNavigation.navigateToCities is PASSED

2018-06-27 14:18:26 - [MESSAGE][PASSED] - Object: 'Object Repository/Page_Arc dashboard/a_ My Cities' is clicked on

2018-06-27 14:18:27 - [MESSAGE][PASSED] - Delayed 1 second(s)

2018-06-27 14:18:27 - [MESSAGE][PASSED] - Text of object 'Object Repository/Page_Arc dashboard/span_My Cities' is: 'My Cities'

2018-06-27 14:18:27 - [MESSAGE][PASSED] - Actual text 'My Cities' and expected text 'My Cities' are matched 

2018-06-27 14:18:27 - [MESSAGE][PASSED] - com.arc.ReusableMethods.ReusableMethodsNavigation.navigateToCities is PASSED

2018-06-27 14:18:27 - [TEST_STEP][PASSED] - com.arc.ReusableMethods.ReusableMethodsAddNewProject.addNewProjectCityORCom: com.arc.ReusableMethods.ReusableMethodsAddNewProject.addNewProjectCityORCom is PASSED

2018-06-27 14:18:31 - [MESSAGE][PASSED] - Object: 'Object Repository/Add_Project_Details/button_ Add' is clicked on

2018-06-27 14:18:32 - [MESSAGE][PASSED] - Delayed 1 second(s)

2018-06-27 14:18:32 - [MESSAGE][PASSED] - Text of object 'Object Repository/Add_Project_Details/h1_Project Registration' is: 'Project Registration'

2018-06-27 14:18:32 - [MESSAGE][PASSED] - Actual text 'Project Registration' and expected text 'Project Registration' are matched  using regular expression

2018-06-27 14:18:35 - [MESSAGE][PASSED] - Text 'INDCityNone 14:18:27' is set on object 'Object Repository/Add_Project_Details/input_name'

2018-06-27 14:18:36 - [MESSAGE][PASSED] - All options with label 'Cities' are selected in object 'Object Repository/Add_Project_Details/select_Select a Project TypeCo'  using regular expression

2018-06-27 14:18:36 - [MESSAGE][PASSED] - All options with label 'None' are selected in object 'Object Repository/Add_Project_Details/select_Select a Rating SystemL'  using regular expression

2018-06-27 14:18:38 - [MESSAGE][PASSED] - All options with label 'Religious' are selected in object 'Object Repository/Add_Project_Details/select_Select Owner Type'  using regular expression

2018-06-27 14:18:38 - [MESSAGE][PASSED] - Text 'Habitat for Humanity' is set on object 'Object Repository/Add_Project_Details/input_organization'

2018-06-27 14:18:39 - [MESSAGE][PASSED] - Object: 'Object Repository/Add_Project_Details/input_organization' is clicked on

2018-06-27 14:18:41 - [MESSAGE][PASSED] - Delayed 2 second(s)

2018-06-27 14:18:41 - [MESSAGE][PASSED] - Object: 'Object Repository/Add_Project_Details/span_Habitat for Humanity' is clicked on

2018-06-27 14:18:42 - [MESSAGE][PASSED] - Text 'usgbcarc@gmail.com' is set on object 'Object Repository/Add_Project_Details/input_owner_email'

2018-06-27 14:18:42 - [MESSAGE][PASSED] - All options with label 'China' are selected in object 'Object Repository/Add_Project_Details/select_OwnerCountry' 

2018-06-27 14:18:42 - [MESSAGE][PASSED] - Text '1622' is set on object 'Object Repository/Add_Project_Details/input_gross_area'

2018-06-27 14:18:42 - [MESSAGE][PASSED] - Text '15190' is set on object 'Object Repository/Add_Project_Details/input_occupancy'

2018-06-27 14:18:43 - [MESSAGE][PASSED] - Text '611-618, Tower A, Spaze I-Tech Park, Sohna Road, Sector 51' is set on object 'Object Repository/Add_Project_Details/input_street'

2018-06-27 14:18:43 - [MESSAGE][PASSED] - Text 'Gurgaon' is set on object 'Object Repository/Add_Project_Details/input_city'

2018-06-27 14:18:44 - [MESSAGE][PASSED] - All options with label 'India' are selected in object 'Object Repository/Add_Project_Details/country' 

2018-06-27 14:18:45 - [MESSAGE][PASSED] - All options with label 'Haryana' are selected in object 'Object Repository/Add_Project_Details/state'  using regular expression

2018-06-27 14:18:46 - [MESSAGE][PASSED] - Text '122020' is set on object 'Object Repository/Add_Project_Details/input_zip_code'

2018-06-27 14:18:46 - [MESSAGE][PASSED] - Object: 'Object Repository/Add_Project_Details/input_reg_agreement' is clicked on

2018-06-27 14:18:46 - [MESSAGE][PASSED] - Object: 'Object Repository/Add_Project_Details/button_Next' is clicked on

2018-06-27 14:18:51 - [MESSAGE][PASSED] - Delayed 5 second(s)

2018-06-27 14:18:55 - [MESSAGE][PASSED] - Text of object 'Object Repository/Add_Project_Details/strong_Promotional Code' is: 'Promotional Code'

2018-06-27 14:18:55 - [MESSAGE][PASSED] - Actual text 'Promotional Code' and expected text 'Promotional Code' are matched  using regular expression

2018-06-27 14:18:55 - [MESSAGE][PASSED] - Text of object 'Object Repository/Add_Project_Details/td_BuildingID' is: '1000073617'

2018-06-27 14:19:01 - [MESSAGE][PASSED] - Delayed 5 second(s)

2018-06-27 14:19:01 - [MESSAGE][PASSED] - com.arc.ReusableMethods.ReusableMethodsAddNewProject.addNewProjectCityORCom is PASSED

2018-06-27 14:19:01 - [TEST_STEP][PASSED] - Start listener action : afterTestCase: Browser is closed

2018-06-27 14:19:01 - [TEST_STEP][PASSED] - switchToDefaultContent: Switching to default content

2018-06-27 14:19:01 - [TEST_STEP][PASSED] - Statement - com.kms.katalon.core.util.KeywordUtil.markWarning("Test Case Name : " + testCase.getTestCaseId()): Test Case Name : Test Cases/MyCities/CitiesNone/AddNewProjectTest

2018-06-27 14:19:01 - [MESSAGE][WARNING] - Test Case Name : Test Cases/MyCities/CitiesNone/AddNewProjectTest

2018-06-27 14:19:01 - [TEST_STEP][PASSED] - Statement - com.kms.katalon.core.util.KeywordUtil.markWarning("Test Case Status : " + testCase.getTestCaseStatus()): Test Case Status : PASSED

2018-06-27 14:19:01 - [MESSAGE][WARNING] - Test Case Status : PASSED

2018-06-27 14:19:01 - [TEST_STEP][PASSED] - Statement - If ("FAILED".equalsIgnoreCase(testCase.getTestCaseStatus())): null

2018-06-27 14:19:01 - [TEST_STEP][PASSED] - closeBrowser: Browser is closed

2018-06-27 14:19:02 - [MESSAGE][PASSED] - Browser is closed]]></system-out>
         <system-err><![CDATA[]]></system-err>
      </testcase>
      <testcase name="Test Cases/MyCities/CitiesNone/RegPaymentByCheckTest" classname="Test Cases/MyCities/CitiesNone/RegPaymentByCheckTest" status="FAILED">
         <failure type="FAILED" message="Unable to clear text of object 'Object Repository/PaymenntLocator/input_party_name' (Root cause: org.openqa.selenium.InvalidElementStateException: invalid element state: Element is not currently interactable and may not be manipulated
  (Session info: chrome=67.0.3396.99)
  (Driver info: chromedriver=2.35.528161 (5b82f2d2aae0ca24b877009200ced9065a772e73),platform=Windows NT 6.1.7601 SP1 x86_64) (WARNING: The server did not provide any stacktrace information)
Command duration or timeout: 0 milliseconds
Build info: version: '3.7.1', revision: '8a0099a', time: '2017-11-06T21:07:36.161Z'
System info: host: 'G10CHLT003', ip: '172.18.0.84', os.name: 'Windows 7', os.arch: 'amd64', os.version: '6.1', java.version: '1.8.0_102'
Driver info: com.kms.katalon.selenium.driver.CChromeDriver
Capabilities {acceptInsecureCerts: false, acceptSslCerts: false, applicationCacheEnabled: false, browserConnectionEnabled: false, browserName: chrome, chrome: {chromedriverVersion: 2.35.528161 (5b82f2d2aae0ca..., userDataDir: C:\Users\Group10\AppData\Lo...}, cssSelectorsEnabled: true, databaseEnabled: false, handlesAlerts: true, hasTouchScreen: false, javascriptEnabled: true, locationContextEnabled: true, mobileEmulationEnabled: false, nativeEvents: true, networkConnectionEnabled: false, pageLoadStrategy: normal, platform: XP, platformName: XP, rotatable: false, setWindowRect: true, takesHeapSnapshot: true, takesScreenshot: true, unexpectedAlertBehaviour: , unhandledPromptBehavior: , version: 67.0.3396.99, webStorageEnabled: true}
Session ID: 55760834fbb4c3503d71cbe06590c3ea)"/>
         <system-out><![CDATA[2018-06-27 14:19:02 - [TEST_CASE][FAILED] - Test Cases/MyCities/CitiesNone/RegPaymentByCheckTest: Test Cases/MyCities/CitiesNone/RegPaymentByCheckTest FAILED because (of) Unable to clear text of object 'Object Repository/PaymenntLocator/input_party_name' (Root cause: org.openqa.selenium.InvalidElementStateException: invalid element state: Element is not currently interactable and may not be manipulated
  (Session info: chrome=67.0.3396.99)
  (Driver info: chromedriver=2.35.528161 (5b82f2d2aae0ca24b877009200ced9065a772e73),platform=Windows NT 6.1.7601 SP1 x86_64) (WARNING: The server did not provide any stacktrace information)
Command duration or timeout: 0 milliseconds
Build info: version: '3.7.1', revision: '8a0099a', time: '2017-11-06T21:07:36.161Z'
System info: host: 'G10CHLT003', ip: '172.18.0.84', os.name: 'Windows 7', os.arch: 'amd64', os.version: '6.1', java.version: '1.8.0_102'
Driver info: com.kms.katalon.selenium.driver.CChromeDriver
Capabilities {acceptInsecureCerts: false, acceptSslCerts: false, applicationCacheEnabled: false, browserConnectionEnabled: false, browserName: chrome, chrome: {chromedriverVersion: 2.35.528161 (5b82f2d2aae0ca..., userDataDir: C:\Users\Group10\AppData\Lo...}, cssSelectorsEnabled: true, databaseEnabled: false, handlesAlerts: true, hasTouchScreen: false, javascriptEnabled: true, locationContextEnabled: true, mobileEmulationEnabled: false, nativeEvents: true, networkConnectionEnabled: false, pageLoadStrategy: normal, platform: XP, platformName: XP, rotatable: false, setWindowRect: true, takesHeapSnapshot: true, takesScreenshot: true, unexpectedAlertBehaviour: , unhandledPromptBehavior: , version: 67.0.3396.99, webStorageEnabled: true}
Session ID: 55760834fbb4c3503d71cbe06590c3ea)

2018-06-27 14:19:02 - [TEST_STEP][PASSED] - Start listener action : beforeTestListener: com.arc.ReusableMethods.ReusableMethodsLogin.loginIntoArcWithGlobalVariable is PASSED

2018-06-27 14:19:02 - [TEST_STEP][PASSED] - com.arc.ReusableMethods.ReusableMethodsLogin.loginIntoArcWithGlobalVariable: com.arc.ReusableMethods.ReusableMethodsLogin.loginIntoArcWithGlobalVariable is PASSED

2018-06-27 14:19:12 - [MESSAGE][PASSED] - Browser is opened with url: 'http://www.qas.arconline.io/'

2018-06-27 14:19:13 - [MESSAGE][PASSED] - Current window maximized

2018-06-27 14:19:13 - [MESSAGE][PASSED] - Wait for page load successfully

2018-06-27 14:19:14 - [MESSAGE][PASSED] - Object: 'Object Repository/Page_Home  Arc/button_ACCEPT AND CLOSE' is clicked on

2018-06-27 14:19:14 - [MESSAGE][PASSED] - Object: 'Object Repository/Page_Home  Arc/Click_Log in' is clicked on

2018-06-27 14:19:15 - [MESSAGE][PASSED] - Text 'testleed1@gmail.com' is set on object 'Object Repository/Page_Home  Arc/input_name'

2018-06-27 14:19:15 - [MESSAGE][PASSED] - Text 'initpass' is set on object 'Object Repository/Page_Home  Arc/input_pass'

2018-06-27 14:19:16 - [MESSAGE][PASSED] - Object: 'Object Repository/Page_Home  Arc/input_field_policy_accept' is clicked on

2018-06-27 14:19:31 - [MESSAGE][PASSED] - Object: 'Object Repository/Page_Home  Arc/button_Log in' is clicked on

2018-06-27 14:19:36 - [MESSAGE][PASSED] - Delayed 5 second(s)

2018-06-27 14:19:37 - [MESSAGE][PASSED] - Text of object 'Object Repository/Page_Arc dashboard/span_My Projects' is: 'My Projects'

2018-06-27 14:19:37 - [MESSAGE][PASSED] - Actual text 'My Projects' and expected text 'My Projects' are matched  using regular expression

2018-06-27 14:19:40 - [MESSAGE][PASSED] - Delayed 3 second(s)

2018-06-27 14:19:40 - [MESSAGE][PASSED] - com.arc.ReusableMethods.ReusableMethodsLogin.loginIntoArcWithGlobalVariable is PASSED

2018-06-27 14:19:40 - [TEST_STEP][FAILED] - Statement - Try: Unable to clear text of object 'Object Repository/PaymenntLocator/input_party_name' (Root cause: org.openqa.selenium.InvalidElementStateException: invalid element state: Element is not currently interactable and may not be manipulated
  (Session info: chrome=67.0.3396.99)
  (Driver info: chromedriver=2.35.528161 (5b82f2d2aae0ca24b877009200ced9065a772e73),platform=Windows NT 6.1.7601 SP1 x86_64) (WARNING: The server did not provide any stacktrace information)
Command duration or timeout: 0 milliseconds
Build info: version: '3.7.1', revision: '8a0099a', time: '2017-11-06T21:07:36.161Z'
System info: host: 'G10CHLT003', ip: '172.18.0.84', os.name: 'Windows 7', os.arch: 'amd64', os.version: '6.1', java.version: '1.8.0_102'
Driver info: com.kms.katalon.selenium.driver.CChromeDriver
Capabilities {acceptInsecureCerts: false, acceptSslCerts: false, applicationCacheEnabled: false, browserConnectionEnabled: false, browserName: chrome, chrome: {chromedriverVersion: 2.35.528161 (5b82f2d2aae0ca..., userDataDir: C:\Users\Group10\AppData\Lo...}, cssSelectorsEnabled: true, databaseEnabled: false, handlesAlerts: true, hasTouchScreen: false, javascriptEnabled: true, locationContextEnabled: true, mobileEmulationEnabled: false, nativeEvents: true, networkConnectionEnabled: false, pageLoadStrategy: normal, platform: XP, platformName: XP, rotatable: false, setWindowRect: true, takesHeapSnapshot: true, takesScreenshot: true, unexpectedAlertBehaviour: , unhandledPromptBehavior: , version: 67.0.3396.99, webStorageEnabled: true}
Session ID: 55760834fbb4c3503d71cbe06590c3ea)

2018-06-27 14:19:40 - [TEST_STEP][PASSED] - com.arc.ReusableMethods.ReusableMethodsSearch.searchProgram: com.arc.ReusableMethods.ReusableMethodsSearch.searchProgram is PASSED

2018-06-27 14:19:41 - [MESSAGE][PASSED] - Object: 'Object Repository/Page_Arc dashboard/sideBar' is clicked on

2018-06-27 14:19:43 - [MESSAGE][PASSED] - Delayed 2 second(s)

2018-06-27 14:19:44 - [MESSAGE][PASSED] - Object: 'Object Repository/Page_Arc dashboard/input_searchBar1' is clicked on

2018-06-27 14:19:44 - [MESSAGE][PASSED] - Text '1000073617' is set on object 'Object Repository/Page_Arc dashboard/input_searchBar1'

2018-06-27 14:19:44 - [MESSAGE][PASSED] - Object: 'Object Repository/Page_Arc dashboard/input_searchBar1' is clicked on

2018-06-27 14:19:47 - [MESSAGE][PASSED] - Delayed 3 second(s)

2018-06-27 14:19:48 - [MESSAGE][PASSED] - Text of object 'Object Repository/Page_Arc dashboard/no_Project (1 project)' is: 'Project (1 project)'

2018-06-27 14:19:48 - [MESSAGE][PASSED] - Actual text 'Project (1 project)' and expected text 'Project (1 project)' are matched 

2018-06-27 14:19:49 - [MESSAGE][PASSED] - Object: 'Object Repository/Page_Arc dashboard/search_Result' is clicked on

2018-06-27 14:19:52 - [MESSAGE][PASSED] - Delayed 3 second(s)

2018-06-27 14:19:52 - [MESSAGE][PASSED] - com.arc.ReusableMethods.ReusableMethodsSearch.searchProgram is PASSED

2018-06-27 14:19:52 - [TEST_STEP][FAILED] - com.arc.ReusableMethods.ReusableMethodsPayment.paymentByCheck: Unable to clear text of object 'Object Repository/PaymenntLocator/input_party_name' (Root cause: org.openqa.selenium.InvalidElementStateException: invalid element state: Element is not currently interactable and may not be manipulated
  (Session info: chrome=67.0.3396.99)
  (Driver info: chromedriver=2.35.528161 (5b82f2d2aae0ca24b877009200ced9065a772e73),platform=Windows NT 6.1.7601 SP1 x86_64) (WARNING: The server did not provide any stacktrace information)
Command duration or timeout: 0 milliseconds
Build info: version: '3.7.1', revision: '8a0099a', time: '2017-11-06T21:07:36.161Z'
System info: host: 'G10CHLT003', ip: '172.18.0.84', os.name: 'Windows 7', os.arch: 'amd64', os.version: '6.1', java.version: '1.8.0_102'
Driver info: com.kms.katalon.selenium.driver.CChromeDriver
Capabilities {acceptInsecureCerts: false, acceptSslCerts: false, applicationCacheEnabled: false, browserConnectionEnabled: false, browserName: chrome, chrome: {chromedriverVersion: 2.35.528161 (5b82f2d2aae0ca..., userDataDir: C:\Users\Group10\AppData\Lo...}, cssSelectorsEnabled: true, databaseEnabled: false, handlesAlerts: true, hasTouchScreen: false, javascriptEnabled: true, locationContextEnabled: true, mobileEmulationEnabled: false, nativeEvents: true, networkConnectionEnabled: false, pageLoadStrategy: normal, platform: XP, platformName: XP, rotatable: false, setWindowRect: true, takesHeapSnapshot: true, takesScreenshot: true, unexpectedAlertBehaviour: , unhandledPromptBehavior: , version: 67.0.3396.99, webStorageEnabled: true}
Session ID: 55760834fbb4c3503d71cbe06590c3ea)

2018-06-27 14:19:52 - [MESSAGE][PASSED] - Wait for page load successfully

2018-06-27 14:19:53 - [MESSAGE][FAILED] - Unable to clear text of object 'Object Repository/PaymenntLocator/input_party_name' (Root cause: org.openqa.selenium.InvalidElementStateException: invalid element state: Element is not currently interactable and may not be manipulated
  (Session info: chrome=67.0.3396.99)
  (Driver info: chromedriver=2.35.528161 (5b82f2d2aae0ca24b877009200ced9065a772e73),platform=Windows NT 6.1.7601 SP1 x86_64) (WARNING: The server did not provide any stacktrace information)
Command duration or timeout: 0 milliseconds
Build info: version: '3.7.1', revision: '8a0099a', time: '2017-11-06T21:07:36.161Z'
System info: host: 'G10CHLT003', ip: '172.18.0.84', os.name: 'Windows 7', os.arch: 'amd64', os.version: '6.1', java.version: '1.8.0_102'
Driver info: com.kms.katalon.selenium.driver.CChromeDriver
Capabilities {acceptInsecureCerts: false, acceptSslCerts: false, applicationCacheEnabled: false, browserConnectionEnabled: false, browserName: chrome, chrome: {chromedriverVersion: 2.35.528161 (5b82f2d2aae0ca..., userDataDir: C:\Users\Group10\AppData\Lo...}, cssSelectorsEnabled: true, databaseEnabled: false, handlesAlerts: true, hasTouchScreen: false, javascriptEnabled: true, locationContextEnabled: true, mobileEmulationEnabled: false, nativeEvents: true, networkConnectionEnabled: false, pageLoadStrategy: normal, platform: XP, platformName: XP, rotatable: false, setWindowRect: true, takesHeapSnapshot: true, takesScreenshot: true, unexpectedAlertBehaviour: , unhandledPromptBehavior: , version: 67.0.3396.99, webStorageEnabled: true}
Session ID: 55760834fbb4c3503d71cbe06590c3ea)
[[ATTACHMENT|C:\\Users\\Group10\\git\\KatalonStudio\\ArcWithKatalonStudio\\Reports\\Cities Suites\\CitiesIndiaSutes\\CitiesNone TestSuite\\20180627_141730\\1530089392594.png]]

2018-06-27 14:19:53 - [MESSAGE][FAILED] - Unable to clear text of object 'Object Repository/PaymenntLocator/input_party_name' (Root cause: org.openqa.selenium.InvalidElementStateException: invalid element state: Element is not currently interactable and may not be manipulated
  (Session info: chrome=67.0.3396.99)
  (Driver info: chromedriver=2.35.528161 (5b82f2d2aae0ca24b877009200ced9065a772e73),platform=Windows NT 6.1.7601 SP1 x86_64) (WARNING: The server did not provide any stacktrace information)
Command duration or timeout: 0 milliseconds
Build info: version: '3.7.1', revision: '8a0099a', time: '2017-11-06T21:07:36.161Z'
System info: host: 'G10CHLT003', ip: '172.18.0.84', os.name: 'Windows 7', os.arch: 'amd64', os.version: '6.1', java.version: '1.8.0_102'
Driver info: com.kms.katalon.selenium.driver.CChromeDriver
Capabilities {acceptInsecureCerts: false, acceptSslCerts: false, applicationCacheEnabled: false, browserConnectionEnabled: false, browserName: chrome, chrome: {chromedriverVersion: 2.35.528161 (5b82f2d2aae0ca..., userDataDir: C:\Users\Group10\AppData\Lo...}, cssSelectorsEnabled: true, databaseEnabled: false, handlesAlerts: true, hasTouchScreen: false, javascriptEnabled: true, locationContextEnabled: true, mobileEmulationEnabled: false, nativeEvents: true, networkConnectionEnabled: false, pageLoadStrategy: normal, platform: XP, platformName: XP, rotatable: false, setWindowRect: true, takesHeapSnapshot: true, takesScreenshot: true, unexpectedAlertBehaviour: , unhandledPromptBehavior: , version: 67.0.3396.99, webStorageEnabled: true}
Session ID: 55760834fbb4c3503d71cbe06590c3ea)

2018-06-27 14:19:53 - [TEST_STEP][PASSED] - Statement - Catch (Throwable t): null

2018-06-27 14:19:53 - [TEST_STEP][PASSED] - Statement - out.println(t.getLocalizedMessage()): null

2018-06-27 14:19:53 - [TEST_STEP][PASSED] - Statement - e1 = new java.lang.Error(t.getMessage()): null

2018-06-27 14:19:53 - [TEST_STEP][PASSED] - Statement - e1.setStackTrace(t.getStackTrace()): null

2018-06-27 14:19:53 - [TEST_STEP][PASSED] - Statement - e1.printStackTrace(): null

2018-06-27 14:19:53 - [TEST_STEP][PASSED] - Start listener action : afterTestCase: Browser is closed

2018-06-27 14:19:53 - [TEST_STEP][PASSED] - switchToDefaultContent: Switching to default content

2018-06-27 14:19:53 - [TEST_STEP][PASSED] - Statement - com.kms.katalon.core.util.KeywordUtil.markWarning("Test Case Name : " + testCase.getTestCaseId()): Test Case Name : Test Cases/MyCities/CitiesNone/RegPaymentByCheckTest

2018-06-27 14:19:53 - [MESSAGE][WARNING] - Test Case Name : Test Cases/MyCities/CitiesNone/RegPaymentByCheckTest

2018-06-27 14:19:53 - [TEST_STEP][PASSED] - Statement - com.kms.katalon.core.util.KeywordUtil.markWarning("Test Case Status : " + testCase.getTestCaseStatus()): Test Case Status : FAILED

2018-06-27 14:19:53 - [MESSAGE][WARNING] - Test Case Status : FAILED

2018-06-27 14:19:53 - [TEST_STEP][PASSED] - Statement - If ("FAILED".equalsIgnoreCase(testCase.getTestCaseStatus())): Taking screenshot successfully

2018-06-27 14:19:53 - [TEST_STEP][PASSED] - Statement - println("Test case Fail taking Screenshot"): null

2018-06-27 14:19:53 - [TEST_STEP][PASSED] - Statement - Try: Taking screenshot successfully

2018-06-27 14:19:53 - [TEST_STEP][PASSED] - Statement - data = new java.util.Date(java.lang.System.currentTimeMillis()): null

2018-06-27 14:19:53 - [TEST_STEP][PASSED] - Statement - formatarDate = new java.text.SimpleDateFormat(yyyyMMddHHmmss): null

2018-06-27 14:19:53 - [TEST_STEP][PASSED] - takeScreenshot: Taking screenshot successfully

2018-06-27 14:19:54 - [MESSAGE][PASSED] - Taking screenshot successfully
[[ATTACHMENT|C:\\Users\\Group10\\git\\KatalonStudio\\ArcWithKatalonStudio\\ScreenShot\\screenshot_20180627141953.png]]

2018-06-27 14:19:54 - [TEST_STEP][PASSED] - closeBrowser: Browser is closed

2018-06-27 14:19:54 - [MESSAGE][PASSED] - Browser is closed]]></system-out>
         <system-err><![CDATA[2018-06-27 14:19:02 - [TEST_CASE][FAILED] - Test Cases/MyCities/CitiesNone/RegPaymentByCheckTest: Test Cases/MyCities/CitiesNone/RegPaymentByCheckTest FAILED because (of) Unable to clear text of object 'Object Repository/PaymenntLocator/input_party_name' (Root cause: org.openqa.selenium.InvalidElementStateException: invalid element state: Element is not currently interactable and may not be manipulated
  (Session info: chrome=67.0.3396.99)
  (Driver info: chromedriver=2.35.528161 (5b82f2d2aae0ca24b877009200ced9065a772e73),platform=Windows NT 6.1.7601 SP1 x86_64) (WARNING: The server did not provide any stacktrace information)
Command duration or timeout: 0 milliseconds
Build info: version: '3.7.1', revision: '8a0099a', time: '2017-11-06T21:07:36.161Z'
System info: host: 'G10CHLT003', ip: '172.18.0.84', os.name: 'Windows 7', os.arch: 'amd64', os.version: '6.1', java.version: '1.8.0_102'
Driver info: com.kms.katalon.selenium.driver.CChromeDriver
Capabilities {acceptInsecureCerts: false, acceptSslCerts: false, applicationCacheEnabled: false, browserConnectionEnabled: false, browserName: chrome, chrome: {chromedriverVersion: 2.35.528161 (5b82f2d2aae0ca..., userDataDir: C:\Users\Group10\AppData\Lo...}, cssSelectorsEnabled: true, databaseEnabled: false, handlesAlerts: true, hasTouchScreen: false, javascriptEnabled: true, locationContextEnabled: true, mobileEmulationEnabled: false, nativeEvents: true, networkConnectionEnabled: false, pageLoadStrategy: normal, platform: XP, platformName: XP, rotatable: false, setWindowRect: true, takesHeapSnapshot: true, takesScreenshot: true, unexpectedAlertBehaviour: , unhandledPromptBehavior: , version: 67.0.3396.99, webStorageEnabled: true}
Session ID: 55760834fbb4c3503d71cbe06590c3ea)]]></system-err>
      </testcase>
      <system-out><![CDATA[2018-06-27 14:17:39 - [TEST_SUITE][FAILED] - CitiesNone TestSuite: Test Cases/MyCities/CitiesNone/RegPaymentByCheckTest FAILED because (of) Unable to clear text of object 'Object Repository/PaymenntLocator/input_party_name' (Root cause: org.openqa.selenium.InvalidElementStateException: invalid element state: Element is not currently interactable and may not be manipulated
  (Session info: chrome=67.0.3396.99)
  (Driver info: chromedriver=2.35.528161 (5b82f2d2aae0ca24b877009200ced9065a772e73),platform=Windows NT 6.1.7601 SP1 x86_64) (WARNING: The server did not provide any stacktrace information)
Command duration or timeout: 0 milliseconds
Build info: version: '3.7.1', revision: '8a0099a', time: '2017-11-06T21:07:36.161Z'
System info: host: 'G10CHLT003', ip: '172.18.0.84', os.name: 'Windows 7', os.arch: 'amd64', os.version: '6.1', java.version: '1.8.0_102'
Driver info: com.kms.katalon.selenium.driver.CChromeDriver
Capabilities {acceptInsecureCerts: false, acceptSslCerts: false, applicationCacheEnabled: false, browserConnectionEnabled: false, browserName: chrome, chrome: {chromedriverVersion: 2.35.528161 (5b82f2d2aae0ca..., userDataDir: C:\Users\Group10\AppData\Lo...}, cssSelectorsEnabled: true, databaseEnabled: false, handlesAlerts: true, hasTouchScreen: false, javascriptEnabled: true, locationContextEnabled: true, mobileEmulationEnabled: false, nativeEvents: true, networkConnectionEnabled: false, pageLoadStrategy: normal, platform: XP, platformName: XP, rotatable: false, setWindowRect: true, takesHeapSnapshot: true, takesScreenshot: true, unexpectedAlertBehaviour: , unhandledPromptBehavior: , version: 67.0.3396.99, webStorageEnabled: true}
Session ID: 55760834fbb4c3503d71cbe06590c3ea)]]></system-out>
      <system-err><![CDATA[2018-06-27 14:17:39 - [TEST_SUITE][FAILED] - CitiesNone TestSuite: Test Cases/MyCities/CitiesNone/RegPaymentByCheckTest FAILED because (of) Unable to clear text of object 'Object Repository/PaymenntLocator/input_party_name' (Root cause: org.openqa.selenium.InvalidElementStateException: invalid element state: Element is not currently interactable and may not be manipulated
  (Session info: chrome=67.0.3396.99)
  (Driver info: chromedriver=2.35.528161 (5b82f2d2aae0ca24b877009200ced9065a772e73),platform=Windows NT 6.1.7601 SP1 x86_64) (WARNING: The server did not provide any stacktrace information)
Command duration or timeout: 0 milliseconds
Build info: version: '3.7.1', revision: '8a0099a', time: '2017-11-06T21:07:36.161Z'
System info: host: 'G10CHLT003', ip: '172.18.0.84', os.name: 'Windows 7', os.arch: 'amd64', os.version: '6.1', java.version: '1.8.0_102'
Driver info: com.kms.katalon.selenium.driver.CChromeDriver
Capabilities {acceptInsecureCerts: false, acceptSslCerts: false, applicationCacheEnabled: false, browserConnectionEnabled: false, browserName: chrome, chrome: {chromedriverVersion: 2.35.528161 (5b82f2d2aae0ca..., userDataDir: C:\Users\Group10\AppData\Lo...}, cssSelectorsEnabled: true, databaseEnabled: false, handlesAlerts: true, hasTouchScreen: false, javascriptEnabled: true, locationContextEnabled: true, mobileEmulationEnabled: false, nativeEvents: true, networkConnectionEnabled: false, pageLoadStrategy: normal, platform: XP, platformName: XP, rotatable: false, setWindowRect: true, takesHeapSnapshot: true, takesScreenshot: true, unexpectedAlertBehaviour: , unhandledPromptBehavior: , version: 67.0.3396.99, webStorageEnabled: true}
Session ID: 55760834fbb4c3503d71cbe06590c3ea)]]></system-err>
   </testsuite>
</testsuites>
