<?xml version="1.0" encoding="UTF-8"?>
<testsuites name="LEEDForCommunities TestSuite" time="148" tests="0" failures="2" errors="0">
   <testsuite name="LEEDForCommunities TestSuite" tests="0" failures="2" errors="0" time="148" timestamp="2018-06-26 16:29:36" hostname="Group10 - G10CHLT003" id="Test Suites/Communities Suites/LEEDForCommunities TestSuite">
      <properties>
         <property name="deviceName" value=""/>
         <property name="devicePlatform" value=""/>
         <property name="logFolder" value="C:\\Users\\Group10\\git\\KatalonStudio\\ArcWithKatalonStudio\\Reports\\Communities Suites\\LEEDForCommunities TestSuite\\20180626_162933"/>
         <property name="logFiles" value="C:\\Users\\Group10\\git\\KatalonStudio\\ArcWithKatalonStudio\\Reports\\Communities Suites\\LEEDForCommunities TestSuite\\20180626_162933\\execution0.log"/>
         <property name="attachments" value="C:\\Users\\Group10\\git\\KatalonStudio\\ArcWithKatalonStudio\\Reports\\Communities Suites\\LEEDForCommunities TestSuite\\20180626_162933\\1530010856210.png, C:\\Users\\Group10\\git\\KatalonStudio\\ArcWithKatalonStudio\\ScreenShot\\screenshot_20180626163056.png, C:\\Users\\Group10\\git\\KatalonStudio\\ArcWithKatalonStudio\\Reports\\Communities Suites\\LEEDForCommunities TestSuite\\20180626_162933\\1530010923180.png, C:\\Users\\Group10\\git\\KatalonStudio\\ArcWithKatalonStudio\\ScreenShot\\screenshot_20180626163203.png"/>
         <property name="hostName" value="Group10 - G10CHLT003"/>
         <property name="os" value="Windows 7 64bit"/>
         <property name="katalonVersion" value="5.4.2.1"/>
         <property name="browser" value="Chrome 67.0.3396.99"/>
         <property name="hostAddress" value="172.18.0.84"/>
         <property name="sessionId" value="31e5aebff96fe1a84f4927a8d040559c"/>
         <property name="seleniumVersion" value="3.7.1"/>
         <property name="proxyInformation" value="ProxyInformation{proxyOption=NO_PROXY, proxyServerType=HTTP, password=, proxyServerAddress=, proxyServerPort=0}"/>
         <property name="platform" value="Windows 7"/>
      </properties>
      <testcase name="Test Cases/MyCommunities/LEEDForCommunities/AddNewProjectTest" classname="Test Cases/MyCommunities/LEEDForCommunities/AddNewProjectTest" status="FAILED">
         <failure type="FAILED" message="Unable to get text of object 'Object Repository/Add_Project_Details/VerifyPaymentPage_ text' (Root cause: com.kms.katalon.core.webui.exception.WebElementNotFoundException: Web element with id: 'Object Repository/Add_Project_Details/VerifyPaymentPage_ text' located by 'By.xpath: //h4[(text() = 'Payment type' or . = 'Payment type')]' not found)"/>
         <system-out><![CDATA[2018-06-26 16:29:38 - [TEST_CASE][FAILED] - Test Cases/MyCommunities/LEEDForCommunities/AddNewProjectTest: Test Cases/MyCommunities/LEEDForCommunities/AddNewProjectTest FAILED because (of) Unable to get text of object 'Object Repository/Add_Project_Details/VerifyPaymentPage_ text' (Root cause: com.kms.katalon.core.webui.exception.WebElementNotFoundException: Web element with id: 'Object Repository/Add_Project_Details/VerifyPaymentPage_ text' located by 'By.xpath: //h4[(text() = 'Payment type' or . = 'Payment type')]' not found)

2018-06-26 16:29:38 - [TEST_STEP][PASSED] - Start listener action : beforeTestListener: com.arc.ReusableMethods.ReusableMethodsLogin.loginIntoArcWithGlobalVariable is PASSED

2018-06-26 16:29:38 - [TEST_STEP][PASSED] - com.arc.ReusableMethods.ReusableMethodsLogin.loginIntoArcWithGlobalVariable: com.arc.ReusableMethods.ReusableMethodsLogin.loginIntoArcWithGlobalVariable is PASSED

2018-06-26 16:29:47 - [MESSAGE][PASSED] - Browser is opened with url: 'http://www.qas.arconline.io/'

2018-06-26 16:29:48 - [MESSAGE][PASSED] - Current window maximized

2018-06-26 16:29:48 - [MESSAGE][PASSED] - Wait for page load successfully

2018-06-26 16:29:48 - [MESSAGE][PASSED] - Object: 'Object Repository/Page_Home  Arc/button_ACCEPT AND CLOSE' is clicked on

2018-06-26 16:29:48 - [MESSAGE][PASSED] - Object: 'Object Repository/Page_Home  Arc/Click_Log in' is clicked on

2018-06-26 16:29:49 - [MESSAGE][PASSED] - Text 'usgbcarc@gmail.com' is set on object 'Object Repository/Page_Home  Arc/input_name'

2018-06-26 16:29:49 - [MESSAGE][PASSED] - Text 'initpass' is set on object 'Object Repository/Page_Home  Arc/input_pass'

2018-06-26 16:29:49 - [MESSAGE][PASSED] - Object: 'Object Repository/Page_Home  Arc/input_field_policy_accept' is clicked on

2018-06-26 16:29:59 - [MESSAGE][PASSED] - Object: 'Object Repository/Page_Home  Arc/button_Log in' is clicked on

2018-06-26 16:30:04 - [MESSAGE][PASSED] - Delayed 5 second(s)

2018-06-26 16:30:05 - [MESSAGE][PASSED] - Text of object 'Object Repository/Page_Arc dashboard/span_My Projects' is: 'My Projects'

2018-06-26 16:30:05 - [MESSAGE][PASSED] - Actual text 'My Projects' and expected text 'My Projects' are matched  using regular expression

2018-06-26 16:30:08 - [MESSAGE][PASSED] - Delayed 3 second(s)

2018-06-26 16:30:08 - [MESSAGE][PASSED] - com.arc.ReusableMethods.ReusableMethodsLogin.loginIntoArcWithGlobalVariable is PASSED

2018-06-26 16:30:08 - [TEST_STEP][FAILED] - Statement - Try: Unable to get text of object 'Object Repository/Add_Project_Details/VerifyPaymentPage_ text' (Root cause: com.kms.katalon.core.webui.exception.WebElementNotFoundException: Web element with id: 'Object Repository/Add_Project_Details/VerifyPaymentPage_ text' located by 'By.xpath: //h4[(text() = 'Payment type' or . = 'Payment type')]' not found)

2018-06-26 16:30:08 - [TEST_STEP][PASSED] - com.arc.ReusableMethods.ReusableMethodsNavigation.navigateToCommunities: com.arc.ReusableMethods.ReusableMethodsNavigation.navigateToCommunities is PASSED

2018-06-26 16:30:08 - [MESSAGE][PASSED] - Object: 'Object Repository/Page_Arc dashboard/a_ My Communities' is clicked on

2018-06-26 16:30:09 - [MESSAGE][PASSED] - Delayed 1 second(s)

2018-06-26 16:30:09 - [MESSAGE][PASSED] - Text of object 'Object Repository/Page_Arc dashboard/span_My Communities' is: 'My Communities'

2018-06-26 16:30:09 - [MESSAGE][PASSED] - Actual text 'My Communities' and expected text 'My Communities' are matched 

2018-06-26 16:30:09 - [MESSAGE][PASSED] - com.arc.ReusableMethods.ReusableMethodsNavigation.navigateToCommunities is PASSED

2018-06-26 16:30:09 - [TEST_STEP][FAILED] - com.arc.ReusableMethods.ReusableMethodsAddNewProject.addNewProjectCityORCom: Unable to get text of object 'Object Repository/Add_Project_Details/VerifyPaymentPage_ text' (Root cause: com.kms.katalon.core.webui.exception.WebElementNotFoundException: Web element with id: 'Object Repository/Add_Project_Details/VerifyPaymentPage_ text' located by 'By.xpath: //h4[(text() = 'Payment type' or . = 'Payment type')]' not found)

2018-06-26 16:30:10 - [MESSAGE][PASSED] - Object: 'Object Repository/Add_Project_Details/button_ Add' is clicked on

2018-06-26 16:30:11 - [MESSAGE][PASSED] - Delayed 1 second(s)

2018-06-26 16:30:11 - [MESSAGE][PASSED] - Text of object 'Object Repository/Add_Project_Details/h1_Project Registration' is: 'Project Registration'

2018-06-26 16:30:11 - [MESSAGE][PASSED] - Actual text 'Project Registration' and expected text 'Project Registration' are matched  using regular expression

2018-06-26 16:30:12 - [MESSAGE][PASSED] - Text 'INDComLEED for Communities 16:30:09' is set on object 'Object Repository/Add_Project_Details/input_name'

2018-06-26 16:30:12 - [MESSAGE][PASSED] - All options with label 'Communities' are selected in object 'Object Repository/Add_Project_Details/select_Select a Project TypeCo'  using regular expression

2018-06-26 16:30:12 - [MESSAGE][PASSED] - All options with label 'LEED for Communities' are selected in object 'Object Repository/Add_Project_Details/select_Select a Rating SystemL'  using regular expression

2018-06-26 16:30:13 - [MESSAGE][PASSED] - All options with label 'Investor: Bank' are selected in object 'Object Repository/Add_Project_Details/select_Select Owner Type'  using regular expression

2018-06-26 16:30:13 - [MESSAGE][PASSED] - Text 'Habitat for Humanity' is set on object 'Object Repository/Add_Project_Details/input_organization'

2018-06-26 16:30:14 - [MESSAGE][PASSED] - Object: 'Object Repository/Add_Project_Details/input_organization' is clicked on

2018-06-26 16:30:16 - [MESSAGE][PASSED] - Delayed 2 second(s)

2018-06-26 16:30:16 - [MESSAGE][PASSED] - Object: 'Object Repository/Add_Project_Details/span_Habitat for Humanity' is clicked on

2018-06-26 16:30:16 - [MESSAGE][PASSED] - Text 'abhishekkumar@groupten.com' is set on object 'Object Repository/Add_Project_Details/input_owner_email'

2018-06-26 16:30:16 - [MESSAGE][PASSED] - All options with label 'India' are selected in object 'Object Repository/Add_Project_Details/select_OwnerCountry' 

2018-06-26 16:30:17 - [MESSAGE][PASSED] - Text '560' is set on object 'Object Repository/Add_Project_Details/input_gross_area'

2018-06-26 16:30:17 - [MESSAGE][PASSED] - Text '176000' is set on object 'Object Repository/Add_Project_Details/input_occupancy'

2018-06-26 16:30:18 - [MESSAGE][PASSED] - Text '611-618, Tower A, Spaze I-Tech Park, Sohna Road, Sector 49' is set on object 'Object Repository/Add_Project_Details/input_street'

2018-06-26 16:30:18 - [MESSAGE][PASSED] - Text 'Gurgaon' is set on object 'Object Repository/Add_Project_Details/input_city'

2018-06-26 16:30:18 - [MESSAGE][PASSED] - All options with label 'India' are selected in object 'Object Repository/Add_Project_Details/country' 

2018-06-26 16:30:19 - [MESSAGE][PASSED] - All options with label 'Haryana' are selected in object 'Object Repository/Add_Project_Details/state'  using regular expression

2018-06-26 16:30:19 - [MESSAGE][PASSED] - Text '122018' is set on object 'Object Repository/Add_Project_Details/input_zip_code'

2018-06-26 16:30:19 - [MESSAGE][PASSED] - Object: 'Object Repository/Add_Project_Details/input_reg_agreement' is clicked on

2018-06-26 16:30:20 - [MESSAGE][PASSED] - Object: 'Object Repository/Add_Project_Details/button_Next' is clicked on

2018-06-26 16:30:25 - [MESSAGE][PASSED] - Delayed 5 second(s)

2018-06-26 16:30:56 - [MESSAGE][FAILED] - Unable to get text of object 'Object Repository/Add_Project_Details/VerifyPaymentPage_ text' (Root cause: com.kms.katalon.core.webui.exception.WebElementNotFoundException: Web element with id: 'Object Repository/Add_Project_Details/VerifyPaymentPage_ text' located by 'By.xpath: //h4[(text() = 'Payment type' or . = 'Payment type')]' not found)
[[ATTACHMENT|C:\\Users\\Group10\\git\\KatalonStudio\\ArcWithKatalonStudio\\Reports\\Communities Suites\\LEEDForCommunities TestSuite\\20180626_162933\\1530010856210.png]]

2018-06-26 16:30:56 - [MESSAGE][FAILED] - Unable to get text of object 'Object Repository/Add_Project_Details/VerifyPaymentPage_ text' (Root cause: com.kms.katalon.core.webui.exception.WebElementNotFoundException: Web element with id: 'Object Repository/Add_Project_Details/VerifyPaymentPage_ text' located by 'By.xpath: //h4[(text() = 'Payment type' or . = 'Payment type')]' not found)

2018-06-26 16:30:56 - [TEST_STEP][PASSED] - Statement - Catch (Throwable t): null

2018-06-26 16:30:56 - [TEST_STEP][PASSED] - Statement - out.println(t.getLocalizedMessage()): null

2018-06-26 16:30:56 - [TEST_STEP][PASSED] - Statement - e1 = new java.lang.Error(t.getMessage()): null

2018-06-26 16:30:56 - [TEST_STEP][PASSED] - Statement - e1.setStackTrace(t.getStackTrace()): null

2018-06-26 16:30:56 - [TEST_STEP][PASSED] - Statement - e1.printStackTrace(): null

2018-06-26 16:30:56 - [TEST_STEP][PASSED] - Start listener action : afterTestCase: Browser is closed

2018-06-26 16:30:56 - [TEST_STEP][PASSED] - switchToDefaultContent: Switching to default content

2018-06-26 16:30:56 - [TEST_STEP][PASSED] - Statement - com.kms.katalon.core.util.KeywordUtil.markWarning("Test Case Name : " + testCase.getTestCaseId()): Test Case Name : Test Cases/MyCommunities/LEEDForCommunities/AddNewProjectTest

2018-06-26 16:30:56 - [MESSAGE][WARNING] - Test Case Name : Test Cases/MyCommunities/LEEDForCommunities/AddNewProjectTest

2018-06-26 16:30:56 - [TEST_STEP][PASSED] - Statement - com.kms.katalon.core.util.KeywordUtil.markWarning("Test Case Status : " + testCase.getTestCaseStatus()): Test Case Status : FAILED

2018-06-26 16:30:56 - [MESSAGE][WARNING] - Test Case Status : FAILED

2018-06-26 16:30:56 - [TEST_STEP][PASSED] - Statement - If ("FAILED".equalsIgnoreCase(testCase.getTestCaseStatus())): Taking screenshot successfully

2018-06-26 16:30:56 - [TEST_STEP][PASSED] - Statement - println("Test case Fail taking Screenshot"): null

2018-06-26 16:30:56 - [TEST_STEP][PASSED] - Statement - Try: Taking screenshot successfully

2018-06-26 16:30:56 - [TEST_STEP][PASSED] - Statement - data = new java.util.Date(java.lang.System.currentTimeMillis()): null

2018-06-26 16:30:56 - [TEST_STEP][PASSED] - Statement - formatarDate = new java.text.SimpleDateFormat(yyyyMMddHHmmss): null

2018-06-26 16:30:56 - [TEST_STEP][PASSED] - takeScreenshot: Taking screenshot successfully

2018-06-26 16:30:57 - [MESSAGE][PASSED] - Taking screenshot successfully
[[ATTACHMENT|C:\\Users\\Group10\\git\\KatalonStudio\\ArcWithKatalonStudio\\ScreenShot\\screenshot_20180626163056.png]]

2018-06-26 16:30:57 - [TEST_STEP][PASSED] - closeBrowser: Browser is closed

2018-06-26 16:30:57 - [MESSAGE][PASSED] - Browser is closed]]></system-out>
         <system-err><![CDATA[2018-06-26 16:29:38 - [TEST_CASE][FAILED] - Test Cases/MyCommunities/LEEDForCommunities/AddNewProjectTest: Test Cases/MyCommunities/LEEDForCommunities/AddNewProjectTest FAILED because (of) Unable to get text of object 'Object Repository/Add_Project_Details/VerifyPaymentPage_ text' (Root cause: com.kms.katalon.core.webui.exception.WebElementNotFoundException: Web element with id: 'Object Repository/Add_Project_Details/VerifyPaymentPage_ text' located by 'By.xpath: //h4[(text() = 'Payment type' or . = 'Payment type')]' not found)]]></system-err>
      </testcase>
      <testcase name="Test Cases/MyCommunities/LEEDForCommunities/PaymentByCreditCardTest" classname="Test Cases/MyCommunities/LEEDForCommunities/PaymentByCreditCardTest" status="FAILED">
         <failure type="FAILED" message="Unable to get text of object 'Object Repository/Page_Arc dashboard/no_Project (1 project)' (Root cause: com.kms.katalon.core.webui.exception.WebElementNotFoundException: Web element with id: 'Object Repository/Page_Arc dashboard/no_Project (1 project)' located by 'By.xpath: //div[@class = 'searchLabels ng-binding' and (text() = ' Project (1 project)' or . = ' Project (1 project)')]' not found)"/>
         <system-out><![CDATA[2018-06-26 16:30:57 - [TEST_CASE][FAILED] - Test Cases/MyCommunities/LEEDForCommunities/PaymentByCreditCardTest: Test Cases/MyCommunities/LEEDForCommunities/PaymentByCreditCardTest FAILED because (of) Unable to get text of object 'Object Repository/Page_Arc dashboard/no_Project (1 project)' (Root cause: com.kms.katalon.core.webui.exception.WebElementNotFoundException: Web element with id: 'Object Repository/Page_Arc dashboard/no_Project (1 project)' located by 'By.xpath: //div[@class = 'searchLabels ng-binding' and (text() = ' Project (1 project)' or . = ' Project (1 project)')]' not found)

2018-06-26 16:30:57 - [TEST_STEP][PASSED] - Start listener action : beforeTestListener: com.arc.ReusableMethods.ReusableMethodsLogin.loginIntoArcWithGlobalVariable is PASSED

2018-06-26 16:30:57 - [TEST_STEP][PASSED] - com.arc.ReusableMethods.ReusableMethodsLogin.loginIntoArcWithGlobalVariable: com.arc.ReusableMethods.ReusableMethodsLogin.loginIntoArcWithGlobalVariable is PASSED

2018-06-26 16:31:04 - [MESSAGE][PASSED] - Browser is opened with url: 'http://www.qas.arconline.io/'

2018-06-26 16:31:06 - [MESSAGE][PASSED] - Current window maximized

2018-06-26 16:31:06 - [MESSAGE][PASSED] - Wait for page load successfully

2018-06-26 16:31:06 - [MESSAGE][PASSED] - Object: 'Object Repository/Page_Home  Arc/button_ACCEPT AND CLOSE' is clicked on

2018-06-26 16:31:06 - [MESSAGE][PASSED] - Object: 'Object Repository/Page_Home  Arc/Click_Log in' is clicked on

2018-06-26 16:31:07 - [MESSAGE][PASSED] - Text 'usgbcarc@gmail.com' is set on object 'Object Repository/Page_Home  Arc/input_name'

2018-06-26 16:31:07 - [MESSAGE][PASSED] - Text 'initpass' is set on object 'Object Repository/Page_Home  Arc/input_pass'

2018-06-26 16:31:07 - [MESSAGE][PASSED] - Object: 'Object Repository/Page_Home  Arc/input_field_policy_accept' is clicked on

2018-06-26 16:31:17 - [MESSAGE][PASSED] - Object: 'Object Repository/Page_Home  Arc/button_Log in' is clicked on

2018-06-26 16:31:22 - [MESSAGE][PASSED] - Delayed 5 second(s)

2018-06-26 16:31:23 - [MESSAGE][PASSED] - Text of object 'Object Repository/Page_Arc dashboard/span_My Projects' is: 'My Projects'

2018-06-26 16:31:23 - [MESSAGE][PASSED] - Actual text 'My Projects' and expected text 'My Projects' are matched  using regular expression

2018-06-26 16:31:26 - [MESSAGE][PASSED] - Delayed 3 second(s)

2018-06-26 16:31:26 - [MESSAGE][PASSED] - com.arc.ReusableMethods.ReusableMethodsLogin.loginIntoArcWithGlobalVariable is PASSED

2018-06-26 16:31:26 - [TEST_STEP][FAILED] - Statement - Try: Unable to get text of object 'Object Repository/Page_Arc dashboard/no_Project (1 project)' (Root cause: com.kms.katalon.core.webui.exception.WebElementNotFoundException: Web element with id: 'Object Repository/Page_Arc dashboard/no_Project (1 project)' located by 'By.xpath: //div[@class = 'searchLabels ng-binding' and (text() = ' Project (1 project)' or . = ' Project (1 project)')]' not found)

2018-06-26 16:31:26 - [TEST_STEP][FAILED] - com.arc.ReusableMethods.ReusableMethodsSearch.searchProgram: Unable to get text of object 'Object Repository/Page_Arc dashboard/no_Project (1 project)' (Root cause: com.kms.katalon.core.webui.exception.WebElementNotFoundException: Web element with id: 'Object Repository/Page_Arc dashboard/no_Project (1 project)' located by 'By.xpath: //div[@class = 'searchLabels ng-binding' and (text() = ' Project (1 project)' or . = ' Project (1 project)')]' not found)

2018-06-26 16:31:26 - [MESSAGE][PASSED] - Object: 'Object Repository/Page_Arc dashboard/sideBar' is clicked on

2018-06-26 16:31:28 - [MESSAGE][PASSED] - Delayed 2 second(s)

2018-06-26 16:31:28 - [MESSAGE][PASSED] - Object: 'Object Repository/Page_Arc dashboard/input_searchBar1' is clicked on

2018-06-26 16:31:28 - [MESSAGE][PASSED] - Text '1000141690' is set on object 'Object Repository/Page_Arc dashboard/input_searchBar1'

2018-06-26 16:31:28 - [MESSAGE][PASSED] - Object: 'Object Repository/Page_Arc dashboard/input_searchBar1' is clicked on

2018-06-26 16:31:31 - [MESSAGE][PASSED] - Delayed 3 second(s)

2018-06-26 16:32:03 - [MESSAGE][FAILED] - Unable to get text of object 'Object Repository/Page_Arc dashboard/no_Project (1 project)' (Root cause: com.kms.katalon.core.webui.exception.WebElementNotFoundException: Web element with id: 'Object Repository/Page_Arc dashboard/no_Project (1 project)' located by 'By.xpath: //div[@class = 'searchLabels ng-binding' and (text() = ' Project (1 project)' or . = ' Project (1 project)')]' not found)
[[ATTACHMENT|C:\\Users\\Group10\\git\\KatalonStudio\\ArcWithKatalonStudio\\Reports\\Communities Suites\\LEEDForCommunities TestSuite\\20180626_162933\\1530010923180.png]]

2018-06-26 16:32:03 - [MESSAGE][FAILED] - Unable to get text of object 'Object Repository/Page_Arc dashboard/no_Project (1 project)' (Root cause: com.kms.katalon.core.webui.exception.WebElementNotFoundException: Web element with id: 'Object Repository/Page_Arc dashboard/no_Project (1 project)' located by 'By.xpath: //div[@class = 'searchLabels ng-binding' and (text() = ' Project (1 project)' or . = ' Project (1 project)')]' not found)

2018-06-26 16:32:03 - [TEST_STEP][PASSED] - Statement - Catch (Throwable t): null

2018-06-26 16:32:03 - [TEST_STEP][PASSED] - Statement - out.println(t.getLocalizedMessage()): null

2018-06-26 16:32:03 - [TEST_STEP][PASSED] - Statement - e1 = new java.lang.Error(t.getMessage()): null

2018-06-26 16:32:03 - [TEST_STEP][PASSED] - Statement - e1.setStackTrace(t.getStackTrace()): null

2018-06-26 16:32:03 - [TEST_STEP][PASSED] - Statement - e1.printStackTrace(): null

2018-06-26 16:32:03 - [TEST_STEP][PASSED] - Start listener action : afterTestCase: Browser is closed

2018-06-26 16:32:03 - [TEST_STEP][PASSED] - switchToDefaultContent: Switching to default content

2018-06-26 16:32:03 - [TEST_STEP][PASSED] - Statement - com.kms.katalon.core.util.KeywordUtil.markWarning("Test Case Name : " + testCase.getTestCaseId()): Test Case Name : Test Cases/MyCommunities/LEEDForCommunities/PaymentByCreditCardTest

2018-06-26 16:32:03 - [MESSAGE][WARNING] - Test Case Name : Test Cases/MyCommunities/LEEDForCommunities/PaymentByCreditCardTest

2018-06-26 16:32:03 - [TEST_STEP][PASSED] - Statement - com.kms.katalon.core.util.KeywordUtil.markWarning("Test Case Status : " + testCase.getTestCaseStatus()): Test Case Status : FAILED

2018-06-26 16:32:03 - [MESSAGE][WARNING] - Test Case Status : FAILED

2018-06-26 16:32:03 - [TEST_STEP][PASSED] - Statement - If ("FAILED".equalsIgnoreCase(testCase.getTestCaseStatus())): Taking screenshot successfully

2018-06-26 16:32:03 - [TEST_STEP][PASSED] - Statement - println("Test case Fail taking Screenshot"): null

2018-06-26 16:32:03 - [TEST_STEP][PASSED] - Statement - Try: Taking screenshot successfully

2018-06-26 16:32:03 - [TEST_STEP][PASSED] - Statement - data = new java.util.Date(java.lang.System.currentTimeMillis()): null

2018-06-26 16:32:03 - [TEST_STEP][PASSED] - Statement - formatarDate = new java.text.SimpleDateFormat(yyyyMMddHHmmss): null

2018-06-26 16:32:03 - [TEST_STEP][PASSED] - takeScreenshot: Taking screenshot successfully

2018-06-26 16:32:03 - [MESSAGE][PASSED] - Taking screenshot successfully
[[ATTACHMENT|C:\\Users\\Group10\\git\\KatalonStudio\\ArcWithKatalonStudio\\ScreenShot\\screenshot_20180626163203.png]]

2018-06-26 16:32:03 - [TEST_STEP][PASSED] - closeBrowser: Browser is closed

2018-06-26 16:32:04 - [MESSAGE][PASSED] - Browser is closed]]></system-out>
         <system-err><![CDATA[2018-06-26 16:30:57 - [TEST_CASE][FAILED] - Test Cases/MyCommunities/LEEDForCommunities/PaymentByCreditCardTest: Test Cases/MyCommunities/LEEDForCommunities/PaymentByCreditCardTest FAILED because (of) Unable to get text of object 'Object Repository/Page_Arc dashboard/no_Project (1 project)' (Root cause: com.kms.katalon.core.webui.exception.WebElementNotFoundException: Web element with id: 'Object Repository/Page_Arc dashboard/no_Project (1 project)' located by 'By.xpath: //div[@class = 'searchLabels ng-binding' and (text() = ' Project (1 project)' or . = ' Project (1 project)')]' not found)]]></system-err>
      </testcase>
      <system-out><![CDATA[2018-06-26 16:29:36 - [TEST_SUITE][FAILED] - LEEDForCommunities TestSuite: Test Cases/MyCommunities/LEEDForCommunities/AddNewProjectTest FAILED because (of) Unable to get text of object 'Object Repository/Add_Project_Details/VerifyPaymentPage_ text' (Root cause: com.kms.katalon.core.webui.exception.WebElementNotFoundException: Web element with id: 'Object Repository/Add_Project_Details/VerifyPaymentPage_ text' located by 'By.xpath: //h4[(text() = 'Payment type' or . = 'Payment type')]' not found)]]></system-out>
      <system-err><![CDATA[2018-06-26 16:29:36 - [TEST_SUITE][FAILED] - LEEDForCommunities TestSuite: Test Cases/MyCommunities/LEEDForCommunities/AddNewProjectTest FAILED because (of) Unable to get text of object 'Object Repository/Add_Project_Details/VerifyPaymentPage_ text' (Root cause: com.kms.katalon.core.webui.exception.WebElementNotFoundException: Web element with id: 'Object Repository/Add_Project_Details/VerifyPaymentPage_ text' located by 'By.xpath: //h4[(text() = 'Payment type' or . = 'Payment type')]' not found)]]></system-err>
   </testsuite>
</testsuites>
