<?xml version="1.0" encoding="UTF-8"?>
<testsuites name="CitesOther TestSuite" time="167" tests="1" failures="1" errors="0">
   <testsuite name="CitesOther TestSuite" tests="1" failures="1" errors="0" time="167" timestamp="2018-06-27 12:02:29" hostname="Group10 - G10CHLT003" id="Test Suites/Cities Suites/CitiesIndiaSutes/CitesOther TestSuite">
      <properties>
         <property name="deviceName" value=""/>
         <property name="devicePlatform" value=""/>
         <property name="logFolder" value="C:\\Users\\Group10\\git\\KatalonStudio\\ArcWithKatalonStudio\\Reports\\Cities Suites\\CitiesIndiaSutes\\CitesOther TestSuite\\20180627_120224"/>
         <property name="logFiles" value="C:\\Users\\Group10\\git\\KatalonStudio\\ArcWithKatalonStudio\\Reports\\Cities Suites\\CitiesIndiaSutes\\CitesOther TestSuite\\20180627_120224\\execution0.log"/>
         <property name="attachments" value="C:\\Users\\Group10\\git\\KatalonStudio\\ArcWithKatalonStudio\\Reports\\Cities Suites\\CitiesIndiaSutes\\CitesOther TestSuite\\20180627_120224\\1530081314754.png, C:\\Users\\Group10\\git\\KatalonStudio\\ArcWithKatalonStudio\\Reports\\Cities Suites\\CitiesIndiaSutes\\CitesOther TestSuite\\20180627_120224\\1530081315296.png, C:\\Users\\Group10\\git\\KatalonStudio\\ArcWithKatalonStudio\\ScreenShot\\screenshot_20180627120515.png"/>
         <property name="hostName" value="Group10 - G10CHLT003"/>
         <property name="os" value="Windows 7 64bit"/>
         <property name="katalonVersion" value="5.4.2.1"/>
         <property name="browser" value="Chrome 67.0.3396.99"/>
         <property name="hostAddress" value="172.18.0.84"/>
         <property name="sessionId" value="eebf5ef787f08930c9272f3dbbe31ac8"/>
         <property name="seleniumVersion" value="3.7.1"/>
         <property name="proxyInformation" value="ProxyInformation{proxyOption=NO_PROXY, proxyServerType=HTTP, password=, proxyServerAddress=, proxyServerPort=0}"/>
         <property name="platform" value="Windows 7"/>
      </properties>
      <testcase name="Test Cases/MyCities/CitiesOther/AddNewProjectTest" classname="Test Cases/MyCities/CitiesOther/AddNewProjectTest" status="PASSED">
         <system-out><![CDATA[2018-06-27 12:02:32 - [TEST_CASE][PASSED] - Test Cases/MyCities/CitiesOther/AddNewProjectTest: Test Cases/MyCities/CitiesOther/AddNewProjectTest

2018-06-27 12:02:32 - [TEST_STEP][PASSED] - Start listener action : beforeTestListener: com.arc.ReusableMethods.ReusableMethodsLogin.loginIntoArcWithGlobalVariable is PASSED

2018-06-27 12:02:32 - [TEST_STEP][PASSED] - com.arc.ReusableMethods.ReusableMethodsLogin.loginIntoArcWithGlobalVariable: com.arc.ReusableMethods.ReusableMethodsLogin.loginIntoArcWithGlobalVariable is PASSED

2018-06-27 12:02:44 - [MESSAGE][PASSED] - Browser is opened with url: 'http://www.qas.arconline.io/'

2018-06-27 12:02:45 - [MESSAGE][PASSED] - Current window maximized

2018-06-27 12:02:45 - [MESSAGE][PASSED] - Wait for page load successfully

2018-06-27 12:02:45 - [MESSAGE][PASSED] - Object: 'Object Repository/Page_Home  Arc/button_ACCEPT AND CLOSE' is clicked on

2018-06-27 12:02:46 - [MESSAGE][PASSED] - Object: 'Object Repository/Page_Home  Arc/Click_Log in' is clicked on

2018-06-27 12:02:47 - [MESSAGE][PASSED] - Text 'usgbcarc@gmail.com' is set on object 'Object Repository/Page_Home  Arc/input_name'

2018-06-27 12:02:47 - [MESSAGE][PASSED] - Text 'initpass' is set on object 'Object Repository/Page_Home  Arc/input_pass'

2018-06-27 12:02:47 - [MESSAGE][PASSED] - Object: 'Object Repository/Page_Home  Arc/input_field_policy_accept' is clicked on

2018-06-27 12:02:58 - [MESSAGE][PASSED] - Object: 'Object Repository/Page_Home  Arc/button_Log in' is clicked on

2018-06-27 12:03:03 - [MESSAGE][PASSED] - Delayed 5 second(s)

2018-06-27 12:03:03 - [MESSAGE][PASSED] - Text of object 'Object Repository/Page_Arc dashboard/span_My Projects' is: 'My Projects'

2018-06-27 12:03:03 - [MESSAGE][PASSED] - Actual text 'My Projects' and expected text 'My Projects' are matched  using regular expression

2018-06-27 12:03:06 - [MESSAGE][PASSED] - Delayed 3 second(s)

2018-06-27 12:03:06 - [MESSAGE][PASSED] - com.arc.ReusableMethods.ReusableMethodsLogin.loginIntoArcWithGlobalVariable is PASSED

2018-06-27 12:03:07 - [TEST_STEP][PASSED] - Statement - Try: com.arc.ReusableMethods.ReusableMethodsAddNewProject.addNewProjectCityORCom is PASSED

2018-06-27 12:03:07 - [TEST_STEP][PASSED] - com.arc.ReusableMethods.ReusableMethodsNavigation.navigateToCities: com.arc.ReusableMethods.ReusableMethodsNavigation.navigateToCities is PASSED

2018-06-27 12:03:07 - [MESSAGE][PASSED] - Object: 'Object Repository/Page_Arc dashboard/a_ My Cities' is clicked on

2018-06-27 12:03:08 - [MESSAGE][PASSED] - Delayed 1 second(s)

2018-06-27 12:03:08 - [MESSAGE][PASSED] - Text of object 'Object Repository/Page_Arc dashboard/span_My Cities' is: 'My Cities'

2018-06-27 12:03:08 - [MESSAGE][PASSED] - Actual text 'My Cities' and expected text 'My Cities' are matched 

2018-06-27 12:03:08 - [MESSAGE][PASSED] - com.arc.ReusableMethods.ReusableMethodsNavigation.navigateToCities is PASSED

2018-06-27 12:03:08 - [TEST_STEP][PASSED] - com.arc.ReusableMethods.ReusableMethodsAddNewProject.addNewProjectCityORCom: com.arc.ReusableMethods.ReusableMethodsAddNewProject.addNewProjectCityORCom is PASSED

2018-06-27 12:03:12 - [MESSAGE][PASSED] - Object: 'Object Repository/Add_Project_Details/button_ Add' is clicked on

2018-06-27 12:03:13 - [MESSAGE][PASSED] - Delayed 1 second(s)

2018-06-27 12:03:13 - [MESSAGE][PASSED] - Text of object 'Object Repository/Add_Project_Details/h1_Project Registration' is: 'Project Registration'

2018-06-27 12:03:13 - [MESSAGE][PASSED] - Actual text 'Project Registration' and expected text 'Project Registration' are matched  using regular expression

2018-06-27 12:03:14 - [MESSAGE][PASSED] - Text 'INDCityOther 12:03:08' is set on object 'Object Repository/Add_Project_Details/input_name'

2018-06-27 12:03:14 - [MESSAGE][PASSED] - All options with label 'Cities' are selected in object 'Object Repository/Add_Project_Details/select_Select a Project TypeCo'  using regular expression

2018-06-27 12:03:15 - [MESSAGE][PASSED] - All options with label 'Other' are selected in object 'Object Repository/Add_Project_Details/select_Select a Rating SystemL'  using regular expression

2018-06-27 12:03:17 - [MESSAGE][PASSED] - All options with label 'Corporate: Publicly Traded' are selected in object 'Object Repository/Add_Project_Details/select_Select Owner Type'  using regular expression

2018-06-27 12:03:18 - [MESSAGE][PASSED] - Text 'Habitat for Humanity' is set on object 'Object Repository/Add_Project_Details/input_organization'

2018-06-27 12:03:18 - [MESSAGE][PASSED] - Object: 'Object Repository/Add_Project_Details/input_organization' is clicked on

2018-06-27 12:03:20 - [MESSAGE][PASSED] - Delayed 2 second(s)

2018-06-27 12:03:20 - [MESSAGE][PASSED] - Object: 'Object Repository/Add_Project_Details/span_Habitat for Humanity' is clicked on

2018-06-27 12:03:21 - [MESSAGE][PASSED] - Text 'usgbcarc@gmail.com' is set on object 'Object Repository/Add_Project_Details/input_owner_email'

2018-06-27 12:03:21 - [MESSAGE][PASSED] - All options with label 'China' are selected in object 'Object Repository/Add_Project_Details/select_OwnerCountry' 

2018-06-27 12:03:22 - [MESSAGE][PASSED] - Text '3252' is set on object 'Object Repository/Add_Project_Details/input_gross_area'

2018-06-27 12:03:22 - [MESSAGE][PASSED] - Text '13171' is set on object 'Object Repository/Add_Project_Details/input_occupancy'

2018-06-27 12:03:24 - [MESSAGE][PASSED] - Text '611-618, Tower A, Spaze I-Tech Park, Sohna Road, Sector 50' is set on object 'Object Repository/Add_Project_Details/input_street'

2018-06-27 12:03:24 - [MESSAGE][PASSED] - Text 'Gurgaon' is set on object 'Object Repository/Add_Project_Details/input_city'

2018-06-27 12:03:24 - [MESSAGE][PASSED] - All options with label 'India' are selected in object 'Object Repository/Add_Project_Details/country' 

2018-06-27 12:03:27 - [MESSAGE][PASSED] - All options with label 'Haryana' are selected in object 'Object Repository/Add_Project_Details/state'  using regular expression

2018-06-27 12:03:27 - [MESSAGE][PASSED] - Text '122019' is set on object 'Object Repository/Add_Project_Details/input_zip_code'

2018-06-27 12:03:27 - [MESSAGE][PASSED] - Object: 'Object Repository/Add_Project_Details/input_reg_agreement' is clicked on

2018-06-27 12:03:27 - [MESSAGE][PASSED] - Object: 'Object Repository/Add_Project_Details/button_Next' is clicked on

2018-06-27 12:03:32 - [MESSAGE][PASSED] - Delayed 5 second(s)

2018-06-27 12:03:35 - [MESSAGE][PASSED] - Text of object 'Object Repository/Add_Project_Details/strong_Promotional Code' is: 'Promotional Code'

2018-06-27 12:03:35 - [MESSAGE][PASSED] - Actual text 'Promotional Code' and expected text 'Promotional Code' are matched  using regular expression

2018-06-27 12:03:36 - [MESSAGE][PASSED] - Text of object 'Object Repository/Add_Project_Details/td_BuildingID' is: '1000073595'

2018-06-27 12:03:42 - [MESSAGE][PASSED] - Delayed 5 second(s)

2018-06-27 12:03:42 - [MESSAGE][PASSED] - com.arc.ReusableMethods.ReusableMethodsAddNewProject.addNewProjectCityORCom is PASSED

2018-06-27 12:03:42 - [TEST_STEP][PASSED] - Start listener action : afterTestCase: Browser is closed

2018-06-27 12:03:42 - [TEST_STEP][PASSED] - switchToDefaultContent: Switching to default content

2018-06-27 12:03:42 - [TEST_STEP][PASSED] - Statement - com.kms.katalon.core.util.KeywordUtil.markWarning("Test Case Name : " + testCase.getTestCaseId()): Test Case Name : Test Cases/MyCities/CitiesOther/AddNewProjectTest

2018-06-27 12:03:42 - [MESSAGE][WARNING] - Test Case Name : Test Cases/MyCities/CitiesOther/AddNewProjectTest

2018-06-27 12:03:42 - [TEST_STEP][PASSED] - Statement - com.kms.katalon.core.util.KeywordUtil.markWarning("Test Case Status : " + testCase.getTestCaseStatus()): Test Case Status : PASSED

2018-06-27 12:03:42 - [MESSAGE][WARNING] - Test Case Status : PASSED

2018-06-27 12:03:42 - [TEST_STEP][PASSED] - Statement - If ("FAILED".equalsIgnoreCase(testCase.getTestCaseStatus())): null

2018-06-27 12:03:42 - [TEST_STEP][PASSED] - closeBrowser: Browser is closed

2018-06-27 12:03:43 - [MESSAGE][PASSED] - Browser is closed]]></system-out>
         <system-err><![CDATA[]]></system-err>
      </testcase>
      <testcase name="Test Cases/MyCities/CitiesOther/RegPaymentByCheckTest" classname="Test Cases/MyCities/CitiesOther/RegPaymentByCheckTest" status="FAILED">
         <failure type="FAILED" message="Unable to switch to window with index: '1' (Root cause: Cannot find window with index: '1')"/>
         <system-out><![CDATA[2018-06-27 12:03:43 - [TEST_CASE][FAILED] - Test Cases/MyCities/CitiesOther/RegPaymentByCheckTest: Test Cases/MyCities/CitiesOther/RegPaymentByCheckTest FAILED because (of) Unable to switch to window with index: '1' (Root cause: Cannot find window with index: '1')

2018-06-27 12:03:43 - [TEST_STEP][PASSED] - Start listener action : beforeTestListener: com.arc.ReusableMethods.ReusableMethodsLogin.loginIntoArcWithGlobalVariable is PASSED

2018-06-27 12:03:43 - [TEST_STEP][PASSED] - com.arc.ReusableMethods.ReusableMethodsLogin.loginIntoArcWithGlobalVariable: com.arc.ReusableMethods.ReusableMethodsLogin.loginIntoArcWithGlobalVariable is PASSED

2018-06-27 12:03:51 - [MESSAGE][PASSED] - Browser is opened with url: 'http://www.qas.arconline.io/'

2018-06-27 12:03:52 - [MESSAGE][PASSED] - Current window maximized

2018-06-27 12:03:53 - [MESSAGE][PASSED] - Wait for page load successfully

2018-06-27 12:03:53 - [MESSAGE][PASSED] - Object: 'Object Repository/Page_Home  Arc/button_ACCEPT AND CLOSE' is clicked on

2018-06-27 12:03:53 - [MESSAGE][PASSED] - Object: 'Object Repository/Page_Home  Arc/Click_Log in' is clicked on

2018-06-27 12:03:54 - [MESSAGE][PASSED] - Text 'usgbcarc@gmail.com' is set on object 'Object Repository/Page_Home  Arc/input_name'

2018-06-27 12:03:54 - [MESSAGE][PASSED] - Text 'initpass' is set on object 'Object Repository/Page_Home  Arc/input_pass'

2018-06-27 12:03:55 - [MESSAGE][PASSED] - Object: 'Object Repository/Page_Home  Arc/input_field_policy_accept' is clicked on

2018-06-27 12:04:07 - [MESSAGE][PASSED] - Object: 'Object Repository/Page_Home  Arc/button_Log in' is clicked on

2018-06-27 12:04:12 - [MESSAGE][PASSED] - Delayed 5 second(s)

2018-06-27 12:04:12 - [MESSAGE][PASSED] - Text of object 'Object Repository/Page_Arc dashboard/span_My Projects' is: 'My Projects'

2018-06-27 12:04:12 - [MESSAGE][PASSED] - Actual text 'My Projects' and expected text 'My Projects' are matched  using regular expression

2018-06-27 12:04:15 - [MESSAGE][PASSED] - Delayed 3 second(s)

2018-06-27 12:04:15 - [MESSAGE][PASSED] - com.arc.ReusableMethods.ReusableMethodsLogin.loginIntoArcWithGlobalVariable is PASSED

2018-06-27 12:04:15 - [TEST_STEP][FAILED] - Statement - Try: Unable to switch to window with index: '1' (Root cause: Cannot find window with index: '1')

2018-06-27 12:04:15 - [TEST_STEP][PASSED] - com.arc.ReusableMethods.ReusableMethodsSearch.searchProgram: com.arc.ReusableMethods.ReusableMethodsSearch.searchProgram is PASSED

2018-06-27 12:04:16 - [MESSAGE][PASSED] - Object: 'Object Repository/Page_Arc dashboard/sideBar' is clicked on

2018-06-27 12:04:18 - [MESSAGE][PASSED] - Delayed 2 second(s)

2018-06-27 12:04:19 - [MESSAGE][PASSED] - Object: 'Object Repository/Page_Arc dashboard/input_searchBar1' is clicked on

2018-06-27 12:04:19 - [MESSAGE][PASSED] - Text '1000073595' is set on object 'Object Repository/Page_Arc dashboard/input_searchBar1'

2018-06-27 12:04:19 - [MESSAGE][PASSED] - Object: 'Object Repository/Page_Arc dashboard/input_searchBar1' is clicked on

2018-06-27 12:04:22 - [MESSAGE][PASSED] - Delayed 3 second(s)

2018-06-27 12:04:22 - [MESSAGE][PASSED] - Text of object 'Object Repository/Page_Arc dashboard/no_Project (1 project)' is: 'Project (1 project)'

2018-06-27 12:04:22 - [MESSAGE][PASSED] - Actual text 'Project (1 project)' and expected text 'Project (1 project)' are matched 

2018-06-27 12:04:23 - [MESSAGE][PASSED] - Object: 'Object Repository/Page_Arc dashboard/search_Result' is clicked on

2018-06-27 12:04:26 - [MESSAGE][PASSED] - Delayed 3 second(s)

2018-06-27 12:04:26 - [MESSAGE][PASSED] - com.arc.ReusableMethods.ReusableMethodsSearch.searchProgram is PASSED

2018-06-27 12:04:26 - [TEST_STEP][FAILED] - com.arc.ReusableMethods.ReusableMethodsPayment.paymentByCheck: Unable to switch to window with index: '1' (Root cause: Cannot find window with index: '1')

2018-06-27 12:04:26 - [MESSAGE][PASSED] - Text of object 'Object Repository/PaymenntLocator/input_party_name' is cleared

2018-06-27 12:04:27 - [MESSAGE][PASSED] - Text 'J R Gems' is set on object 'Object Repository/PaymenntLocator/input_party_name'

2018-06-27 12:04:27 - [MESSAGE][PASSED] - Text of object 'Object Repository/PaymenntLocator/input_email' is cleared

2018-06-27 12:04:28 - [MESSAGE][PASSED] - Text 'usgbcarc@gmail.com' is set on object 'Object Repository/PaymenntLocator/input_email'

2018-06-27 12:04:28 - [MESSAGE][PASSED] - Text of object 'Object Repository/PaymenntLocator/input_street' is cleared

2018-06-27 12:04:29 - [MESSAGE][PASSED] - Text '611-618, Tower A, Spaze I-Tech Park, Sohna Road, Sector 51' is set on object 'Object Repository/PaymenntLocator/input_street'

2018-06-27 12:04:29 - [MESSAGE][PASSED] - Text of object 'Object Repository/PaymenntLocator/input_city' is cleared

2018-06-27 12:04:30 - [MESSAGE][PASSED] - Text 'Gurgaon' is set on object 'Object Repository/PaymenntLocator/input_city'

2018-06-27 12:04:30 - [MESSAGE][PASSED] - All options with label 'India' are selected in object 'Object Repository/PaymenntLocator/Country' 

2018-06-27 12:04:32 - [MESSAGE][PASSED] - All options with label 'Haryana' are selected in object 'Object Repository/PaymenntLocator/Select_State'  using regular expression

2018-06-27 12:04:32 - [MESSAGE][PASSED] - Text of object 'Object Repository/PaymenntLocator/input_zip_code' is cleared

2018-06-27 12:04:33 - [MESSAGE][PASSED] - Text '122020' is set on object 'Object Repository/PaymenntLocator/input_zip_code'

2018-06-27 12:04:33 - [MESSAGE][PASSED] - Object: 'Object Repository/PaymenntLocator/button_Next' is clicked on

2018-06-27 12:04:43 - [MESSAGE][PASSED] - Delayed 10 second(s)

2018-06-27 12:05:15 - [MESSAGE][FAILED] - Cannot find window with index: '1'
[[ATTACHMENT|C:\\Users\\Group10\\git\\KatalonStudio\\ArcWithKatalonStudio\\Reports\\Cities Suites\\CitiesIndiaSutes\\CitesOther TestSuite\\20180627_120224\\1530081314754.png]]

2018-06-27 12:05:15 - [MESSAGE][FAILED] - Unable to switch to window with index: '1' (Root cause: Cannot find window with index: '1')
[[ATTACHMENT|C:\\Users\\Group10\\git\\KatalonStudio\\ArcWithKatalonStudio\\Reports\\Cities Suites\\CitiesIndiaSutes\\CitesOther TestSuite\\20180627_120224\\1530081315296.png]]

2018-06-27 12:05:15 - [MESSAGE][FAILED] - Unable to switch to window with index: '1' (Root cause: Cannot find window with index: '1')

2018-06-27 12:05:15 - [TEST_STEP][PASSED] - Statement - Catch (Throwable t): null

2018-06-27 12:05:15 - [TEST_STEP][PASSED] - Statement - out.println(t.getLocalizedMessage()): null

2018-06-27 12:05:15 - [TEST_STEP][PASSED] - Statement - e1 = new java.lang.Error(t.getMessage()): null

2018-06-27 12:05:15 - [TEST_STEP][PASSED] - Statement - e1.setStackTrace(t.getStackTrace()): null

2018-06-27 12:05:15 - [TEST_STEP][PASSED] - Statement - e1.printStackTrace(): null

2018-06-27 12:05:15 - [TEST_STEP][PASSED] - Start listener action : afterTestCase: Browser is closed

2018-06-27 12:05:15 - [TEST_STEP][PASSED] - switchToDefaultContent: Switching to default content

2018-06-27 12:05:15 - [TEST_STEP][PASSED] - Statement - com.kms.katalon.core.util.KeywordUtil.markWarning("Test Case Name : " + testCase.getTestCaseId()): Test Case Name : Test Cases/MyCities/CitiesOther/RegPaymentByCheckTest

2018-06-27 12:05:15 - [MESSAGE][WARNING] - Test Case Name : Test Cases/MyCities/CitiesOther/RegPaymentByCheckTest

2018-06-27 12:05:15 - [TEST_STEP][PASSED] - Statement - com.kms.katalon.core.util.KeywordUtil.markWarning("Test Case Status : " + testCase.getTestCaseStatus()): Test Case Status : FAILED

2018-06-27 12:05:15 - [MESSAGE][WARNING] - Test Case Status : FAILED

2018-06-27 12:05:15 - [TEST_STEP][PASSED] - Statement - If ("FAILED".equalsIgnoreCase(testCase.getTestCaseStatus())): Taking screenshot successfully

2018-06-27 12:05:15 - [TEST_STEP][PASSED] - Statement - println("Test case Fail taking Screenshot"): null

2018-06-27 12:05:15 - [TEST_STEP][PASSED] - Statement - Try: Taking screenshot successfully

2018-06-27 12:05:15 - [TEST_STEP][PASSED] - Statement - data = new java.util.Date(java.lang.System.currentTimeMillis()): null

2018-06-27 12:05:15 - [TEST_STEP][PASSED] - Statement - formatarDate = new java.text.SimpleDateFormat(yyyyMMddHHmmss): null

2018-06-27 12:05:15 - [TEST_STEP][PASSED] - takeScreenshot: Taking screenshot successfully

2018-06-27 12:05:16 - [MESSAGE][PASSED] - Taking screenshot successfully
[[ATTACHMENT|C:\\Users\\Group10\\git\\KatalonStudio\\ArcWithKatalonStudio\\ScreenShot\\screenshot_20180627120515.png]]

2018-06-27 12:05:16 - [TEST_STEP][PASSED] - closeBrowser: Browser is closed

2018-06-27 12:05:17 - [MESSAGE][PASSED] - Browser is closed]]></system-out>
         <system-err><![CDATA[2018-06-27 12:03:43 - [TEST_CASE][FAILED] - Test Cases/MyCities/CitiesOther/RegPaymentByCheckTest: Test Cases/MyCities/CitiesOther/RegPaymentByCheckTest FAILED because (of) Unable to switch to window with index: '1' (Root cause: Cannot find window with index: '1')]]></system-err>
      </testcase>
      <system-out><![CDATA[2018-06-27 12:02:29 - [TEST_SUITE][FAILED] - CitesOther TestSuite: Test Cases/MyCities/CitiesOther/RegPaymentByCheckTest FAILED because (of) Unable to switch to window with index: '1' (Root cause: Cannot find window with index: '1')]]></system-out>
      <system-err><![CDATA[2018-06-27 12:02:29 - [TEST_SUITE][FAILED] - CitesOther TestSuite: Test Cases/MyCities/CitiesOther/RegPaymentByCheckTest FAILED because (of) Unable to switch to window with index: '1' (Root cause: Cannot find window with index: '1')]]></system-err>
   </testsuite>
</testsuites>
